{"numFailedTestSuites":13,"numFailedTests":0,"numPassedTestSuites":0,"numPassedTests":0,"numPendingTestSuites":0,"numPendingTests":0,"numRuntimeErrorTestSuites":13,"numTodoTests":0,"numTotalTestSuites":13,"numTotalTests":0,"openHandles":[],"snapshot":{"added":0,"didUpdate":false,"failure":false,"filesAdded":0,"filesRemoved":0,"filesRemovedList":[],"filesUnmatched":0,"filesUpdated":0,"matched":0,"total":0,"unchecked":0,"uncheckedKeysByFile":[],"unmatched":0,"updated":0},"startTime":1752728829645,"success":false,"testResults":[{"assertionResults":[],"coverage":{},"endTime":1752728830558,"message":"  \u001b[1m● \u001b[22mTest suite failed to run\n\n    \u001b[1m\u001b[31mJest encountered an unexpected token\u001b[39m\u001b[22m\n\n    Jest failed to parse a file. This happens e.g. when your code or its dependencies use non-standard JavaScript syntax, or when Jest is not configured to support such syntax.\n\n    Out of the box Jest supports Babel, which will be used to transform your files into valid JS based on your Babel configuration.\n\n    By default \"node_modules\" folder is ignored by transformers.\n\n    Here's what you can do:\n     • If you are trying to use ECMAScript Modules, see \u001b[4mhttps://jestjs.io/docs/ecmascript-modules\u001b[24m for how to enable it.\n     • If you are trying to use TypeScript, see \u001b[4mhttps://jestjs.io/docs/getting-started#using-typescript\u001b[24m\n     • To have some of your \"node_modules\" files transformed, you can specify a custom \u001b[1m\"transformIgnorePatterns\"\u001b[22m in your config.\n     • If you need a custom transformation specify a \u001b[1m\"transform\"\u001b[22m option in your config.\n     • If you simply want to mock your non-JS modules (e.g. binary assets) you can stub them out with the \u001b[1m\"moduleNameMapper\"\u001b[22m config option.\n\n    You'll find more details and examples of these config options in the docs:\n    \u001b[36mhttps://jestjs.io/docs/configuration\u001b[39m\n    For information about custom transformations, see:\n    \u001b[36mhttps://jestjs.io/docs/code-transformation\u001b[39m\n\n    \u001b[1m\u001b[31mDetails:\u001b[39m\u001b[22m\n\n    /Users/bryannakache/ici-ca-pousse/ici-ca-pousse/src/tests/useBadges.test.js:14\n    import { renderHook } from '@testing-library/react';\n    ^^^^^^\n\n    SyntaxError: Cannot use import statement outside a module\n\n      \u001b[2mat Runtime.createScriptFromCode (\u001b[22mnode_modules/jest-runtime/build/index.js\u001b[2m:1728:14)\u001b[22m\n","name":"/Users/bryannakache/ici-ca-pousse/ici-ca-pousse/src/tests/useBadges.test.js","startTime":1752728830558,"status":"failed","summary":""},{"assertionResults":[],"coverage":{},"endTime":1752728830558,"message":"  \u001b[1m● \u001b[22mTest suite failed to run\n\n    \u001b[1m\u001b[31mJest encountered an unexpected token\u001b[39m\u001b[22m\n\n    Jest failed to parse a file. This happens e.g. when your code or its dependencies use non-standard JavaScript syntax, or when Jest is not configured to support such syntax.\n\n    Out of the box Jest supports Babel, which will be used to transform your files into valid JS based on your Babel configuration.\n\n    By default \"node_modules\" folder is ignored by transformers.\n\n    Here's what you can do:\n     • If you are trying to use ECMAScript Modules, see \u001b[4mhttps://jestjs.io/docs/ecmascript-modules\u001b[24m for how to enable it.\n     • If you are trying to use TypeScript, see \u001b[4mhttps://jestjs.io/docs/getting-started#using-typescript\u001b[24m\n     • To have some of your \"node_modules\" files transformed, you can specify a custom \u001b[1m\"transformIgnorePatterns\"\u001b[22m in your config.\n     • If you need a custom transformation specify a \u001b[1m\"transform\"\u001b[22m option in your config.\n     • If you simply want to mock your non-JS modules (e.g. binary assets) you can stub them out with the \u001b[1m\"moduleNameMapper\"\u001b[22m config option.\n\n    You'll find more details and examples of these config options in the docs:\n    \u001b[36mhttps://jestjs.io/docs/configuration\u001b[39m\n    For information about custom transformations, see:\n    \u001b[36mhttps://jestjs.io/docs/code-transformation\u001b[39m\n\n    \u001b[1m\u001b[31mDetails:\u001b[39m\u001b[22m\n\n    /Users/bryannakache/ici-ca-pousse/ici-ca-pousse/src/tests/useAppState.test.js:1\n    ({\"Object.<anonymous>\":function(module,exports,require,__dirname,__filename,jest){import { renderHook, act } from '@testing-library/react';\n                                                                                      ^^^^^^\n\n    SyntaxError: Cannot use import statement outside a module\n\n      \u001b[2mat Runtime.createScriptFromCode (\u001b[22mnode_modules/jest-runtime/build/index.js\u001b[2m:1728:14)\u001b[22m\n","name":"/Users/bryannakache/ici-ca-pousse/ici-ca-pousse/src/tests/useAppState.test.js","startTime":1752728830558,"status":"failed","summary":""},{"assertionResults":[],"coverage":{},"endTime":1752728830558,"message":"  \u001b[1m● \u001b[22mTest suite failed to run\n\n    \u001b[1m\u001b[31mJest encountered an unexpected token\u001b[39m\u001b[22m\n\n    Jest failed to parse a file. This happens e.g. when your code or its dependencies use non-standard JavaScript syntax, or when Jest is not configured to support such syntax.\n\n    Out of the box Jest supports Babel, which will be used to transform your files into valid JS based on your Babel configuration.\n\n    By default \"node_modules\" folder is ignored by transformers.\n\n    Here's what you can do:\n     • If you are trying to use ECMAScript Modules, see \u001b[4mhttps://jestjs.io/docs/ecmascript-modules\u001b[24m for how to enable it.\n     • If you are trying to use TypeScript, see \u001b[4mhttps://jestjs.io/docs/getting-started#using-typescript\u001b[24m\n     • To have some of your \"node_modules\" files transformed, you can specify a custom \u001b[1m\"transformIgnorePatterns\"\u001b[22m in your config.\n     • If you need a custom transformation specify a \u001b[1m\"transform\"\u001b[22m option in your config.\n     • If you simply want to mock your non-JS modules (e.g. binary assets) you can stub them out with the \u001b[1m\"moduleNameMapper\"\u001b[22m config option.\n\n    You'll find more details and examples of these config options in the docs:\n    \u001b[36mhttps://jestjs.io/docs/configuration\u001b[39m\n    For information about custom transformations, see:\n    \u001b[36mhttps://jestjs.io/docs/code-transformation\u001b[39m\n\n    \u001b[1m\u001b[31mDetails:\u001b[39m\u001b[22m\n\n    SyntaxError: /Users/bryannakache/ici-ca-pousse/ici-ca-pousse/src/tests/Leaderboard.test.js: Support for the experimental syntax 'jsx' isn't currently enabled (30:7):\n\n    \u001b[0m \u001b[90m 28 |\u001b[39m   \u001b[36mreturn\u001b[39m \u001b[36mfunction\u001b[39m \u001b[33mMockProfilePicture\u001b[39m({ user\u001b[33m,\u001b[39m useBadgeAsProfile\u001b[33m,\u001b[39m selectedBadge }) {\n     \u001b[90m 29 |\u001b[39m     \u001b[36mreturn\u001b[39m (\n    \u001b[31m\u001b[1m>\u001b[22m\u001b[39m\u001b[90m 30 |\u001b[39m       \u001b[33m<\u001b[39m\u001b[33mdiv\u001b[39m data\u001b[33m-\u001b[39mtestid\u001b[33m=\u001b[39m{\u001b[32m`avatar-${user.displayName}`\u001b[39m}\u001b[33m>\u001b[39m\n     \u001b[90m    |\u001b[39m       \u001b[31m\u001b[1m^\u001b[22m\u001b[39m\n     \u001b[90m 31 |\u001b[39m         {useBadgeAsProfile \u001b[33m&&\u001b[39m selectedBadge \u001b[33m?\u001b[39m \u001b[32m'🎯'\u001b[39m \u001b[33m:\u001b[39m \u001b[32m'👤'\u001b[39m}\n     \u001b[90m 32 |\u001b[39m       \u001b[33m<\u001b[39m\u001b[33m/\u001b[39m\u001b[33mdiv\u001b[39m\u001b[33m>\u001b[39m\n     \u001b[90m 33 |\u001b[39m     )\u001b[33m;\u001b[39m\u001b[0m\n\n    Add @babel/preset-react (https://github.com/babel/babel/tree/main/packages/babel-preset-react) to the 'presets' section of your Babel config to enable transformation.\n    If you want to leave it as-is, add @babel/plugin-syntax-jsx (https://github.com/babel/babel/tree/main/packages/babel-plugin-syntax-jsx) to the 'plugins' section to enable parsing.\n\n    If you already added the plugin for this syntax to your config, it's possible that your config isn't being loaded.\n    You can re-run Babel with the BABEL_SHOW_CONFIG_FOR environment variable to show the loaded configuration:\n    \tnpx cross-env BABEL_SHOW_CONFIG_FOR=/Users/bryannakache/ici-ca-pousse/ici-ca-pousse/src/tests/Leaderboard.test.js <your build command>\n    See https://babeljs.io/docs/configuration#print-effective-configs for more info.\n\n      \u001b[2mat toParseError (\u001b[22mnode_modules/@babel/parser/src/parse-error.ts\u001b[2m:95:45)\u001b[22m\n      \u001b[2mat Parser.raise (\u001b[22mnode_modules/@babel/parser/src/tokenizer/index.ts\u001b[2m:1503:19)\u001b[22m\n      \u001b[2mat Parser.expectOnePlugin (\u001b[22mnode_modules/@babel/parser/src/tokenizer/index.ts\u001b[2m:1568:18)\u001b[22m\n      \u001b[2mat Parser.parseExprAtom (\u001b[22mnode_modules/@babel/parser/src/parser/expression.ts\u001b[2m:1264:16)\u001b[22m\n      \u001b[2mat Parser.parseExprSubscripts (\u001b[22mnode_modules/@babel/parser/src/parser/expression.ts\u001b[2m:734:23)\u001b[22m\n      \u001b[2mat Parser.parseUpdate (\u001b[22mnode_modules/@babel/parser/src/parser/expression.ts\u001b[2m:713:21)\u001b[22m\n      \u001b[2mat Parser.parseMaybeUnary (\u001b[22mnode_modules/@babel/parser/src/parser/expression.ts\u001b[2m:675:23)\u001b[22m\n      \u001b[2mat Parser.parseMaybeUnaryOrPrivate (\u001b[22mnode_modules/@babel/parser/src/parser/expression.ts\u001b[2m:409:14)\u001b[22m\n      \u001b[2mat Parser.parseExprOps (\u001b[22mnode_modules/@babel/parser/src/parser/expression.ts\u001b[2m:421:23)\u001b[22m\n      \u001b[2mat Parser.parseMaybeConditional (\u001b[22mnode_modules/@babel/parser/src/parser/expression.ts\u001b[2m:376:23)\u001b[22m\n      \u001b[2mat Parser.parseMaybeAssign (\u001b[22mnode_modules/@babel/parser/src/parser/expression.ts\u001b[2m:301:21)\u001b[22m\n      \u001b[2mat callback (\u001b[22mnode_modules/@babel/parser/src/parser/expression.ts\u001b[2m:257:12)\u001b[22m\n      \u001b[2mat Parser.allowInAnd (\u001b[22mnode_modules/@babel/parser/src/parser/expression.ts\u001b[2m:3192:12)\u001b[22m\n      \u001b[2mat Parser.parseMaybeAssignAllowIn (\u001b[22mnode_modules/@babel/parser/src/parser/expression.ts\u001b[2m:256:17)\u001b[22m\n      \u001b[2mat Parser.parseMaybeAssignAllowInOrVoidPattern (\u001b[22mnode_modules/@babel/parser/src/parser/expression.ts\u001b[2m:3306:17)\u001b[22m\n      \u001b[2mat Parser.parseParenAndDistinguishExpression (\u001b[22mnode_modules/@babel/parser/src/parser/expression.ts\u001b[2m:1813:16)\u001b[22m\n      \u001b[2mat Parser.parseExprAtom (\u001b[22mnode_modules/@babel/parser/src/parser/expression.ts\u001b[2m:1162:21)\u001b[22m\n      \u001b[2mat Parser.parseExprSubscripts (\u001b[22mnode_modules/@babel/parser/src/parser/expression.ts\u001b[2m:734:23)\u001b[22m\n      \u001b[2mat Parser.parseUpdate (\u001b[22mnode_modules/@babel/parser/src/parser/expression.ts\u001b[2m:713:21)\u001b[22m\n      \u001b[2mat Parser.parseMaybeUnary (\u001b[22mnode_modules/@babel/parser/src/parser/expression.ts\u001b[2m:675:23)\u001b[22m\n      \u001b[2mat Parser.parseMaybeUnaryOrPrivate (\u001b[22mnode_modules/@babel/parser/src/parser/expression.ts\u001b[2m:409:14)\u001b[22m\n      \u001b[2mat Parser.parseExprOps (\u001b[22mnode_modules/@babel/parser/src/parser/expression.ts\u001b[2m:421:23)\u001b[22m\n      \u001b[2mat Parser.parseMaybeConditional (\u001b[22mnode_modules/@babel/parser/src/parser/expression.ts\u001b[2m:376:23)\u001b[22m\n      \u001b[2mat Parser.parseMaybeAssign (\u001b[22mnode_modules/@babel/parser/src/parser/expression.ts\u001b[2m:301:21)\u001b[22m\n      \u001b[2mat Parser.parseExpressionBase (\u001b[22mnode_modules/@babel/parser/src/parser/expression.ts\u001b[2m:226:23)\u001b[22m\n      \u001b[2mat callback (\u001b[22mnode_modules/@babel/parser/src/parser/expression.ts\u001b[2m:217:39)\u001b[22m\n      \u001b[2mat Parser.allowInAnd (\u001b[22mnode_modules/@babel/parser/src/parser/expression.ts\u001b[2m:3187:16)\u001b[22m\n      \u001b[2mat Parser.parseExpression (\u001b[22mnode_modules/@babel/parser/src/parser/expression.ts\u001b[2m:217:17)\u001b[22m\n      \u001b[2mat Parser.parseReturnStatement (\u001b[22mnode_modules/@babel/parser/src/parser/statement.ts\u001b[2m:1110:28)\u001b[22m\n      \u001b[2mat Parser.parseStatementContent (\u001b[22mnode_modules/@babel/parser/src/parser/statement.ts\u001b[2m:538:21)\u001b[22m\n      \u001b[2mat Parser.parseStatementLike (\u001b[22mnode_modules/@babel/parser/src/parser/statement.ts\u001b[2m:477:17)\u001b[22m\n      \u001b[2mat Parser.parseStatementListItem (\u001b[22mnode_modules/@babel/parser/src/parser/statement.ts\u001b[2m:426:17)\u001b[22m\n      \u001b[2mat Parser.parseBlockOrModuleBlockBody (\u001b[22mnode_modules/@babel/parser/src/parser/statement.ts\u001b[2m:1439:16)\u001b[22m\n      \u001b[2mat Parser.parseBlockBody (\u001b[22mnode_modules/@babel/parser/src/parser/statement.ts\u001b[2m:1412:10)\u001b[22m\n      \u001b[2mat Parser.parseBlock (\u001b[22mnode_modules/@babel/parser/src/parser/statement.ts\u001b[2m:1380:10)\u001b[22m\n      \u001b[2mat Parser.parseFunctionBody (\u001b[22mnode_modules/@babel/parser/src/parser/expression.ts\u001b[2m:2616:24)\u001b[22m\n      \u001b[2mat Parser.parseFunctionBodyAndFinish (\u001b[22mnode_modules/@babel/parser/src/parser/expression.ts\u001b[2m:2585:10)\u001b[22m\n      \u001b[2mat callback (\u001b[22mnode_modules/@babel/parser/src/parser/statement.ts\u001b[2m:1690:12)\u001b[22m\n      \u001b[2mat Parser.withSmartMixTopicForbiddingContext (\u001b[22mnode_modules/@babel/parser/src/parser/expression.ts\u001b[2m:3166:14)\u001b[22m\n      \u001b[2mat Parser.parseFunction (\u001b[22mnode_modules/@babel/parser/src/parser/statement.ts\u001b[2m:1688:10)\u001b[22m\n      \u001b[2mat Parser.parseFunctionOrFunctionSent (\u001b[22mnode_modules/@babel/parser/src/parser/expression.ts\u001b[2m:1616:17)\u001b[22m\n      \u001b[2mat Parser.parseExprAtom (\u001b[22mnode_modules/@babel/parser/src/parser/expression.ts\u001b[2m:1182:21)\u001b[22m\n      \u001b[2mat Parser.parseExprSubscripts (\u001b[22mnode_modules/@babel/parser/src/parser/expression.ts\u001b[2m:734:23)\u001b[22m\n      \u001b[2mat Parser.parseUpdate (\u001b[22mnode_modules/@babel/parser/src/parser/expression.ts\u001b[2m:713:21)\u001b[22m\n      \u001b[2mat Parser.parseMaybeUnary (\u001b[22mnode_modules/@babel/parser/src/parser/expression.ts\u001b[2m:675:23)\u001b[22m\n      \u001b[2mat Parser.parseMaybeUnaryOrPrivate (\u001b[22mnode_modules/@babel/parser/src/parser/expression.ts\u001b[2m:409:14)\u001b[22m\n      \u001b[2mat Parser.parseExprOps (\u001b[22mnode_modules/@babel/parser/src/parser/expression.ts\u001b[2m:421:23)\u001b[22m\n      \u001b[2mat Parser.parseMaybeConditional (\u001b[22mnode_modules/@babel/parser/src/parser/expression.ts\u001b[2m:376:23)\u001b[22m\n      \u001b[2mat Parser.parseMaybeAssign (\u001b[22mnode_modules/@babel/parser/src/parser/expression.ts\u001b[2m:301:21)\u001b[22m\n      \u001b[2mat Parser.parseExpressionBase (\u001b[22mnode_modules/@babel/parser/src/parser/expression.ts\u001b[2m:226:23)\u001b[22m\n","name":"/Users/bryannakache/ici-ca-pousse/ici-ca-pousse/src/tests/Leaderboard.test.js","startTime":1752728830558,"status":"failed","summary":""},{"assertionResults":[],"coverage":{},"endTime":1752728830558,"message":"  \u001b[1m● \u001b[22mTest suite failed to run\n\n    \u001b[1m\u001b[31mJest encountered an unexpected token\u001b[39m\u001b[22m\n\n    Jest failed to parse a file. This happens e.g. when your code or its dependencies use non-standard JavaScript syntax, or when Jest is not configured to support such syntax.\n\n    Out of the box Jest supports Babel, which will be used to transform your files into valid JS based on your Babel configuration.\n\n    By default \"node_modules\" folder is ignored by transformers.\n\n    Here's what you can do:\n     • If you are trying to use ECMAScript Modules, see \u001b[4mhttps://jestjs.io/docs/ecmascript-modules\u001b[24m for how to enable it.\n     • If you are trying to use TypeScript, see \u001b[4mhttps://jestjs.io/docs/getting-started#using-typescript\u001b[24m\n     • To have some of your \"node_modules\" files transformed, you can specify a custom \u001b[1m\"transformIgnorePatterns\"\u001b[22m in your config.\n     • If you need a custom transformation specify a \u001b[1m\"transform\"\u001b[22m option in your config.\n     • If you simply want to mock your non-JS modules (e.g. binary assets) you can stub them out with the \u001b[1m\"moduleNameMapper\"\u001b[22m config option.\n\n    You'll find more details and examples of these config options in the docs:\n    \u001b[36mhttps://jestjs.io/docs/configuration\u001b[39m\n    For information about custom transformations, see:\n    \u001b[36mhttps://jestjs.io/docs/code-transformation\u001b[39m\n\n    \u001b[1m\u001b[31mDetails:\u001b[39m\u001b[22m\n\n    /Users/bryannakache/ici-ca-pousse/ici-ca-pousse/src/tests/useWorkouts.test.js:10\n    import { renderHook, act } from '@testing-library/react';\n    ^^^^^^\n\n    SyntaxError: Cannot use import statement outside a module\n\n      \u001b[2mat Runtime.createScriptFromCode (\u001b[22mnode_modules/jest-runtime/build/index.js\u001b[2m:1728:14)\u001b[22m\n","name":"/Users/bryannakache/ici-ca-pousse/ici-ca-pousse/src/tests/useWorkouts.test.js","startTime":1752728830558,"status":"failed","summary":""},{"assertionResults":[],"coverage":{},"endTime":1752728830558,"message":"  \u001b[1m● \u001b[22mTest suite failed to run\n\n    \u001b[1m\u001b[31mJest encountered an unexpected token\u001b[39m\u001b[22m\n\n    Jest failed to parse a file. This happens e.g. when your code or its dependencies use non-standard JavaScript syntax, or when Jest is not configured to support such syntax.\n\n    Out of the box Jest supports Babel, which will be used to transform your files into valid JS based on your Babel configuration.\n\n    By default \"node_modules\" folder is ignored by transformers.\n\n    Here's what you can do:\n     • If you are trying to use ECMAScript Modules, see \u001b[4mhttps://jestjs.io/docs/ecmascript-modules\u001b[24m for how to enable it.\n     • If you are trying to use TypeScript, see \u001b[4mhttps://jestjs.io/docs/getting-started#using-typescript\u001b[24m\n     • To have some of your \"node_modules\" files transformed, you can specify a custom \u001b[1m\"transformIgnorePatterns\"\u001b[22m in your config.\n     • If you need a custom transformation specify a \u001b[1m\"transform\"\u001b[22m option in your config.\n     • If you simply want to mock your non-JS modules (e.g. binary assets) you can stub them out with the \u001b[1m\"moduleNameMapper\"\u001b[22m config option.\n\n    You'll find more details and examples of these config options in the docs:\n    \u001b[36mhttps://jestjs.io/docs/configuration\u001b[39m\n    For information about custom transformations, see:\n    \u001b[36mhttps://jestjs.io/docs/code-transformation\u001b[39m\n\n    \u001b[1m\u001b[31mDetails:\u001b[39m\u001b[22m\n\n    SyntaxError: /Users/bryannakache/ici-ca-pousse/ici-ca-pousse/src/tests/XPBar.test.js: Support for the experimental syntax 'jsx' isn't currently enabled (6:3):\n\n    \u001b[0m \u001b[90m 4 |\u001b[39m \u001b[90m// Mock du composant XPBar qui n'existe pas encore\u001b[39m\n     \u001b[90m 5 |\u001b[39m \u001b[36mconst\u001b[39m \u001b[33mXPBar\u001b[39m \u001b[33m=\u001b[39m ({ level\u001b[33m,\u001b[39m experience\u001b[33m,\u001b[39m progressPercentage }) \u001b[33m=>\u001b[39m (\n    \u001b[31m\u001b[1m>\u001b[22m\u001b[39m\u001b[90m 6 |\u001b[39m   \u001b[33m<\u001b[39m\u001b[33mdiv\u001b[39m data\u001b[33m-\u001b[39mtestid\u001b[33m=\u001b[39m\u001b[32m\"xp-bar\"\u001b[39m\u001b[33m>\u001b[39m\n     \u001b[90m   |\u001b[39m   \u001b[31m\u001b[1m^\u001b[22m\u001b[39m\n     \u001b[90m 7 |\u001b[39m     \u001b[33m<\u001b[39m\u001b[33mdiv\u001b[39m data\u001b[33m-\u001b[39mtestid\u001b[33m=\u001b[39m\u001b[32m\"level\"\u001b[39m\u001b[33m>\u001b[39m\u001b[33mNiveau\u001b[39m {level}\u001b[33m<\u001b[39m\u001b[33m/\u001b[39m\u001b[33mdiv\u001b[39m\u001b[33m>\u001b[39m\n     \u001b[90m 8 |\u001b[39m     \u001b[33m<\u001b[39m\u001b[33mdiv\u001b[39m data\u001b[33m-\u001b[39mtestid\u001b[33m=\u001b[39m\u001b[32m\"experience\"\u001b[39m\u001b[33m>\u001b[39m{experience} \u001b[33mXP\u001b[39m\u001b[33m<\u001b[39m\u001b[33m/\u001b[39m\u001b[33mdiv\u001b[39m\u001b[33m>\u001b[39m\n     \u001b[90m 9 |\u001b[39m     \u001b[33m<\u001b[39m\u001b[33mdiv\u001b[39m data\u001b[33m-\u001b[39mtestid\u001b[33m=\u001b[39m\u001b[32m\"xp-progress\"\u001b[39m style\u001b[33m=\u001b[39m{{ width\u001b[33m:\u001b[39m \u001b[32m`${progressPercentage}%`\u001b[39m }}\u001b[33m>\u001b[39m\u001b[33m<\u001b[39m\u001b[33m/\u001b[39m\u001b[33mdiv\u001b[39m\u001b[33m>\u001b[39m\u001b[0m\n\n    Add @babel/preset-react (https://github.com/babel/babel/tree/main/packages/babel-preset-react) to the 'presets' section of your Babel config to enable transformation.\n    If you want to leave it as-is, add @babel/plugin-syntax-jsx (https://github.com/babel/babel/tree/main/packages/babel-plugin-syntax-jsx) to the 'plugins' section to enable parsing.\n\n    If you already added the plugin for this syntax to your config, it's possible that your config isn't being loaded.\n    You can re-run Babel with the BABEL_SHOW_CONFIG_FOR environment variable to show the loaded configuration:\n    \tnpx cross-env BABEL_SHOW_CONFIG_FOR=/Users/bryannakache/ici-ca-pousse/ici-ca-pousse/src/tests/XPBar.test.js <your build command>\n    See https://babeljs.io/docs/configuration#print-effective-configs for more info.\n\n      \u001b[2mat toParseError (\u001b[22mnode_modules/@babel/parser/src/parse-error.ts\u001b[2m:95:45)\u001b[22m\n      \u001b[2mat Parser.raise (\u001b[22mnode_modules/@babel/parser/src/tokenizer/index.ts\u001b[2m:1503:19)\u001b[22m\n      \u001b[2mat Parser.expectOnePlugin (\u001b[22mnode_modules/@babel/parser/src/tokenizer/index.ts\u001b[2m:1568:18)\u001b[22m\n      \u001b[2mat Parser.parseExprAtom (\u001b[22mnode_modules/@babel/parser/src/parser/expression.ts\u001b[2m:1264:16)\u001b[22m\n      \u001b[2mat Parser.parseExprSubscripts (\u001b[22mnode_modules/@babel/parser/src/parser/expression.ts\u001b[2m:734:23)\u001b[22m\n      \u001b[2mat Parser.parseUpdate (\u001b[22mnode_modules/@babel/parser/src/parser/expression.ts\u001b[2m:713:21)\u001b[22m\n      \u001b[2mat Parser.parseMaybeUnary (\u001b[22mnode_modules/@babel/parser/src/parser/expression.ts\u001b[2m:675:23)\u001b[22m\n      \u001b[2mat Parser.parseMaybeUnaryOrPrivate (\u001b[22mnode_modules/@babel/parser/src/parser/expression.ts\u001b[2m:409:14)\u001b[22m\n      \u001b[2mat Parser.parseExprOps (\u001b[22mnode_modules/@babel/parser/src/parser/expression.ts\u001b[2m:421:23)\u001b[22m\n      \u001b[2mat Parser.parseMaybeConditional (\u001b[22mnode_modules/@babel/parser/src/parser/expression.ts\u001b[2m:376:23)\u001b[22m\n      \u001b[2mat Parser.parseMaybeAssign (\u001b[22mnode_modules/@babel/parser/src/parser/expression.ts\u001b[2m:301:21)\u001b[22m\n      \u001b[2mat callback (\u001b[22mnode_modules/@babel/parser/src/parser/expression.ts\u001b[2m:257:12)\u001b[22m\n      \u001b[2mat Parser.allowInAnd (\u001b[22mnode_modules/@babel/parser/src/parser/expression.ts\u001b[2m:3192:12)\u001b[22m\n      \u001b[2mat Parser.parseMaybeAssignAllowIn (\u001b[22mnode_modules/@babel/parser/src/parser/expression.ts\u001b[2m:256:17)\u001b[22m\n      \u001b[2mat Parser.parseMaybeAssignAllowInOrVoidPattern (\u001b[22mnode_modules/@babel/parser/src/parser/expression.ts\u001b[2m:3306:17)\u001b[22m\n      \u001b[2mat Parser.parseParenAndDistinguishExpression (\u001b[22mnode_modules/@babel/parser/src/parser/expression.ts\u001b[2m:1813:16)\u001b[22m\n      \u001b[2mat Parser.parseExprAtom (\u001b[22mnode_modules/@babel/parser/src/parser/expression.ts\u001b[2m:1162:21)\u001b[22m\n      \u001b[2mat Parser.parseExprSubscripts (\u001b[22mnode_modules/@babel/parser/src/parser/expression.ts\u001b[2m:734:23)\u001b[22m\n      \u001b[2mat Parser.parseUpdate (\u001b[22mnode_modules/@babel/parser/src/parser/expression.ts\u001b[2m:713:21)\u001b[22m\n      \u001b[2mat Parser.parseMaybeUnary (\u001b[22mnode_modules/@babel/parser/src/parser/expression.ts\u001b[2m:675:23)\u001b[22m\n      \u001b[2mat Parser.parseMaybeUnaryOrPrivate (\u001b[22mnode_modules/@babel/parser/src/parser/expression.ts\u001b[2m:409:14)\u001b[22m\n      \u001b[2mat Parser.parseExprOps (\u001b[22mnode_modules/@babel/parser/src/parser/expression.ts\u001b[2m:421:23)\u001b[22m\n      \u001b[2mat Parser.parseMaybeConditional (\u001b[22mnode_modules/@babel/parser/src/parser/expression.ts\u001b[2m:376:23)\u001b[22m\n      \u001b[2mat Parser.parseMaybeAssign (\u001b[22mnode_modules/@babel/parser/src/parser/expression.ts\u001b[2m:301:21)\u001b[22m\n      \u001b[2mat Parser.parseFunctionBody (\u001b[22mnode_modules/@babel/parser/src/parser/expression.ts\u001b[2m:2602:14)\u001b[22m\n      \u001b[2mat Parser.parseArrowExpression (\u001b[22mnode_modules/@babel/parser/src/parser/expression.ts\u001b[2m:2553:10)\u001b[22m\n      \u001b[2mat Parser.parseParenAndDistinguishExpression (\u001b[22mnode_modules/@babel/parser/src/parser/expression.ts\u001b[2m:1837:12)\u001b[22m\n      \u001b[2mat Parser.parseExprAtom (\u001b[22mnode_modules/@babel/parser/src/parser/expression.ts\u001b[2m:1162:21)\u001b[22m\n      \u001b[2mat Parser.parseExprSubscripts (\u001b[22mnode_modules/@babel/parser/src/parser/expression.ts\u001b[2m:734:23)\u001b[22m\n      \u001b[2mat Parser.parseUpdate (\u001b[22mnode_modules/@babel/parser/src/parser/expression.ts\u001b[2m:713:21)\u001b[22m\n      \u001b[2mat Parser.parseMaybeUnary (\u001b[22mnode_modules/@babel/parser/src/parser/expression.ts\u001b[2m:675:23)\u001b[22m\n      \u001b[2mat Parser.parseMaybeUnaryOrPrivate (\u001b[22mnode_modules/@babel/parser/src/parser/expression.ts\u001b[2m:409:14)\u001b[22m\n      \u001b[2mat Parser.parseExprOps (\u001b[22mnode_modules/@babel/parser/src/parser/expression.ts\u001b[2m:421:23)\u001b[22m\n      \u001b[2mat Parser.parseMaybeConditional (\u001b[22mnode_modules/@babel/parser/src/parser/expression.ts\u001b[2m:376:23)\u001b[22m\n      \u001b[2mat Parser.parseMaybeAssign (\u001b[22mnode_modules/@babel/parser/src/parser/expression.ts\u001b[2m:301:21)\u001b[22m\n      \u001b[2mat callback (\u001b[22mnode_modules/@babel/parser/src/parser/expression.ts\u001b[2m:257:12)\u001b[22m\n      \u001b[2mat Parser.allowInAnd (\u001b[22mnode_modules/@babel/parser/src/parser/expression.ts\u001b[2m:3187:16)\u001b[22m\n      \u001b[2mat Parser.parseMaybeAssignAllowIn (\u001b[22mnode_modules/@babel/parser/src/parser/expression.ts\u001b[2m:256:17)\u001b[22m\n      \u001b[2mat Parser.parseVar (\u001b[22mnode_modules/@babel/parser/src/parser/statement.ts\u001b[2m:1582:18)\u001b[22m\n      \u001b[2mat Parser.parseVarStatement (\u001b[22mnode_modules/@babel/parser/src/parser/statement.ts\u001b[2m:1246:10)\u001b[22m\n      \u001b[2mat Parser.parseStatementContent (\u001b[22mnode_modules/@babel/parser/src/parser/statement.ts\u001b[2m:607:21)\u001b[22m\n      \u001b[2mat Parser.parseStatementLike (\u001b[22mnode_modules/@babel/parser/src/parser/statement.ts\u001b[2m:477:17)\u001b[22m\n      \u001b[2mat Parser.parseModuleItem (\u001b[22mnode_modules/@babel/parser/src/parser/statement.ts\u001b[2m:414:17)\u001b[22m\n      \u001b[2mat Parser.parseBlockOrModuleBlockBody (\u001b[22mnode_modules/@babel/parser/src/parser/statement.ts\u001b[2m:1438:16)\u001b[22m\n      \u001b[2mat Parser.parseBlockBody (\u001b[22mnode_modules/@babel/parser/src/parser/statement.ts\u001b[2m:1412:10)\u001b[22m\n      \u001b[2mat Parser.parseProgram (\u001b[22mnode_modules/@babel/parser/src/parser/statement.ts\u001b[2m:229:10)\u001b[22m\n      \u001b[2mat Parser.parseTopLevel (\u001b[22mnode_modules/@babel/parser/src/parser/statement.ts\u001b[2m:203:25)\u001b[22m\n      \u001b[2mat Parser.parse (\u001b[22mnode_modules/@babel/parser/src/parser/index.ts\u001b[2m:93:10)\u001b[22m\n      \u001b[2mat parse (\u001b[22mnode_modules/@babel/parser/src/index.ts\u001b[2m:92:38)\u001b[22m\n      \u001b[2mat parser (\u001b[22mnode_modules/@babel/core/src/parser/index.ts\u001b[2m:28:19)\u001b[22m\n","name":"/Users/bryannakache/ici-ca-pousse/ici-ca-pousse/src/tests/XPBar.test.js","startTime":1752728830558,"status":"failed","summary":""},{"assertionResults":[],"coverage":{},"endTime":1752728830558,"message":"  \u001b[1m● \u001b[22mTest suite failed to run\n\n    \u001b[1m\u001b[31mJest encountered an unexpected token\u001b[39m\u001b[22m\n\n    Jest failed to parse a file. This happens e.g. when your code or its dependencies use non-standard JavaScript syntax, or when Jest is not configured to support such syntax.\n\n    Out of the box Jest supports Babel, which will be used to transform your files into valid JS based on your Babel configuration.\n\n    By default \"node_modules\" folder is ignored by transformers.\n\n    Here's what you can do:\n     • If you are trying to use ECMAScript Modules, see \u001b[4mhttps://jestjs.io/docs/ecmascript-modules\u001b[24m for how to enable it.\n     • If you are trying to use TypeScript, see \u001b[4mhttps://jestjs.io/docs/getting-started#using-typescript\u001b[24m\n     • To have some of your \"node_modules\" files transformed, you can specify a custom \u001b[1m\"transformIgnorePatterns\"\u001b[22m in your config.\n     • If you need a custom transformation specify a \u001b[1m\"transform\"\u001b[22m option in your config.\n     • If you simply want to mock your non-JS modules (e.g. binary assets) you can stub them out with the \u001b[1m\"moduleNameMapper\"\u001b[22m config option.\n\n    You'll find more details and examples of these config options in the docs:\n    \u001b[36mhttps://jestjs.io/docs/configuration\u001b[39m\n    For information about custom transformations, see:\n    \u001b[36mhttps://jestjs.io/docs/code-transformation\u001b[39m\n\n    \u001b[1m\u001b[31mDetails:\u001b[39m\u001b[22m\n\n    /Users/bryannakache/ici-ca-pousse/ici-ca-pousse/src/tests/useWorkouts.firebase.test.js:9\n    import { renderHook, act } from '@testing-library/react';\n    ^^^^^^\n\n    SyntaxError: Cannot use import statement outside a module\n\n      \u001b[2mat Runtime.createScriptFromCode (\u001b[22mnode_modules/jest-runtime/build/index.js\u001b[2m:1728:14)\u001b[22m\n","name":"/Users/bryannakache/ici-ca-pousse/ici-ca-pousse/src/tests/useWorkouts.firebase.test.js","startTime":1752728830558,"status":"failed","summary":""},{"assertionResults":[],"coverage":{},"endTime":1752728830558,"message":"  \u001b[1m● \u001b[22mTest suite failed to run\n\n    \u001b[1m\u001b[31mJest encountered an unexpected token\u001b[39m\u001b[22m\n\n    Jest failed to parse a file. This happens e.g. when your code or its dependencies use non-standard JavaScript syntax, or when Jest is not configured to support such syntax.\n\n    Out of the box Jest supports Babel, which will be used to transform your files into valid JS based on your Babel configuration.\n\n    By default \"node_modules\" folder is ignored by transformers.\n\n    Here's what you can do:\n     • If you are trying to use ECMAScript Modules, see \u001b[4mhttps://jestjs.io/docs/ecmascript-modules\u001b[24m for how to enable it.\n     • If you are trying to use TypeScript, see \u001b[4mhttps://jestjs.io/docs/getting-started#using-typescript\u001b[24m\n     • To have some of your \"node_modules\" files transformed, you can specify a custom \u001b[1m\"transformIgnorePatterns\"\u001b[22m in your config.\n     • If you need a custom transformation specify a \u001b[1m\"transform\"\u001b[22m option in your config.\n     • If you simply want to mock your non-JS modules (e.g. binary assets) you can stub them out with the \u001b[1m\"moduleNameMapper\"\u001b[22m config option.\n\n    You'll find more details and examples of these config options in the docs:\n    \u001b[36mhttps://jestjs.io/docs/configuration\u001b[39m\n    For information about custom transformations, see:\n    \u001b[36mhttps://jestjs.io/docs/code-transformation\u001b[39m\n\n    \u001b[1m\u001b[31mDetails:\u001b[39m\u001b[22m\n\n    /Users/bryannakache/ici-ca-pousse/ici-ca-pousse/src/tests/DeleteWorkout.test.js:1\n    ({\"Object.<anonymous>\":function(module,exports,require,__dirname,__filename,jest){import { save, load } from '../utils/storage';\n                                                                                      ^^^^^^\n\n    SyntaxError: Cannot use import statement outside a module\n\n      \u001b[2mat Runtime.createScriptFromCode (\u001b[22mnode_modules/jest-runtime/build/index.js\u001b[2m:1728:14)\u001b[22m\n","name":"/Users/bryannakache/ici-ca-pousse/ici-ca-pousse/src/tests/DeleteWorkout.test.js","startTime":1752728830558,"status":"failed","summary":""},{"assertionResults":[],"coverage":{},"endTime":1752728830558,"message":"  \u001b[1m● \u001b[22mTest suite failed to run\n\n    \u001b[1m\u001b[31mJest encountered an unexpected token\u001b[39m\u001b[22m\n\n    Jest failed to parse a file. This happens e.g. when your code or its dependencies use non-standard JavaScript syntax, or when Jest is not configured to support such syntax.\n\n    Out of the box Jest supports Babel, which will be used to transform your files into valid JS based on your Babel configuration.\n\n    By default \"node_modules\" folder is ignored by transformers.\n\n    Here's what you can do:\n     • If you are trying to use ECMAScript Modules, see \u001b[4mhttps://jestjs.io/docs/ecmascript-modules\u001b[24m for how to enable it.\n     • If you are trying to use TypeScript, see \u001b[4mhttps://jestjs.io/docs/getting-started#using-typescript\u001b[24m\n     • To have some of your \"node_modules\" files transformed, you can specify a custom \u001b[1m\"transformIgnorePatterns\"\u001b[22m in your config.\n     • If you need a custom transformation specify a \u001b[1m\"transform\"\u001b[22m option in your config.\n     • If you simply want to mock your non-JS modules (e.g. binary assets) you can stub them out with the \u001b[1m\"moduleNameMapper\"\u001b[22m config option.\n\n    You'll find more details and examples of these config options in the docs:\n    \u001b[36mhttps://jestjs.io/docs/configuration\u001b[39m\n    For information about custom transformations, see:\n    \u001b[36mhttps://jestjs.io/docs/code-transformation\u001b[39m\n\n    \u001b[1m\u001b[31mDetails:\u001b[39m\u001b[22m\n\n    /Users/bryannakache/ici-ca-pousse/ici-ca-pousse/src/tests/useExercises.test.js:15\n    import { renderHook, act } from '@testing-library/react';\n    ^^^^^^\n\n    SyntaxError: Cannot use import statement outside a module\n\n      \u001b[2mat Runtime.createScriptFromCode (\u001b[22mnode_modules/jest-runtime/build/index.js\u001b[2m:1728:14)\u001b[22m\n","name":"/Users/bryannakache/ici-ca-pousse/ici-ca-pousse/src/tests/useExercises.test.js","startTime":1752728830558,"status":"failed","summary":""},{"assertionResults":[],"coverage":{},"endTime":1752728830558,"message":"  \u001b[1m● \u001b[22mTest suite failed to run\n\n    \u001b[1m\u001b[31mJest encountered an unexpected token\u001b[39m\u001b[22m\n\n    Jest failed to parse a file. This happens e.g. when your code or its dependencies use non-standard JavaScript syntax, or when Jest is not configured to support such syntax.\n\n    Out of the box Jest supports Babel, which will be used to transform your files into valid JS based on your Babel configuration.\n\n    By default \"node_modules\" folder is ignored by transformers.\n\n    Here's what you can do:\n     • If you are trying to use ECMAScript Modules, see \u001b[4mhttps://jestjs.io/docs/ecmascript-modules\u001b[24m for how to enable it.\n     • If you are trying to use TypeScript, see \u001b[4mhttps://jestjs.io/docs/getting-started#using-typescript\u001b[24m\n     • To have some of your \"node_modules\" files transformed, you can specify a custom \u001b[1m\"transformIgnorePatterns\"\u001b[22m in your config.\n     • If you need a custom transformation specify a \u001b[1m\"transform\"\u001b[22m option in your config.\n     • If you simply want to mock your non-JS modules (e.g. binary assets) you can stub them out with the \u001b[1m\"moduleNameMapper\"\u001b[22m config option.\n\n    You'll find more details and examples of these config options in the docs:\n    \u001b[36mhttps://jestjs.io/docs/configuration\u001b[39m\n    For information about custom transformations, see:\n    \u001b[36mhttps://jestjs.io/docs/code-transformation\u001b[39m\n\n    \u001b[1m\u001b[31mDetails:\u001b[39m\u001b[22m\n\n    /Users/bryannakache/ici-ca-pousse/ici-ca-pousse/src/tests/EditWorkout.test.js:1\n    ({\"Object.<anonymous>\":function(module,exports,require,__dirname,__filename,jest){import { save, load } from '../utils/storage';\n                                                                                      ^^^^^^\n\n    SyntaxError: Cannot use import statement outside a module\n\n      \u001b[2mat Runtime.createScriptFromCode (\u001b[22mnode_modules/jest-runtime/build/index.js\u001b[2m:1728:14)\u001b[22m\n","name":"/Users/bryannakache/ici-ca-pousse/ici-ca-pousse/src/tests/EditWorkout.test.js","startTime":1752728830558,"status":"failed","summary":""},{"assertionResults":[],"coverage":{},"endTime":1752728830558,"message":"  \u001b[1m● \u001b[22mTest suite failed to run\n\n    \u001b[1m\u001b[31mJest encountered an unexpected token\u001b[39m\u001b[22m\n\n    Jest failed to parse a file. This happens e.g. when your code or its dependencies use non-standard JavaScript syntax, or when Jest is not configured to support such syntax.\n\n    Out of the box Jest supports Babel, which will be used to transform your files into valid JS based on your Babel configuration.\n\n    By default \"node_modules\" folder is ignored by transformers.\n\n    Here's what you can do:\n     • If you are trying to use ECMAScript Modules, see \u001b[4mhttps://jestjs.io/docs/ecmascript-modules\u001b[24m for how to enable it.\n     • If you are trying to use TypeScript, see \u001b[4mhttps://jestjs.io/docs/getting-started#using-typescript\u001b[24m\n     • To have some of your \"node_modules\" files transformed, you can specify a custom \u001b[1m\"transformIgnorePatterns\"\u001b[22m in your config.\n     • If you need a custom transformation specify a \u001b[1m\"transform\"\u001b[22m option in your config.\n     • If you simply want to mock your non-JS modules (e.g. binary assets) you can stub them out with the \u001b[1m\"moduleNameMapper\"\u001b[22m config option.\n\n    You'll find more details and examples of these config options in the docs:\n    \u001b[36mhttps://jestjs.io/docs/configuration\u001b[39m\n    For information about custom transformations, see:\n    \u001b[36mhttps://jestjs.io/docs/code-transformation\u001b[39m\n\n    \u001b[1m\u001b[31mDetails:\u001b[39m\u001b[22m\n\n    /Users/bryannakache/ici-ca-pousse/ici-ca-pousse/src/tests/useExperience.test.js:15\n    import { renderHook, act } from '@testing-library/react';\n    ^^^^^^\n\n    SyntaxError: Cannot use import statement outside a module\n\n      \u001b[2mat Runtime.createScriptFromCode (\u001b[22mnode_modules/jest-runtime/build/index.js\u001b[2m:1728:14)\u001b[22m\n","name":"/Users/bryannakache/ici-ca-pousse/ici-ca-pousse/src/tests/useExperience.test.js","startTime":1752728830558,"status":"failed","summary":""},{"assertionResults":[],"coverage":{},"endTime":1752728830558,"message":"  \u001b[1m● \u001b[22mTest suite failed to run\n\n    \u001b[1m\u001b[31mJest encountered an unexpected token\u001b[39m\u001b[22m\n\n    Jest failed to parse a file. This happens e.g. when your code or its dependencies use non-standard JavaScript syntax, or when Jest is not configured to support such syntax.\n\n    Out of the box Jest supports Babel, which will be used to transform your files into valid JS based on your Babel configuration.\n\n    By default \"node_modules\" folder is ignored by transformers.\n\n    Here's what you can do:\n     • If you are trying to use ECMAScript Modules, see \u001b[4mhttps://jestjs.io/docs/ecmascript-modules\u001b[24m for how to enable it.\n     • If you are trying to use TypeScript, see \u001b[4mhttps://jestjs.io/docs/getting-started#using-typescript\u001b[24m\n     • To have some of your \"node_modules\" files transformed, you can specify a custom \u001b[1m\"transformIgnorePatterns\"\u001b[22m in your config.\n     • If you need a custom transformation specify a \u001b[1m\"transform\"\u001b[22m option in your config.\n     • If you simply want to mock your non-JS modules (e.g. binary assets) you can stub them out with the \u001b[1m\"moduleNameMapper\"\u001b[22m config option.\n\n    You'll find more details and examples of these config options in the docs:\n    \u001b[36mhttps://jestjs.io/docs/configuration\u001b[39m\n    For information about custom transformations, see:\n    \u001b[36mhttps://jestjs.io/docs/code-transformation\u001b[39m\n\n    \u001b[1m\u001b[31mDetails:\u001b[39m\u001b[22m\n\n    /Users/bryannakache/ici-ca-pousse/ici-ca-pousse/src/tests/CreateWorkout.test.js:1\n    ({\"Object.<anonymous>\":function(module,exports,require,__dirname,__filename,jest){import { save, load } from '../utils/storage';\n                                                                                      ^^^^^^\n\n    SyntaxError: Cannot use import statement outside a module\n\n      \u001b[2mat Runtime.createScriptFromCode (\u001b[22mnode_modules/jest-runtime/build/index.js\u001b[2m:1728:14)\u001b[22m\n","name":"/Users/bryannakache/ici-ca-pousse/ici-ca-pousse/src/tests/CreateWorkout.test.js","startTime":1752728830558,"status":"failed","summary":""},{"assertionResults":[],"coverage":{},"endTime":1752728830558,"message":"  \u001b[1m● \u001b[22mTest suite failed to run\n\n    \u001b[1m\u001b[31mJest encountered an unexpected token\u001b[39m\u001b[22m\n\n    Jest failed to parse a file. This happens e.g. when your code or its dependencies use non-standard JavaScript syntax, or when Jest is not configured to support such syntax.\n\n    Out of the box Jest supports Babel, which will be used to transform your files into valid JS based on your Babel configuration.\n\n    By default \"node_modules\" folder is ignored by transformers.\n\n    Here's what you can do:\n     • If you are trying to use ECMAScript Modules, see \u001b[4mhttps://jestjs.io/docs/ecmascript-modules\u001b[24m for how to enable it.\n     • If you are trying to use TypeScript, see \u001b[4mhttps://jestjs.io/docs/getting-started#using-typescript\u001b[24m\n     • To have some of your \"node_modules\" files transformed, you can specify a custom \u001b[1m\"transformIgnorePatterns\"\u001b[22m in your config.\n     • If you need a custom transformation specify a \u001b[1m\"transform\"\u001b[22m option in your config.\n     • If you simply want to mock your non-JS modules (e.g. binary assets) you can stub them out with the \u001b[1m\"moduleNameMapper\"\u001b[22m config option.\n\n    You'll find more details and examples of these config options in the docs:\n    \u001b[36mhttps://jestjs.io/docs/configuration\u001b[39m\n    For information about custom transformations, see:\n    \u001b[36mhttps://jestjs.io/docs/code-transformation\u001b[39m\n\n    \u001b[1m\u001b[31mDetails:\u001b[39m\u001b[22m\n\n    SyntaxError: /Users/bryannakache/ici-ca-pousse/ici-ca-pousse/src/tests/ProfilePicture.test.js: Support for the experimental syntax 'jsx' isn't currently enabled (14:12):\n\n    \u001b[0m \u001b[90m 12 |\u001b[39m\n     \u001b[90m 13 |\u001b[39m   it(\u001b[32m'affiche le badge sélectionné comme avatar'\u001b[39m\u001b[33m,\u001b[39m () \u001b[33m=>\u001b[39m {\n    \u001b[31m\u001b[1m>\u001b[22m\u001b[39m\u001b[90m 14 |\u001b[39m     render(\u001b[33m<\u001b[39m\u001b[33mProfilePicture\u001b[39m user\u001b[33m=\u001b[39m{user} useBadgeAsProfile\u001b[33m=\u001b[39m{\u001b[36mtrue\u001b[39m} selectedBadge\u001b[33m=\u001b[39m\u001b[32m\"first_workout\"\u001b[39m \u001b[33m/\u001b[39m\u001b[33m>\u001b[39m)\u001b[33m;\u001b[39m\n     \u001b[90m    |\u001b[39m            \u001b[31m\u001b[1m^\u001b[22m\u001b[39m\n     \u001b[90m 15 |\u001b[39m     expect(screen\u001b[33m.\u001b[39mgetByText(\u001b[35m/🎯/\u001b[39m))\u001b[33m.\u001b[39mtoBeInTheDocument()\u001b[33m;\u001b[39m\n     \u001b[90m 16 |\u001b[39m   })\u001b[33m;\u001b[39m\n     \u001b[90m 17 |\u001b[39m\u001b[0m\n\n    Add @babel/preset-react (https://github.com/babel/babel/tree/main/packages/babel-preset-react) to the 'presets' section of your Babel config to enable transformation.\n    If you want to leave it as-is, add @babel/plugin-syntax-jsx (https://github.com/babel/babel/tree/main/packages/babel-plugin-syntax-jsx) to the 'plugins' section to enable parsing.\n\n    If you already added the plugin for this syntax to your config, it's possible that your config isn't being loaded.\n    You can re-run Babel with the BABEL_SHOW_CONFIG_FOR environment variable to show the loaded configuration:\n    \tnpx cross-env BABEL_SHOW_CONFIG_FOR=/Users/bryannakache/ici-ca-pousse/ici-ca-pousse/src/tests/ProfilePicture.test.js <your build command>\n    See https://babeljs.io/docs/configuration#print-effective-configs for more info.\n\n      \u001b[2mat toParseError (\u001b[22mnode_modules/@babel/parser/src/parse-error.ts\u001b[2m:95:45)\u001b[22m\n      \u001b[2mat Parser.raise (\u001b[22mnode_modules/@babel/parser/src/tokenizer/index.ts\u001b[2m:1503:19)\u001b[22m\n      \u001b[2mat Parser.expectOnePlugin (\u001b[22mnode_modules/@babel/parser/src/tokenizer/index.ts\u001b[2m:1568:18)\u001b[22m\n      \u001b[2mat Parser.parseExprAtom (\u001b[22mnode_modules/@babel/parser/src/parser/expression.ts\u001b[2m:1264:16)\u001b[22m\n      \u001b[2mat Parser.parseExprSubscripts (\u001b[22mnode_modules/@babel/parser/src/parser/expression.ts\u001b[2m:734:23)\u001b[22m\n      \u001b[2mat Parser.parseUpdate (\u001b[22mnode_modules/@babel/parser/src/parser/expression.ts\u001b[2m:713:21)\u001b[22m\n      \u001b[2mat Parser.parseMaybeUnary (\u001b[22mnode_modules/@babel/parser/src/parser/expression.ts\u001b[2m:675:23)\u001b[22m\n      \u001b[2mat Parser.parseMaybeUnaryOrPrivate (\u001b[22mnode_modules/@babel/parser/src/parser/expression.ts\u001b[2m:409:14)\u001b[22m\n      \u001b[2mat Parser.parseExprOps (\u001b[22mnode_modules/@babel/parser/src/parser/expression.ts\u001b[2m:421:23)\u001b[22m\n      \u001b[2mat Parser.parseMaybeConditional (\u001b[22mnode_modules/@babel/parser/src/parser/expression.ts\u001b[2m:376:23)\u001b[22m\n      \u001b[2mat Parser.parseMaybeAssign (\u001b[22mnode_modules/@babel/parser/src/parser/expression.ts\u001b[2m:301:21)\u001b[22m\n      \u001b[2mat callback (\u001b[22mnode_modules/@babel/parser/src/parser/expression.ts\u001b[2m:257:12)\u001b[22m\n      \u001b[2mat Parser.allowInAnd (\u001b[22mnode_modules/@babel/parser/src/parser/expression.ts\u001b[2m:3192:12)\u001b[22m\n      \u001b[2mat Parser.parseMaybeAssignAllowIn (\u001b[22mnode_modules/@babel/parser/src/parser/expression.ts\u001b[2m:256:17)\u001b[22m\n      \u001b[2mat Parser.parseMaybeAssignAllowInOrVoidPattern (\u001b[22mnode_modules/@babel/parser/src/parser/expression.ts\u001b[2m:3306:17)\u001b[22m\n      \u001b[2mat Parser.parseExprListItem (\u001b[22mnode_modules/@babel/parser/src/parser/expression.ts\u001b[2m:2788:18)\u001b[22m\n      \u001b[2mat Parser.parseCallExpressionArguments (\u001b[22mnode_modules/@babel/parser/src/parser/expression.ts\u001b[2m:1034:14)\u001b[22m\n      \u001b[2mat Parser.parseCoverCallAndAsyncArrowHead (\u001b[22mnode_modules/@babel/parser/src/parser/expression.ts\u001b[2m:914:29)\u001b[22m\n      \u001b[2mat Parser.parseSubscript (\u001b[22mnode_modules/@babel/parser/src/parser/expression.ts\u001b[2m:796:19)\u001b[22m\n      \u001b[2mat Parser.parseSubscripts (\u001b[22mnode_modules/@babel/parser/src/parser/expression.ts\u001b[2m:755:19)\u001b[22m\n      \u001b[2mat Parser.parseExprSubscripts (\u001b[22mnode_modules/@babel/parser/src/parser/expression.ts\u001b[2m:740:17)\u001b[22m\n      \u001b[2mat Parser.parseUpdate (\u001b[22mnode_modules/@babel/parser/src/parser/expression.ts\u001b[2m:713:21)\u001b[22m\n      \u001b[2mat Parser.parseMaybeUnary (\u001b[22mnode_modules/@babel/parser/src/parser/expression.ts\u001b[2m:675:23)\u001b[22m\n      \u001b[2mat Parser.parseMaybeUnaryOrPrivate (\u001b[22mnode_modules/@babel/parser/src/parser/expression.ts\u001b[2m:409:14)\u001b[22m\n      \u001b[2mat Parser.parseExprOps (\u001b[22mnode_modules/@babel/parser/src/parser/expression.ts\u001b[2m:421:23)\u001b[22m\n      \u001b[2mat Parser.parseMaybeConditional (\u001b[22mnode_modules/@babel/parser/src/parser/expression.ts\u001b[2m:376:23)\u001b[22m\n      \u001b[2mat Parser.parseMaybeAssign (\u001b[22mnode_modules/@babel/parser/src/parser/expression.ts\u001b[2m:301:21)\u001b[22m\n      \u001b[2mat Parser.parseExpressionBase (\u001b[22mnode_modules/@babel/parser/src/parser/expression.ts\u001b[2m:226:23)\u001b[22m\n      \u001b[2mat callback (\u001b[22mnode_modules/@babel/parser/src/parser/expression.ts\u001b[2m:217:39)\u001b[22m\n      \u001b[2mat Parser.allowInAnd (\u001b[22mnode_modules/@babel/parser/src/parser/expression.ts\u001b[2m:3187:16)\u001b[22m\n      \u001b[2mat Parser.parseExpression (\u001b[22mnode_modules/@babel/parser/src/parser/expression.ts\u001b[2m:217:17)\u001b[22m\n      \u001b[2mat Parser.parseStatementContent (\u001b[22mnode_modules/@babel/parser/src/parser/statement.ts\u001b[2m:683:23)\u001b[22m\n      \u001b[2mat Parser.parseStatementLike (\u001b[22mnode_modules/@babel/parser/src/parser/statement.ts\u001b[2m:477:17)\u001b[22m\n      \u001b[2mat Parser.parseStatementListItem (\u001b[22mnode_modules/@babel/parser/src/parser/statement.ts\u001b[2m:426:17)\u001b[22m\n      \u001b[2mat Parser.parseBlockOrModuleBlockBody (\u001b[22mnode_modules/@babel/parser/src/parser/statement.ts\u001b[2m:1439:16)\u001b[22m\n      \u001b[2mat Parser.parseBlockBody (\u001b[22mnode_modules/@babel/parser/src/parser/statement.ts\u001b[2m:1412:10)\u001b[22m\n      \u001b[2mat Parser.parseBlock (\u001b[22mnode_modules/@babel/parser/src/parser/statement.ts\u001b[2m:1380:10)\u001b[22m\n      \u001b[2mat Parser.parseFunctionBody (\u001b[22mnode_modules/@babel/parser/src/parser/expression.ts\u001b[2m:2616:24)\u001b[22m\n      \u001b[2mat Parser.parseArrowExpression (\u001b[22mnode_modules/@babel/parser/src/parser/expression.ts\u001b[2m:2553:10)\u001b[22m\n      \u001b[2mat Parser.parseParenAndDistinguishExpression (\u001b[22mnode_modules/@babel/parser/src/parser/expression.ts\u001b[2m:1837:12)\u001b[22m\n      \u001b[2mat Parser.parseExprAtom (\u001b[22mnode_modules/@babel/parser/src/parser/expression.ts\u001b[2m:1162:21)\u001b[22m\n      \u001b[2mat Parser.parseExprSubscripts (\u001b[22mnode_modules/@babel/parser/src/parser/expression.ts\u001b[2m:734:23)\u001b[22m\n      \u001b[2mat Parser.parseUpdate (\u001b[22mnode_modules/@babel/parser/src/parser/expression.ts\u001b[2m:713:21)\u001b[22m\n      \u001b[2mat Parser.parseMaybeUnary (\u001b[22mnode_modules/@babel/parser/src/parser/expression.ts\u001b[2m:675:23)\u001b[22m\n      \u001b[2mat Parser.parseMaybeUnaryOrPrivate (\u001b[22mnode_modules/@babel/parser/src/parser/expression.ts\u001b[2m:409:14)\u001b[22m\n      \u001b[2mat Parser.parseExprOps (\u001b[22mnode_modules/@babel/parser/src/parser/expression.ts\u001b[2m:421:23)\u001b[22m\n      \u001b[2mat Parser.parseMaybeConditional (\u001b[22mnode_modules/@babel/parser/src/parser/expression.ts\u001b[2m:376:23)\u001b[22m\n      \u001b[2mat Parser.parseMaybeAssign (\u001b[22mnode_modules/@babel/parser/src/parser/expression.ts\u001b[2m:301:21)\u001b[22m\n      \u001b[2mat callback (\u001b[22mnode_modules/@babel/parser/src/parser/expression.ts\u001b[2m:257:12)\u001b[22m\n      \u001b[2mat Parser.allowInAnd (\u001b[22mnode_modules/@babel/parser/src/parser/expression.ts\u001b[2m:3192:12)\u001b[22m\n","name":"/Users/bryannakache/ici-ca-pousse/ici-ca-pousse/src/tests/ProfilePicture.test.js","startTime":1752728830558,"status":"failed","summary":""},{"assertionResults":[],"coverage":{},"endTime":1752728830558,"message":"  \u001b[1m● \u001b[22mTest suite failed to run\n\n    \u001b[1m\u001b[31mJest encountered an unexpected token\u001b[39m\u001b[22m\n\n    Jest failed to parse a file. This happens e.g. when your code or its dependencies use non-standard JavaScript syntax, or when Jest is not configured to support such syntax.\n\n    Out of the box Jest supports Babel, which will be used to transform your files into valid JS based on your Babel configuration.\n\n    By default \"node_modules\" folder is ignored by transformers.\n\n    Here's what you can do:\n     • If you are trying to use ECMAScript Modules, see \u001b[4mhttps://jestjs.io/docs/ecmascript-modules\u001b[24m for how to enable it.\n     • If you are trying to use TypeScript, see \u001b[4mhttps://jestjs.io/docs/getting-started#using-typescript\u001b[24m\n     • To have some of your \"node_modules\" files transformed, you can specify a custom \u001b[1m\"transformIgnorePatterns\"\u001b[22m in your config.\n     • If you need a custom transformation specify a \u001b[1m\"transform\"\u001b[22m option in your config.\n     • If you simply want to mock your non-JS modules (e.g. binary assets) you can stub them out with the \u001b[1m\"moduleNameMapper\"\u001b[22m config option.\n\n    You'll find more details and examples of these config options in the docs:\n    \u001b[36mhttps://jestjs.io/docs/configuration\u001b[39m\n    For information about custom transformations, see:\n    \u001b[36mhttps://jestjs.io/docs/code-transformation\u001b[39m\n\n    \u001b[1m\u001b[31mDetails:\u001b[39m\u001b[22m\n\n    SyntaxError: /Users/bryannakache/ici-ca-pousse/ici-ca-pousse/src/tests/StreakCounter.test.js: Support for the experimental syntax 'jsx' isn't currently enabled (6:12):\n\n    \u001b[0m \u001b[90m 4 |\u001b[39m describe(\u001b[32m'StreakCounter'\u001b[39m\u001b[33m,\u001b[39m () \u001b[33m=>\u001b[39m {\n     \u001b[90m 5 |\u001b[39m   it(\u001b[32m'affiche le streak actuel'\u001b[39m\u001b[33m,\u001b[39m () \u001b[33m=>\u001b[39m {\n    \u001b[31m\u001b[1m>\u001b[22m\u001b[39m\u001b[90m 6 |\u001b[39m     render(\u001b[33m<\u001b[39m\u001b[33mStreakCounter\u001b[39m streak\u001b[33m=\u001b[39m{\u001b[35m7\u001b[39m} displayStreak\u001b[33m=\u001b[39m{\u001b[35m7\u001b[39m} \u001b[33m/\u001b[39m\u001b[33m>\u001b[39m)\u001b[33m;\u001b[39m\n     \u001b[90m   |\u001b[39m            \u001b[31m\u001b[1m^\u001b[22m\u001b[39m\n     \u001b[90m 7 |\u001b[39m     expect(screen\u001b[33m.\u001b[39mgetByText(\u001b[35m/7/i\u001b[39m))\u001b[33m.\u001b[39mtoBeInTheDocument()\u001b[33m;\u001b[39m\n     \u001b[90m 8 |\u001b[39m     expect(screen\u001b[33m.\u001b[39mgetByText(\u001b[35m/🔥/i\u001b[39m))\u001b[33m.\u001b[39mtoBeInTheDocument()\u001b[33m;\u001b[39m\n     \u001b[90m 9 |\u001b[39m   })\u001b[33m;\u001b[39m\u001b[0m\n\n    Add @babel/preset-react (https://github.com/babel/babel/tree/main/packages/babel-preset-react) to the 'presets' section of your Babel config to enable transformation.\n    If you want to leave it as-is, add @babel/plugin-syntax-jsx (https://github.com/babel/babel/tree/main/packages/babel-plugin-syntax-jsx) to the 'plugins' section to enable parsing.\n\n    If you already added the plugin for this syntax to your config, it's possible that your config isn't being loaded.\n    You can re-run Babel with the BABEL_SHOW_CONFIG_FOR environment variable to show the loaded configuration:\n    \tnpx cross-env BABEL_SHOW_CONFIG_FOR=/Users/bryannakache/ici-ca-pousse/ici-ca-pousse/src/tests/StreakCounter.test.js <your build command>\n    See https://babeljs.io/docs/configuration#print-effective-configs for more info.\n\n      \u001b[2mat toParseError (\u001b[22mnode_modules/@babel/parser/src/parse-error.ts\u001b[2m:95:45)\u001b[22m\n      \u001b[2mat Parser.raise (\u001b[22mnode_modules/@babel/parser/src/tokenizer/index.ts\u001b[2m:1503:19)\u001b[22m\n      \u001b[2mat Parser.expectOnePlugin (\u001b[22mnode_modules/@babel/parser/src/tokenizer/index.ts\u001b[2m:1568:18)\u001b[22m\n      \u001b[2mat Parser.parseExprAtom (\u001b[22mnode_modules/@babel/parser/src/parser/expression.ts\u001b[2m:1264:16)\u001b[22m\n      \u001b[2mat Parser.parseExprSubscripts (\u001b[22mnode_modules/@babel/parser/src/parser/expression.ts\u001b[2m:734:23)\u001b[22m\n      \u001b[2mat Parser.parseUpdate (\u001b[22mnode_modules/@babel/parser/src/parser/expression.ts\u001b[2m:713:21)\u001b[22m\n      \u001b[2mat Parser.parseMaybeUnary (\u001b[22mnode_modules/@babel/parser/src/parser/expression.ts\u001b[2m:675:23)\u001b[22m\n      \u001b[2mat Parser.parseMaybeUnaryOrPrivate (\u001b[22mnode_modules/@babel/parser/src/parser/expression.ts\u001b[2m:409:14)\u001b[22m\n      \u001b[2mat Parser.parseExprOps (\u001b[22mnode_modules/@babel/parser/src/parser/expression.ts\u001b[2m:421:23)\u001b[22m\n      \u001b[2mat Parser.parseMaybeConditional (\u001b[22mnode_modules/@babel/parser/src/parser/expression.ts\u001b[2m:376:23)\u001b[22m\n      \u001b[2mat Parser.parseMaybeAssign (\u001b[22mnode_modules/@babel/parser/src/parser/expression.ts\u001b[2m:301:21)\u001b[22m\n      \u001b[2mat callback (\u001b[22mnode_modules/@babel/parser/src/parser/expression.ts\u001b[2m:257:12)\u001b[22m\n      \u001b[2mat Parser.allowInAnd (\u001b[22mnode_modules/@babel/parser/src/parser/expression.ts\u001b[2m:3192:12)\u001b[22m\n      \u001b[2mat Parser.parseMaybeAssignAllowIn (\u001b[22mnode_modules/@babel/parser/src/parser/expression.ts\u001b[2m:256:17)\u001b[22m\n      \u001b[2mat Parser.parseMaybeAssignAllowInOrVoidPattern (\u001b[22mnode_modules/@babel/parser/src/parser/expression.ts\u001b[2m:3306:17)\u001b[22m\n      \u001b[2mat Parser.parseExprListItem (\u001b[22mnode_modules/@babel/parser/src/parser/expression.ts\u001b[2m:2788:18)\u001b[22m\n      \u001b[2mat Parser.parseCallExpressionArguments (\u001b[22mnode_modules/@babel/parser/src/parser/expression.ts\u001b[2m:1034:14)\u001b[22m\n      \u001b[2mat Parser.parseCoverCallAndAsyncArrowHead (\u001b[22mnode_modules/@babel/parser/src/parser/expression.ts\u001b[2m:914:29)\u001b[22m\n      \u001b[2mat Parser.parseSubscript (\u001b[22mnode_modules/@babel/parser/src/parser/expression.ts\u001b[2m:796:19)\u001b[22m\n      \u001b[2mat Parser.parseSubscripts (\u001b[22mnode_modules/@babel/parser/src/parser/expression.ts\u001b[2m:755:19)\u001b[22m\n      \u001b[2mat Parser.parseExprSubscripts (\u001b[22mnode_modules/@babel/parser/src/parser/expression.ts\u001b[2m:740:17)\u001b[22m\n      \u001b[2mat Parser.parseUpdate (\u001b[22mnode_modules/@babel/parser/src/parser/expression.ts\u001b[2m:713:21)\u001b[22m\n      \u001b[2mat Parser.parseMaybeUnary (\u001b[22mnode_modules/@babel/parser/src/parser/expression.ts\u001b[2m:675:23)\u001b[22m\n      \u001b[2mat Parser.parseMaybeUnaryOrPrivate (\u001b[22mnode_modules/@babel/parser/src/parser/expression.ts\u001b[2m:409:14)\u001b[22m\n      \u001b[2mat Parser.parseExprOps (\u001b[22mnode_modules/@babel/parser/src/parser/expression.ts\u001b[2m:421:23)\u001b[22m\n      \u001b[2mat Parser.parseMaybeConditional (\u001b[22mnode_modules/@babel/parser/src/parser/expression.ts\u001b[2m:376:23)\u001b[22m\n      \u001b[2mat Parser.parseMaybeAssign (\u001b[22mnode_modules/@babel/parser/src/parser/expression.ts\u001b[2m:301:21)\u001b[22m\n      \u001b[2mat Parser.parseExpressionBase (\u001b[22mnode_modules/@babel/parser/src/parser/expression.ts\u001b[2m:226:23)\u001b[22m\n      \u001b[2mat callback (\u001b[22mnode_modules/@babel/parser/src/parser/expression.ts\u001b[2m:217:39)\u001b[22m\n      \u001b[2mat Parser.allowInAnd (\u001b[22mnode_modules/@babel/parser/src/parser/expression.ts\u001b[2m:3187:16)\u001b[22m\n      \u001b[2mat Parser.parseExpression (\u001b[22mnode_modules/@babel/parser/src/parser/expression.ts\u001b[2m:217:17)\u001b[22m\n      \u001b[2mat Parser.parseStatementContent (\u001b[22mnode_modules/@babel/parser/src/parser/statement.ts\u001b[2m:683:23)\u001b[22m\n      \u001b[2mat Parser.parseStatementLike (\u001b[22mnode_modules/@babel/parser/src/parser/statement.ts\u001b[2m:477:17)\u001b[22m\n      \u001b[2mat Parser.parseStatementListItem (\u001b[22mnode_modules/@babel/parser/src/parser/statement.ts\u001b[2m:426:17)\u001b[22m\n      \u001b[2mat Parser.parseBlockOrModuleBlockBody (\u001b[22mnode_modules/@babel/parser/src/parser/statement.ts\u001b[2m:1439:16)\u001b[22m\n      \u001b[2mat Parser.parseBlockBody (\u001b[22mnode_modules/@babel/parser/src/parser/statement.ts\u001b[2m:1412:10)\u001b[22m\n      \u001b[2mat Parser.parseBlock (\u001b[22mnode_modules/@babel/parser/src/parser/statement.ts\u001b[2m:1380:10)\u001b[22m\n      \u001b[2mat Parser.parseFunctionBody (\u001b[22mnode_modules/@babel/parser/src/parser/expression.ts\u001b[2m:2616:24)\u001b[22m\n      \u001b[2mat Parser.parseArrowExpression (\u001b[22mnode_modules/@babel/parser/src/parser/expression.ts\u001b[2m:2553:10)\u001b[22m\n      \u001b[2mat Parser.parseParenAndDistinguishExpression (\u001b[22mnode_modules/@babel/parser/src/parser/expression.ts\u001b[2m:1837:12)\u001b[22m\n      \u001b[2mat Parser.parseExprAtom (\u001b[22mnode_modules/@babel/parser/src/parser/expression.ts\u001b[2m:1162:21)\u001b[22m\n      \u001b[2mat Parser.parseExprSubscripts (\u001b[22mnode_modules/@babel/parser/src/parser/expression.ts\u001b[2m:734:23)\u001b[22m\n      \u001b[2mat Parser.parseUpdate (\u001b[22mnode_modules/@babel/parser/src/parser/expression.ts\u001b[2m:713:21)\u001b[22m\n      \u001b[2mat Parser.parseMaybeUnary (\u001b[22mnode_modules/@babel/parser/src/parser/expression.ts\u001b[2m:675:23)\u001b[22m\n      \u001b[2mat Parser.parseMaybeUnaryOrPrivate (\u001b[22mnode_modules/@babel/parser/src/parser/expression.ts\u001b[2m:409:14)\u001b[22m\n      \u001b[2mat Parser.parseExprOps (\u001b[22mnode_modules/@babel/parser/src/parser/expression.ts\u001b[2m:421:23)\u001b[22m\n      \u001b[2mat Parser.parseMaybeConditional (\u001b[22mnode_modules/@babel/parser/src/parser/expression.ts\u001b[2m:376:23)\u001b[22m\n      \u001b[2mat Parser.parseMaybeAssign (\u001b[22mnode_modules/@babel/parser/src/parser/expression.ts\u001b[2m:301:21)\u001b[22m\n      \u001b[2mat callback (\u001b[22mnode_modules/@babel/parser/src/parser/expression.ts\u001b[2m:257:12)\u001b[22m\n      \u001b[2mat Parser.allowInAnd (\u001b[22mnode_modules/@babel/parser/src/parser/expression.ts\u001b[2m:3192:12)\u001b[22m\n","name":"/Users/bryannakache/ici-ca-pousse/ici-ca-pousse/src/tests/StreakCounter.test.js","startTime":1752728830558,"status":"failed","summary":""}],"wasInterrupted":false}