{"/Users/bryannakache/ici-ca-pousse/ici-ca-pousse/src/App.js": {"path":"/Users/bryannakache/ici-ca-pousse/ici-ca-pousse/src/App.js","statementMap":{"0":{"start":{"line":16,"column":12},"end":{"line":125,"column":1}},"1":{"start":{"line":17,"column":36},"end":{"line":17,"column":55}},"2":{"start":{"line":18,"column":36},"end":{"line":18,"column":51}},"3":{"start":{"line":19,"column":42},"end":{"line":25,"column":4}},"4":{"start":{"line":20,"column":16},"end":{"line":20,"column":26}},"5":{"start":{"line":21,"column":17},"end":{"line":21,"column":34}},"6":{"start":{"line":22,"column":18},"end":{"line":22,"column":61}},"7":{"start":{"line":23,"column":16},"end":{"line":23,"column":54}},"8":{"start":{"line":24,"column":4},"end":{"line":24,"column":37}},"9":{"start":{"line":26,"column":48},"end":{"line":26,"column":63}},"10":{"start":{"line":27,"column":48},"end":{"line":27,"column":62}},"11":{"start":{"line":28,"column":52},"end":{"line":28,"column":67}},"12":{"start":{"line":29,"column":48},"end":{"line":29,"column":60}},"13":{"start":{"line":30,"column":56},"end":{"line":30,"column":70}},"14":{"start":{"line":33,"column":79},"end":{"line":33,"column":92}},"15":{"start":{"line":34,"column":99},"end":{"line":34,"column":113}},"16":{"start":{"line":37,"column":31},"end":{"line":41,"column":3}},"17":{"start":{"line":38,"column":4},"end":{"line":38,"column":30}},"18":{"start":{"line":39,"column":4},"end":{"line":39,"column":30}},"19":{"start":{"line":40,"column":4},"end":{"line":40,"column":33}},"20":{"start":{"line":43,"column":22},"end":{"line":51,"column":3}},"21":{"start":{"line":44,"column":4},"end":{"line":44,"column":39}},"22":{"start":{"line":44,"column":32},"end":{"line":44,"column":39}},"23":{"start":{"line":45,"column":20},"end":{"line":45,"column":75}},"24":{"start":{"line":46,"column":4},"end":{"line":46,"column":24}},"25":{"start":{"line":47,"column":4},"end":{"line":47,"column":23}},"26":{"start":{"line":48,"column":4},"end":{"line":48,"column":48}},"27":{"start":{"line":48,"column":21},"end":{"line":48,"column":40}},"28":{"start":{"line":49,"column":4},"end":{"line":49,"column":21}},"29":{"start":{"line":50,"column":4},"end":{"line":50,"column":27}},"30":{"start":{"line":53,"column":28},"end":{"line":56,"column":3}},"31":{"start":{"line":54,"column":4},"end":{"line":54,"column":32}},"32":{"start":{"line":55,"column":4},"end":{"line":55,"column":31}},"33":{"start":{"line":60,"column":30},"end":{"line":65,"column":3}},"34":{"start":{"line":61,"column":4},"end":{"line":64,"column":5}},"35":{"start":{"line":62,"column":6},"end":{"line":62,"column":31}},"36":{"start":{"line":63,"column":6},"end":{"line":63,"column":34}},"37":{"start":{"line":67,"column":26},"end":{"line":108,"column":3}},"38":{"start":{"line":68,"column":4},"end":{"line":107,"column":5}},"39":{"start":{"line":70,"column":8},"end":{"line":89,"column":10}},"40":{"start":{"line":91,"column":8},"end":{"line":102,"column":10}},"41":{"start":{"line":104,"column":8},"end":{"line":104,"column":68}},"42":{"start":{"line":106,"column":8},"end":{"line":106,"column":20}},"43":{"start":{"line":110,"column":2},"end":{"line":124,"column":4}}},"fnMap":{"0":{"name":"(anonymous_0)","decl":{"start":{"line":16,"column":12},"end":{"line":16,"column":13}},"loc":{"start":{"line":16,"column":18},"end":{"line":125,"column":1}},"line":16},"1":{"name":"(anonymous_1)","decl":{"start":{"line":19,"column":51},"end":{"line":19,"column":52}},"loc":{"start":{"line":19,"column":57},"end":{"line":25,"column":3}},"line":19},"2":{"name":"(anonymous_2)","decl":{"start":{"line":37,"column":31},"end":{"line":37,"column":32}},"loc":{"start":{"line":37,"column":49},"end":{"line":41,"column":3}},"line":37},"3":{"name":"(anonymous_3)","decl":{"start":{"line":43,"column":22},"end":{"line":43,"column":23}},"loc":{"start":{"line":43,"column":28},"end":{"line":51,"column":3}},"line":43},"4":{"name":"(anonymous_4)","decl":{"start":{"line":48,"column":15},"end":{"line":48,"column":16}},"loc":{"start":{"line":48,"column":21},"end":{"line":48,"column":40}},"line":48},"5":{"name":"(anonymous_5)","decl":{"start":{"line":53,"column":28},"end":{"line":53,"column":29}},"loc":{"start":{"line":53,"column":41},"end":{"line":56,"column":3}},"line":53},"6":{"name":"(anonymous_6)","decl":{"start":{"line":60,"column":30},"end":{"line":60,"column":31}},"loc":{"start":{"line":60,"column":45},"end":{"line":65,"column":3}},"line":60},"7":{"name":"(anonymous_7)","decl":{"start":{"line":67,"column":26},"end":{"line":67,"column":27}},"loc":{"start":{"line":67,"column":32},"end":{"line":108,"column":3}},"line":67}},"branchMap":{"0":{"loc":{"start":{"line":44,"column":4},"end":{"line":44,"column":39}},"type":"if","locations":[{"start":{"line":44,"column":4},"end":{"line":44,"column":39}},{"start":{},"end":{}}],"line":44},"1":{"loc":{"start":{"line":61,"column":4},"end":{"line":64,"column":5}},"type":"if","locations":[{"start":{"line":61,"column":4},"end":{"line":64,"column":5}},{"start":{},"end":{}}],"line":61},"2":{"loc":{"start":{"line":68,"column":4},"end":{"line":107,"column":5}},"type":"switch","locations":[{"start":{"line":69,"column":6},"end":{"line":89,"column":10}},{"start":{"line":90,"column":6},"end":{"line":102,"column":10}},{"start":{"line":103,"column":6},"end":{"line":104,"column":68}},{"start":{"line":105,"column":6},"end":{"line":106,"column":20}}],"line":68},"3":{"loc":{"start":{"line":116,"column":9},"end":{"line":121,"column":9}},"type":"binary-expr","locations":[{"start":{"line":116,"column":9},"end":{"line":116,"column":18}},{"start":{"line":117,"column":10},"end":{"line":120,"column":16}}],"line":116}},"s":{"0":0,"1":0,"2":0,"3":0,"4":0,"5":0,"6":0,"7":0,"8":0,"9":0,"10":0,"11":0,"12":0,"13":0,"14":0,"15":0,"16":0,"17":0,"18":0,"19":0,"20":0,"21":0,"22":0,"23":0,"24":0,"25":0,"26":0,"27":0,"28":0,"29":0,"30":0,"31":0,"32":0,"33":0,"34":0,"35":0,"36":0,"37":0,"38":0,"39":0,"40":0,"41":0,"42":0,"43":0},"f":{"0":0,"1":0,"2":0,"3":0,"4":0,"5":0,"6":0,"7":0},"b":{"0":[0,0],"1":[0,0],"2":[0,0,0,0],"3":[0,0]}}
,"/Users/bryannakache/ici-ca-pousse/ici-ca-pousse/src/index.js": {"path":"/Users/bryannakache/ici-ca-pousse/ici-ca-pousse/src/index.js","statementMap":{"0":{"start":{"line":6,"column":13},"end":{"line":6,"column":65}},"1":{"start":{"line":7,"column":0},"end":{"line":11,"column":2}}},"fnMap":{},"branchMap":{},"s":{"0":0,"1":0},"f":{},"b":{}}
,"/Users/bryannakache/ici-ca-pousse/ici-ca-pousse/src/serviceWorkerRegistration.js": {"path":"/Users/bryannakache/ici-ca-pousse/ici-ca-pousse/src/serviceWorkerRegistration.js","statementMap":{"0":{"start":{"line":4,"column":20},"end":{"line":10,"column":1}},"1":{"start":{"line":13,"column":2},"end":{"line":43,"column":3}},"2":{"start":{"line":15,"column":22},"end":{"line":15,"column":75}},"3":{"start":{"line":16,"column":4},"end":{"line":21,"column":5}},"4":{"start":{"line":20,"column":6},"end":{"line":20,"column":13}},"5":{"start":{"line":23,"column":4},"end":{"line":42,"column":7}},"6":{"start":{"line":24,"column":20},"end":{"line":24,"column":53}},"7":{"start":{"line":26,"column":6},"end":{"line":41,"column":7}},"8":{"start":{"line":28,"column":8},"end":{"line":28,"column":47}},"9":{"start":{"line":32,"column":8},"end":{"line":37,"column":11}},"10":{"start":{"line":33,"column":10},"end":{"line":36,"column":12}},"11":{"start":{"line":40,"column":8},"end":{"line":40,"column":39}},"12":{"start":{"line":47,"column":2},"end":{"line":65,"column":7}},"13":{"start":{"line":53,"column":6},"end":{"line":56,"column":8}},"14":{"start":{"line":59,"column":6},"end":{"line":61,"column":7}},"15":{"start":{"line":60,"column":8},"end":{"line":60,"column":38}},"16":{"start":{"line":64,"column":6},"end":{"line":64,"column":72}},"17":{"start":{"line":70,"column":2},"end":{"line":93,"column":7}},"18":{"start":{"line":75,"column":26},"end":{"line":75,"column":62}},"19":{"start":{"line":76,"column":6},"end":{"line":89,"column":7}},"20":{"start":{"line":81,"column":8},"end":{"line":85,"column":11}},"21":{"start":{"line":82,"column":10},"end":{"line":84,"column":13}},"22":{"start":{"line":83,"column":12},"end":{"line":83,"column":37}},"23":{"start":{"line":88,"column":8},"end":{"line":88,"column":39}},"24":{"start":{"line":92,"column":6},"end":{"line":92,"column":83}},"25":{"start":{"line":97,"column":2},"end":{"line":105,"column":3}},"26":{"start":{"line":98,"column":4},"end":{"line":104,"column":9}},"27":{"start":{"line":100,"column":8},"end":{"line":100,"column":34}},"28":{"start":{"line":103,"column":8},"end":{"line":103,"column":37}}},"fnMap":{"0":{"name":"register","decl":{"start":{"line":12,"column":16},"end":{"line":12,"column":24}},"loc":{"start":{"line":12,"column":33},"end":{"line":44,"column":1}},"line":12},"1":{"name":"(anonymous_1)","decl":{"start":{"line":23,"column":36},"end":{"line":23,"column":37}},"loc":{"start":{"line":23,"column":42},"end":{"line":42,"column":5}},"line":23},"2":{"name":"(anonymous_2)","decl":{"start":{"line":32,"column":43},"end":{"line":32,"column":44}},"loc":{"start":{"line":32,"column":49},"end":{"line":37,"column":9}},"line":32},"3":{"name":"registerValidSW","decl":{"start":{"line":46,"column":9},"end":{"line":46,"column":24}},"loc":{"start":{"line":46,"column":40},"end":{"line":66,"column":1}},"line":46},"4":{"name":"(anonymous_4)","decl":{"start":{"line":49,"column":10},"end":{"line":49,"column":11}},"loc":{"start":{"line":49,"column":28},"end":{"line":62,"column":5}},"line":49},"5":{"name":"(anonymous_5)","decl":{"start":{"line":63,"column":11},"end":{"line":63,"column":12}},"loc":{"start":{"line":63,"column":22},"end":{"line":65,"column":5}},"line":63},"6":{"name":"checkValidServiceWorker","decl":{"start":{"line":68,"column":9},"end":{"line":68,"column":32}},"loc":{"start":{"line":68,"column":48},"end":{"line":94,"column":1}},"line":68},"7":{"name":"(anonymous_7)","decl":{"start":{"line":73,"column":10},"end":{"line":73,"column":11}},"loc":{"start":{"line":73,"column":24},"end":{"line":90,"column":5}},"line":73},"8":{"name":"(anonymous_8)","decl":{"start":{"line":81,"column":43},"end":{"line":81,"column":44}},"loc":{"start":{"line":81,"column":61},"end":{"line":85,"column":9}},"line":81},"9":{"name":"(anonymous_9)","decl":{"start":{"line":82,"column":41},"end":{"line":82,"column":42}},"loc":{"start":{"line":82,"column":47},"end":{"line":84,"column":11}},"line":82},"10":{"name":"(anonymous_10)","decl":{"start":{"line":91,"column":11},"end":{"line":91,"column":12}},"loc":{"start":{"line":91,"column":17},"end":{"line":93,"column":5}},"line":91},"11":{"name":"unregister","decl":{"start":{"line":96,"column":16},"end":{"line":96,"column":26}},"loc":{"start":{"line":96,"column":29},"end":{"line":106,"column":1}},"line":96},"12":{"name":"(anonymous_12)","decl":{"start":{"line":99,"column":12},"end":{"line":99,"column":13}},"loc":{"start":{"line":99,"column":30},"end":{"line":101,"column":7}},"line":99},"13":{"name":"(anonymous_13)","decl":{"start":{"line":102,"column":13},"end":{"line":102,"column":14}},"loc":{"start":{"line":102,"column":24},"end":{"line":104,"column":7}},"line":102}},"branchMap":{"0":{"loc":{"start":{"line":5,"column":2},"end":{"line":9,"column":92}},"type":"binary-expr","locations":[{"start":{"line":5,"column":2},"end":{"line":5,"column":42}},{"start":{"line":7,"column":4},"end":{"line":7,"column":40}},{"start":{"line":9,"column":4},"end":{"line":9,"column":92}}],"line":5},"1":{"loc":{"start":{"line":13,"column":2},"end":{"line":43,"column":3}},"type":"if","locations":[{"start":{"line":13,"column":2},"end":{"line":43,"column":3}},{"start":{},"end":{}}],"line":13},"2":{"loc":{"start":{"line":13,"column":6},"end":{"line":13,"column":75}},"type":"binary-expr","locations":[{"start":{"line":13,"column":6},"end":{"line":13,"column":43}},{"start":{"line":13,"column":47},"end":{"line":13,"column":75}}],"line":13},"3":{"loc":{"start":{"line":16,"column":4},"end":{"line":21,"column":5}},"type":"if","locations":[{"start":{"line":16,"column":4},"end":{"line":21,"column":5}},{"start":{},"end":{}}],"line":16},"4":{"loc":{"start":{"line":26,"column":6},"end":{"line":41,"column":7}},"type":"if","locations":[{"start":{"line":26,"column":6},"end":{"line":41,"column":7}},{"start":{"line":38,"column":13},"end":{"line":41,"column":7}}],"line":26},"5":{"loc":{"start":{"line":59,"column":6},"end":{"line":61,"column":7}},"type":"if","locations":[{"start":{"line":59,"column":6},"end":{"line":61,"column":7}},{"start":{},"end":{}}],"line":59},"6":{"loc":{"start":{"line":59,"column":10},"end":{"line":59,"column":35}},"type":"binary-expr","locations":[{"start":{"line":59,"column":10},"end":{"line":59,"column":16}},{"start":{"line":59,"column":20},"end":{"line":59,"column":35}}],"line":59},"7":{"loc":{"start":{"line":76,"column":6},"end":{"line":89,"column":7}},"type":"if","locations":[{"start":{"line":76,"column":6},"end":{"line":89,"column":7}},{"start":{"line":86,"column":13},"end":{"line":89,"column":7}}],"line":76},"8":{"loc":{"start":{"line":77,"column":8},"end":{"line":78,"column":73}},"type":"binary-expr","locations":[{"start":{"line":77,"column":8},"end":{"line":77,"column":31}},{"start":{"line":78,"column":9},"end":{"line":78,"column":28}},{"start":{"line":78,"column":32},"end":{"line":78,"column":72}}],"line":77},"9":{"loc":{"start":{"line":97,"column":2},"end":{"line":105,"column":3}},"type":"if","locations":[{"start":{"line":97,"column":2},"end":{"line":105,"column":3}},{"start":{},"end":{}}],"line":97}},"s":{"0":0,"1":0,"2":0,"3":0,"4":0,"5":0,"6":0,"7":0,"8":0,"9":0,"10":0,"11":0,"12":0,"13":0,"14":0,"15":0,"16":0,"17":0,"18":0,"19":0,"20":0,"21":0,"22":0,"23":0,"24":0,"25":0,"26":0,"27":0,"28":0},"f":{"0":0,"1":0,"2":0,"3":0,"4":0,"5":0,"6":0,"7":0,"8":0,"9":0,"10":0,"11":0,"12":0,"13":0},"b":{"0":[0,0,0],"1":[0,0],"2":[0,0],"3":[0,0],"4":[0,0],"5":[0,0],"6":[0,0],"7":[0,0],"8":[0,0,0],"9":[0,0]}}
,"/Users/bryannakache/ici-ca-pousse/ici-ca-pousse/src/components/CalendarView/CalendarView.jsx": {"path":"/Users/bryannakache/ici-ca-pousse/ici-ca-pousse/src/components/CalendarView/CalendarView.jsx","statementMap":{"0":{"start":{"line":4,"column":21},"end":{"line":241,"column":1}},"1":{"start":{"line":13,"column":16},"end":{"line":13,"column":26}},"2":{"start":{"line":14,"column":23},"end":{"line":14,"column":39}},"3":{"start":{"line":15,"column":22},"end":{"line":15,"column":41}},"4":{"start":{"line":16,"column":19},"end":{"line":16,"column":57}},"5":{"start":{"line":17,"column":18},"end":{"line":17,"column":60}},"6":{"start":{"line":18,"column":22},"end":{"line":18,"column":39}},"7":{"start":{"line":19,"column":28},"end":{"line":19,"column":45}},"8":{"start":{"line":21,"column":15},"end":{"line":21,"column":17}},"9":{"start":{"line":22,"column":2},"end":{"line":24,"column":3}},"10":{"start":{"line":22,"column":15},"end":{"line":22,"column":16}},"11":{"start":{"line":23,"column":4},"end":{"line":23,"column":20}},"12":{"start":{"line":25,"column":2},"end":{"line":27,"column":3}},"13":{"start":{"line":25,"column":17},"end":{"line":25,"column":18}},"14":{"start":{"line":26,"column":4},"end":{"line":26,"column":19}},"15":{"start":{"line":29,"column":21},"end":{"line":32,"column":3}},"16":{"start":{"line":34,"column":2},"end":{"line":240,"column":4}},"17":{"start":{"line":52,"column":12},"end":{"line":54,"column":18}},"18":{"start":{"line":60,"column":12},"end":{"line":60,"column":78}},"19":{"start":{"line":60,"column":30},"end":{"line":60,"column":78}},"20":{"start":{"line":62,"column":31},"end":{"line":62,"column":124}},"21":{"start":{"line":63,"column":31},"end":{"line":63,"column":60}},"22":{"start":{"line":64,"column":28},"end":{"line":64,"column":127}},"23":{"start":{"line":66,"column":12},"end":{"line":81,"column":14}},"24":{"start":{"line":74,"column":31},"end":{"line":74,"column":74}},"25":{"start":{"line":102,"column":34},"end":{"line":102,"column":50}},"26":{"start":{"line":103,"column":28},"end":{"line":103,"column":38}},"27":{"start":{"line":104,"column":32},"end":{"line":104,"column":47}},"28":{"start":{"line":105,"column":14},"end":{"line":105,"column":66}},"29":{"start":{"line":106,"column":14},"end":{"line":106,"column":45}},"30":{"start":{"line":107,"column":30},"end":{"line":107,"column":49}},"31":{"start":{"line":108,"column":14},"end":{"line":108,"column":55}},"32":{"start":{"line":109,"column":14},"end":{"line":109,"column":48}},"33":{"start":{"line":110,"column":14},"end":{"line":110,"column":72}},"34":{"start":{"line":136,"column":33},"end":{"line":136,"column":66}},"35":{"start":{"line":143,"column":33},"end":{"line":143,"column":60}},"36":{"start":{"line":177,"column":18},"end":{"line":232,"column":24}},"37":{"start":{"line":205,"column":24},"end":{"line":218,"column":30}},"38":{"start":{"line":224,"column":74},"end":{"line":224,"column":99}},"39":{"start":{"line":225,"column":63},"end":{"line":225,"column":122}},"40":{"start":{"line":227,"column":74},"end":{"line":227,"column":88}},"41":{"start":{"line":228,"column":62},"end":{"line":228,"column":91}}},"fnMap":{"0":{"name":"(anonymous_0)","decl":{"start":{"line":4,"column":21},"end":{"line":4,"column":22}},"loc":{"start":{"line":12,"column":6},"end":{"line":241,"column":1}},"line":12},"1":{"name":"(anonymous_1)","decl":{"start":{"line":51,"column":65},"end":{"line":51,"column":66}},"loc":{"start":{"line":52,"column":12},"end":{"line":54,"column":18}},"line":52},"2":{"name":"(anonymous_2)","decl":{"start":{"line":59,"column":20},"end":{"line":59,"column":21}},"loc":{"start":{"line":59,"column":36},"end":{"line":82,"column":11}},"line":59},"3":{"name":"(anonymous_3)","decl":{"start":{"line":74,"column":25},"end":{"line":74,"column":26}},"loc":{"start":{"line":74,"column":31},"end":{"line":74,"column":74}},"line":74},"4":{"name":"(anonymous_4)","decl":{"start":{"line":101,"column":29},"end":{"line":101,"column":30}},"loc":{"start":{"line":101,"column":34},"end":{"line":111,"column":13}},"line":101},"5":{"name":"(anonymous_5)","decl":{"start":{"line":136,"column":27},"end":{"line":136,"column":28}},"loc":{"start":{"line":136,"column":33},"end":{"line":136,"column":66}},"line":136},"6":{"name":"(anonymous_6)","decl":{"start":{"line":143,"column":27},"end":{"line":143,"column":28}},"loc":{"start":{"line":143,"column":33},"end":{"line":143,"column":60}},"line":143},"7":{"name":"(anonymous_7)","decl":{"start":{"line":176,"column":47},"end":{"line":176,"column":48}},"loc":{"start":{"line":177,"column":18},"end":{"line":232,"column":24}},"line":177},"8":{"name":"(anonymous_8)","decl":{"start":{"line":204,"column":41},"end":{"line":204,"column":42}},"loc":{"start":{"line":205,"column":24},"end":{"line":218,"column":30}},"line":205},"9":{"name":"(anonymous_9)","decl":{"start":{"line":224,"column":60},"end":{"line":224,"column":61}},"loc":{"start":{"line":224,"column":74},"end":{"line":224,"column":99}},"line":224},"10":{"name":"(anonymous_10)","decl":{"start":{"line":225,"column":49},"end":{"line":225,"column":50}},"loc":{"start":{"line":225,"column":63},"end":{"line":225,"column":122}},"line":225},"11":{"name":"(anonymous_11)","decl":{"start":{"line":227,"column":60},"end":{"line":227,"column":61}},"loc":{"start":{"line":227,"column":74},"end":{"line":227,"column":88}},"line":227},"12":{"name":"(anonymous_12)","decl":{"start":{"line":228,"column":48},"end":{"line":228,"column":49}},"loc":{"start":{"line":228,"column":62},"end":{"line":228,"column":91}},"line":228}},"branchMap":{"0":{"loc":{"start":{"line":60,"column":12},"end":{"line":60,"column":78}},"type":"if","locations":[{"start":{"line":60,"column":12},"end":{"line":60,"column":78}},{"start":{},"end":{}}],"line":60},"1":{"loc":{"start":{"line":64,"column":28},"end":{"line":64,"column":127}},"type":"binary-expr","locations":[{"start":{"line":64,"column":28},"end":{"line":64,"column":51}},{"start":{"line":64,"column":55},"end":{"line":64,"column":88}},{"start":{"line":64,"column":92},"end":{"line":64,"column":127}}],"line":64},"2":{"loc":{"start":{"line":71,"column":20},"end":{"line":71,"column":121}},"type":"cond-expr","locations":[{"start":{"line":71,"column":30},"end":{"line":71,"column":99}},{"start":{"line":71,"column":102},"end":{"line":71,"column":121}}],"line":71},"3":{"loc":{"start":{"line":72,"column":20},"end":{"line":72,"column":149}},"type":"cond-expr","locations":[{"start":{"line":72,"column":33},"end":{"line":72,"column":144}},{"start":{"line":72,"column":147},"end":{"line":72,"column":149}}],"line":72},"4":{"loc":{"start":{"line":74,"column":31},"end":{"line":74,"column":74}},"type":"binary-expr","locations":[{"start":{"line":74,"column":31},"end":{"line":74,"column":41}},{"start":{"line":74,"column":45},"end":{"line":74,"column":74}}],"line":74},"5":{"loc":{"start":{"line":77,"column":17},"end":{"line":79,"column":17}},"type":"binary-expr","locations":[{"start":{"line":77,"column":17},"end":{"line":77,"column":27}},{"start":{"line":78,"column":18},"end":{"line":78,"column":123}}],"line":77},"6":{"loc":{"start":{"line":110,"column":21},"end":{"line":110,"column":71}},"type":"binary-expr","locations":[{"start":{"line":110,"column":21},"end":{"line":110,"column":45}},{"start":{"line":110,"column":49},"end":{"line":110,"column":71}}],"line":110},"7":{"loc":{"start":{"line":121,"column":13},"end":{"line":121,"column":96}},"type":"cond-expr","locations":[{"start":{"line":121,"column":36},"end":{"line":121,"column":48}},{"start":{"line":121,"column":51},"end":{"line":121,"column":96}}],"line":121},"8":{"loc":{"start":{"line":121,"column":51},"end":{"line":121,"column":96}},"type":"cond-expr","locations":[{"start":{"line":121,"column":73},"end":{"line":121,"column":83}},{"start":{"line":121,"column":86},"end":{"line":121,"column":96}}],"line":121},"9":{"loc":{"start":{"line":126,"column":7},"end":{"line":238,"column":7}},"type":"binary-expr","locations":[{"start":{"line":126,"column":7},"end":{"line":126,"column":24}},{"start":{"line":126,"column":28},"end":{"line":126,"column":43}},{"start":{"line":127,"column":8},"end":{"line":237,"column":14}}],"line":126},"10":{"loc":{"start":{"line":180,"column":58},"end":{"line":180,"column":115}},"type":"cond-expr","locations":[{"start":{"line":180,"column":87},"end":{"line":180,"column":99}},{"start":{"line":180,"column":102},"end":{"line":180,"column":115}}],"line":180},"11":{"loc":{"start":{"line":181,"column":27},"end":{"line":181,"column":142}},"type":"cond-expr","locations":[{"start":{"line":181,"column":56},"end":{"line":181,"column":96}},{"start":{"line":181,"column":99},"end":{"line":181,"column":142}}],"line":181},"12":{"loc":{"start":{"line":185,"column":94},"end":{"line":185,"column":178}},"type":"cond-expr","locations":[{"start":{"line":185,"column":123},"end":{"line":185,"column":148}},{"start":{"line":185,"column":151},"end":{"line":185,"column":178}}],"line":185},"13":{"loc":{"start":{"line":186,"column":25},"end":{"line":186,"column":78}},"type":"cond-expr","locations":[{"start":{"line":186,"column":54},"end":{"line":186,"column":62}},{"start":{"line":186,"column":65},"end":{"line":186,"column":78}}],"line":186},"14":{"loc":{"start":{"line":190,"column":125},"end":{"line":190,"column":183}},"type":"cond-expr","locations":[{"start":{"line":190,"column":154},"end":{"line":190,"column":167}},{"start":{"line":190,"column":170},"end":{"line":190,"column":183}}],"line":190},"15":{"loc":{"start":{"line":192,"column":25},"end":{"line":202,"column":25}},"type":"cond-expr","locations":[{"start":{"line":193,"column":26},"end":{"line":196,"column":29}},{"start":{"line":198,"column":26},"end":{"line":201,"column":29}}],"line":192},"16":{"loc":{"start":{"line":207,"column":27},"end":{"line":217,"column":27}},"type":"cond-expr","locations":[{"start":{"line":208,"column":28},"end":{"line":211,"column":31}},{"start":{"line":213,"column":28},"end":{"line":216,"column":31}}],"line":207},"17":{"loc":{"start":{"line":223,"column":25},"end":{"line":229,"column":25}},"type":"cond-expr","locations":[{"start":{"line":224,"column":26},"end":{"line":225,"column":139}},{"start":{"line":227,"column":26},"end":{"line":228,"column":102}}],"line":223},"18":{"loc":{"start":{"line":224,"column":81},"end":{"line":224,"column":98}},"type":"binary-expr","locations":[{"start":{"line":224,"column":81},"end":{"line":224,"column":93}},{"start":{"line":224,"column":97},"end":{"line":224,"column":98}}],"line":224},"19":{"loc":{"start":{"line":225,"column":81},"end":{"line":225,"column":98}},"type":"binary-expr","locations":[{"start":{"line":225,"column":81},"end":{"line":225,"column":93}},{"start":{"line":225,"column":97},"end":{"line":225,"column":98}}],"line":225},"20":{"loc":{"start":{"line":225,"column":103},"end":{"line":225,"column":116}},"type":"binary-expr","locations":[{"start":{"line":225,"column":103},"end":{"line":225,"column":111}},{"start":{"line":225,"column":115},"end":{"line":225,"column":116}}],"line":225}},"s":{"0":0,"1":0,"2":0,"3":0,"4":0,"5":0,"6":0,"7":0,"8":0,"9":0,"10":0,"11":0,"12":0,"13":0,"14":0,"15":0,"16":0,"17":0,"18":0,"19":0,"20":0,"21":0,"22":0,"23":0,"24":0,"25":0,"26":0,"27":0,"28":0,"29":0,"30":0,"31":0,"32":0,"33":0,"34":0,"35":0,"36":0,"37":0,"38":0,"39":0,"40":0,"41":0},"f":{"0":0,"1":0,"2":0,"3":0,"4":0,"5":0,"6":0,"7":0,"8":0,"9":0,"10":0,"11":0,"12":0},"b":{"0":[0,0],"1":[0,0,0],"2":[0,0],"3":[0,0],"4":[0,0],"5":[0,0],"6":[0,0],"7":[0,0],"8":[0,0],"9":[0,0,0],"10":[0,0],"11":[0,0],"12":[0,0],"13":[0,0],"14":[0,0],"15":[0,0],"16":[0,0],"17":[0,0],"18":[0,0],"19":[0,0],"20":[0,0]}}
,"/Users/bryannakache/ici-ca-pousse/ici-ca-pousse/src/components/Header/Header.jsx": {"path":"/Users/bryannakache/ici-ca-pousse/ici-ca-pousse/src/components/Header/Header.jsx","statementMap":{"0":{"start":{"line":4,"column":15},"end":{"line":29,"column":1}},"1":{"start":{"line":5,"column":2},"end":{"line":28,"column":4}}},"fnMap":{"0":{"name":"(anonymous_0)","decl":{"start":{"line":4,"column":15},"end":{"line":4,"column":16}},"loc":{"start":{"line":4,"column":37},"end":{"line":29,"column":1}},"line":4}},"branchMap":{"0":{"loc":{"start":{"line":18,"column":38},"end":{"line":18,"column":67}},"type":"cond-expr","locations":[{"start":{"line":18,"column":59},"end":{"line":18,"column":62}},{"start":{"line":18,"column":65},"end":{"line":18,"column":67}}],"line":18},"1":{"loc":{"start":{"line":18,"column":79},"end":{"line":18,"column":108}},"type":"cond-expr","locations":[{"start":{"line":18,"column":100},"end":{"line":18,"column":103}},{"start":{"line":18,"column":106},"end":{"line":18,"column":108}}],"line":18}},"s":{"0":0,"1":0},"f":{"0":0},"b":{"0":[0,0],"1":[0,0]}}
,"/Users/bryannakache/ici-ca-pousse/ici-ca-pousse/src/components/Navigation/Navigation.jsx": {"path":"/Users/bryannakache/ici-ca-pousse/ici-ca-pousse/src/components/Navigation/Navigation.jsx","statementMap":{"0":{"start":{"line":4,"column":19},"end":{"line":35,"column":1}},"1":{"start":{"line":5,"column":19},"end":{"line":9,"column":3}},"2":{"start":{"line":11,"column":2},"end":{"line":34,"column":4}},"3":{"start":{"line":16,"column":12},"end":{"line":29,"column":21}},"4":{"start":{"line":18,"column":29},"end":{"line":18,"column":45}}},"fnMap":{"0":{"name":"(anonymous_0)","decl":{"start":{"line":4,"column":19},"end":{"line":4,"column":20}},"loc":{"start":{"line":4,"column":52},"end":{"line":35,"column":1}},"line":4},"1":{"name":"(anonymous_1)","decl":{"start":{"line":15,"column":24},"end":{"line":15,"column":25}},"loc":{"start":{"line":16,"column":12},"end":{"line":29,"column":21}},"line":16},"2":{"name":"(anonymous_2)","decl":{"start":{"line":18,"column":23},"end":{"line":18,"column":24}},"loc":{"start":{"line":18,"column":29},"end":{"line":18,"column":45}},"line":18}},"branchMap":{"0":{"loc":{"start":{"line":20,"column":16},"end":{"line":22,"column":91}},"type":"cond-expr","locations":[{"start":{"line":21,"column":20},"end":{"line":21,"column":68}},{"start":{"line":22,"column":20},"end":{"line":22,"column":91}}],"line":20}},"s":{"0":0,"1":0,"2":0,"3":0,"4":0},"f":{"0":0,"1":0,"2":0},"b":{"0":[0,0]}}
,"/Users/bryannakache/ici-ca-pousse/ici-ca-pousse/src/components/PWAInstallButton/PWAInstallButton.jsx": {"path":"/Users/bryannakache/ici-ca-pousse/ici-ca-pousse/src/components/PWAInstallButton/PWAInstallButton.jsx","statementMap":{"0":{"start":{"line":6,"column":2},"end":{"line":9,"column":4}},"1":{"start":{"line":13,"column":2},"end":{"line":16,"column":4}},"2":{"start":{"line":19,"column":25},"end":{"line":41,"column":1}},"3":{"start":{"line":20,"column":53},"end":{"line":20,"column":61}},"4":{"start":{"line":23,"column":2},"end":{"line":23,"column":31}},"5":{"start":{"line":23,"column":19},"end":{"line":23,"column":31}},"6":{"start":{"line":26,"column":2},"end":{"line":38,"column":3}},"7":{"start":{"line":27,"column":4},"end":{"line":37,"column":6}},"8":{"start":{"line":40,"column":2},"end":{"line":40,"column":14}}},"fnMap":{"0":{"name":"isIOS","decl":{"start":{"line":5,"column":9},"end":{"line":5,"column":14}},"loc":{"start":{"line":5,"column":17},"end":{"line":10,"column":1}},"line":5},"1":{"name":"isInStandaloneMode","decl":{"start":{"line":12,"column":9},"end":{"line":12,"column":27}},"loc":{"start":{"line":12,"column":30},"end":{"line":17,"column":1}},"line":12},"2":{"name":"(anonymous_2)","decl":{"start":{"line":19,"column":25},"end":{"line":19,"column":26}},"loc":{"start":{"line":19,"column":31},"end":{"line":41,"column":1}},"line":19}},"branchMap":{"0":{"loc":{"start":{"line":7,"column":4},"end":{"line":8,"column":20}},"type":"binary-expr","locations":[{"start":{"line":7,"column":4},"end":{"line":7,"column":56}},{"start":{"line":8,"column":4},"end":{"line":8,"column":20}}],"line":7},"1":{"loc":{"start":{"line":14,"column":4},"end":{"line":15,"column":40}},"type":"binary-expr","locations":[{"start":{"line":14,"column":4},"end":{"line":14,"column":59}},{"start":{"line":15,"column":4},"end":{"line":15,"column":40}}],"line":14},"2":{"loc":{"start":{"line":23,"column":2},"end":{"line":23,"column":31}},"type":"if","locations":[{"start":{"line":23,"column":2},"end":{"line":23,"column":31}},{"start":{},"end":{}}],"line":23},"3":{"loc":{"start":{"line":26,"column":2},"end":{"line":38,"column":3}},"type":"if","locations":[{"start":{"line":26,"column":2},"end":{"line":38,"column":3}},{"start":{},"end":{}}],"line":26}},"s":{"0":0,"1":0,"2":0,"3":0,"4":0,"5":0,"6":0,"7":0,"8":0},"f":{"0":0,"1":0,"2":0},"b":{"0":[0,0],"1":[0,0],"2":[0,0],"3":[0,0]}}
,"/Users/bryannakache/ici-ca-pousse/ici-ca-pousse/src/components/PWAStatus/PWAStatus.jsx": {"path":"/Users/bryannakache/ici-ca-pousse/ici-ca-pousse/src/components/PWAStatus/PWAStatus.jsx","statementMap":{"0":{"start":{"line":4,"column":18},"end":{"line":4,"column":28}},"1":{"start":{"line":4,"column":24},"end":{"line":4,"column":28}}},"fnMap":{"0":{"name":"(anonymous_0)","decl":{"start":{"line":4,"column":18},"end":{"line":4,"column":19}},"loc":{"start":{"line":4,"column":24},"end":{"line":4,"column":28}},"line":4}},"branchMap":{},"s":{"0":0,"1":0},"f":{"0":0},"b":{}}
,"/Users/bryannakache/ici-ca-pousse/ici-ca-pousse/src/components/StatsView/StatsView.jsx": {"path":"/Users/bryannakache/ici-ca-pousse/ici-ca-pousse/src/components/StatsView/StatsView.jsx","statementMap":{"0":{"start":{"line":7,"column":18},"end":{"line":7,"column":20}},"1":{"start":{"line":8,"column":2},"end":{"line":15,"column":5}},"2":{"start":{"line":9,"column":14},"end":{"line":9,"column":30}},"3":{"start":{"line":10,"column":17},"end":{"line":10,"column":32}},"4":{"start":{"line":12,"column":17},"end":{"line":12,"column":101}},"5":{"start":{"line":13,"column":16},"end":{"line":13,"column":34}},"6":{"start":{"line":14,"column":4},"end":{"line":14,"column":43}},"7":{"start":{"line":16,"column":2},"end":{"line":16,"column":75}},"8":{"start":{"line":16,"column":57},"end":{"line":16,"column":72}},"9":{"start":{"line":20,"column":22},"end":{"line":20,"column":24}},"10":{"start":{"line":21,"column":2},"end":{"line":27,"column":5}},"11":{"start":{"line":22,"column":4},"end":{"line":26,"column":7}},"12":{"start":{"line":23,"column":6},"end":{"line":25,"column":7}},"13":{"start":{"line":24,"column":8},"end":{"line":24,"column":63}},"14":{"start":{"line":28,"column":17},"end":{"line":28,"column":72}},"15":{"start":{"line":28,"column":60},"end":{"line":28,"column":71}},"16":{"start":{"line":29,"column":2},"end":{"line":29,"column":52}},"17":{"start":{"line":32,"column":18},"end":{"line":144,"column":1}},"18":{"start":{"line":33,"column":2},"end":{"line":143,"column":8}},"19":{"start":{"line":129,"column":12},"end":{"line":138,"column":18}}},"fnMap":{"0":{"name":"getWeeklyWorkoutData","decl":{"start":{"line":5,"column":9},"end":{"line":5,"column":29}},"loc":{"start":{"line":5,"column":40},"end":{"line":17,"column":1}},"line":5},"1":{"name":"(anonymous_1)","decl":{"start":{"line":8,"column":19},"end":{"line":8,"column":20}},"loc":{"start":{"line":8,"column":24},"end":{"line":15,"column":3}},"line":8},"2":{"name":"(anonymous_2)","decl":{"start":{"line":16,"column":37},"end":{"line":16,"column":38}},"loc":{"start":{"line":16,"column":57},"end":{"line":16,"column":72}},"line":16},"3":{"name":"getMostWorkedMuscleGroup","decl":{"start":{"line":19,"column":9},"end":{"line":19,"column":33}},"loc":{"start":{"line":19,"column":44},"end":{"line":30,"column":1}},"line":19},"4":{"name":"(anonymous_4)","decl":{"start":{"line":21,"column":19},"end":{"line":21,"column":20}},"loc":{"start":{"line":21,"column":24},"end":{"line":27,"column":3}},"line":21},"5":{"name":"(anonymous_5)","decl":{"start":{"line":22,"column":24},"end":{"line":22,"column":25}},"loc":{"start":{"line":22,"column":30},"end":{"line":26,"column":5}},"line":22},"6":{"name":"(anonymous_6)","decl":{"start":{"line":28,"column":50},"end":{"line":28,"column":51}},"loc":{"start":{"line":28,"column":60},"end":{"line":28,"column":71}},"line":28},"7":{"name":"(anonymous_7)","decl":{"start":{"line":32,"column":18},"end":{"line":32,"column":19}},"loc":{"start":{"line":33,"column":2},"end":{"line":143,"column":8}},"line":33},"8":{"name":"(anonymous_8)","decl":{"start":{"line":128,"column":44},"end":{"line":128,"column":45}},"loc":{"start":{"line":129,"column":12},"end":{"line":138,"column":18}},"line":129}},"branchMap":{"0":{"loc":{"start":{"line":14,"column":20},"end":{"line":14,"column":37}},"type":"binary-expr","locations":[{"start":{"line":14,"column":20},"end":{"line":14,"column":32}},{"start":{"line":14,"column":36},"end":{"line":14,"column":37}}],"line":14},"1":{"loc":{"start":{"line":23,"column":6},"end":{"line":25,"column":7}},"type":"if","locations":[{"start":{"line":23,"column":6},"end":{"line":25,"column":7}},{"start":{},"end":{}}],"line":23},"2":{"loc":{"start":{"line":24,"column":32},"end":{"line":24,"column":57}},"type":"binary-expr","locations":[{"start":{"line":24,"column":32},"end":{"line":24,"column":52}},{"start":{"line":24,"column":56},"end":{"line":24,"column":57}}],"line":24},"3":{"loc":{"start":{"line":29,"column":9},"end":{"line":29,"column":51}},"type":"cond-expr","locations":[{"start":{"line":29,"column":29},"end":{"line":29,"column":41}},{"start":{"line":29,"column":44},"end":{"line":29,"column":51}}],"line":29},"4":{"loc":{"start":{"line":88,"column":47},"end":{"line":88,"column":80}},"type":"cond-expr","locations":[{"start":{"line":88,"column":69},"end":{"line":88,"column":73}},{"start":{"line":88,"column":76},"end":{"line":88,"column":80}}],"line":88},"5":{"loc":{"start":{"line":116,"column":66},"end":{"line":116,"column":231}},"type":"cond-expr","locations":[{"start":{"line":116,"column":116},"end":{"line":116,"column":124}},{"start":{"line":116,"column":127},"end":{"line":116,"column":231}}],"line":116},"6":{"loc":{"start":{"line":121,"column":5},"end":{"line":142,"column":5}},"type":"binary-expr","locations":[{"start":{"line":121,"column":5},"end":{"line":121,"column":24}},{"start":{"line":122,"column":6},"end":{"line":141,"column":12}}],"line":121}},"s":{"0":0,"1":0,"2":0,"3":0,"4":0,"5":0,"6":0,"7":0,"8":0,"9":0,"10":0,"11":0,"12":0,"13":0,"14":0,"15":0,"16":0,"17":0,"18":0,"19":0},"f":{"0":0,"1":0,"2":0,"3":0,"4":0,"5":0,"6":0,"7":0,"8":0},"b":{"0":[0,0],"1":[0,0],"2":[0,0],"3":[0,0],"4":[0,0],"5":[0,0],"6":[0,0]}}
,"/Users/bryannakache/ici-ca-pousse/ici-ca-pousse/src/components/WorkoutList/WorkoutList.jsx": {"path":"/Users/bryannakache/ici-ca-pousse/ici-ca-pousse/src/components/WorkoutList/WorkoutList.jsx","statementMap":{"0":{"start":{"line":13,"column":20},"end":{"line":298,"column":2}},"1":{"start":{"line":29,"column":6},"end":{"line":297,"column":8}},"2":{"start":{"line":44,"column":29},"end":{"line":44,"column":60}},"3":{"start":{"line":60,"column":25},"end":{"line":60,"column":49}},"4":{"start":{"line":70,"column":10},"end":{"line":179,"column":16}},"5":{"start":{"line":88,"column":31},"end":{"line":88,"column":50}},"6":{"start":{"line":117,"column":16},"end":{"line":176,"column":22}},"7":{"start":{"line":128,"column":41},"end":{"line":128,"column":101}},"8":{"start":{"line":136,"column":41},"end":{"line":136,"column":97}},"9":{"start":{"line":151,"column":41},"end":{"line":151,"column":97}},"10":{"start":{"line":159,"column":41},"end":{"line":159,"column":99}},"11":{"start":{"line":169,"column":39},"end":{"line":169,"column":71}},"12":{"start":{"line":184,"column":27},"end":{"line":184,"column":51}},"13":{"start":{"line":210,"column":31},"end":{"line":210,"column":65}},"14":{"start":{"line":232,"column":35},"end":{"line":232,"column":63}},"15":{"start":{"line":244,"column":16},"end":{"line":244,"column":42}},"16":{"start":{"line":245,"column":16},"end":{"line":245,"column":45}},"17":{"start":{"line":257,"column":18},"end":{"line":271,"column":27}},"18":{"start":{"line":259,"column":35},"end":{"line":259,"column":65}},"19":{"start":{"line":277,"column":18},"end":{"line":289,"column":27}},"20":{"start":{"line":279,"column":35},"end":{"line":279,"column":65}}},"fnMap":{"0":{"name":"(anonymous_0)","decl":{"start":{"line":13,"column":25},"end":{"line":13,"column":26}},"loc":{"start":{"line":29,"column":6},"end":{"line":297,"column":8}},"line":29},"1":{"name":"(anonymous_1)","decl":{"start":{"line":44,"column":22},"end":{"line":44,"column":23}},"loc":{"start":{"line":44,"column":29},"end":{"line":44,"column":60}},"line":44},"2":{"name":"(anonymous_2)","decl":{"start":{"line":60,"column":19},"end":{"line":60,"column":20}},"loc":{"start":{"line":60,"column":25},"end":{"line":60,"column":49}},"line":60},"3":{"name":"(anonymous_3)","decl":{"start":{"line":69,"column":23},"end":{"line":69,"column":24}},"loc":{"start":{"line":70,"column":10},"end":{"line":179,"column":16}},"line":70},"4":{"name":"(anonymous_4)","decl":{"start":{"line":88,"column":25},"end":{"line":88,"column":26}},"loc":{"start":{"line":88,"column":31},"end":{"line":88,"column":50}},"line":88},"5":{"name":"(anonymous_5)","decl":{"start":{"line":116,"column":33},"end":{"line":116,"column":34}},"loc":{"start":{"line":117,"column":16},"end":{"line":176,"column":22}},"line":117},"6":{"name":"(anonymous_6)","decl":{"start":{"line":128,"column":34},"end":{"line":128,"column":35}},"loc":{"start":{"line":128,"column":41},"end":{"line":128,"column":101}},"line":128},"7":{"name":"(anonymous_7)","decl":{"start":{"line":136,"column":34},"end":{"line":136,"column":35}},"loc":{"start":{"line":136,"column":41},"end":{"line":136,"column":97}},"line":136},"8":{"name":"(anonymous_8)","decl":{"start":{"line":151,"column":34},"end":{"line":151,"column":35}},"loc":{"start":{"line":151,"column":41},"end":{"line":151,"column":97}},"line":151},"9":{"name":"(anonymous_9)","decl":{"start":{"line":159,"column":34},"end":{"line":159,"column":35}},"loc":{"start":{"line":159,"column":41},"end":{"line":159,"column":99}},"line":159},"10":{"name":"(anonymous_10)","decl":{"start":{"line":169,"column":33},"end":{"line":169,"column":34}},"loc":{"start":{"line":169,"column":39},"end":{"line":169,"column":71}},"line":169},"11":{"name":"(anonymous_11)","decl":{"start":{"line":184,"column":21},"end":{"line":184,"column":22}},"loc":{"start":{"line":184,"column":27},"end":{"line":184,"column":51}},"line":184},"12":{"name":"(anonymous_12)","decl":{"start":{"line":210,"column":24},"end":{"line":210,"column":25}},"loc":{"start":{"line":210,"column":31},"end":{"line":210,"column":65}},"line":210},"13":{"name":"(anonymous_13)","decl":{"start":{"line":232,"column":29},"end":{"line":232,"column":30}},"loc":{"start":{"line":232,"column":35},"end":{"line":232,"column":63}},"line":232},"14":{"name":"(anonymous_14)","decl":{"start":{"line":243,"column":23},"end":{"line":243,"column":24}},"loc":{"start":{"line":243,"column":29},"end":{"line":246,"column":15}},"line":243},"15":{"name":"(anonymous_15)","decl":{"start":{"line":256,"column":54},"end":{"line":256,"column":55}},"loc":{"start":{"line":257,"column":18},"end":{"line":271,"column":27}},"line":257},"16":{"name":"(anonymous_16)","decl":{"start":{"line":259,"column":29},"end":{"line":259,"column":30}},"loc":{"start":{"line":259,"column":35},"end":{"line":259,"column":65}},"line":259},"17":{"name":"(anonymous_17)","decl":{"start":{"line":276,"column":59},"end":{"line":276,"column":60}},"loc":{"start":{"line":277,"column":18},"end":{"line":289,"column":27}},"line":277},"18":{"name":"(anonymous_18)","decl":{"start":{"line":279,"column":29},"end":{"line":279,"column":30}},"loc":{"start":{"line":279,"column":35},"end":{"line":279,"column":65}},"line":279}},"branchMap":{"0":{"loc":{"start":{"line":50,"column":5},"end":{"line":223,"column":5}},"type":"cond-expr","locations":[{"start":{"line":51,"column":6},"end":{"line":66,"column":12}},{"start":{"line":68,"column":6},"end":{"line":222,"column":12}}],"line":50},"1":{"loc":{"start":{"line":74,"column":18},"end":{"line":74,"column":102}},"type":"cond-expr","locations":[{"start":{"line":74,"column":47},"end":{"line":74,"column":72}},{"start":{"line":74,"column":75},"end":{"line":74,"column":102}}],"line":74},"2":{"loc":{"start":{"line":76,"column":19},"end":{"line":76,"column":112}},"type":"cond-expr","locations":[{"start":{"line":76,"column":48},"end":{"line":76,"column":77}},{"start":{"line":76,"column":80},"end":{"line":76,"column":112}}],"line":76},"3":{"loc":{"start":{"line":81,"column":20},"end":{"line":81,"column":104}},"type":"cond-expr","locations":[{"start":{"line":81,"column":49},"end":{"line":81,"column":74}},{"start":{"line":81,"column":77},"end":{"line":81,"column":104}}],"line":81},"4":{"loc":{"start":{"line":83,"column":21},"end":{"line":83,"column":74}},"type":"cond-expr","locations":[{"start":{"line":83,"column":50},"end":{"line":83,"column":58}},{"start":{"line":83,"column":61},"end":{"line":83,"column":74}}],"line":83},"5":{"loc":{"start":{"line":97,"column":16},"end":{"line":97,"column":74}},"type":"cond-expr","locations":[{"start":{"line":97,"column":45},"end":{"line":97,"column":58}},{"start":{"line":97,"column":61},"end":{"line":97,"column":74}}],"line":97},"6":{"loc":{"start":{"line":100,"column":17},"end":{"line":113,"column":17}},"type":"cond-expr","locations":[{"start":{"line":101,"column":18},"end":{"line":105,"column":21}},{"start":{"line":107,"column":18},"end":{"line":112,"column":21}}],"line":100},"7":{"loc":{"start":{"line":118,"column":18},"end":{"line":118,"column":76}},"type":"cond-expr","locations":[{"start":{"line":118,"column":47},"end":{"line":118,"column":60}},{"start":{"line":118,"column":63},"end":{"line":118,"column":76}}],"line":118},"8":{"loc":{"start":{"line":123,"column":19},"end":{"line":175,"column":19}},"type":"cond-expr","locations":[{"start":{"line":124,"column":20},"end":{"line":145,"column":23}},{"start":{"line":147,"column":20},"end":{"line":174,"column":23}}],"line":123},"9":{"loc":{"start":{"line":143,"column":37},"end":{"line":143,"column":54}},"type":"binary-expr","locations":[{"start":{"line":143,"column":37},"end":{"line":143,"column":49}},{"start":{"line":143,"column":53},"end":{"line":143,"column":54}}],"line":143},"10":{"loc":{"start":{"line":143,"column":59},"end":{"line":143,"column":72}},"type":"binary-expr","locations":[{"start":{"line":143,"column":59},"end":{"line":143,"column":67}},{"start":{"line":143,"column":71},"end":{"line":143,"column":72}}],"line":143},"11":{"loc":{"start":{"line":225,"column":5},"end":{"line":296,"column":5}},"type":"binary-expr","locations":[{"start":{"line":225,"column":5},"end":{"line":225,"column":20}},{"start":{"line":226,"column":6},"end":{"line":295,"column":12}}],"line":225},"12":{"loc":{"start":{"line":230,"column":15},"end":{"line":237,"column":15}},"type":"binary-expr","locations":[{"start":{"line":230,"column":15},"end":{"line":230,"column":34}},{"start":{"line":231,"column":34},"end":{"line":236,"column":27}}],"line":230},"13":{"loc":{"start":{"line":239,"column":17},"end":{"line":239,"column":160}},"type":"cond-expr","locations":[{"start":{"line":239,"column":39},"end":{"line":239,"column":121}},{"start":{"line":239,"column":124},"end":{"line":239,"column":160}}],"line":239},"14":{"loc":{"start":{"line":254,"column":13},"end":{"line":292,"column":13}},"type":"cond-expr","locations":[{"start":{"line":255,"column":14},"end":{"line":273,"column":20}},{"start":{"line":275,"column":14},"end":{"line":291,"column":20}}],"line":254},"15":{"loc":{"start":{"line":263,"column":57},"end":{"line":263,"column":109}},"type":"cond-expr","locations":[{"start":{"line":263,"column":79},"end":{"line":263,"column":91}},{"start":{"line":263,"column":94},"end":{"line":263,"column":109}}],"line":263},"16":{"loc":{"start":{"line":264,"column":25},"end":{"line":264,"column":133}},"type":"cond-expr","locations":[{"start":{"line":264,"column":47},"end":{"line":264,"column":87}},{"start":{"line":264,"column":90},"end":{"line":264,"column":133}}],"line":264},"17":{"loc":{"start":{"line":283,"column":56},"end":{"line":283,"column":150}},"type":"cond-expr","locations":[{"start":{"line":283,"column":91},"end":{"line":283,"column":116}},{"start":{"line":283,"column":119},"end":{"line":283,"column":150}}],"line":283},"18":{"loc":{"start":{"line":284,"column":25},"end":{"line":284,"column":124}},"type":"cond-expr","locations":[{"start":{"line":284,"column":60},"end":{"line":284,"column":89}},{"start":{"line":284,"column":92},"end":{"line":284,"column":124}}],"line":284}},"s":{"0":0,"1":0,"2":0,"3":0,"4":0,"5":0,"6":0,"7":0,"8":0,"9":0,"10":0,"11":0,"12":0,"13":0,"14":0,"15":0,"16":0,"17":0,"18":0,"19":0,"20":0},"f":{"0":0,"1":0,"2":0,"3":0,"4":0,"5":0,"6":0,"7":0,"8":0,"9":0,"10":0,"11":0,"12":0,"13":0,"14":0,"15":0,"16":0,"17":0,"18":0},"b":{"0":[0,0],"1":[0,0],"2":[0,0],"3":[0,0],"4":[0,0],"5":[0,0],"6":[0,0],"7":[0,0],"8":[0,0],"9":[0,0],"10":[0,0],"11":[0,0],"12":[0,0],"13":[0,0],"14":[0,0],"15":[0,0],"16":[0,0],"17":[0,0],"18":[0,0]}}
,"/Users/bryannakache/ici-ca-pousse/ici-ca-pousse/src/constants/index.js": {"path":"/Users/bryannakache/ici-ca-pousse/ici-ca-pousse/src/constants/index.js","statementMap":{"0":{"start":{"line":3,"column":24},"end":{"line":3,"column":39}},"1":{"start":{"line":4,"column":28},"end":{"line":6,"column":1}},"2":{"start":{"line":8,"column":20},"end":{"line":12,"column":1}},"3":{"start":{"line":14,"column":40},"end":{"line":14,"column":42}},"4":{"start":{"line":16,"column":24},"end":{"line":20,"column":1}},"5":{"start":{"line":22,"column":22},"end":{"line":28,"column":1}}},"fnMap":{},"branchMap":{},"s":{"0":1,"1":1,"2":1,"3":1,"4":1,"5":1},"f":{},"b":{},"_coverageSchema":"1a1c01bbd47fc00a2c39e90264f33305004495a9","hash":"dc03dab74fe2a46b52ae0af33e2d20b0e17a6da2"}
,"/Users/bryannakache/ici-ca-pousse/ici-ca-pousse/src/hooks/useExercises.js": {"path":"/Users/bryannakache/ici-ca-pousse/ici-ca-pousse/src/hooks/useExercises.js","statementMap":{"0":{"start":{"line":4,"column":28},"end":{"line":81,"column":1}},"1":{"start":{"line":5,"column":36},"end":{"line":5,"column":48}},"2":{"start":{"line":6,"column":56},"end":{"line":6,"column":70}},"3":{"start":{"line":8,"column":22},"end":{"line":19,"column":3}},"4":{"start":{"line":9,"column":24},"end":{"line":16,"column":5}},"5":{"start":{"line":14,"column":8},"end":{"line":14,"column":52}},"6":{"start":{"line":17,"column":4},"end":{"line":17,"column":49}},"7":{"start":{"line":17,"column":25},"end":{"line":17,"column":47}},"8":{"start":{"line":18,"column":4},"end":{"line":18,"column":33}},"9":{"start":{"line":21,"column":25},"end":{"line":25,"column":3}},"10":{"start":{"line":22,"column":4},"end":{"line":24,"column":7}},"11":{"start":{"line":22,"column":25},"end":{"line":24,"column":5}},"12":{"start":{"line":23,"column":6},"end":{"line":23,"column":49}},"13":{"start":{"line":27,"column":25},"end":{"line":29,"column":3}},"14":{"start":{"line":28,"column":4},"end":{"line":28,"column":66}},"15":{"start":{"line":28,"column":25},"end":{"line":28,"column":64}},"16":{"start":{"line":28,"column":43},"end":{"line":28,"column":63}},"17":{"start":{"line":31,"column":17},"end":{"line":37,"column":3}},"18":{"start":{"line":32,"column":4},"end":{"line":36,"column":7}},"19":{"start":{"line":32,"column":25},"end":{"line":36,"column":5}},"20":{"start":{"line":33,"column":6},"end":{"line":35,"column":12}},"21":{"start":{"line":39,"column":20},"end":{"line":50,"column":3}},"22":{"start":{"line":40,"column":4},"end":{"line":49,"column":7}},"23":{"start":{"line":40,"column":25},"end":{"line":49,"column":5}},"24":{"start":{"line":41,"column":6},"end":{"line":48,"column":12}},"25":{"start":{"line":45,"column":14},"end":{"line":45,"column":80}},"26":{"start":{"line":52,"column":20},"end":{"line":58,"column":3}},"27":{"start":{"line":53,"column":4},"end":{"line":57,"column":7}},"28":{"start":{"line":53,"column":25},"end":{"line":57,"column":5}},"29":{"start":{"line":54,"column":6},"end":{"line":56,"column":12}},"30":{"start":{"line":55,"column":52},"end":{"line":55,"column":68}},"31":{"start":{"line":60,"column":25},"end":{"line":62,"column":3}},"32":{"start":{"line":61,"column":4},"end":{"line":61,"column":21}},"33":{"start":{"line":64,"column":34},"end":{"line":66,"column":3}},"34":{"start":{"line":65,"column":4},"end":{"line":65,"column":35}},"35":{"start":{"line":68,"column":2},"end":{"line":80,"column":4}}},"fnMap":{"0":{"name":"(anonymous_0)","decl":{"start":{"line":4,"column":28},"end":{"line":4,"column":29}},"loc":{"start":{"line":4,"column":34},"end":{"line":81,"column":1}},"line":4},"1":{"name":"(anonymous_1)","decl":{"start":{"line":8,"column":22},"end":{"line":8,"column":23}},"loc":{"start":{"line":8,"column":40},"end":{"line":19,"column":3}},"line":8},"2":{"name":"(anonymous_2)","decl":{"start":{"line":13,"column":47},"end":{"line":13,"column":48}},"loc":{"start":{"line":14,"column":8},"end":{"line":14,"column":52}},"line":14},"3":{"name":"(anonymous_3)","decl":{"start":{"line":17,"column":17},"end":{"line":17,"column":18}},"loc":{"start":{"line":17,"column":25},"end":{"line":17,"column":47}},"line":17},"4":{"name":"(anonymous_4)","decl":{"start":{"line":21,"column":25},"end":{"line":21,"column":26}},"loc":{"start":{"line":21,"column":58},"end":{"line":25,"column":3}},"line":21},"5":{"name":"(anonymous_5)","decl":{"start":{"line":22,"column":17},"end":{"line":22,"column":18}},"loc":{"start":{"line":22,"column":25},"end":{"line":24,"column":5}},"line":22},"6":{"name":"(anonymous_6)","decl":{"start":{"line":22,"column":34},"end":{"line":22,"column":35}},"loc":{"start":{"line":23,"column":6},"end":{"line":23,"column":49}},"line":23},"7":{"name":"(anonymous_7)","decl":{"start":{"line":27,"column":25},"end":{"line":27,"column":26}},"loc":{"start":{"line":27,"column":41},"end":{"line":29,"column":3}},"line":27},"8":{"name":"(anonymous_8)","decl":{"start":{"line":28,"column":17},"end":{"line":28,"column":18}},"loc":{"start":{"line":28,"column":25},"end":{"line":28,"column":64}},"line":28},"9":{"name":"(anonymous_9)","decl":{"start":{"line":28,"column":37},"end":{"line":28,"column":38}},"loc":{"start":{"line":28,"column":43},"end":{"line":28,"column":63}},"line":28},"10":{"name":"(anonymous_10)","decl":{"start":{"line":31,"column":17},"end":{"line":31,"column":18}},"loc":{"start":{"line":31,"column":33},"end":{"line":37,"column":3}},"line":31},"11":{"name":"(anonymous_11)","decl":{"start":{"line":32,"column":17},"end":{"line":32,"column":18}},"loc":{"start":{"line":32,"column":25},"end":{"line":36,"column":5}},"line":32},"12":{"name":"(anonymous_12)","decl":{"start":{"line":32,"column":34},"end":{"line":32,"column":35}},"loc":{"start":{"line":33,"column":6},"end":{"line":35,"column":12}},"line":33},"13":{"name":"(anonymous_13)","decl":{"start":{"line":39,"column":20},"end":{"line":39,"column":21}},"loc":{"start":{"line":39,"column":60},"end":{"line":50,"column":3}},"line":39},"14":{"name":"(anonymous_14)","decl":{"start":{"line":40,"column":17},"end":{"line":40,"column":18}},"loc":{"start":{"line":40,"column":25},"end":{"line":49,"column":5}},"line":40},"15":{"name":"(anonymous_15)","decl":{"start":{"line":40,"column":34},"end":{"line":40,"column":35}},"loc":{"start":{"line":41,"column":6},"end":{"line":48,"column":12}},"line":41},"16":{"name":"(anonymous_16)","decl":{"start":{"line":44,"column":30},"end":{"line":44,"column":31}},"loc":{"start":{"line":45,"column":14},"end":{"line":45,"column":80}},"line":45},"17":{"name":"(anonymous_17)","decl":{"start":{"line":52,"column":20},"end":{"line":52,"column":21}},"loc":{"start":{"line":52,"column":46},"end":{"line":58,"column":3}},"line":52},"18":{"name":"(anonymous_18)","decl":{"start":{"line":53,"column":17},"end":{"line":53,"column":18}},"loc":{"start":{"line":53,"column":25},"end":{"line":57,"column":5}},"line":53},"19":{"name":"(anonymous_19)","decl":{"start":{"line":53,"column":34},"end":{"line":53,"column":35}},"loc":{"start":{"line":54,"column":6},"end":{"line":56,"column":12}},"line":54},"20":{"name":"(anonymous_20)","decl":{"start":{"line":55,"column":40},"end":{"line":55,"column":41}},"loc":{"start":{"line":55,"column":52},"end":{"line":55,"column":68}},"line":55},"21":{"name":"(anonymous_21)","decl":{"start":{"line":60,"column":25},"end":{"line":60,"column":26}},"loc":{"start":{"line":60,"column":31},"end":{"line":62,"column":3}},"line":60},"22":{"name":"(anonymous_22)","decl":{"start":{"line":64,"column":34},"end":{"line":64,"column":35}},"loc":{"start":{"line":64,"column":56},"end":{"line":66,"column":3}},"line":64}},"branchMap":{"0":{"loc":{"start":{"line":23,"column":6},"end":{"line":23,"column":49}},"type":"cond-expr","locations":[{"start":{"line":23,"column":29},"end":{"line":23,"column":44}},{"start":{"line":23,"column":47},"end":{"line":23,"column":49}}],"line":23},"1":{"loc":{"start":{"line":33,"column":6},"end":{"line":35,"column":12}},"type":"cond-expr","locations":[{"start":{"line":34,"column":10},"end":{"line":34,"column":76}},{"start":{"line":35,"column":10},"end":{"line":35,"column":12}}],"line":33},"2":{"loc":{"start":{"line":41,"column":6},"end":{"line":48,"column":12}},"type":"cond-expr","locations":[{"start":{"line":42,"column":10},"end":{"line":47,"column":11}},{"start":{"line":48,"column":10},"end":{"line":48,"column":12}}],"line":41},"3":{"loc":{"start":{"line":45,"column":14},"end":{"line":45,"column":80}},"type":"cond-expr","locations":[{"start":{"line":45,"column":33},"end":{"line":45,"column":74}},{"start":{"line":45,"column":77},"end":{"line":45,"column":80}}],"line":45},"4":{"loc":{"start":{"line":45,"column":52},"end":{"line":45,"column":72}},"type":"binary-expr","locations":[{"start":{"line":45,"column":52},"end":{"line":45,"column":67}},{"start":{"line":45,"column":71},"end":{"line":45,"column":72}}],"line":45},"5":{"loc":{"start":{"line":54,"column":6},"end":{"line":56,"column":12}},"type":"cond-expr","locations":[{"start":{"line":55,"column":10},"end":{"line":55,"column":71}},{"start":{"line":56,"column":10},"end":{"line":56,"column":12}}],"line":54}},"s":{"0":1,"1":23,"2":23,"3":23,"4":6,"5":6,"6":6,"7":6,"8":6,"9":23,"10":0,"11":0,"12":0,"13":23,"14":1,"15":1,"16":1,"17":23,"18":2,"19":2,"20":2,"21":23,"22":1,"23":1,"24":1,"25":1,"26":23,"27":1,"28":1,"29":1,"30":2,"31":23,"32":1,"33":23,"34":1,"35":23},"f":{"0":23,"1":6,"2":6,"3":6,"4":0,"5":0,"6":0,"7":1,"8":1,"9":1,"10":2,"11":2,"12":2,"13":1,"14":1,"15":1,"16":1,"17":1,"18":1,"19":1,"20":2,"21":1,"22":1},"b":{"0":[0,0],"1":[2,0],"2":[1,0],"3":[1,0],"4":[1,0],"5":[1,0]},"_coverageSchema":"1a1c01bbd47fc00a2c39e90264f33305004495a9","hash":"b46e9a76ddd7cef34aed6fbe8f81c67394633fed"}
,"/Users/bryannakache/ici-ca-pousse/ici-ca-pousse/src/hooks/usePWA.js": {"path":"/Users/bryannakache/ici-ca-pousse/ici-ca-pousse/src/hooks/usePWA.js","statementMap":{"0":{"start":{"line":3,"column":22},"end":{"line":86,"column":1}},"1":{"start":{"line":4,"column":46},"end":{"line":4,"column":60}},"2":{"start":{"line":5,"column":44},"end":{"line":5,"column":59}},"3":{"start":{"line":6,"column":40},"end":{"line":6,"column":55}},"4":{"start":{"line":8,"column":2},"end":{"line":63,"column":9}},"5":{"start":{"line":10,"column":29},"end":{"line":14,"column":5}},"6":{"start":{"line":11,"column":6},"end":{"line":13,"column":7}},"7":{"start":{"line":12,"column":8},"end":{"line":12,"column":29}},"8":{"start":{"line":17,"column":38},"end":{"line":21,"column":5}},"9":{"start":{"line":18,"column":6},"end":{"line":18,"column":25}},"10":{"start":{"line":19,"column":6},"end":{"line":19,"column":27}},"11":{"start":{"line":20,"column":6},"end":{"line":20,"column":29}},"12":{"start":{"line":24,"column":31},"end":{"line":28,"column":5}},"13":{"start":{"line":25,"column":6},"end":{"line":25,"column":27}},"14":{"start":{"line":26,"column":6},"end":{"line":26,"column":30}},"15":{"start":{"line":27,"column":6},"end":{"line":27,"column":30}},"16":{"start":{"line":31,"column":34},"end":{"line":51,"column":5}},"17":{"start":{"line":32,"column":6},"end":{"line":50,"column":7}},"18":{"start":{"line":33,"column":8},"end":{"line":49,"column":9}},"19":{"start":{"line":34,"column":31},"end":{"line":34,"column":79}},"20":{"start":{"line":35,"column":10},"end":{"line":35,"column":66}},"21":{"start":{"line":38,"column":10},"end":{"line":46,"column":13}},"22":{"start":{"line":39,"column":30},"end":{"line":39,"column":53}},"23":{"start":{"line":40,"column":12},"end":{"line":45,"column":15}},"24":{"start":{"line":41,"column":14},"end":{"line":44,"column":15}},"25":{"start":{"line":43,"column":16},"end":{"line":43,"column":61}},"26":{"start":{"line":48,"column":10},"end":{"line":48,"column":76}},"27":{"start":{"line":53,"column":4},"end":{"line":53,"column":23}},"28":{"start":{"line":54,"column":4},"end":{"line":54,"column":28}},"29":{"start":{"line":56,"column":4},"end":{"line":56,"column":78}},"30":{"start":{"line":57,"column":4},"end":{"line":57,"column":64}},"31":{"start":{"line":59,"column":4},"end":{"line":62,"column":6}},"32":{"start":{"line":60,"column":6},"end":{"line":60,"column":83}},"33":{"start":{"line":61,"column":6},"end":{"line":61,"column":69}},"34":{"start":{"line":65,"column":21},"end":{"line":79,"column":3}},"35":{"start":{"line":66,"column":4},"end":{"line":78,"column":5}},"36":{"start":{"line":67,"column":6},"end":{"line":67,"column":30}},"37":{"start":{"line":68,"column":26},"end":{"line":68,"column":57}},"38":{"start":{"line":70,"column":6},"end":{"line":74,"column":7}},"39":{"start":{"line":71,"column":8},"end":{"line":71,"column":61}},"40":{"start":{"line":73,"column":8},"end":{"line":73,"column":60}},"41":{"start":{"line":76,"column":6},"end":{"line":76,"column":30}},"42":{"start":{"line":77,"column":6},"end":{"line":77,"column":30}},"43":{"start":{"line":81,"column":2},"end":{"line":85,"column":4}}},"fnMap":{"0":{"name":"(anonymous_0)","decl":{"start":{"line":3,"column":22},"end":{"line":3,"column":23}},"loc":{"start":{"line":3,"column":28},"end":{"line":86,"column":1}},"line":3},"1":{"name":"(anonymous_1)","decl":{"start":{"line":8,"column":12},"end":{"line":8,"column":13}},"loc":{"start":{"line":8,"column":18},"end":{"line":63,"column":3}},"line":8},"2":{"name":"(anonymous_2)","decl":{"start":{"line":10,"column":29},"end":{"line":10,"column":30}},"loc":{"start":{"line":10,"column":35},"end":{"line":14,"column":5}},"line":10},"3":{"name":"(anonymous_3)","decl":{"start":{"line":17,"column":38},"end":{"line":17,"column":39}},"loc":{"start":{"line":17,"column":45},"end":{"line":21,"column":5}},"line":17},"4":{"name":"(anonymous_4)","decl":{"start":{"line":24,"column":31},"end":{"line":24,"column":32}},"loc":{"start":{"line":24,"column":37},"end":{"line":28,"column":5}},"line":24},"5":{"name":"(anonymous_5)","decl":{"start":{"line":31,"column":34},"end":{"line":31,"column":35}},"loc":{"start":{"line":31,"column":46},"end":{"line":51,"column":5}},"line":31},"6":{"name":"(anonymous_6)","decl":{"start":{"line":38,"column":55},"end":{"line":38,"column":56}},"loc":{"start":{"line":38,"column":61},"end":{"line":46,"column":11}},"line":38},"7":{"name":"(anonymous_7)","decl":{"start":{"line":40,"column":54},"end":{"line":40,"column":55}},"loc":{"start":{"line":40,"column":60},"end":{"line":45,"column":13}},"line":40},"8":{"name":"(anonymous_8)","decl":{"start":{"line":59,"column":11},"end":{"line":59,"column":12}},"loc":{"start":{"line":59,"column":17},"end":{"line":62,"column":5}},"line":59},"9":{"name":"(anonymous_9)","decl":{"start":{"line":65,"column":21},"end":{"line":65,"column":22}},"loc":{"start":{"line":65,"column":33},"end":{"line":79,"column":3}},"line":65}},"branchMap":{"0":{"loc":{"start":{"line":11,"column":6},"end":{"line":13,"column":7}},"type":"if","locations":[{"start":{"line":11,"column":6},"end":{"line":13,"column":7}},{"start":{},"end":{}}],"line":11},"1":{"loc":{"start":{"line":11,"column":10},"end":{"line":11,"column":86}},"type":"binary-expr","locations":[{"start":{"line":11,"column":10},"end":{"line":11,"column":27}},{"start":{"line":11,"column":31},"end":{"line":11,"column":86}}],"line":11},"2":{"loc":{"start":{"line":32,"column":6},"end":{"line":50,"column":7}},"type":"if","locations":[{"start":{"line":32,"column":6},"end":{"line":50,"column":7}},{"start":{},"end":{}}],"line":32},"3":{"loc":{"start":{"line":41,"column":14},"end":{"line":44,"column":15}},"type":"if","locations":[{"start":{"line":41,"column":14},"end":{"line":44,"column":15}},{"start":{},"end":{}}],"line":41},"4":{"loc":{"start":{"line":41,"column":18},"end":{"line":41,"column":87}},"type":"binary-expr","locations":[{"start":{"line":41,"column":18},"end":{"line":41,"column":49}},{"start":{"line":41,"column":53},"end":{"line":41,"column":87}}],"line":41},"5":{"loc":{"start":{"line":66,"column":4},"end":{"line":78,"column":5}},"type":"if","locations":[{"start":{"line":66,"column":4},"end":{"line":78,"column":5}},{"start":{},"end":{}}],"line":66},"6":{"loc":{"start":{"line":70,"column":6},"end":{"line":74,"column":7}},"type":"if","locations":[{"start":{"line":70,"column":6},"end":{"line":74,"column":7}},{"start":{"line":72,"column":13},"end":{"line":74,"column":7}}],"line":70}},"s":{"0":0,"1":0,"2":0,"3":0,"4":0,"5":0,"6":0,"7":0,"8":0,"9":0,"10":0,"11":0,"12":0,"13":0,"14":0,"15":0,"16":0,"17":0,"18":0,"19":0,"20":0,"21":0,"22":0,"23":0,"24":0,"25":0,"26":0,"27":0,"28":0,"29":0,"30":0,"31":0,"32":0,"33":0,"34":0,"35":0,"36":0,"37":0,"38":0,"39":0,"40":0,"41":0,"42":0,"43":0},"f":{"0":0,"1":0,"2":0,"3":0,"4":0,"5":0,"6":0,"7":0,"8":0,"9":0},"b":{"0":[0,0],"1":[0,0],"2":[0,0],"3":[0,0],"4":[0,0],"5":[0,0],"6":[0,0]}}
,"/Users/bryannakache/ici-ca-pousse/ici-ca-pousse/src/hooks/useWorkouts.js": {"path":"/Users/bryannakache/ici-ca-pousse/ici-ca-pousse/src/hooks/useWorkouts.js","statementMap":{"0":{"start":{"line":5,"column":27},"end":{"line":55,"column":1}},"1":{"start":{"line":6,"column":34},"end":{"line":6,"column":46}},"2":{"start":{"line":9,"column":2},"end":{"line":12,"column":9}},"3":{"start":{"line":10,"column":26},"end":{"line":10,"column":57}},"4":{"start":{"line":11,"column":4},"end":{"line":11,"column":31}},"5":{"start":{"line":15,"column":2},"end":{"line":17,"column":17}},"6":{"start":{"line":16,"column":4},"end":{"line":16,"column":42}},"7":{"start":{"line":19,"column":21},"end":{"line":21,"column":3}},"8":{"start":{"line":20,"column":4},"end":{"line":20,"column":44}},"9":{"start":{"line":20,"column":24},"end":{"line":20,"column":42}},"10":{"start":{"line":23,"column":24},"end":{"line":25,"column":3}},"11":{"start":{"line":24,"column":4},"end":{"line":24,"column":80}},"12":{"start":{"line":24,"column":24},"end":{"line":24,"column":78}},"13":{"start":{"line":24,"column":38},"end":{"line":24,"column":77}},"14":{"start":{"line":27,"column":24},"end":{"line":29,"column":3}},"15":{"start":{"line":28,"column":4},"end":{"line":28,"column":62}},"16":{"start":{"line":28,"column":24},"end":{"line":28,"column":60}},"17":{"start":{"line":28,"column":41},"end":{"line":28,"column":59}},"18":{"start":{"line":31,"column":28},"end":{"line":33,"column":3}},"19":{"start":{"line":32,"column":4},"end":{"line":32,"column":47}},"20":{"start":{"line":32,"column":30},"end":{"line":32,"column":45}},"21":{"start":{"line":35,"column":19},"end":{"line":45,"column":3}},"22":{"start":{"line":36,"column":26},"end":{"line":36,"column":41}},"23":{"start":{"line":37,"column":22},"end":{"line":37,"column":71}},"24":{"start":{"line":37,"column":50},"end":{"line":37,"column":67}},"25":{"start":{"line":38,"column":22},"end":{"line":38,"column":71}},"26":{"start":{"line":38,"column":50},"end":{"line":38,"column":67}},"27":{"start":{"line":39,"column":24},"end":{"line":39,"column":75}},"28":{"start":{"line":39,"column":52},"end":{"line":39,"column":71}},"29":{"start":{"line":40,"column":24},"end":{"line":42,"column":9}},"30":{"start":{"line":41,"column":47},"end":{"line":41,"column":63}},"31":{"start":{"line":44,"column":4},"end":{"line":44,"column":77}},"32":{"start":{"line":47,"column":2},"end":{"line":54,"column":4}}},"fnMap":{"0":{"name":"(anonymous_0)","decl":{"start":{"line":5,"column":27},"end":{"line":5,"column":28}},"loc":{"start":{"line":5,"column":33},"end":{"line":55,"column":1}},"line":5},"1":{"name":"(anonymous_1)","decl":{"start":{"line":9,"column":12},"end":{"line":9,"column":13}},"loc":{"start":{"line":9,"column":18},"end":{"line":12,"column":3}},"line":9},"2":{"name":"(anonymous_2)","decl":{"start":{"line":15,"column":12},"end":{"line":15,"column":13}},"loc":{"start":{"line":15,"column":18},"end":{"line":17,"column":3}},"line":15},"3":{"name":"(anonymous_3)","decl":{"start":{"line":19,"column":21},"end":{"line":19,"column":22}},"loc":{"start":{"line":19,"column":34},"end":{"line":21,"column":3}},"line":19},"4":{"name":"(anonymous_4)","decl":{"start":{"line":20,"column":16},"end":{"line":20,"column":17}},"loc":{"start":{"line":20,"column":24},"end":{"line":20,"column":42}},"line":20},"5":{"name":"(anonymous_5)","decl":{"start":{"line":23,"column":24},"end":{"line":23,"column":25}},"loc":{"start":{"line":23,"column":55},"end":{"line":25,"column":3}},"line":23},"6":{"name":"(anonymous_6)","decl":{"start":{"line":24,"column":16},"end":{"line":24,"column":17}},"loc":{"start":{"line":24,"column":24},"end":{"line":24,"column":78}},"line":24},"7":{"name":"(anonymous_7)","decl":{"start":{"line":24,"column":33},"end":{"line":24,"column":34}},"loc":{"start":{"line":24,"column":38},"end":{"line":24,"column":77}},"line":24},"8":{"name":"(anonymous_8)","decl":{"start":{"line":27,"column":24},"end":{"line":27,"column":25}},"loc":{"start":{"line":27,"column":39},"end":{"line":29,"column":3}},"line":27},"9":{"name":"(anonymous_9)","decl":{"start":{"line":28,"column":16},"end":{"line":28,"column":17}},"loc":{"start":{"line":28,"column":24},"end":{"line":28,"column":60}},"line":28},"10":{"name":"(anonymous_10)","decl":{"start":{"line":28,"column":36},"end":{"line":28,"column":37}},"loc":{"start":{"line":28,"column":41},"end":{"line":28,"column":59}},"line":28},"11":{"name":"(anonymous_11)","decl":{"start":{"line":31,"column":28},"end":{"line":31,"column":29}},"loc":{"start":{"line":31,"column":38},"end":{"line":33,"column":3}},"line":31},"12":{"name":"(anonymous_12)","decl":{"start":{"line":32,"column":25},"end":{"line":32,"column":26}},"loc":{"start":{"line":32,"column":30},"end":{"line":32,"column":45}},"line":32},"13":{"name":"(anonymous_13)","decl":{"start":{"line":35,"column":19},"end":{"line":35,"column":20}},"loc":{"start":{"line":35,"column":25},"end":{"line":45,"column":3}},"line":35},"14":{"name":"(anonymous_14)","decl":{"start":{"line":37,"column":38},"end":{"line":37,"column":39}},"loc":{"start":{"line":37,"column":50},"end":{"line":37,"column":67}},"line":37},"15":{"name":"(anonymous_15)","decl":{"start":{"line":38,"column":38},"end":{"line":38,"column":39}},"loc":{"start":{"line":38,"column":50},"end":{"line":38,"column":67}},"line":38},"16":{"name":"(anonymous_16)","decl":{"start":{"line":39,"column":40},"end":{"line":39,"column":41}},"loc":{"start":{"line":39,"column":52},"end":{"line":39,"column":71}},"line":39},"17":{"name":"(anonymous_17)","decl":{"start":{"line":41,"column":35},"end":{"line":41,"column":36}},"loc":{"start":{"line":41,"column":47},"end":{"line":41,"column":63}},"line":41}},"branchMap":{"0":{"loc":{"start":{"line":24,"column":38},"end":{"line":24,"column":77}},"type":"cond-expr","locations":[{"start":{"line":24,"column":59},"end":{"line":24,"column":73}},{"start":{"line":24,"column":76},"end":{"line":24,"column":77}}],"line":24},"1":{"loc":{"start":{"line":40,"column":24},"end":{"line":42,"column":9}},"type":"cond-expr","locations":[{"start":{"line":41,"column":8},"end":{"line":41,"column":86}},{"start":{"line":42,"column":8},"end":{"line":42,"column":9}}],"line":40}},"s":{"0":1,"1":20,"2":20,"3":8,"4":8,"5":20,"6":20,"7":20,"8":2,"9":2,"10":20,"11":1,"12":1,"13":1,"14":20,"15":1,"16":1,"17":1,"18":20,"19":1,"20":1,"21":20,"22":1,"23":1,"24":2,"25":1,"26":2,"27":1,"28":2,"29":1,"30":2,"31":1,"32":20},"f":{"0":20,"1":8,"2":20,"3":2,"4":2,"5":1,"6":1,"7":1,"8":1,"9":1,"10":1,"11":1,"12":1,"13":1,"14":2,"15":2,"16":2,"17":2},"b":{"0":[1,0],"1":[1,0]},"_coverageSchema":"1a1c01bbd47fc00a2c39e90264f33305004495a9","hash":"7f7165397a8a1c4b5cf3de7d095160be816c953e"}
,"/Users/bryannakache/ici-ca-pousse/ici-ca-pousse/src/utils/exerciseDatabase.js": {"path":"/Users/bryannakache/ici-ca-pousse/ici-ca-pousse/src/utils/exerciseDatabase.js","statementMap":{"0":{"start":{"line":1,"column":32},"end":{"line":35,"column":1}}},"fnMap":{},"branchMap":{},"s":{"0":0},"f":{},"b":{}}
,"/Users/bryannakache/ici-ca-pousse/ici-ca-pousse/src/utils/hash.js": {"path":"/Users/bryannakache/ici-ca-pousse/ici-ca-pousse/src/utils/hash.js","statementMap":{"0":{"start":{"line":1,"column":28},"end":{"line":7,"column":1}},"1":{"start":{"line":2,"column":18},"end":{"line":2,"column":35}},"2":{"start":{"line":3,"column":15},"end":{"line":3,"column":39}},"3":{"start":{"line":4,"column":21},"end":{"line":4,"column":64}},"4":{"start":{"line":5,"column":20},"end":{"line":5,"column":58}},"5":{"start":{"line":6,"column":2},"end":{"line":6,"column":70}},"6":{"start":{"line":6,"column":28},"end":{"line":6,"column":59}}},"fnMap":{"0":{"name":"(anonymous_0)","decl":{"start":{"line":1,"column":28},"end":{"line":1,"column":29}},"loc":{"start":{"line":1,"column":48},"end":{"line":7,"column":1}},"line":1},"1":{"name":"(anonymous_1)","decl":{"start":{"line":6,"column":23},"end":{"line":6,"column":24}},"loc":{"start":{"line":6,"column":28},"end":{"line":6,"column":59}},"line":6}},"branchMap":{},"s":{"0":0,"1":0,"2":0,"3":0,"4":0,"5":0,"6":0},"f":{"0":0,"1":0},"b":{}}
,"/Users/bryannakache/ici-ca-pousse/ici-ca-pousse/src/utils/storage.js": {"path":"/Users/bryannakache/ici-ca-pousse/ici-ca-pousse/src/utils/storage.js","statementMap":{"0":{"start":{"line":1,"column":20},"end":{"line":9,"column":1}},"1":{"start":{"line":2,"column":2},"end":{"line":8,"column":3}},"2":{"start":{"line":3,"column":16},"end":{"line":3,"column":41}},"3":{"start":{"line":4,"column":4},"end":{"line":4,"column":48}},"4":{"start":{"line":6,"column":4},"end":{"line":6,"column":44}},"5":{"start":{"line":7,"column":4},"end":{"line":7,"column":24}},"6":{"start":{"line":11,"column":20},"end":{"line":17,"column":1}},"7":{"start":{"line":12,"column":2},"end":{"line":16,"column":3}},"8":{"start":{"line":13,"column":4},"end":{"line":13,"column":53}},"9":{"start":{"line":15,"column":4},"end":{"line":15,"column":44}}},"fnMap":{"0":{"name":"(anonymous_0)","decl":{"start":{"line":1,"column":20},"end":{"line":1,"column":21}},"loc":{"start":{"line":1,"column":43},"end":{"line":9,"column":1}},"line":1},"1":{"name":"(anonymous_1)","decl":{"start":{"line":11,"column":20},"end":{"line":11,"column":21}},"loc":{"start":{"line":11,"column":36},"end":{"line":17,"column":1}},"line":11}},"branchMap":{"0":{"loc":{"start":{"line":4,"column":11},"end":{"line":4,"column":47}},"type":"cond-expr","locations":[{"start":{"line":4,"column":17},"end":{"line":4,"column":32}},{"start":{"line":4,"column":35},"end":{"line":4,"column":47}}],"line":4}},"s":{"0":4,"1":3,"2":3,"3":3,"4":0,"5":0,"6":4,"7":3,"8":3,"9":0},"f":{"0":3,"1":3},"b":{"0":[3,0]},"_coverageSchema":"1a1c01bbd47fc00a2c39e90264f33305004495a9","hash":"6013c5753b6666b0f762e310d969d469ad24d02b"}
,"/Users/bryannakache/ici-ca-pousse/ici-ca-pousse/src/utils/workoutUtils.js": {"path":"/Users/bryannakache/ici-ca-pousse/ici-ca-pousse/src/utils/workoutUtils.js","statementMap":{"0":{"start":{"line":5,"column":29},"end":{"line":21,"column":1}},"1":{"start":{"line":6,"column":2},"end":{"line":6,"column":42}},"2":{"start":{"line":6,"column":30},"end":{"line":6,"column":42}},"3":{"start":{"line":8,"column":2},"end":{"line":20,"column":4}},"4":{"start":{"line":13,"column":45},"end":{"line":13,"column":65}},"5":{"start":{"line":15,"column":6},"end":{"line":15,"column":65}},"6":{"start":{"line":15,"column":44},"end":{"line":15,"column":61}},"7":{"start":{"line":18,"column":6},"end":{"line":18,"column":80}},"8":{"start":{"line":18,"column":44},"end":{"line":18,"column":76}},"9":{"start":{"line":23,"column":37},"end":{"line":33,"column":1}},"10":{"start":{"line":24,"column":24},"end":{"line":24,"column":39}},"11":{"start":{"line":25,"column":20},"end":{"line":25,"column":69}},"12":{"start":{"line":25,"column":48},"end":{"line":25,"column":65}},"13":{"start":{"line":26,"column":20},"end":{"line":26,"column":69}},"14":{"start":{"line":26,"column":48},"end":{"line":26,"column":65}},"15":{"start":{"line":27,"column":22},"end":{"line":27,"column":73}},"16":{"start":{"line":27,"column":50},"end":{"line":27,"column":69}},"17":{"start":{"line":28,"column":22},"end":{"line":30,"column":7}},"18":{"start":{"line":29,"column":45},"end":{"line":29,"column":61}},"19":{"start":{"line":32,"column":2},"end":{"line":32,"column":75}},"20":{"start":{"line":35,"column":26},"end":{"line":43,"column":1}},"21":{"start":{"line":36,"column":15},"end":{"line":36,"column":35}},"22":{"start":{"line":37,"column":2},"end":{"line":42,"column":5}},"23":{"start":{"line":45,"column":30},"end":{"line":51,"column":1}},"24":{"start":{"line":46,"column":14},"end":{"line":46,"column":24}},"25":{"start":{"line":47,"column":15},"end":{"line":47,"column":32}},"26":{"start":{"line":48,"column":16},"end":{"line":48,"column":59}},"27":{"start":{"line":49,"column":14},"end":{"line":49,"column":52}},"28":{"start":{"line":50,"column":2},"end":{"line":50,"column":35}}},"fnMap":{"0":{"name":"(anonymous_0)","decl":{"start":{"line":5,"column":29},"end":{"line":5,"column":30}},"loc":{"start":{"line":5,"column":78},"end":{"line":21,"column":1}},"line":5},"1":{"name":"(anonymous_1)","decl":{"start":{"line":13,"column":32},"end":{"line":13,"column":33}},"loc":{"start":{"line":13,"column":45},"end":{"line":13,"column":65}},"line":13},"2":{"name":"(anonymous_2)","decl":{"start":{"line":14,"column":32},"end":{"line":14,"column":33}},"loc":{"start":{"line":15,"column":6},"end":{"line":15,"column":65}},"line":15},"3":{"name":"(anonymous_3)","decl":{"start":{"line":15,"column":27},"end":{"line":15,"column":28}},"loc":{"start":{"line":15,"column":44},"end":{"line":15,"column":61}},"line":15},"4":{"name":"(anonymous_4)","decl":{"start":{"line":17,"column":34},"end":{"line":17,"column":35}},"loc":{"start":{"line":18,"column":6},"end":{"line":18,"column":80}},"line":18},"5":{"name":"(anonymous_5)","decl":{"start":{"line":18,"column":27},"end":{"line":18,"column":28}},"loc":{"start":{"line":18,"column":44},"end":{"line":18,"column":76}},"line":18},"6":{"name":"(anonymous_6)","decl":{"start":{"line":23,"column":37},"end":{"line":23,"column":38}},"loc":{"start":{"line":23,"column":51},"end":{"line":33,"column":1}},"line":23},"7":{"name":"(anonymous_7)","decl":{"start":{"line":25,"column":36},"end":{"line":25,"column":37}},"loc":{"start":{"line":25,"column":48},"end":{"line":25,"column":65}},"line":25},"8":{"name":"(anonymous_8)","decl":{"start":{"line":26,"column":36},"end":{"line":26,"column":37}},"loc":{"start":{"line":26,"column":48},"end":{"line":26,"column":65}},"line":26},"9":{"name":"(anonymous_9)","decl":{"start":{"line":27,"column":38},"end":{"line":27,"column":39}},"loc":{"start":{"line":27,"column":50},"end":{"line":27,"column":69}},"line":27},"10":{"name":"(anonymous_10)","decl":{"start":{"line":29,"column":33},"end":{"line":29,"column":34}},"loc":{"start":{"line":29,"column":45},"end":{"line":29,"column":61}},"line":29},"11":{"name":"(anonymous_11)","decl":{"start":{"line":35,"column":26},"end":{"line":35,"column":27}},"loc":{"start":{"line":35,"column":42},"end":{"line":43,"column":1}},"line":35},"12":{"name":"(anonymous_12)","decl":{"start":{"line":45,"column":30},"end":{"line":45,"column":31}},"loc":{"start":{"line":45,"column":36},"end":{"line":51,"column":1}},"line":45}},"branchMap":{"0":{"loc":{"start":{"line":5,"column":57},"end":{"line":5,"column":73}},"type":"default-arg","locations":[{"start":{"line":5,"column":69},"end":{"line":5,"column":73}}],"line":5},"1":{"loc":{"start":{"line":6,"column":2},"end":{"line":6,"column":42}},"type":"if","locations":[{"start":{"line":6,"column":2},"end":{"line":6,"column":42}},{"start":{},"end":{}}],"line":6},"2":{"loc":{"start":{"line":9,"column":8},"end":{"line":9,"column":31}},"type":"binary-expr","locations":[{"start":{"line":9,"column":8},"end":{"line":9,"column":17}},{"start":{"line":9,"column":21},"end":{"line":9,"column":31}}],"line":9},"3":{"loc":{"start":{"line":12,"column":14},"end":{"line":12,"column":60}},"type":"binary-expr","locations":[{"start":{"line":12,"column":14},"end":{"line":12,"column":32}},{"start":{"line":12,"column":36},"end":{"line":12,"column":60}}],"line":12},"4":{"loc":{"start":{"line":28,"column":22},"end":{"line":30,"column":7}},"type":"cond-expr","locations":[{"start":{"line":29,"column":6},"end":{"line":29,"column":82}},{"start":{"line":30,"column":6},"end":{"line":30,"column":7}}],"line":28}},"s":{"0":0,"1":0,"2":0,"3":0,"4":0,"5":0,"6":0,"7":0,"8":0,"9":0,"10":0,"11":0,"12":0,"13":0,"14":0,"15":0,"16":0,"17":0,"18":0,"19":0,"20":0,"21":0,"22":0,"23":0,"24":0,"25":0,"26":0,"27":0,"28":0},"f":{"0":0,"1":0,"2":0,"3":0,"4":0,"5":0,"6":0,"7":0,"8":0,"9":0,"10":0,"11":0,"12":0},"b":{"0":[0],"1":[0,0],"2":[0,0],"3":[0,0],"4":[0,0]}}
}
