{"/Users/bryannakache/ici-ca-pousse-2/src/App.js": {"path":"/Users/bryannakache/ici-ca-pousse-2/src/App.js","statementMap":{"0":{"start":{"line":45,"column":61},"end":{"line":45,"column":77}},"1":{"start":{"line":46,"column":40},"end":{"line":46,"column":55}},"2":{"start":{"line":49,"column":19},"end":{"line":49,"column":32}},"3":{"start":{"line":72,"column":6},"end":{"line":72,"column":14}},"4":{"start":{"line":75,"column":94},"end":{"line":75,"column":111}},"5":{"start":{"line":76,"column":108},"end":{"line":76,"column":122}},"6":{"start":{"line":77,"column":97},"end":{"line":77,"column":116}},"7":{"start":{"line":78,"column":25},"end":{"line":78,"column":83}},"8":{"start":{"line":79,"column":22},"end":{"line":79,"column":51}},"9":{"start":{"line":80,"column":28},"end":{"line":80,"column":50}},"10":{"start":{"line":81,"column":16},"end":{"line":81,"column":32}},"11":{"start":{"line":84,"column":23},"end":{"line":108,"column":4}},"12":{"start":{"line":110,"column":107},"end":{"line":110,"column":119}},"13":{"start":{"line":113,"column":15},"end":{"line":122,"column":3}},"14":{"start":{"line":125,"column":2},"end":{"line":125,"column":52}},"15":{"start":{"line":126,"column":2},"end":{"line":126,"column":55}},"16":{"start":{"line":128,"column":2},"end":{"line":135,"column":26}},"17":{"start":{"line":129,"column":4},"end":{"line":134,"column":5}},"18":{"start":{"line":130,"column":6},"end":{"line":130,"column":27}},"19":{"start":{"line":132,"column":11},"end":{"line":134,"column":5}},"20":{"start":{"line":133,"column":6},"end":{"line":133,"column":27}},"21":{"start":{"line":137,"column":2},"end":{"line":145,"column":35}},"22":{"start":{"line":138,"column":4},"end":{"line":144,"column":5}},"23":{"start":{"line":140,"column":28},"end":{"line":140,"column":92}},"24":{"start":{"line":141,"column":6},"end":{"line":143,"column":7}},"25":{"start":{"line":142,"column":8},"end":{"line":142,"column":35}},"26":{"start":{"line":147,"column":2},"end":{"line":158,"column":3}},"27":{"start":{"line":148,"column":4},"end":{"line":157,"column":6}},"28":{"start":{"line":160,"column":2},"end":{"line":162,"column":3}},"29":{"start":{"line":161,"column":4},"end":{"line":161,"column":20}},"30":{"start":{"line":164,"column":24},"end":{"line":168,"column":3}},"31":{"start":{"line":165,"column":4},"end":{"line":165,"column":56}},"32":{"start":{"line":166,"column":4},"end":{"line":166,"column":32}},"33":{"start":{"line":167,"column":4},"end":{"line":167,"column":74}},"34":{"start":{"line":171,"column":2},"end":{"line":175,"column":3}},"35":{"start":{"line":172,"column":4},"end":{"line":174,"column":6}},"36":{"start":{"line":173,"column":65},"end":{"line":173,"column":92}},"37":{"start":{"line":177,"column":2},"end":{"line":275,"column":4}}},"fnMap":{"0":{"name":"App","decl":{"start":{"line":44,"column":9},"end":{"line":44,"column":12}},"loc":{"start":{"line":44,"column":15},"end":{"line":276,"column":1}},"line":44},"1":{"name":"(anonymous_1)","decl":{"start":{"line":128,"column":12},"end":{"line":128,"column":13}},"loc":{"start":{"line":128,"column":18},"end":{"line":135,"column":3}},"line":128},"2":{"name":"(anonymous_2)","decl":{"start":{"line":137,"column":12},"end":{"line":137,"column":13}},"loc":{"start":{"line":137,"column":18},"end":{"line":145,"column":3}},"line":137},"3":{"name":"(anonymous_3)","decl":{"start":{"line":164,"column":24},"end":{"line":164,"column":25}},"loc":{"start":{"line":164,"column":36},"end":{"line":168,"column":3}},"line":164},"4":{"name":"(anonymous_4)","decl":{"start":{"line":173,"column":59},"end":{"line":173,"column":60}},"loc":{"start":{"line":173,"column":65},"end":{"line":173,"column":92}},"line":173},"5":{"name":"(anonymous_5)","decl":{"start":{"line":187,"column":24},"end":{"line":187,"column":25}},"loc":{"start":{"line":187,"column":41},"end":{"line":191,"column":11}},"line":187}},"branchMap":{"0":{"loc":{"start":{"line":129,"column":4},"end":{"line":134,"column":5}},"type":"if","locations":[{"start":{"line":129,"column":4},"end":{"line":134,"column":5}},{"start":{"line":132,"column":11},"end":{"line":134,"column":5}}],"line":129},"1":{"loc":{"start":{"line":132,"column":11},"end":{"line":134,"column":5}},"type":"if","locations":[{"start":{"line":132,"column":11},"end":{"line":134,"column":5}},{"start":{},"end":{}}],"line":132},"2":{"loc":{"start":{"line":138,"column":4},"end":{"line":144,"column":5}},"type":"if","locations":[{"start":{"line":138,"column":4},"end":{"line":144,"column":5}},{"start":{},"end":{}}],"line":138},"3":{"loc":{"start":{"line":140,"column":39},"end":{"line":140,"column":91}},"type":"binary-expr","locations":[{"start":{"line":140,"column":39},"end":{"line":140,"column":83}},{"start":{"line":140,"column":87},"end":{"line":140,"column":91}}],"line":140},"4":{"loc":{"start":{"line":141,"column":6},"end":{"line":143,"column":7}},"type":"if","locations":[{"start":{"line":141,"column":6},"end":{"line":143,"column":7}},{"start":{},"end":{}}],"line":141},"5":{"loc":{"start":{"line":147,"column":2},"end":{"line":158,"column":3}},"type":"if","locations":[{"start":{"line":147,"column":2},"end":{"line":158,"column":3}},{"start":{},"end":{}}],"line":147},"6":{"loc":{"start":{"line":147,"column":6},"end":{"line":147,"column":33}},"type":"binary-expr","locations":[{"start":{"line":147,"column":6},"end":{"line":147,"column":18}},{"start":{"line":147,"column":22},"end":{"line":147,"column":33}}],"line":147},"7":{"loc":{"start":{"line":153,"column":13},"end":{"line":153,"column":95}},"type":"cond-expr","locations":[{"start":{"line":153,"column":27},"end":{"line":153,"column":52}},{"start":{"line":153,"column":55},"end":{"line":153,"column":95}}],"line":153},"8":{"loc":{"start":{"line":160,"column":2},"end":{"line":162,"column":3}},"type":"if","locations":[{"start":{"line":160,"column":2},"end":{"line":162,"column":3}},{"start":{},"end":{}}],"line":160},"9":{"loc":{"start":{"line":171,"column":2},"end":{"line":175,"column":3}},"type":"if","locations":[{"start":{"line":171,"column":2},"end":{"line":175,"column":3}},{"start":{},"end":{}}],"line":171},"10":{"loc":{"start":{"line":266,"column":9},"end":{"line":272,"column":9}},"type":"binary-expr","locations":[{"start":{"line":266,"column":9},"end":{"line":266,"column":19}},{"start":{"line":267,"column":10},"end":{"line":271,"column":16}}],"line":266},"11":{"loc":{"start":{"line":268,"column":14},"end":{"line":268,"column":138}},"type":"cond-expr","locations":[{"start":{"line":268,"column":41},"end":{"line":268,"column":90}},{"start":{"line":268,"column":93},"end":{"line":268,"column":138}}],"line":268}},"s":{"0":0,"1":0,"2":0,"3":0,"4":0,"5":0,"6":0,"7":0,"8":0,"9":0,"10":0,"11":0,"12":0,"13":0,"14":0,"15":0,"16":0,"17":0,"18":0,"19":0,"20":0,"21":0,"22":0,"23":0,"24":0,"25":0,"26":0,"27":0,"28":0,"29":0,"30":0,"31":0,"32":0,"33":0,"34":0,"35":0,"36":0,"37":0},"f":{"0":0,"1":0,"2":0,"3":0,"4":0,"5":0},"b":{"0":[0,0],"1":[0,0],"2":[0,0],"3":[0,0],"4":[0,0],"5":[0,0],"6":[0,0],"7":[0,0],"8":[0,0],"9":[0,0],"10":[0,0],"11":[0,0]}}
,"/Users/bryannakache/ici-ca-pousse-2/src/i18n.js": {"path":"/Users/bryannakache/ici-ca-pousse-2/src/i18n.js","statementMap":{"0":{"start":{"line":4,"column":18},"end":{"line":201,"column":1}},"1":{"start":{"line":203,"column":0},"end":{"line":212,"column":5}}},"fnMap":{},"branchMap":{},"s":{"0":0,"1":0},"f":{},"b":{}}
,"/Users/bryannakache/ici-ca-pousse-2/src/components/Auth.jsx": {"path":"/Users/bryannakache/ici-ca-pousse-2/src/components/Auth.jsx","statementMap":{"0":{"start":{"line":8,"column":26},"end":{"line":8,"column":40}},"1":{"start":{"line":9,"column":28},"end":{"line":9,"column":40}},"2":{"start":{"line":10,"column":44},"end":{"line":10,"column":59}},"3":{"start":{"line":13,"column":2},"end":{"line":18,"column":9}},"4":{"start":{"line":14,"column":24},"end":{"line":16,"column":6}},"5":{"start":{"line":15,"column":6},"end":{"line":15,"column":17}},"6":{"start":{"line":17,"column":4},"end":{"line":17,"column":23}},"7":{"start":{"line":20,"column":29},"end":{"line":30,"column":3}},"8":{"start":{"line":21,"column":4},"end":{"line":21,"column":17}},"9":{"start":{"line":22,"column":4},"end":{"line":22,"column":27}},"10":{"start":{"line":23,"column":4},"end":{"line":29,"column":5}},"11":{"start":{"line":24,"column":6},"end":{"line":24,"column":50}},"12":{"start":{"line":26,"column":6},"end":{"line":26,"column":28}},"13":{"start":{"line":28,"column":6},"end":{"line":28,"column":30}},"14":{"start":{"line":32,"column":24},"end":{"line":34,"column":3}},"15":{"start":{"line":33,"column":4},"end":{"line":33,"column":24}},"16":{"start":{"line":36,"column":2},"end":{"line":44,"column":3}},"17":{"start":{"line":37,"column":4},"end":{"line":43,"column":6}},"18":{"start":{"line":46,"column":2},"end":{"line":69,"column":4}},"19":{"start":{"line":72,"column":0},"end":{"line":74,"column":2}}},"fnMap":{"0":{"name":"Auth","decl":{"start":{"line":7,"column":9},"end":{"line":7,"column":13}},"loc":{"start":{"line":7,"column":34},"end":{"line":70,"column":1}},"line":7},"1":{"name":"(anonymous_1)","decl":{"start":{"line":13,"column":18},"end":{"line":13,"column":19}},"loc":{"start":{"line":13,"column":24},"end":{"line":18,"column":3}},"line":13},"2":{"name":"(anonymous_2)","decl":{"start":{"line":14,"column":48},"end":{"line":14,"column":49}},"loc":{"start":{"line":14,"column":55},"end":{"line":16,"column":5}},"line":14},"3":{"name":"(anonymous_3)","decl":{"start":{"line":20,"column":29},"end":{"line":20,"column":30}},"loc":{"start":{"line":20,"column":41},"end":{"line":30,"column":3}},"line":20},"4":{"name":"(anonymous_4)","decl":{"start":{"line":32,"column":24},"end":{"line":32,"column":25}},"loc":{"start":{"line":32,"column":36},"end":{"line":34,"column":3}},"line":32}},"branchMap":{"0":{"loc":{"start":{"line":7,"column":16},"end":{"line":7,"column":30}},"type":"default-arg","locations":[{"start":{"line":7,"column":28},"end":{"line":7,"column":30}}],"line":7},"1":{"loc":{"start":{"line":36,"column":2},"end":{"line":44,"column":3}},"type":"if","locations":[{"start":{"line":36,"column":2},"end":{"line":44,"column":3}},{"start":{},"end":{}}],"line":36},"2":{"loc":{"start":{"line":40,"column":96},"end":{"line":40,"column":126}},"type":"binary-expr","locations":[{"start":{"line":40,"column":96},"end":{"line":40,"column":106}},{"start":{"line":40,"column":110},"end":{"line":40,"column":126}}],"line":40},"3":{"loc":{"start":{"line":51,"column":7},"end":{"line":51,"column":97}},"type":"binary-expr","locations":[{"start":{"line":51,"column":7},"end":{"line":51,"column":12}},{"start":{"line":51,"column":16},"end":{"line":51,"column":97}}],"line":51},"4":{"loc":{"start":{"line":61,"column":9},"end":{"line":66,"column":9}},"type":"cond-expr","locations":[{"start":{"line":61,"column":25},"end":{"line":61,"column":39}},{"start":{"line":62,"column":10},"end":{"line":65,"column":13}}],"line":61}},"s":{"0":0,"1":0,"2":0,"3":0,"4":0,"5":0,"6":0,"7":0,"8":0,"9":0,"10":0,"11":0,"12":0,"13":0,"14":0,"15":0,"16":0,"17":0,"18":0,"19":0},"f":{"0":0,"1":0,"2":0,"3":0,"4":0},"b":{"0":[0],"1":[0,0],"2":[0,0],"3":[0,0],"4":[0,0]}}
,"/Users/bryannakache/ici-ca-pousse-2/src/components/Card.jsx": {"path":"/Users/bryannakache/ici-ca-pousse-2/src/components/Card.jsx","statementMap":{"0":{"start":{"line":4,"column":13},"end":{"line":8,"column":1}},"1":{"start":{"line":5,"column":2},"end":{"line":7,"column":8}},"2":{"start":{"line":10,"column":0},"end":{"line":17,"column":2}}},"fnMap":{"0":{"name":"(anonymous_0)","decl":{"start":{"line":4,"column":13},"end":{"line":4,"column":14}},"loc":{"start":{"line":5,"column":2},"end":{"line":7,"column":8}},"line":5}},"branchMap":{"0":{"loc":{"start":{"line":4,"column":26},"end":{"line":4,"column":40}},"type":"default-arg","locations":[{"start":{"line":4,"column":38},"end":{"line":4,"column":40}}],"line":4},"1":{"loc":{"start":{"line":4,"column":42},"end":{"line":4,"column":57}},"type":"default-arg","locations":[{"start":{"line":4,"column":52},"end":{"line":4,"column":57}}],"line":4},"2":{"loc":{"start":{"line":4,"column":59},"end":{"line":4,"column":81}},"type":"default-arg","locations":[{"start":{"line":4,"column":68},"end":{"line":4,"column":81}}],"line":4},"3":{"loc":{"start":{"line":4,"column":83},"end":{"line":4,"column":103}},"type":"default-arg","locations":[{"start":{"line":4,"column":92},"end":{"line":4,"column":103}}],"line":4},"4":{"loc":{"start":{"line":4,"column":105},"end":{"line":4,"column":138}},"type":"default-arg","locations":[{"start":{"line":4,"column":114},"end":{"line":4,"column":138}}],"line":4}},"s":{"0":0,"1":0,"2":0},"f":{"0":0},"b":{"0":[0],"1":[0],"2":[0],"3":[0],"4":[0]}}
,"/Users/bryannakache/ici-ca-pousse-2/src/components/ChallengeStats.jsx": {"path":"/Users/bryannakache/ici-ca-pousse-2/src/components/ChallengeStats.jsx","statementMap":{"0":{"start":{"line":5,"column":23},"end":{"line":174,"column":1}},"1":{"start":{"line":6,"column":36},"end":{"line":6,"column":56}},"2":{"start":{"line":8,"column":15},"end":{"line":12,"column":3}},"3":{"start":{"line":14,"column":25},"end":{"line":87,"column":3}},"4":{"start":{"line":15,"column":4},"end":{"line":86,"column":10}},"5":{"start":{"line":89,"column":23},"end":{"line":121,"column":3}},"6":{"start":{"line":90,"column":4},"end":{"line":120,"column":10}},"7":{"start":{"line":92,"column":8},"end":{"line":118,"column":15}},"8":{"start":{"line":123,"column":25},"end":{"line":146,"column":3}},"9":{"start":{"line":124,"column":4},"end":{"line":145,"column":10}},"10":{"start":{"line":126,"column":30},"end":{"line":126,"column":47}},"11":{"start":{"line":128,"column":10},"end":{"line":143,"column":17}},"12":{"start":{"line":148,"column":2},"end":{"line":173,"column":4}},"13":{"start":{"line":153,"column":10},"end":{"line":164,"column":19}},"14":{"start":{"line":155,"column":27},"end":{"line":155,"column":43}}},"fnMap":{"0":{"name":"(anonymous_0)","decl":{"start":{"line":5,"column":23},"end":{"line":5,"column":24}},"loc":{"start":{"line":5,"column":38},"end":{"line":174,"column":1}},"line":5},"1":{"name":"(anonymous_1)","decl":{"start":{"line":14,"column":25},"end":{"line":14,"column":26}},"loc":{"start":{"line":15,"column":4},"end":{"line":86,"column":10}},"line":15},"2":{"name":"(anonymous_2)","decl":{"start":{"line":89,"column":23},"end":{"line":89,"column":24}},"loc":{"start":{"line":90,"column":4},"end":{"line":120,"column":10}},"line":90},"3":{"name":"(anonymous_3)","decl":{"start":{"line":91,"column":40},"end":{"line":91,"column":41}},"loc":{"start":{"line":92,"column":8},"end":{"line":118,"column":15}},"line":92},"4":{"name":"(anonymous_4)","decl":{"start":{"line":123,"column":25},"end":{"line":123,"column":26}},"loc":{"start":{"line":124,"column":4},"end":{"line":145,"column":10}},"line":124},"5":{"name":"(anonymous_5)","decl":{"start":{"line":126,"column":14},"end":{"line":126,"column":15}},"loc":{"start":{"line":126,"column":30},"end":{"line":126,"column":47}},"line":126},"6":{"name":"(anonymous_6)","decl":{"start":{"line":127,"column":13},"end":{"line":127,"column":14}},"loc":{"start":{"line":128,"column":10},"end":{"line":143,"column":17}},"line":128},"7":{"name":"(anonymous_7)","decl":{"start":{"line":152,"column":18},"end":{"line":152,"column":19}},"loc":{"start":{"line":153,"column":10},"end":{"line":164,"column":19}},"line":153},"8":{"name":"(anonymous_8)","decl":{"start":{"line":155,"column":21},"end":{"line":155,"column":22}},"loc":{"start":{"line":155,"column":27},"end":{"line":155,"column":43}},"line":155}},"branchMap":{"0":{"loc":{"start":{"line":70,"column":11},"end":{"line":83,"column":11}},"type":"binary-expr","locations":[{"start":{"line":70,"column":11},"end":{"line":70,"column":34}},{"start":{"line":71,"column":12},"end":{"line":82,"column":18}}],"line":70},"1":{"loc":{"start":{"line":96,"column":17},"end":{"line":96,"column":46}},"type":"binary-expr","locations":[{"start":{"line":96,"column":17},"end":{"line":96,"column":38}},{"start":{"line":96,"column":42},"end":{"line":96,"column":46}}],"line":96},"2":{"loc":{"start":{"line":97,"column":17},"end":{"line":97,"column":46}},"type":"binary-expr","locations":[{"start":{"line":97,"column":17},"end":{"line":97,"column":38}},{"start":{"line":97,"column":42},"end":{"line":97,"column":46}}],"line":97},"3":{"loc":{"start":{"line":98,"column":17},"end":{"line":98,"column":44}},"type":"binary-expr","locations":[{"start":{"line":98,"column":17},"end":{"line":98,"column":36}},{"start":{"line":98,"column":40},"end":{"line":98,"column":44}}],"line":98},"4":{"loc":{"start":{"line":99,"column":17},"end":{"line":99,"column":46}},"type":"binary-expr","locations":[{"start":{"line":99,"column":17},"end":{"line":99,"column":38}},{"start":{"line":99,"column":42},"end":{"line":99,"column":46}}],"line":99},"5":{"loc":{"start":{"line":103,"column":19},"end":{"line":103,"column":63}},"type":"binary-expr","locations":[{"start":{"line":103,"column":19},"end":{"line":103,"column":40}},{"start":{"line":103,"column":44},"end":{"line":103,"column":63}}],"line":103},"6":{"loc":{"start":{"line":104,"column":19},"end":{"line":104,"column":67}},"type":"binary-expr","locations":[{"start":{"line":104,"column":19},"end":{"line":104,"column":40}},{"start":{"line":104,"column":44},"end":{"line":104,"column":67}}],"line":104},"7":{"loc":{"start":{"line":105,"column":19},"end":{"line":105,"column":61}},"type":"binary-expr","locations":[{"start":{"line":105,"column":19},"end":{"line":105,"column":38}},{"start":{"line":105,"column":42},"end":{"line":105,"column":61}}],"line":105},"8":{"loc":{"start":{"line":106,"column":19},"end":{"line":106,"column":62}},"type":"binary-expr","locations":[{"start":{"line":106,"column":19},"end":{"line":106,"column":40}},{"start":{"line":106,"column":44},"end":{"line":106,"column":62}}],"line":106},"9":{"loc":{"start":{"line":136,"column":19},"end":{"line":136,"column":108}},"type":"cond-expr","locations":[{"start":{"line":136,"column":43},"end":{"line":136,"column":104}},{"start":{"line":136,"column":107},"end":{"line":136,"column":108}}],"line":136},"10":{"loc":{"start":{"line":157,"column":14},"end":{"line":159,"column":53}},"type":"cond-expr","locations":[{"start":{"line":158,"column":18},"end":{"line":158,"column":54}},{"start":{"line":159,"column":18},"end":{"line":159,"column":53}}],"line":157},"11":{"loc":{"start":{"line":169,"column":7},"end":{"line":169,"column":51}},"type":"binary-expr","locations":[{"start":{"line":169,"column":7},"end":{"line":169,"column":31}},{"start":{"line":169,"column":35},"end":{"line":169,"column":51}}],"line":169},"12":{"loc":{"start":{"line":170,"column":7},"end":{"line":170,"column":47}},"type":"binary-expr","locations":[{"start":{"line":170,"column":7},"end":{"line":170,"column":29}},{"start":{"line":170,"column":33},"end":{"line":170,"column":47}}],"line":170},"13":{"loc":{"start":{"line":171,"column":7},"end":{"line":171,"column":51}},"type":"binary-expr","locations":[{"start":{"line":171,"column":7},"end":{"line":171,"column":31}},{"start":{"line":171,"column":35},"end":{"line":171,"column":51}}],"line":171}},"s":{"0":0,"1":0,"2":0,"3":0,"4":0,"5":0,"6":0,"7":0,"8":0,"9":0,"10":0,"11":0,"12":0,"13":0,"14":0},"f":{"0":0,"1":0,"2":0,"3":0,"4":0,"5":0,"6":0,"7":0,"8":0},"b":{"0":[0,0],"1":[0,0],"2":[0,0],"3":[0,0],"4":[0,0],"5":[0,0],"6":[0,0],"7":[0,0],"8":[0,0],"9":[0,0],"10":[0,0],"11":[0,0],"12":[0,0],"13":[0,0]}}
,"/Users/bryannakache/ici-ca-pousse-2/src/components/Challenges.jsx": {"path":"/Users/bryannakache/ici-ca-pousse-2/src/components/Challenges.jsx","statementMap":{"0":{"start":{"line":10,"column":19},"end":{"line":623,"column":1}},"1":{"start":{"line":11,"column":22},"end":{"line":11,"column":38}},"2":{"start":{"line":25,"column":6},"end":{"line":25,"column":25}},"3":{"start":{"line":26,"column":48},"end":{"line":26,"column":63}},"4":{"start":{"line":27,"column":46},"end":{"line":27,"column":60}},"5":{"start":{"line":28,"column":44},"end":{"line":28,"column":64}},"6":{"start":{"line":29,"column":52},"end":{"line":29,"column":63}},"7":{"start":{"line":30,"column":28},"end":{"line":30,"column":42}},"8":{"start":{"line":31,"column":36},"end":{"line":31,"column":51}},"9":{"start":{"line":34,"column":25},"end":{"line":39,"column":3}},"10":{"start":{"line":42,"column":20},"end":{"line":47,"column":3}},"11":{"start":{"line":49,"column":32},"end":{"line":84,"column":3}},"12":{"start":{"line":50,"column":4},"end":{"line":53,"column":5}},"13":{"start":{"line":51,"column":6},"end":{"line":51,"column":65}},"14":{"start":{"line":52,"column":6},"end":{"line":52,"column":13}},"15":{"start":{"line":55,"column":4},"end":{"line":83,"column":5}},"16":{"start":{"line":56,"column":28},"end":{"line":60,"column":7}},"17":{"start":{"line":62,"column":27},"end":{"line":62,"column":63}},"18":{"start":{"line":65,"column":6},"end":{"line":76,"column":7}},"19":{"start":{"line":66,"column":8},"end":{"line":71,"column":11}},"20":{"start":{"line":72,"column":8},"end":{"line":72,"column":86}},"21":{"start":{"line":74,"column":8},"end":{"line":74,"column":76}},"22":{"start":{"line":75,"column":8},"end":{"line":75,"column":88}},"23":{"start":{"line":78,"column":6},"end":{"line":78,"column":32}},"24":{"start":{"line":79,"column":6},"end":{"line":79,"column":30}},"25":{"start":{"line":81,"column":6},"end":{"line":81,"column":66}},"26":{"start":{"line":82,"column":6},"end":{"line":82,"column":81}},"27":{"start":{"line":86,"column":32},"end":{"line":88,"column":3}},"28":{"start":{"line":87,"column":4},"end":{"line":87,"column":66}},"29":{"start":{"line":87,"column":36},"end":{"line":87,"column":49}},"30":{"start":{"line":90,"column":27},"end":{"line":92,"column":3}},"31":{"start":{"line":91,"column":4},"end":{"line":91,"column":65}},"32":{"start":{"line":91,"column":36},"end":{"line":91,"column":49}},"33":{"start":{"line":94,"column":25},"end":{"line":101,"column":3}},"34":{"start":{"line":95,"column":4},"end":{"line":100,"column":5}},"35":{"start":{"line":96,"column":22},"end":{"line":96,"column":46}},"36":{"start":{"line":97,"column":21},"end":{"line":97,"column":43}},"37":{"start":{"line":98,"column":18},"end":{"line":98,"column":43}},"38":{"start":{"line":99,"column":15},"end":{"line":99,"column":38}},"39":{"start":{"line":104,"column":28},"end":{"line":126,"column":3}},"40":{"start":{"line":105,"column":28},"end":{"line":105,"column":45}},"41":{"start":{"line":106,"column":32},"end":{"line":108,"column":12}},"42":{"start":{"line":107,"column":6},"end":{"line":107,"column":46}},"43":{"start":{"line":109,"column":29},"end":{"line":109,"column":66}},"44":{"start":{"line":113,"column":22},"end":{"line":115,"column":12}},"45":{"start":{"line":114,"column":6},"end":{"line":114,"column":38}},"46":{"start":{"line":117,"column":20},"end":{"line":117,"column":93}},"47":{"start":{"line":119,"column":4},"end":{"line":125,"column":6}},"48":{"start":{"line":128,"column":16},"end":{"line":128,"column":35}},"49":{"start":{"line":129,"column":25},"end":{"line":129,"column":44}},"50":{"start":{"line":130,"column":29},"end":{"line":130,"column":52}},"51":{"start":{"line":131,"column":28},"end":{"line":131,"column":50}},"52":{"start":{"line":134,"column":32},"end":{"line":153,"column":3}},"53":{"start":{"line":135,"column":4},"end":{"line":152,"column":5}},"54":{"start":{"line":136,"column":6},"end":{"line":136,"column":41}},"55":{"start":{"line":139,"column":24},"end":{"line":139,"column":66}},"56":{"start":{"line":139,"column":45},"end":{"line":139,"column":65}},"57":{"start":{"line":140,"column":6},"end":{"line":147,"column":7}},"58":{"start":{"line":141,"column":8},"end":{"line":146,"column":11}},"59":{"start":{"line":149,"column":6},"end":{"line":149,"column":63}},"60":{"start":{"line":151,"column":6},"end":{"line":151,"column":76}},"61":{"start":{"line":155,"column":33},"end":{"line":174,"column":3}},"62":{"start":{"line":156,"column":4},"end":{"line":173,"column":5}},"63":{"start":{"line":157,"column":6},"end":{"line":157,"column":42}},"64":{"start":{"line":160,"column":24},"end":{"line":160,"column":66}},"65":{"start":{"line":160,"column":45},"end":{"line":160,"column":65}},"66":{"start":{"line":161,"column":6},"end":{"line":168,"column":7}},"67":{"start":{"line":162,"column":8},"end":{"line":167,"column":11}},"68":{"start":{"line":170,"column":6},"end":{"line":170,"column":57}},"69":{"start":{"line":172,"column":6},"end":{"line":172,"column":67}},"70":{"start":{"line":176,"column":32},"end":{"line":195,"column":3}},"71":{"start":{"line":177,"column":4},"end":{"line":194,"column":5}},"72":{"start":{"line":178,"column":6},"end":{"line":178,"column":41}},"73":{"start":{"line":181,"column":24},"end":{"line":181,"column":66}},"74":{"start":{"line":181,"column":45},"end":{"line":181,"column":65}},"75":{"start":{"line":182,"column":6},"end":{"line":189,"column":7}},"76":{"start":{"line":183,"column":8},"end":{"line":188,"column":11}},"77":{"start":{"line":191,"column":6},"end":{"line":191,"column":57}},"78":{"start":{"line":193,"column":6},"end":{"line":193,"column":75}},"79":{"start":{"line":197,"column":32},"end":{"line":206,"column":3}},"80":{"start":{"line":198,"column":4},"end":{"line":205,"column":5}},"81":{"start":{"line":199,"column":6},"end":{"line":204,"column":7}},"82":{"start":{"line":200,"column":8},"end":{"line":200,"column":37}},"83":{"start":{"line":201,"column":8},"end":{"line":201,"column":64}},"84":{"start":{"line":203,"column":8},"end":{"line":203,"column":78}},"85":{"start":{"line":208,"column":2},"end":{"line":622,"column":4}},"86":{"start":{"line":212,"column":39},"end":{"line":212,"column":63}},"87":{"start":{"line":220,"column":25},"end":{"line":220,"column":44}},"88":{"start":{"line":230,"column":25},"end":{"line":230,"column":45}},"89":{"start":{"line":240,"column":25},"end":{"line":240,"column":49}},"90":{"start":{"line":296,"column":45},"end":{"line":296,"column":69}},"91":{"start":{"line":304,"column":30},"end":{"line":304,"column":58}},"92":{"start":{"line":305,"column":29},"end":{"line":305,"column":58}},"93":{"start":{"line":306,"column":33},"end":{"line":306,"column":65}},"94":{"start":{"line":307,"column":32},"end":{"line":307,"column":62}},"95":{"start":{"line":308,"column":40},"end":{"line":308,"column":67}},"96":{"start":{"line":309,"column":32},"end":{"line":309,"column":90}},"97":{"start":{"line":310,"column":30},"end":{"line":310,"column":84}},"98":{"start":{"line":311,"column":14},"end":{"line":387,"column":16}},"99":{"start":{"line":342,"column":45},"end":{"line":342,"column":80}},"100":{"start":{"line":348,"column":45},"end":{"line":348,"column":81}},"101":{"start":{"line":368,"column":45},"end":{"line":368,"column":80}},"102":{"start":{"line":376,"column":45},"end":{"line":376,"column":80}},"103":{"start":{"line":399,"column":45},"end":{"line":399,"column":69}},"104":{"start":{"line":407,"column":30},"end":{"line":407,"column":58}},"105":{"start":{"line":408,"column":29},"end":{"line":408,"column":58}},"106":{"start":{"line":409,"column":14},"end":{"line":450,"column":16}},"107":{"start":{"line":433,"column":41},"end":{"line":433,"column":76}},"108":{"start":{"line":441,"column":41},"end":{"line":441,"column":76}},"109":{"start":{"line":467,"column":30},"end":{"line":467,"column":58}},"110":{"start":{"line":468,"column":29},"end":{"line":468,"column":58}},"111":{"start":{"line":469,"column":32},"end":{"line":469,"column":62}},"112":{"start":{"line":471,"column":14},"end":{"line":526,"column":16}},"113":{"start":{"line":492,"column":45},"end":{"line":492,"column":80}},"114":{"start":{"line":498,"column":45},"end":{"line":498,"column":81}},"115":{"start":{"line":517,"column":41},"end":{"line":517,"column":76}},"116":{"start":{"line":533,"column":53},"end":{"line":533,"column":78}},"117":{"start":{"line":548,"column":31},"end":{"line":548,"column":74}},"118":{"start":{"line":548,"column":49},"end":{"line":548,"column":73}},"119":{"start":{"line":549,"column":16},"end":{"line":549,"column":42}},"120":{"start":{"line":554,"column":18},"end":{"line":556,"column":27}},"121":{"start":{"line":569,"column":16},"end":{"line":580,"column":25}},"122":{"start":{"line":576,"column":33},"end":{"line":576,"column":58}},"123":{"start":{"line":590,"column":31},"end":{"line":590,"column":75}},"124":{"start":{"line":593,"column":16},"end":{"line":595,"column":25}},"125":{"start":{"line":603,"column":29},"end":{"line":603,"column":54}},"126":{"start":{"line":618,"column":25},"end":{"line":618,"column":39}}},"fnMap":{"0":{"name":"(anonymous_0)","decl":{"start":{"line":10,"column":19},"end":{"line":10,"column":20}},"loc":{"start":{"line":10,"column":33},"end":{"line":623,"column":1}},"line":10},"1":{"name":"(anonymous_1)","decl":{"start":{"line":49,"column":32},"end":{"line":49,"column":33}},"loc":{"start":{"line":49,"column":44},"end":{"line":84,"column":3}},"line":49},"2":{"name":"(anonymous_2)","decl":{"start":{"line":86,"column":32},"end":{"line":86,"column":33}},"loc":{"start":{"line":86,"column":42},"end":{"line":88,"column":3}},"line":86},"3":{"name":"(anonymous_3)","decl":{"start":{"line":87,"column":31},"end":{"line":87,"column":32}},"loc":{"start":{"line":87,"column":36},"end":{"line":87,"column":49}},"line":87},"4":{"name":"(anonymous_4)","decl":{"start":{"line":90,"column":27},"end":{"line":90,"column":28}},"loc":{"start":{"line":90,"column":37},"end":{"line":92,"column":3}},"line":90},"5":{"name":"(anonymous_5)","decl":{"start":{"line":91,"column":31},"end":{"line":91,"column":32}},"loc":{"start":{"line":91,"column":36},"end":{"line":91,"column":49}},"line":91},"6":{"name":"(anonymous_6)","decl":{"start":{"line":94,"column":25},"end":{"line":94,"column":26}},"loc":{"start":{"line":94,"column":37},"end":{"line":101,"column":3}},"line":94},"7":{"name":"(anonymous_7)","decl":{"start":{"line":104,"column":28},"end":{"line":104,"column":29}},"loc":{"start":{"line":104,"column":34},"end":{"line":126,"column":3}},"line":104},"8":{"name":"(anonymous_8)","decl":{"start":{"line":106,"column":50},"end":{"line":106,"column":51}},"loc":{"start":{"line":107,"column":6},"end":{"line":107,"column":46}},"line":107},"9":{"name":"(anonymous_9)","decl":{"start":{"line":113,"column":40},"end":{"line":113,"column":41}},"loc":{"start":{"line":114,"column":6},"end":{"line":114,"column":38}},"line":114},"10":{"name":"(anonymous_10)","decl":{"start":{"line":134,"column":32},"end":{"line":134,"column":33}},"loc":{"start":{"line":134,"column":55},"end":{"line":153,"column":3}},"line":134},"11":{"name":"(anonymous_11)","decl":{"start":{"line":139,"column":40},"end":{"line":139,"column":41}},"loc":{"start":{"line":139,"column":45},"end":{"line":139,"column":65}},"line":139},"12":{"name":"(anonymous_12)","decl":{"start":{"line":155,"column":33},"end":{"line":155,"column":34}},"loc":{"start":{"line":155,"column":56},"end":{"line":174,"column":3}},"line":155},"13":{"name":"(anonymous_13)","decl":{"start":{"line":160,"column":40},"end":{"line":160,"column":41}},"loc":{"start":{"line":160,"column":45},"end":{"line":160,"column":65}},"line":160},"14":{"name":"(anonymous_14)","decl":{"start":{"line":176,"column":32},"end":{"line":176,"column":33}},"loc":{"start":{"line":176,"column":55},"end":{"line":195,"column":3}},"line":176},"15":{"name":"(anonymous_15)","decl":{"start":{"line":181,"column":40},"end":{"line":181,"column":41}},"loc":{"start":{"line":181,"column":45},"end":{"line":181,"column":65}},"line":181},"16":{"name":"(anonymous_16)","decl":{"start":{"line":197,"column":32},"end":{"line":197,"column":33}},"loc":{"start":{"line":197,"column":55},"end":{"line":206,"column":3}},"line":197},"17":{"name":"(anonymous_17)","decl":{"start":{"line":212,"column":33},"end":{"line":212,"column":34}},"loc":{"start":{"line":212,"column":39},"end":{"line":212,"column":63}},"line":212},"18":{"name":"(anonymous_18)","decl":{"start":{"line":220,"column":19},"end":{"line":220,"column":20}},"loc":{"start":{"line":220,"column":25},"end":{"line":220,"column":44}},"line":220},"19":{"name":"(anonymous_19)","decl":{"start":{"line":230,"column":19},"end":{"line":230,"column":20}},"loc":{"start":{"line":230,"column":25},"end":{"line":230,"column":45}},"line":230},"20":{"name":"(anonymous_20)","decl":{"start":{"line":240,"column":19},"end":{"line":240,"column":20}},"loc":{"start":{"line":240,"column":25},"end":{"line":240,"column":49}},"line":240},"21":{"name":"(anonymous_21)","decl":{"start":{"line":296,"column":39},"end":{"line":296,"column":40}},"loc":{"start":{"line":296,"column":45},"end":{"line":296,"column":69}},"line":296},"22":{"name":"(anonymous_22)","decl":{"start":{"line":303,"column":35},"end":{"line":303,"column":36}},"loc":{"start":{"line":303,"column":48},"end":{"line":388,"column":13}},"line":303},"23":{"name":"(anonymous_23)","decl":{"start":{"line":342,"column":39},"end":{"line":342,"column":40}},"loc":{"start":{"line":342,"column":45},"end":{"line":342,"column":80}},"line":342},"24":{"name":"(anonymous_24)","decl":{"start":{"line":348,"column":39},"end":{"line":348,"column":40}},"loc":{"start":{"line":348,"column":45},"end":{"line":348,"column":81}},"line":348},"25":{"name":"(anonymous_25)","decl":{"start":{"line":368,"column":39},"end":{"line":368,"column":40}},"loc":{"start":{"line":368,"column":45},"end":{"line":368,"column":80}},"line":368},"26":{"name":"(anonymous_26)","decl":{"start":{"line":376,"column":39},"end":{"line":376,"column":40}},"loc":{"start":{"line":376,"column":45},"end":{"line":376,"column":80}},"line":376},"27":{"name":"(anonymous_27)","decl":{"start":{"line":399,"column":39},"end":{"line":399,"column":40}},"loc":{"start":{"line":399,"column":45},"end":{"line":399,"column":69}},"line":399},"28":{"name":"(anonymous_28)","decl":{"start":{"line":406,"column":32},"end":{"line":406,"column":33}},"loc":{"start":{"line":406,"column":45},"end":{"line":451,"column":13}},"line":406},"29":{"name":"(anonymous_29)","decl":{"start":{"line":433,"column":35},"end":{"line":433,"column":36}},"loc":{"start":{"line":433,"column":41},"end":{"line":433,"column":76}},"line":433},"30":{"name":"(anonymous_30)","decl":{"start":{"line":441,"column":35},"end":{"line":441,"column":36}},"loc":{"start":{"line":441,"column":41},"end":{"line":441,"column":76}},"line":441},"31":{"name":"(anonymous_31)","decl":{"start":{"line":466,"column":36},"end":{"line":466,"column":37}},"loc":{"start":{"line":466,"column":49},"end":{"line":527,"column":13}},"line":466},"32":{"name":"(anonymous_32)","decl":{"start":{"line":492,"column":39},"end":{"line":492,"column":40}},"loc":{"start":{"line":492,"column":45},"end":{"line":492,"column":80}},"line":492},"33":{"name":"(anonymous_33)","decl":{"start":{"line":498,"column":39},"end":{"line":498,"column":40}},"loc":{"start":{"line":498,"column":45},"end":{"line":498,"column":81}},"line":498},"34":{"name":"(anonymous_34)","decl":{"start":{"line":517,"column":35},"end":{"line":517,"column":36}},"loc":{"start":{"line":517,"column":41},"end":{"line":517,"column":76}},"line":517},"35":{"name":"(anonymous_35)","decl":{"start":{"line":533,"column":47},"end":{"line":533,"column":48}},"loc":{"start":{"line":533,"column":53},"end":{"line":533,"column":78}},"line":533},"36":{"name":"(anonymous_36)","decl":{"start":{"line":547,"column":40},"end":{"line":547,"column":41}},"loc":{"start":{"line":547,"column":47},"end":{"line":550,"column":15}},"line":547},"37":{"name":"(anonymous_37)","decl":{"start":{"line":548,"column":44},"end":{"line":548,"column":45}},"loc":{"start":{"line":548,"column":49},"end":{"line":548,"column":73}},"line":548},"38":{"name":"(anonymous_38)","decl":{"start":{"line":553,"column":29},"end":{"line":553,"column":30}},"loc":{"start":{"line":554,"column":18},"end":{"line":556,"column":27}},"line":554},"39":{"name":"(anonymous_39)","decl":{"start":{"line":568,"column":34},"end":{"line":568,"column":35}},"loc":{"start":{"line":569,"column":16},"end":{"line":580,"column":25}},"line":569},"40":{"name":"(anonymous_40)","decl":{"start":{"line":576,"column":27},"end":{"line":576,"column":28}},"loc":{"start":{"line":576,"column":33},"end":{"line":576,"column":58}},"line":576},"41":{"name":"(anonymous_41)","decl":{"start":{"line":590,"column":24},"end":{"line":590,"column":25}},"loc":{"start":{"line":590,"column":31},"end":{"line":590,"column":75}},"line":590},"42":{"name":"(anonymous_42)","decl":{"start":{"line":592,"column":29},"end":{"line":592,"column":30}},"loc":{"start":{"line":593,"column":16},"end":{"line":595,"column":25}},"line":593},"43":{"name":"(anonymous_43)","decl":{"start":{"line":603,"column":23},"end":{"line":603,"column":24}},"loc":{"start":{"line":603,"column":29},"end":{"line":603,"column":54}},"line":603},"44":{"name":"(anonymous_44)","decl":{"start":{"line":618,"column":19},"end":{"line":618,"column":20}},"loc":{"start":{"line":618,"column":25},"end":{"line":618,"column":39}},"line":618}},"branchMap":{"0":{"loc":{"start":{"line":50,"column":4},"end":{"line":53,"column":5}},"type":"if","locations":[{"start":{"line":50,"column":4},"end":{"line":53,"column":5}},{"start":{},"end":{}}],"line":50},"1":{"loc":{"start":{"line":69,"column":22},"end":{"line":69,"column":52}},"type":"binary-expr","locations":[{"start":{"line":69,"column":22},"end":{"line":69,"column":38}},{"start":{"line":69,"column":42},"end":{"line":69,"column":52}}],"line":69},"2":{"loc":{"start":{"line":87,"column":11},"end":{"line":87,"column":65}},"type":"binary-expr","locations":[{"start":{"line":87,"column":11},"end":{"line":87,"column":57}},{"start":{"line":87,"column":61},"end":{"line":87,"column":65}}],"line":87},"3":{"loc":{"start":{"line":91,"column":11},"end":{"line":91,"column":64}},"type":"binary-expr","locations":[{"start":{"line":91,"column":11},"end":{"line":91,"column":56}},{"start":{"line":91,"column":60},"end":{"line":91,"column":64}}],"line":91},"4":{"loc":{"start":{"line":95,"column":4},"end":{"line":100,"column":5}},"type":"switch","locations":[{"start":{"line":96,"column":6},"end":{"line":96,"column":46}},{"start":{"line":97,"column":6},"end":{"line":97,"column":43}},{"start":{"line":98,"column":6},"end":{"line":98,"column":43}},{"start":{"line":99,"column":6},"end":{"line":99,"column":38}}],"line":95},"5":{"loc":{"start":{"line":117,"column":20},"end":{"line":117,"column":93}},"type":"cond-expr","locations":[{"start":{"line":117,"column":42},"end":{"line":117,"column":89}},{"start":{"line":117,"column":92},"end":{"line":117,"column":93}}],"line":117},"6":{"loc":{"start":{"line":140,"column":6},"end":{"line":147,"column":7}},"type":"if","locations":[{"start":{"line":140,"column":6},"end":{"line":147,"column":7}},{"start":{},"end":{}}],"line":140},"7":{"loc":{"start":{"line":140,"column":10},"end":{"line":140,"column":41}},"type":"binary-expr","locations":[{"start":{"line":140,"column":10},"end":{"line":140,"column":19}},{"start":{"line":140,"column":23},"end":{"line":140,"column":41}}],"line":140},"8":{"loc":{"start":{"line":144,"column":22},"end":{"line":144,"column":52}},"type":"binary-expr","locations":[{"start":{"line":144,"column":22},"end":{"line":144,"column":38}},{"start":{"line":144,"column":42},"end":{"line":144,"column":52}}],"line":144},"9":{"loc":{"start":{"line":161,"column":6},"end":{"line":168,"column":7}},"type":"if","locations":[{"start":{"line":161,"column":6},"end":{"line":168,"column":7}},{"start":{},"end":{}}],"line":161},"10":{"loc":{"start":{"line":161,"column":10},"end":{"line":161,"column":41}},"type":"binary-expr","locations":[{"start":{"line":161,"column":10},"end":{"line":161,"column":19}},{"start":{"line":161,"column":23},"end":{"line":161,"column":41}}],"line":161},"11":{"loc":{"start":{"line":165,"column":22},"end":{"line":165,"column":52}},"type":"binary-expr","locations":[{"start":{"line":165,"column":22},"end":{"line":165,"column":38}},{"start":{"line":165,"column":42},"end":{"line":165,"column":52}}],"line":165},"12":{"loc":{"start":{"line":182,"column":6},"end":{"line":189,"column":7}},"type":"if","locations":[{"start":{"line":182,"column":6},"end":{"line":189,"column":7}},{"start":{},"end":{}}],"line":182},"13":{"loc":{"start":{"line":182,"column":10},"end":{"line":182,"column":43}},"type":"binary-expr","locations":[{"start":{"line":182,"column":10},"end":{"line":182,"column":19}},{"start":{"line":182,"column":23},"end":{"line":182,"column":43}}],"line":182},"14":{"loc":{"start":{"line":186,"column":22},"end":{"line":186,"column":52}},"type":"binary-expr","locations":[{"start":{"line":186,"column":22},"end":{"line":186,"column":38}},{"start":{"line":186,"column":42},"end":{"line":186,"column":52}}],"line":186},"15":{"loc":{"start":{"line":198,"column":4},"end":{"line":205,"column":5}},"type":"if","locations":[{"start":{"line":198,"column":4},"end":{"line":205,"column":5}},{"start":{},"end":{}}],"line":198},"16":{"loc":{"start":{"line":222,"column":12},"end":{"line":224,"column":51}},"type":"cond-expr","locations":[{"start":{"line":223,"column":16},"end":{"line":223,"column":52}},{"start":{"line":224,"column":16},"end":{"line":224,"column":51}}],"line":222},"17":{"loc":{"start":{"line":232,"column":12},"end":{"line":234,"column":51}},"type":"cond-expr","locations":[{"start":{"line":233,"column":16},"end":{"line":233,"column":52}},{"start":{"line":234,"column":16},"end":{"line":234,"column":51}}],"line":232},"18":{"loc":{"start":{"line":242,"column":12},"end":{"line":244,"column":51}},"type":"cond-expr","locations":[{"start":{"line":243,"column":16},"end":{"line":243,"column":52}},{"start":{"line":244,"column":16},"end":{"line":244,"column":51}}],"line":242},"19":{"loc":{"start":{"line":288,"column":7},"end":{"line":530,"column":7}},"type":"cond-expr","locations":[{"start":{"line":290,"column":8},"end":{"line":390,"column":9}},{"start":{"line":391,"column":10},"end":{"line":530,"column":7}}],"line":288},"20":{"loc":{"start":{"line":290,"column":8},"end":{"line":390,"column":9}},"type":"cond-expr","locations":[{"start":{"line":291,"column":10},"end":{"line":300,"column":17}},{"start":{"line":302,"column":10},"end":{"line":389,"column":16}}],"line":290},"21":{"loc":{"start":{"line":309,"column":32},"end":{"line":309,"column":90}},"type":"cond-expr","locations":[{"start":{"line":309,"column":54},"end":{"line":309,"column":83}},{"start":{"line":309,"column":86},"end":{"line":309,"column":90}}],"line":309},"22":{"loc":{"start":{"line":310,"column":30},"end":{"line":310,"column":84}},"type":"cond-expr","locations":[{"start":{"line":310,"column":50},"end":{"line":310,"column":77}},{"start":{"line":310,"column":80},"end":{"line":310,"column":84}}],"line":310},"23":{"loc":{"start":{"line":318,"column":27},"end":{"line":320,"column":75}},"type":"cond-expr","locations":[{"start":{"line":319,"column":30},"end":{"line":319,"column":82}},{"start":{"line":320,"column":30},"end":{"line":320,"column":75}}],"line":318},"24":{"loc":{"start":{"line":319,"column":41},"end":{"line":319,"column":80}},"type":"binary-expr","locations":[{"start":{"line":319,"column":41},"end":{"line":319,"column":63}},{"start":{"line":319,"column":67},"end":{"line":319,"column":80}}],"line":319},"25":{"loc":{"start":{"line":320,"column":41},"end":{"line":320,"column":73}},"type":"binary-expr","locations":[{"start":{"line":320,"column":41},"end":{"line":320,"column":61}},{"start":{"line":320,"column":65},"end":{"line":320,"column":73}}],"line":320},"26":{"loc":{"start":{"line":327,"column":27},"end":{"line":327,"column":106}},"type":"cond-expr","locations":[{"start":{"line":327,"column":40},"end":{"line":327,"column":56}},{"start":{"line":327,"column":59},"end":{"line":327,"column":106}}],"line":327},"27":{"loc":{"start":{"line":327,"column":73},"end":{"line":327,"column":105}},"type":"binary-expr","locations":[{"start":{"line":327,"column":73},"end":{"line":327,"column":93}},{"start":{"line":327,"column":97},"end":{"line":327,"column":105}}],"line":327},"28":{"loc":{"start":{"line":327,"column":119},"end":{"line":327,"column":151}},"type":"binary-expr","locations":[{"start":{"line":327,"column":119},"end":{"line":327,"column":135}},{"start":{"line":327,"column":139},"end":{"line":327,"column":151}}],"line":327},"29":{"loc":{"start":{"line":329,"column":25},"end":{"line":333,"column":25}},"type":"binary-expr","locations":[{"start":{"line":329,"column":25},"end":{"line":329,"column":42}},{"start":{"line":329,"column":46},"end":{"line":329,"column":55}},{"start":{"line":329,"column":59},"end":{"line":329,"column":66}},{"start":{"line":330,"column":26},"end":{"line":332,"column":30}}],"line":329},"30":{"loc":{"start":{"line":337,"column":23},"end":{"line":383,"column":23}},"type":"cond-expr","locations":[{"start":{"line":338,"column":24},"end":{"line":354,"column":30}},{"start":{"line":356,"column":24},"end":{"line":382,"column":27}}],"line":337},"31":{"loc":{"start":{"line":337,"column":23},"end":{"line":337,"column":47}},"type":"binary-expr","locations":[{"start":{"line":337,"column":23},"end":{"line":337,"column":32}},{"start":{"line":337,"column":36},"end":{"line":337,"column":47}}],"line":337},"32":{"loc":{"start":{"line":361,"column":83},"end":{"line":361,"column":109}},"type":"binary-expr","locations":[{"start":{"line":361,"column":83},"end":{"line":361,"column":104}},{"start":{"line":361,"column":108},"end":{"line":361,"column":109}}],"line":361},"33":{"loc":{"start":{"line":363,"column":27},"end":{"line":365,"column":27}},"type":"binary-expr","locations":[{"start":{"line":363,"column":27},"end":{"line":363,"column":44}},{"start":{"line":363,"column":48},"end":{"line":363,"column":61}},{"start":{"line":364,"column":28},"end":{"line":364,"column":129}}],"line":363},"34":{"loc":{"start":{"line":366,"column":27},"end":{"line":373,"column":27}},"type":"binary-expr","locations":[{"start":{"line":366,"column":27},"end":{"line":366,"column":36}},{"start":{"line":366,"column":40},"end":{"line":366,"column":50}},{"start":{"line":367,"column":28},"end":{"line":372,"column":37}}],"line":366},"35":{"loc":{"start":{"line":374,"column":27},"end":{"line":381,"column":27}},"type":"binary-expr","locations":[{"start":{"line":374,"column":27},"end":{"line":374,"column":37}},{"start":{"line":375,"column":28},"end":{"line":380,"column":37}}],"line":374},"36":{"loc":{"start":{"line":391,"column":10},"end":{"line":530,"column":7}},"type":"cond-expr","locations":[{"start":{"line":393,"column":8},"end":{"line":453,"column":9}},{"start":{"line":456,"column":8},"end":{"line":529,"column":9}}],"line":391},"37":{"loc":{"start":{"line":393,"column":8},"end":{"line":453,"column":9}},"type":"cond-expr","locations":[{"start":{"line":394,"column":10},"end":{"line":403,"column":17}},{"start":{"line":405,"column":10},"end":{"line":452,"column":16}}],"line":393},"38":{"loc":{"start":{"line":415,"column":63},"end":{"line":415,"column":102}},"type":"binary-expr","locations":[{"start":{"line":415,"column":63},"end":{"line":415,"column":85}},{"start":{"line":415,"column":89},"end":{"line":415,"column":102}}],"line":415},"39":{"loc":{"start":{"line":420,"column":35},"end":{"line":420,"column":67}},"type":"binary-expr","locations":[{"start":{"line":420,"column":35},"end":{"line":420,"column":51}},{"start":{"line":420,"column":55},"end":{"line":420,"column":67}}],"line":420},"40":{"loc":{"start":{"line":429,"column":79},"end":{"line":429,"column":105}},"type":"binary-expr","locations":[{"start":{"line":429,"column":79},"end":{"line":429,"column":100}},{"start":{"line":429,"column":104},"end":{"line":429,"column":105}}],"line":429},"41":{"loc":{"start":{"line":431,"column":23},"end":{"line":438,"column":23}},"type":"binary-expr","locations":[{"start":{"line":431,"column":23},"end":{"line":431,"column":53}},{"start":{"line":432,"column":24},"end":{"line":437,"column":33}}],"line":431},"42":{"loc":{"start":{"line":439,"column":23},"end":{"line":446,"column":23}},"type":"binary-expr","locations":[{"start":{"line":439,"column":23},"end":{"line":439,"column":53}},{"start":{"line":440,"column":24},"end":{"line":445,"column":33}}],"line":439},"43":{"loc":{"start":{"line":456,"column":8},"end":{"line":529,"column":9}},"type":"cond-expr","locations":[{"start":{"line":457,"column":10},"end":{"line":463,"column":17}},{"start":{"line":465,"column":10},"end":{"line":528,"column":16}}],"line":456},"44":{"loc":{"start":{"line":477,"column":63},"end":{"line":477,"column":95}},"type":"binary-expr","locations":[{"start":{"line":477,"column":63},"end":{"line":477,"column":83}},{"start":{"line":477,"column":87},"end":{"line":477,"column":95}}],"line":477},"45":{"loc":{"start":{"line":482,"column":35},"end":{"line":482,"column":67}},"type":"binary-expr","locations":[{"start":{"line":482,"column":35},"end":{"line":482,"column":51}},{"start":{"line":482,"column":55},"end":{"line":482,"column":67}}],"line":482},"46":{"loc":{"start":{"line":487,"column":23},"end":{"line":514,"column":23}},"type":"cond-expr","locations":[{"start":{"line":488,"column":24},"end":{"line":504,"column":30}},{"start":{"line":506,"column":24},"end":{"line":513,"column":27}}],"line":487},"47":{"loc":{"start":{"line":511,"column":83},"end":{"line":511,"column":109}},"type":"binary-expr","locations":[{"start":{"line":511,"column":83},"end":{"line":511,"column":104}},{"start":{"line":511,"column":108},"end":{"line":511,"column":109}}],"line":511},"48":{"loc":{"start":{"line":515,"column":23},"end":{"line":522,"column":23}},"type":"binary-expr","locations":[{"start":{"line":515,"column":23},"end":{"line":515,"column":53}},{"start":{"line":516,"column":24},"end":{"line":521,"column":33}}],"line":515},"49":{"loc":{"start":{"line":539,"column":13},"end":{"line":559,"column":13}},"type":"cond-expr","locations":[{"start":{"line":540,"column":14},"end":{"line":542,"column":20}},{"start":{"line":544,"column":14},"end":{"line":558,"column":23}}],"line":539},"50":{"loc":{"start":{"line":546,"column":23},"end":{"line":546,"column":48}},"type":"binary-expr","locations":[{"start":{"line":546,"column":23},"end":{"line":546,"column":42}},{"start":{"line":546,"column":46},"end":{"line":546,"column":48}}],"line":546},"51":{"loc":{"start":{"line":555,"column":21},"end":{"line":555,"column":72}},"type":"binary-expr","locations":[{"start":{"line":555,"column":21},"end":{"line":555,"column":39}},{"start":{"line":555,"column":43},"end":{"line":555,"column":55}},{"start":{"line":555,"column":59},"end":{"line":555,"column":72}}],"line":555},"52":{"loc":{"start":{"line":572,"column":20},"end":{"line":574,"column":89}},"type":"cond-expr","locations":[{"start":{"line":573,"column":24},"end":{"line":573,"column":62}},{"start":{"line":574,"column":24},"end":{"line":574,"column":89}}],"line":572},"53":{"loc":{"start":{"line":614,"column":7},"end":{"line":620,"column":7}},"type":"binary-expr","locations":[{"start":{"line":614,"column":7},"end":{"line":614,"column":12}},{"start":{"line":615,"column":8},"end":{"line":619,"column":10}}],"line":614}},"s":{"0":0,"1":0,"2":0,"3":0,"4":0,"5":0,"6":0,"7":0,"8":0,"9":0,"10":0,"11":0,"12":0,"13":0,"14":0,"15":0,"16":0,"17":0,"18":0,"19":0,"20":0,"21":0,"22":0,"23":0,"24":0,"25":0,"26":0,"27":0,"28":0,"29":0,"30":0,"31":0,"32":0,"33":0,"34":0,"35":0,"36":0,"37":0,"38":0,"39":0,"40":0,"41":0,"42":0,"43":0,"44":0,"45":0,"46":0,"47":0,"48":0,"49":0,"50":0,"51":0,"52":0,"53":0,"54":0,"55":0,"56":0,"57":0,"58":0,"59":0,"60":0,"61":0,"62":0,"63":0,"64":0,"65":0,"66":0,"67":0,"68":0,"69":0,"70":0,"71":0,"72":0,"73":0,"74":0,"75":0,"76":0,"77":0,"78":0,"79":0,"80":0,"81":0,"82":0,"83":0,"84":0,"85":0,"86":0,"87":0,"88":0,"89":0,"90":0,"91":0,"92":0,"93":0,"94":0,"95":0,"96":0,"97":0,"98":0,"99":0,"100":0,"101":0,"102":0,"103":0,"104":0,"105":0,"106":0,"107":0,"108":0,"109":0,"110":0,"111":0,"112":0,"113":0,"114":0,"115":0,"116":0,"117":0,"118":0,"119":0,"120":0,"121":0,"122":0,"123":0,"124":0,"125":0,"126":0},"f":{"0":0,"1":0,"2":0,"3":0,"4":0,"5":0,"6":0,"7":0,"8":0,"9":0,"10":0,"11":0,"12":0,"13":0,"14":0,"15":0,"16":0,"17":0,"18":0,"19":0,"20":0,"21":0,"22":0,"23":0,"24":0,"25":0,"26":0,"27":0,"28":0,"29":0,"30":0,"31":0,"32":0,"33":0,"34":0,"35":0,"36":0,"37":0,"38":0,"39":0,"40":0,"41":0,"42":0,"43":0,"44":0},"b":{"0":[0,0],"1":[0,0],"2":[0,0],"3":[0,0],"4":[0,0,0,0],"5":[0,0],"6":[0,0],"7":[0,0],"8":[0,0],"9":[0,0],"10":[0,0],"11":[0,0],"12":[0,0],"13":[0,0],"14":[0,0],"15":[0,0],"16":[0,0],"17":[0,0],"18":[0,0],"19":[0,0],"20":[0,0],"21":[0,0],"22":[0,0],"23":[0,0],"24":[0,0],"25":[0,0],"26":[0,0],"27":[0,0],"28":[0,0],"29":[0,0,0,0],"30":[0,0],"31":[0,0],"32":[0,0],"33":[0,0,0],"34":[0,0,0],"35":[0,0],"36":[0,0],"37":[0,0],"38":[0,0],"39":[0,0],"40":[0,0],"41":[0,0],"42":[0,0],"43":[0,0],"44":[0,0],"45":[0,0],"46":[0,0],"47":[0,0],"48":[0,0],"49":[0,0],"50":[0,0],"51":[0,0,0],"52":[0,0],"53":[0,0]}}
,"/Users/bryannakache/ici-ca-pousse-2/src/components/GradientButton.jsx": {"path":"/Users/bryannakache/ici-ca-pousse-2/src/components/GradientButton.jsx","statementMap":{"0":{"start":{"line":4,"column":23},"end":{"line":32,"column":1}},"1":{"start":{"line":18,"column":22},"end":{"line":18,"column":109}},"2":{"start":{"line":19,"column":2},"end":{"line":31,"column":4}},"3":{"start":{"line":34,"column":0},"end":{"line":46,"column":2}}},"fnMap":{"0":{"name":"(anonymous_0)","decl":{"start":{"line":4,"column":23},"end":{"line":4,"column":24}},"loc":{"start":{"line":17,"column":6},"end":{"line":32,"column":1}},"line":17}},"branchMap":{"0":{"loc":{"start":{"line":7,"column":2},"end":{"line":7,"column":16}},"type":"default-arg","locations":[{"start":{"line":7,"column":14},"end":{"line":7,"column":16}}],"line":7},"1":{"loc":{"start":{"line":8,"column":2},"end":{"line":8,"column":21}},"type":"default-arg","locations":[{"start":{"line":8,"column":9},"end":{"line":8,"column":21}}],"line":8},"2":{"loc":{"start":{"line":9,"column":2},"end":{"line":9,"column":19}},"type":"default-arg","locations":[{"start":{"line":9,"column":7},"end":{"line":9,"column":19}}],"line":9},"3":{"loc":{"start":{"line":11,"column":2},"end":{"line":11,"column":17}},"type":"default-arg","locations":[{"start":{"line":11,"column":9},"end":{"line":11,"column":17}}],"line":11},"4":{"loc":{"start":{"line":12,"column":2},"end":{"line":12,"column":13}},"type":"default-arg","locations":[{"start":{"line":12,"column":9},"end":{"line":12,"column":13}}],"line":12},"5":{"loc":{"start":{"line":13,"column":2},"end":{"line":13,"column":23}},"type":"default-arg","locations":[{"start":{"line":13,"column":11},"end":{"line":13,"column":23}}],"line":13},"6":{"loc":{"start":{"line":15,"column":2},"end":{"line":15,"column":18}},"type":"default-arg","locations":[{"start":{"line":15,"column":13},"end":{"line":15,"column":18}}],"line":15},"7":{"loc":{"start":{"line":18,"column":22},"end":{"line":18,"column":109}},"type":"cond-expr","locations":[{"start":{"line":18,"column":38},"end":{"line":18,"column":57}},{"start":{"line":18,"column":60},"end":{"line":18,"column":109}}],"line":18},"8":{"loc":{"start":{"line":18,"column":60},"end":{"line":18,"column":109}},"type":"cond-expr","locations":[{"start":{"line":18,"column":76},"end":{"line":18,"column":95}},{"start":{"line":18,"column":98},"end":{"line":18,"column":109}}],"line":18},"9":{"loc":{"start":{"line":28,"column":7},"end":{"line":28,"column":43}},"type":"binary-expr","locations":[{"start":{"line":28,"column":7},"end":{"line":28,"column":11}},{"start":{"line":28,"column":15},"end":{"line":28,"column":43}}],"line":28}},"s":{"0":0,"1":0,"2":0,"3":0},"f":{"0":0},"b":{"0":[0],"1":[0],"2":[0],"3":[0],"4":[0],"5":[0],"6":[0],"7":[0,0],"8":[0,0],"9":[0,0]}}
,"/Users/bryannakache/ici-ca-pousse-2/src/components/IconButton.jsx": {"path":"/Users/bryannakache/ici-ca-pousse-2/src/components/IconButton.jsx","statementMap":{"0":{"start":{"line":3,"column":19},"end":{"line":12,"column":1}},"1":{"start":{"line":4,"column":2},"end":{"line":11,"column":11}}},"fnMap":{"0":{"name":"(anonymous_0)","decl":{"start":{"line":3,"column":19},"end":{"line":3,"column":20}},"loc":{"start":{"line":4,"column":2},"end":{"line":11,"column":11}},"line":4}},"branchMap":{"0":{"loc":{"start":{"line":3,"column":34},"end":{"line":3,"column":48}},"type":"default-arg","locations":[{"start":{"line":3,"column":46},"end":{"line":3,"column":48}}],"line":3},"1":{"loc":{"start":{"line":10,"column":5},"end":{"line":10,"column":41}},"type":"binary-expr","locations":[{"start":{"line":10,"column":5},"end":{"line":10,"column":9}},{"start":{"line":10,"column":13},"end":{"line":10,"column":41}}],"line":10}},"s":{"0":0,"1":0},"f":{"0":0},"b":{"0":[0],"1":[0,0]}}
,"/Users/bryannakache/ici-ca-pousse-2/src/components/MigrationPrompt.jsx": {"path":"/Users/bryannakache/ici-ca-pousse-2/src/components/MigrationPrompt.jsx","statementMap":{"0":{"start":{"line":4,"column":24},"end":{"line":25,"column":1}},"1":{"start":{"line":5,"column":2},"end":{"line":24,"column":8}},"2":{"start":{"line":27,"column":0},"end":{"line":30,"column":2}}},"fnMap":{"0":{"name":"(anonymous_0)","decl":{"start":{"line":4,"column":24},"end":{"line":4,"column":25}},"loc":{"start":{"line":5,"column":2},"end":{"line":24,"column":8}},"line":5}},"branchMap":{},"s":{"0":0,"1":0,"2":0},"f":{"0":0},"b":{}}
,"/Users/bryannakache/ici-ca-pousse-2/src/components/Notifications.jsx": {"path":"/Users/bryannakache/ici-ca-pousse-2/src/components/Notifications.jsx","statementMap":{"0":{"start":{"line":6,"column":22},"end":{"line":158,"column":1}},"1":{"start":{"line":15,"column":6},"end":{"line":15,"column":28}},"2":{"start":{"line":16,"column":32},"end":{"line":16,"column":47}},"3":{"start":{"line":18,"column":30},"end":{"line":31,"column":3}},"4":{"start":{"line":19,"column":4},"end":{"line":30,"column":5}},"5":{"start":{"line":21,"column":8},"end":{"line":21,"column":59}},"6":{"start":{"line":23,"column":8},"end":{"line":23,"column":62}},"7":{"start":{"line":25,"column":8},"end":{"line":25,"column":58}},"8":{"start":{"line":27,"column":8},"end":{"line":27,"column":60}},"9":{"start":{"line":29,"column":8},"end":{"line":29,"column":58}},"10":{"start":{"line":33,"column":31},"end":{"line":46,"column":3}},"11":{"start":{"line":34,"column":4},"end":{"line":45,"column":5}},"12":{"start":{"line":36,"column":8},"end":{"line":36,"column":50}},"13":{"start":{"line":38,"column":8},"end":{"line":38,"column":50}},"14":{"start":{"line":40,"column":8},"end":{"line":40,"column":46}},"15":{"start":{"line":42,"column":8},"end":{"line":42,"column":48}},"16":{"start":{"line":44,"column":8},"end":{"line":44,"column":46}},"17":{"start":{"line":48,"column":33},"end":{"line":48,"column":84}},"18":{"start":{"line":50,"column":2},"end":{"line":59,"column":3}},"19":{"start":{"line":51,"column":4},"end":{"line":58,"column":6}},"20":{"start":{"line":61,"column":2},"end":{"line":157,"column":4}},"21":{"start":{"line":91,"column":42},"end":{"line":91,"column":74}},"22":{"start":{"line":92,"column":12},"end":{"line":141,"column":14}},"23":{"start":{"line":123,"column":41},"end":{"line":123,"column":68}},"24":{"start":{"line":131,"column":39},"end":{"line":131,"column":74}},"25":{"start":{"line":147,"column":31},"end":{"line":147,"column":51}}},"fnMap":{"0":{"name":"(anonymous_0)","decl":{"start":{"line":6,"column":22},"end":{"line":6,"column":23}},"loc":{"start":{"line":6,"column":36},"end":{"line":158,"column":1}},"line":6},"1":{"name":"(anonymous_1)","decl":{"start":{"line":18,"column":30},"end":{"line":18,"column":31}},"loc":{"start":{"line":18,"column":40},"end":{"line":31,"column":3}},"line":18},"2":{"name":"(anonymous_2)","decl":{"start":{"line":33,"column":31},"end":{"line":33,"column":32}},"loc":{"start":{"line":33,"column":41},"end":{"line":46,"column":3}},"line":33},"3":{"name":"(anonymous_3)","decl":{"start":{"line":90,"column":38},"end":{"line":90,"column":39}},"loc":{"start":{"line":90,"column":54},"end":{"line":142,"column":11}},"line":90},"4":{"name":"(anonymous_4)","decl":{"start":{"line":123,"column":35},"end":{"line":123,"column":36}},"loc":{"start":{"line":123,"column":41},"end":{"line":123,"column":68}},"line":123},"5":{"name":"(anonymous_5)","decl":{"start":{"line":131,"column":33},"end":{"line":131,"column":34}},"loc":{"start":{"line":131,"column":39},"end":{"line":131,"column":74}},"line":131},"6":{"name":"(anonymous_6)","decl":{"start":{"line":147,"column":25},"end":{"line":147,"column":26}},"loc":{"start":{"line":147,"column":31},"end":{"line":147,"column":51}},"line":147}},"branchMap":{"0":{"loc":{"start":{"line":19,"column":4},"end":{"line":30,"column":5}},"type":"switch","locations":[{"start":{"line":20,"column":6},"end":{"line":21,"column":59}},{"start":{"line":22,"column":6},"end":{"line":23,"column":62}},{"start":{"line":24,"column":6},"end":{"line":25,"column":58}},{"start":{"line":26,"column":6},"end":{"line":27,"column":60}},{"start":{"line":28,"column":6},"end":{"line":29,"column":58}}],"line":19},"1":{"loc":{"start":{"line":34,"column":4},"end":{"line":45,"column":5}},"type":"switch","locations":[{"start":{"line":35,"column":6},"end":{"line":36,"column":50}},{"start":{"line":37,"column":6},"end":{"line":38,"column":50}},{"start":{"line":39,"column":6},"end":{"line":40,"column":46}},{"start":{"line":41,"column":6},"end":{"line":42,"column":48}},{"start":{"line":43,"column":6},"end":{"line":44,"column":46}}],"line":34},"2":{"loc":{"start":{"line":48,"column":33},"end":{"line":48,"column":84}},"type":"cond-expr","locations":[{"start":{"line":48,"column":43},"end":{"line":48,"column":56}},{"start":{"line":48,"column":59},"end":{"line":48,"column":84}}],"line":48},"3":{"loc":{"start":{"line":50,"column":2},"end":{"line":59,"column":3}},"type":"if","locations":[{"start":{"line":50,"column":2},"end":{"line":59,"column":3}},{"start":{},"end":{}}],"line":50},"4":{"loc":{"start":{"line":65,"column":9},"end":{"line":77,"column":9}},"type":"binary-expr","locations":[{"start":{"line":65,"column":9},"end":{"line":65,"column":24}},{"start":{"line":66,"column":10},"end":{"line":76,"column":16}}],"line":65},"5":{"loc":{"start":{"line":80,"column":7},"end":{"line":155,"column":7}},"type":"cond-expr","locations":[{"start":{"line":81,"column":8},"end":{"line":87,"column":15}},{"start":{"line":89,"column":8},"end":{"line":154,"column":14}}],"line":80},"6":{"loc":{"start":{"line":96,"column":18},"end":{"line":96,"column":66}},"type":"cond-expr","locations":[{"start":{"line":96,"column":39},"end":{"line":96,"column":61}},{"start":{"line":96,"column":64},"end":{"line":96,"column":66}}],"line":96},"7":{"loc":{"start":{"line":112,"column":25},"end":{"line":114,"column":25}},"type":"binary-expr","locations":[{"start":{"line":112,"column":25},"end":{"line":112,"column":43}},{"start":{"line":113,"column":26},"end":{"line":113,"column":82}}],"line":112},"8":{"loc":{"start":{"line":121,"column":23},"end":{"line":129,"column":23}},"type":"binary-expr","locations":[{"start":{"line":121,"column":23},"end":{"line":121,"column":41}},{"start":{"line":122,"column":24},"end":{"line":128,"column":33}}],"line":121},"9":{"loc":{"start":{"line":144,"column":11},"end":{"line":153,"column":11}},"type":"binary-expr","locations":[{"start":{"line":144,"column":11},"end":{"line":144,"column":35}},{"start":{"line":145,"column":12},"end":{"line":152,"column":18}}],"line":144},"10":{"loc":{"start":{"line":150,"column":17},"end":{"line":150,"column":81}},"type":"cond-expr","locations":[{"start":{"line":150,"column":27},"end":{"line":150,"column":39}},{"start":{"line":150,"column":42},"end":{"line":150,"column":81}}],"line":150}},"s":{"0":0,"1":0,"2":0,"3":0,"4":0,"5":0,"6":0,"7":0,"8":0,"9":0,"10":0,"11":0,"12":0,"13":0,"14":0,"15":0,"16":0,"17":0,"18":0,"19":0,"20":0,"21":0,"22":0,"23":0,"24":0,"25":0},"f":{"0":0,"1":0,"2":0,"3":0,"4":0,"5":0,"6":0},"b":{"0":[0,0,0,0,0],"1":[0,0,0,0,0],"2":[0,0],"3":[0,0],"4":[0,0],"5":[0,0],"6":[0,0],"7":[0,0],"8":[0,0],"9":[0,0],"10":[0,0]}}
,"/Users/bryannakache/ici-ca-pousse-2/src/components/PWAInstallButton.jsx": {"path":"/Users/bryannakache/ici-ca-pousse-2/src/components/PWAInstallButton.jsx","statementMap":{"0":{"start":{"line":7,"column":2},"end":{"line":10,"column":4}},"1":{"start":{"line":13,"column":2},"end":{"line":16,"column":4}},"2":{"start":{"line":19,"column":25},"end":{"line":58,"column":1}},"3":{"start":{"line":20,"column":53},"end":{"line":20,"column":61}},"4":{"start":{"line":21,"column":22},"end":{"line":21,"column":38}},"5":{"start":{"line":24,"column":2},"end":{"line":38,"column":3}},"6":{"start":{"line":25,"column":4},"end":{"line":37,"column":6}},"7":{"start":{"line":41,"column":2},"end":{"line":41,"column":49}},"8":{"start":{"line":41,"column":37},"end":{"line":41,"column":49}},"9":{"start":{"line":43,"column":2},"end":{"line":57,"column":4}}},"fnMap":{"0":{"name":"isIOS","decl":{"start":{"line":6,"column":9},"end":{"line":6,"column":14}},"loc":{"start":{"line":6,"column":17},"end":{"line":11,"column":1}},"line":6},"1":{"name":"isInStandaloneMode","decl":{"start":{"line":12,"column":9},"end":{"line":12,"column":27}},"loc":{"start":{"line":12,"column":30},"end":{"line":17,"column":1}},"line":12},"2":{"name":"(anonymous_2)","decl":{"start":{"line":19,"column":25},"end":{"line":19,"column":26}},"loc":{"start":{"line":19,"column":31},"end":{"line":58,"column":1}},"line":19}},"branchMap":{"0":{"loc":{"start":{"line":8,"column":4},"end":{"line":9,"column":20}},"type":"binary-expr","locations":[{"start":{"line":8,"column":4},"end":{"line":8,"column":56}},{"start":{"line":9,"column":4},"end":{"line":9,"column":20}}],"line":8},"1":{"loc":{"start":{"line":14,"column":4},"end":{"line":15,"column":40}},"type":"binary-expr","locations":[{"start":{"line":14,"column":4},"end":{"line":14,"column":59}},{"start":{"line":15,"column":4},"end":{"line":15,"column":40}}],"line":14},"2":{"loc":{"start":{"line":24,"column":2},"end":{"line":38,"column":3}},"type":"if","locations":[{"start":{"line":24,"column":2},"end":{"line":38,"column":3}},{"start":{},"end":{}}],"line":24},"3":{"loc":{"start":{"line":24,"column":6},"end":{"line":24,"column":54}},"type":"binary-expr","locations":[{"start":{"line":24,"column":6},"end":{"line":24,"column":13}},{"start":{"line":24,"column":17},"end":{"line":24,"column":38}},{"start":{"line":24,"column":42},"end":{"line":24,"column":54}}],"line":24},"4":{"loc":{"start":{"line":32,"column":11},"end":{"line":34,"column":78}},"type":"cond-expr","locations":[{"start":{"line":33,"column":14},"end":{"line":33,"column":102}},{"start":{"line":34,"column":14},"end":{"line":34,"column":78}}],"line":32},"5":{"loc":{"start":{"line":41,"column":2},"end":{"line":41,"column":49}},"type":"if","locations":[{"start":{"line":41,"column":2},"end":{"line":41,"column":49}},{"start":{},"end":{}}],"line":41},"6":{"loc":{"start":{"line":41,"column":6},"end":{"line":41,"column":35}},"type":"binary-expr","locations":[{"start":{"line":41,"column":6},"end":{"line":41,"column":17}},{"start":{"line":41,"column":21},"end":{"line":41,"column":35}}],"line":41},"7":{"loc":{"start":{"line":52,"column":9},"end":{"line":54,"column":46}},"type":"cond-expr","locations":[{"start":{"line":53,"column":12},"end":{"line":53,"column":55}},{"start":{"line":54,"column":12},"end":{"line":54,"column":46}}],"line":52}},"s":{"0":0,"1":0,"2":0,"3":0,"4":0,"5":0,"6":0,"7":0,"8":0,"9":0},"f":{"0":0,"1":0,"2":0},"b":{"0":[0,0],"1":[0,0],"2":[0,0],"3":[0,0,0],"4":[0,0],"5":[0,0],"6":[0,0],"7":[0,0]}}
,"/Users/bryannakache/ici-ca-pousse-2/src/components/PageTransition.jsx": {"path":"/Users/bryannakache/ici-ca-pousse-2/src/components/PageTransition.jsx","statementMap":{"0":{"start":{"line":3,"column":23},"end":{"line":18,"column":1}},"1":{"start":{"line":4,"column":2},"end":{"line":17,"column":4}}},"fnMap":{"0":{"name":"(anonymous_0)","decl":{"start":{"line":3,"column":23},"end":{"line":3,"column":24}},"loc":{"start":{"line":3,"column":67},"end":{"line":18,"column":1}},"line":3}},"branchMap":{"0":{"loc":{"start":{"line":3,"column":46},"end":{"line":3,"column":60}},"type":"default-arg","locations":[{"start":{"line":3,"column":58},"end":{"line":3,"column":60}}],"line":3},"1":{"loc":{"start":{"line":7,"column":8},"end":{"line":9,"column":74}},"type":"cond-expr","locations":[{"start":{"line":8,"column":12},"end":{"line":8,"column":59}},{"start":{"line":9,"column":12},"end":{"line":9,"column":74}}],"line":7},"2":{"loc":{"start":{"line":12,"column":17},"end":{"line":12,"column":44}},"type":"cond-expr","locations":[{"start":{"line":12,"column":28},"end":{"line":12,"column":35}},{"start":{"line":12,"column":38},"end":{"line":12,"column":44}}],"line":12}},"s":{"0":0,"1":0},"f":{"0":0},"b":{"0":[0],"1":[0,0],"2":[0,0]}}
,"/Users/bryannakache/ici-ca-pousse-2/src/components/StreakCounter.jsx": {"path":"/Users/bryannakache/ici-ca-pousse-2/src/components/StreakCounter.jsx","statementMap":{"0":{"start":{"line":6,"column":2},"end":{"line":6,"column":46}},"1":{"start":{"line":6,"column":21},"end":{"line":6,"column":46}},"2":{"start":{"line":7,"column":2},"end":{"line":7,"column":45}},"3":{"start":{"line":7,"column":20},"end":{"line":7,"column":45}},"4":{"start":{"line":8,"column":2},"end":{"line":8,"column":40}},"5":{"start":{"line":8,"column":19},"end":{"line":8,"column":40}},"6":{"start":{"line":9,"column":2},"end":{"line":9,"column":42}},"7":{"start":{"line":9,"column":19},"end":{"line":9,"column":42}},"8":{"start":{"line":10,"column":2},"end":{"line":10,"column":41}},"9":{"start":{"line":10,"column":18},"end":{"line":10,"column":41}},"10":{"start":{"line":11,"column":2},"end":{"line":11,"column":12}},"11":{"start":{"line":14,"column":22},"end":{"line":42,"column":1}},"12":{"start":{"line":15,"column":44},"end":{"line":15,"column":60}},"13":{"start":{"line":17,"column":2},"end":{"line":31,"column":30}},"14":{"start":{"line":18,"column":4},"end":{"line":30,"column":5}},"15":{"start":{"line":19,"column":20},"end":{"line":19,"column":33}},"16":{"start":{"line":20,"column":20},"end":{"line":26,"column":12}},"17":{"start":{"line":21,"column":8},"end":{"line":21,"column":18}},"18":{"start":{"line":22,"column":8},"end":{"line":22,"column":34}},"19":{"start":{"line":23,"column":8},"end":{"line":25,"column":9}},"20":{"start":{"line":24,"column":10},"end":{"line":24,"column":31}},"21":{"start":{"line":27,"column":6},"end":{"line":27,"column":40}},"22":{"start":{"line":27,"column":19},"end":{"line":27,"column":39}},"23":{"start":{"line":29,"column":6},"end":{"line":29,"column":31}},"24":{"start":{"line":33,"column":2},"end":{"line":41,"column":4}},"25":{"start":{"line":44,"column":0},"end":{"line":47,"column":2}}},"fnMap":{"0":{"name":"getStreakMessage","decl":{"start":{"line":5,"column":9},"end":{"line":5,"column":25}},"loc":{"start":{"line":5,"column":34},"end":{"line":12,"column":1}},"line":5},"1":{"name":"(anonymous_1)","decl":{"start":{"line":14,"column":22},"end":{"line":14,"column":23}},"loc":{"start":{"line":14,"column":54},"end":{"line":42,"column":1}},"line":14},"2":{"name":"(anonymous_2)","decl":{"start":{"line":17,"column":12},"end":{"line":17,"column":13}},"loc":{"start":{"line":17,"column":18},"end":{"line":31,"column":3}},"line":17},"3":{"name":"(anonymous_3)","decl":{"start":{"line":20,"column":32},"end":{"line":20,"column":33}},"loc":{"start":{"line":20,"column":38},"end":{"line":26,"column":7}},"line":20},"4":{"name":"(anonymous_4)","decl":{"start":{"line":27,"column":13},"end":{"line":27,"column":14}},"loc":{"start":{"line":27,"column":19},"end":{"line":27,"column":39}},"line":27}},"branchMap":{"0":{"loc":{"start":{"line":6,"column":2},"end":{"line":6,"column":46}},"type":"if","locations":[{"start":{"line":6,"column":2},"end":{"line":6,"column":46}},{"start":{},"end":{}}],"line":6},"1":{"loc":{"start":{"line":7,"column":2},"end":{"line":7,"column":45}},"type":"if","locations":[{"start":{"line":7,"column":2},"end":{"line":7,"column":45}},{"start":{},"end":{}}],"line":7},"2":{"loc":{"start":{"line":8,"column":2},"end":{"line":8,"column":40}},"type":"if","locations":[{"start":{"line":8,"column":2},"end":{"line":8,"column":40}},{"start":{},"end":{}}],"line":8},"3":{"loc":{"start":{"line":9,"column":2},"end":{"line":9,"column":42}},"type":"if","locations":[{"start":{"line":9,"column":2},"end":{"line":9,"column":42}},{"start":{},"end":{}}],"line":9},"4":{"loc":{"start":{"line":10,"column":2},"end":{"line":10,"column":41}},"type":"if","locations":[{"start":{"line":10,"column":2},"end":{"line":10,"column":41}},{"start":{},"end":{}}],"line":10},"5":{"loc":{"start":{"line":14,"column":33},"end":{"line":14,"column":47}},"type":"default-arg","locations":[{"start":{"line":14,"column":45},"end":{"line":14,"column":47}}],"line":14},"6":{"loc":{"start":{"line":18,"column":4},"end":{"line":30,"column":5}},"type":"if","locations":[{"start":{"line":18,"column":4},"end":{"line":30,"column":5}},{"start":{"line":28,"column":11},"end":{"line":30,"column":5}}],"line":18},"7":{"loc":{"start":{"line":23,"column":8},"end":{"line":25,"column":9}},"type":"if","locations":[{"start":{"line":23,"column":8},"end":{"line":25,"column":9}},{"start":{},"end":{}}],"line":23},"8":{"loc":{"start":{"line":37,"column":7},"end":{"line":39,"column":7}},"type":"binary-expr","locations":[{"start":{"line":37,"column":7},"end":{"line":37,"column":31}},{"start":{"line":38,"column":8},"end":{"line":38,"column":133}}],"line":37}},"s":{"0":0,"1":0,"2":0,"3":0,"4":0,"5":0,"6":0,"7":0,"8":0,"9":0,"10":0,"11":0,"12":0,"13":0,"14":0,"15":0,"16":0,"17":0,"18":0,"19":0,"20":0,"21":0,"22":0,"23":0,"24":0,"25":0},"f":{"0":0,"1":0,"2":0,"3":0,"4":0},"b":{"0":[0,0],"1":[0,0],"2":[0,0],"3":[0,0],"4":[0,0],"5":[0],"6":[0,0],"7":[0,0],"8":[0,0]}}
,"/Users/bryannakache/ici-ca-pousse-2/src/components/Toast.jsx": {"path":"/Users/bryannakache/ici-ca-pousse-2/src/components/Toast.jsx","statementMap":{"0":{"start":{"line":4,"column":14},"end":{"line":16,"column":1}},"1":{"start":{"line":5,"column":2},"end":{"line":5,"column":25}},"2":{"start":{"line":5,"column":13},"end":{"line":5,"column":25}},"3":{"start":{"line":6,"column":2},"end":{"line":15,"column":4}},"4":{"start":{"line":18,"column":0},"end":{"line":23,"column":2}}},"fnMap":{"0":{"name":"(anonymous_0)","decl":{"start":{"line":4,"column":14},"end":{"line":4,"column":15}},"loc":{"start":{"line":4,"column":81},"end":{"line":16,"column":1}},"line":4}},"branchMap":{"0":{"loc":{"start":{"line":4,"column":32},"end":{"line":4,"column":48}},"type":"default-arg","locations":[{"start":{"line":4,"column":39},"end":{"line":4,"column":48}}],"line":4},"1":{"loc":{"start":{"line":4,"column":50},"end":{"line":4,"column":64}},"type":"default-arg","locations":[{"start":{"line":4,"column":62},"end":{"line":4,"column":64}}],"line":4},"2":{"loc":{"start":{"line":5,"column":2},"end":{"line":5,"column":25}},"type":"if","locations":[{"start":{"line":5,"column":2},"end":{"line":5,"column":25}},{"start":{},"end":{}}],"line":5},"3":{"loc":{"start":{"line":8,"column":145},"end":{"line":8,"column":263}},"type":"cond-expr","locations":[{"start":{"line":8,"column":166},"end":{"line":8,"column":215}},{"start":{"line":8,"column":218},"end":{"line":8,"column":263}}],"line":8}},"s":{"0":0,"1":0,"2":0,"3":0,"4":0},"f":{"0":0},"b":{"0":[0],"1":[0],"2":[0,0],"3":[0,0]}}
,"/Users/bryannakache/ici-ca-pousse-2/src/components/Badges/Badges.jsx": {"path":"/Users/bryannakache/ici-ca-pousse-2/src/components/Badges/Badges.jsx","statementMap":{"0":{"start":{"line":5,"column":28},"end":{"line":569,"column":1}},"1":{"start":{"line":573,"column":17},"end":{"line":573,"column":35}},"2":{"start":{"line":574,"column":2},"end":{"line":574,"column":27}},"3":{"start":{"line":574,"column":15},"end":{"line":574,"column":27}},"4":{"start":{"line":576,"column":22},"end":{"line":581,"column":3}},"5":{"start":{"line":583,"column":2},"end":{"line":590,"column":4}},"6":{"start":{"line":595,"column":2},"end":{"line":595,"column":50}},"7":{"start":{"line":595,"column":38},"end":{"line":595,"column":50}},"8":{"start":{"line":597,"column":26},"end":{"line":597,"column":53}},"9":{"start":{"line":598,"column":25},"end":{"line":598,"column":51}},"10":{"start":{"line":600,"column":2},"end":{"line":611,"column":4}},"11":{"start":{"line":603,"column":8},"end":{"line":603,"column":54}},"12":{"start":{"line":616,"column":2},"end":{"line":616,"column":50}},"13":{"start":{"line":616,"column":38},"end":{"line":616,"column":50}},"14":{"start":{"line":618,"column":2},"end":{"line":640,"column":4}},"15":{"start":{"line":623,"column":25},"end":{"line":623,"column":44}},"16":{"start":{"line":624,"column":10},"end":{"line":624,"column":35}},"17":{"start":{"line":624,"column":23},"end":{"line":624,"column":35}},"18":{"start":{"line":626,"column":10},"end":{"line":636,"column":12}}},"fnMap":{"0":{"name":"Badge","decl":{"start":{"line":572,"column":9},"end":{"line":572,"column":14}},"loc":{"start":{"line":572,"column":38},"end":{"line":591,"column":1}},"line":572},"1":{"name":"BadgeList","decl":{"start":{"line":594,"column":9},"end":{"line":594,"column":18}},"loc":{"start":{"line":594,"column":65},"end":{"line":612,"column":1}},"line":594},"2":{"name":"(anonymous_2)","decl":{"start":{"line":602,"column":27},"end":{"line":602,"column":28}},"loc":{"start":{"line":603,"column":8},"end":{"line":603,"column":54}},"line":603},"3":{"name":"BadgeTooltip","decl":{"start":{"line":615,"column":9},"end":{"line":615,"column":21}},"loc":{"start":{"line":615,"column":39},"end":{"line":641,"column":1}},"line":615},"4":{"name":"(anonymous_4)","decl":{"start":{"line":622,"column":20},"end":{"line":622,"column":21}},"loc":{"start":{"line":622,"column":38},"end":{"line":637,"column":9}},"line":622}},"branchMap":{"0":{"loc":{"start":{"line":572,"column":23},"end":{"line":572,"column":34}},"type":"default-arg","locations":[{"start":{"line":572,"column":30},"end":{"line":572,"column":34}}],"line":572},"1":{"loc":{"start":{"line":574,"column":2},"end":{"line":574,"column":27}},"type":"if","locations":[{"start":{"line":574,"column":2},"end":{"line":574,"column":27}},{"start":{},"end":{}}],"line":574},"2":{"loc":{"start":{"line":594,"column":21},"end":{"line":594,"column":32}},"type":"default-arg","locations":[{"start":{"line":594,"column":30},"end":{"line":594,"column":32}}],"line":594},"3":{"loc":{"start":{"line":594,"column":34},"end":{"line":594,"column":45}},"type":"default-arg","locations":[{"start":{"line":594,"column":41},"end":{"line":594,"column":45}}],"line":594},"4":{"loc":{"start":{"line":594,"column":47},"end":{"line":594,"column":61}},"type":"default-arg","locations":[{"start":{"line":594,"column":60},"end":{"line":594,"column":61}}],"line":594},"5":{"loc":{"start":{"line":595,"column":2},"end":{"line":595,"column":50}},"type":"if","locations":[{"start":{"line":595,"column":2},"end":{"line":595,"column":50}},{"start":{},"end":{}}],"line":595},"6":{"loc":{"start":{"line":595,"column":6},"end":{"line":595,"column":36}},"type":"binary-expr","locations":[{"start":{"line":595,"column":6},"end":{"line":595,"column":13}},{"start":{"line":595,"column":17},"end":{"line":595,"column":36}}],"line":595},"7":{"loc":{"start":{"line":605,"column":7},"end":{"line":609,"column":7}},"type":"binary-expr","locations":[{"start":{"line":605,"column":7},"end":{"line":605,"column":25}},{"start":{"line":606,"column":8},"end":{"line":608,"column":14}}],"line":605},"8":{"loc":{"start":{"line":606,"column":27},"end":{"line":606,"column":66}},"type":"cond-expr","locations":[{"start":{"line":606,"column":43},"end":{"line":606,"column":52}},{"start":{"line":606,"column":55},"end":{"line":606,"column":66}}],"line":606},"9":{"loc":{"start":{"line":615,"column":24},"end":{"line":615,"column":35}},"type":"default-arg","locations":[{"start":{"line":615,"column":33},"end":{"line":615,"column":35}}],"line":615},"10":{"loc":{"start":{"line":616,"column":2},"end":{"line":616,"column":50}},"type":"if","locations":[{"start":{"line":616,"column":2},"end":{"line":616,"column":50}},{"start":{},"end":{}}],"line":616},"11":{"loc":{"start":{"line":616,"column":6},"end":{"line":616,"column":36}},"type":"binary-expr","locations":[{"start":{"line":616,"column":6},"end":{"line":616,"column":13}},{"start":{"line":616,"column":17},"end":{"line":616,"column":36}}],"line":616},"12":{"loc":{"start":{"line":624,"column":10},"end":{"line":624,"column":35}},"type":"if","locations":[{"start":{"line":624,"column":10},"end":{"line":624,"colu
[...]
nymous_22)","decl":{"start":{"line":116,"column":48},"end":{"line":116,"column":49}},"loc":{"start":{"line":116,"column":53},"end":{"line":116,"column":64}},"line":116},"23":{"name":"getPreferredWorkoutTime","decl":{"start":{"line":128,"column":16},"end":{"line":128,"column":39}},"loc":{"start":{"line":128,"column":50},"end":{"line":140,"column":1}},"line":128},"24":{"name":"(anonymous_24)","decl":{"start":{"line":137,"column":22},"end":{"line":137,"column":23}},"loc":{"start":{"line":138,"column":4},"end":{"line":138,"column":49}},"line":138},"25":{"name":"getAverageDurationByTime","decl":{"start":{"line":143,"column":16},"end":{"line":143,"column":40}},"loc":{"start":{"line":143,"column":51},"end":{"line":176,"column":1}},"line":143},"26":{"name":"(anonymous_26)","decl":{"start":{"line":151,"column":19},"end":{"line":151,"column":20}},"loc":{"start":{"line":151,"column":30},"end":{"line":168,"column":3}},"line":151},"27":{"name":"getWorkoutsForDateRange","decl":{"start":{"line":179,"column":16},"end":{"line":179,"column":39}},"loc":{"start":{"line":179,"column":70},"end":{"line":186,"column":1}},"line":179},"28":{"name":"(anonymous_28)","decl":{"start":{"line":182,"column":25},"end":{"line":182,"column":26}},"loc":{"start":{"line":182,"column":36},"end":{"line":185,"column":3}},"line":182},"29":{"name":"cleanWorkoutForFirestore","decl":{"start":{"line":189,"column":16},"end":{"line":189,"column":40}},"loc":{"start":{"line":189,"column":50},"end":{"line":210,"column":1}},"line":189},"30":{"name":"(anonymous_30)","decl":{"start":{"line":193,"column":22},"end":{"line":193,"column":23}},"loc":{"start":{"line":193,"column":31},"end":{"line":207,"column":3}},"line":193},"31":{"name":"(anonymous_31)","decl":{"start":{"line":197,"column":41},"end":{"line":197,"column":42}},"loc":{"start":{"line":197,"column":49},"end":{"line":197,"column":84}},"line":197}},"branchMap":{"0":{"loc":{"start":{"line":9,"column":2},"end":{"line":9,"column":28}},"type":"if","locations":[{"start":{"line":9,"column":2},"end":{"line":9,"column":28}},{"start":{},"end":{}}],"line":9},"1":{"loc":{"start":{"line":14,"column":57},"end":{"line":14,"column":78}},"type":"default-arg","locations":[{"start":{"line":14,"column":69},"end":{"line":14,"column":78}}],"line":14},"2":{"loc":{"start":{"line":14,"column":80},"end":{"line":14,"column":96}},"type":"default-arg","locations":[{"start":{"line":14,"column":92},"end":{"line":14,"column":96}}],"line":14},"3":{"loc":{"start":{"line":14,"column":98},"end":{"line":14,"column":112}},"type":"default-arg","locations":[{"start":{"line":14,"column":108},"end":{"line":14,"column":112}}],"line":14},"4":{"loc":{"start":{"line":15,"column":2},"end":{"line":15,"column":56}},"type":"if","locations":[{"start":{"line":15,"column":2},"end":{"line":15,"column":56}},{"start":{},"end":{}}],"line":15},"5":{"loc":{"start":{"line":15,"column":6},"end":{"line":15,"column":42}},"type":"binary-expr","locations":[{"start":{"line":15,"column":6},"end":{"line":15,"column":16}},{"start":{"line":15,"column":20},"end":{"line":15,"column":42}}],"line":15},"6":{"loc":{"start":{"line":19,"column":8},"end":{"line":19,"column":33}},"type":"binary-expr","locations":[{"start":{"line":19,"column":8},"end":{"line":19,"column":19}},{"start":{"line":19,"column":23},"end":{"line":19,"column":33}}],"line":19},"7":{"loc":{"start":{"line":20,"column":10},"end":{"line":20,"column":46}},"type":"binary-expr","locations":[{"start":{"line":20,"column":10},"end":{"line":20,"column":23}},{"start":{"line":20,"column":27},"end":{"line":20,"column":46}}],"line":20},"8":{"loc":{"start":{"line":21,"column":10},"end":{"line":21,"column":35}},"type":"binary-expr","locations":[{"start":{"line":21,"column":10},"end":{"line":21,"column":23}},{"start":{"line":21,"column":27},"end":{"line":21,"column":35}}],"line":21},"9":{"loc":{"start":{"line":22,"column":11},"end":{"line":22,"column":65}},"type":"binary-expr","locations":[{"start":{"line":22,"column":11},"end":{"line":22,"column":24}},{"start":{"line":22,"column":28},"end":{"line":22,"column":65}}],"line":22},"10":{"loc":{"start":{"line":23,"column":12},"end":{"line":23,"column":35}},"type":"binary-expr","locations":[{"start":{"line":23,"column":12},"end":{"line":23,"column":30}},{"start":{"line":23,"column":34},"end":{"line":23,"column":35}}],"line":23},"11":{"loc":{"start":{"line":24,"column":14},"end":{"line":24,"column":39}},"type":"binary-expr","locations":[{"start":{"line":24,"column":14},"end":{"line":24,"column":34}},{"start":{"line":24,"column":38},"end":{"line":24,"column":39}}],"line":24},"12":{"loc":{"start":{"line":25,"column":16},"end":{"line":25,"column":43}},"type":"binary-expr","locations":[{"start":{"line":25,"column":16},"end":{"line":25,"column":38}},{"start":{"line":25,"column":42},"end":{"line":25,"column":43}}],"line":25},"13":{"loc":{"start":{"line":30,"column":10},"end":{"line":30,"column":56}},"type":"binary-expr","locations":[{"start":{"line":30,"column":10},"end":{"line":30,"column":14}},{"start":{"line":30,"column":18},"end":{"line":30,"column":56}}],"line":30},"14":{"loc":{"start":{"line":32,"column":14},"end":{"line":32,"column":60}},"type":"binary-expr","locations":[{"start":{"line":32,"column":14},"end":{"line":32,"column":32}},{"start":{"line":32,"column":36},"end":{"line":32,"column":60}}],"line":32},"15":{"loc":{"start":{"line":33,"column":61},"end":{"line":33,"column":81}},"type":"binary-expr","locations":[{"start":{"line":33,"column":61},"end":{"line":33,"column":76}},{"start":{"line":33,"column":80},"end":{"line":33,"column":81}}],"line":33},"16":{"loc":{"start":{"line":35,"column":13},"end":{"line":35,"column":79}},"type":"binary-expr","locations":[{"start":{"line":35,"column":13},"end":{"line":35,"column":74}},{"start":{"line":35,"column":78},"end":{"line":35,"column":79}}],"line":35},"17":{"loc":{"start":{"line":35,"column":56},"end":{"line":35,"column":69}},"type":"binary-expr","locations":[{"start":{"line":35,"column":56},"end":{"line":35,"column":64}},{"start":{"line":35,"column":68},"end":{"line":35,"column":69}}],"line":35},"18":{"loc":{"start":{"line":38,"column":13},"end":{"line":38,"column":101}},"type":"binary-expr","locations":[{"start":{"line":38,"column":13},"end":{"line":38,"column":96}},{"start":{"line":38,"column":100},"end":{"line":38,"column":101}}],"line":38},"19":{"loc":{"start":{"line":38,"column":57},"end":{"line":38,"column":72}},"type":"binary-expr","locations":[{"start":{"line":38,"column":57},"end":{"line":38,"column":67}},{"start":{"line":38,"column":71},"end":{"line":38,"column":72}}],"line":38},"20":{"loc":{"start":{"line":38,"column":77},"end":{"line":38,"column":90}},"type":"binary-expr","locations":[{"start":{"line":38,"column":77},"end":{"line":38,"column":85}},{"start":{"line":38,"column":89},"end":{"line":38,"column":90}}],"line":38},"21":{"loc":{"start":{"line":43,"column":2},"end":{"line":43,"column":40}},"type":"if","locations":[{"start":{"line":43,"column":2},"end":{"line":43,"column":40}},{"start":{},"end":{}}],"line":43},"22":{"loc":{"start":{"line":44,"column":2},"end":{"line":44,"column":47}},"type":"if","locations":[{"start":{"line":44,"column":2},"end":{"line":44,"column":47}},{"start":{},"end":{}}],"line":44},"23":{"loc":{"start":{"line":45,"column":2},"end":{"line":45,"column":41}},"type":"if","locations":[{"start":{"line":45,"column":2},"end":{"line":45,"column":41}},{"start":{},"end":{}}],"line":45},"24":{"loc":{"start":{"line":55,"column":22},"end":{"line":57,"column":7}},"type":"cond-expr","locations":[{"start":{"line":56,"column":6},"end":{"line":56,"column":82}},{"start":{"line":57,"column":6},"end":{"line":57,"column":7}}],"line":55},"25":{"loc":{"start":{"line":65,"column":9},"end":{"line":65,"column":101}},"type":"cond-expr","locations":[{"start":{"line":65,"column":13},"end":{"line":65,"column":96}},{"start":{"line":65,"column":99},"end":{"line":65,"column":101}}],"line":65},"26":{"loc":{"start":{"line":79,"column":2},"end":{"line":79,"column":114}},"type":"if","locations":[{"start":{"line":79,"column":2},"end":{"line":79,"column":114}},{"start":{},"end":{}}],"line":79},"27":{"loc":{"start":{"line":80,"column":2},"end":{"line":80,"column":105}},"type":"if","locations":[{"start":{"line":80,"column":2},"end":{"line":80,"column":105}},{"start":{},"end":{}}],"line":80},"28":{"loc":{"start":{"line":81,"column":2},"end":{"line":81,"column":108}},"type":"if","locations":[{"start":{"line":81,"column":2},"end":{"line":81,"column":108}},{"start":{},"end":{}}],"line":81},"29":{"loc":{"start":{"line":82,"column":2},"end":{"line":82,"column":108}},"type":"if","locations":[{"start":{"line":82,"column":2},"end":{"line":82,"column":108}},{"start":{},"end":{}}],"line":82},"30":{"loc":{"start":{"line":83,"column":2},"end":{"line":83,"column":102}},"type":"if","locations":[{"start":{"line":83,"column":2},"end":{"line":83,"column":102}},{"start":{},"end":{}}],"line":83},"31":{"loc":{"start":{"line":84,"column":2},"end":{"line":84,"column":103}},"type":"if","locations":[{"start":{"line":84,"column":2},"end":{"line":84,"column":103}},{"start":{},"end":{}}],"line":84},"32":{"loc":{"start":{"line":85,"column":2},"end":{"line":85,"column":117}},"type":"if","locations":[{"start":{"line":85,"column":2},"end":{"line":85,"column":117}},{"start":{},"end":{}}],"line":85},"33":{"loc":{"start":{"line":86,"column":2},"end":{"line":86,"column":112}},"type":"if","locations":[{"start":{"line":86,"column":2},"end":{"line":86,"column":112}},{"start":{},"end":{}}],"line":86},"34":{"loc":{"start":{"line":93,"column":4},"end":{"line":93,"column":35}},"type":"if","locations":[{"start":{"line":93,"column":4},"end":{"line":93,"column":35}},{"start":{},"end":{}}],"line":93},"35":{"loc":{"start":{"line":95,"column":11},"end":{"line":95,"column":33}},"type":"binary-expr","locations":[{"start":{"line":95,"column":11},"end":{"line":95,"column":20}},{"start":{"line":95,"column":24},"end":{"line":95,"column":33}}],"line":95},"36":{"loc":{"start":{"line":99,"column":4},"end":{"line":99,"column":35}},"type":"if","locations":[{"start":{"line":99,"column":4},"end":{"line":99,"column":35}},{"start":{},"end":{}}],"line":99},"37":{"loc":{"start":{"line":101,"column":11},"end":{"line":101,"column":34}},"type":"binary-expr","locations":[{"start":{"line":101,"column":11},"end":{"line":101,"column":21}},{"start":{"line":101,"column":25},"end":{"line":101,"column":34}}],"line":101},"38":{"loc":{"start":{"line":105,"column":4},"end":{"line":105,"column":35}},"type":"if","locations":[{"start":{"line":105,"column":4},"end":{"line":105,"column":35}},{"start":{},"end":{}}],"line":105},"39":{"loc":{"start":{"line":107,"column":11},"end":{"line":107,"column":34}},"type":"binary-expr","locations":[{"start":{"line":107,"column":11},"end":{"line":107,"column":21}},{"start":{"line":107,"column":25},"end":{"line":107,"column":34}}],"line":107},"40":{"loc":{"start":{"line":111,"column":4},"end":{"line":111,"column":35}},"type":"if","locations":[{"start":{"line":111,"column":4},"end":{"line":111,"column":35}},{"start":{},"end":{}}],"line":111},"41":{"loc":{"start":{"line":113,"column":11},"end":{"line":113,"column":33}},"type":"binary-expr","locations":[{"start":{"line":113,"column":11},"end":{"line":113,"column":21}},{"start":{"line":113,"column":25},"end":{"line":113,"column":33}}],"line":113},"42":{"loc":{"start":{"line":119,"column":51},"end":{"line":119,"column":142}},"type":"cond-expr","locations":[{"start":{"line":119,"column":79},"end":{"line":119,"column":138}},{"start":{"line":119,"column":141},"end":{"line":119,"column":142}}],"line":119},"43":{"loc":{"start":{"line":120,"column":55},"end":{"line":120,"column":148}},"type":"cond-expr","locations":[{"start":{"line":120,"column":83},"end":{"line":120,"column":144}},{"start":{"line":120,"column":147},"end":{"line":120,"column":148}}],"line":120},"44":{"loc":{"start":{"line":121,"column":51},"end":{"line":121,"column":142}},"type":"cond-expr","locations":[{"start":{"line":121,"column":79},"end":{"line":121,"column":138}},{"start":{"line":121,"column":141},"end":{"line":121,"column":142}}],"line":121},"45":{"loc":{"start":{"line":122,"column":47},"end":{"line":122,"column":136}},"type":"cond-expr","locations":[{"start":{"line":122,"column":75},"end":{"line":122,"column":132}},{"start":{"line":122,"column":135},"end":{"line":122,"column":136}}],"line":122},"46":{"loc":{"start":{"line":138,"column":4},"end":{"line":138,"column":49}},"type":"cond-expr","locations":[{"start":{"line":138,"column":35},"end":{"line":138,"column":42}},{"start":{"line":138,"column":45},"end":{"line":138,"column":49}}],"line":138},"47":{"loc":{"start":{"line":152,"column":4},"end":{"line":152,"column":56}},"type":"if","locations":[{"start":{"line":152,"column":4},"end":{"line":152,"column":56}},{"start":{},"end":{}}],"line":152},"48":{"loc":{"start":{"line":152,"column":8},"end":{"line":152,"column":47}},"type":"binary-expr","locations":[{"start":{"line":152,"column":8},"end":{"line":152,"column":26}},{"start":{"line":152,"column":30},"end":{"line":152,"column":47}}],"line":152},"49":{"loc":{"start":{"line":155,"column":4},"end":{"line":167,"column":5}},"type":"if","locations":[{"start":{"line":155,"column":4},"end":{"line":167,"column":5}},{"start":{"line":158,"column":11},"end":{"line":167,"column":5}}],"line":155},"50":{"loc":{"start":{"line":155,"column":8},"end":{"line":155,"column":30}},"type":"binary-expr","locations":[{"start":{"line":155,"column":8},"end":{"line":155,"column":17}},{"start":{"line":155,"column":21},"end":{"line":155,"column":30}}],"line":155},"51":{"loc":{"start":{"line":158,"column":11},"end":{"line":167,"column":5}},"type":"if","locations":[{"start":{"line":158,"column":11},"end":{"line":167,"column":5}},{"start":{"line":161,"column":11},"end":{"line":167,"column":5}}],"line":158},"52":{"loc":{"start":{"line":158,"column":15},"end":{"line":158,"column":38}},"type":"binary-expr","locations":[{"start":{"line":158,"column":15},"end":{"line":158,"column":25}},{"start":{"line":158,"column":29},"end":{"line":158,"column":38}}],"line":158},"53":{"loc":{"start":{"line":161,"column":11},"end":{"line":167,"column":5}},"type":"if","locations":[{"start":{"line":161,"column":11},"end":{"line":167,"column":5}},{"start":{"line":164,"column":11},"end":{"line":167,"column":5}}],"line":161},"54":{"loc":{"start":{"line":161,"column":15},"end":{"line":161,"column":38}},"type":"binary-expr","locations":[{"start":{"line":161,"column":15},"end":{"line":161,"column":25}},{"start":{"line":161,"column":29},"end":{"line":161,"column":38}}],"line":161},"55":{"loc":{"start":{"line":171,"column":13},"end":{"line":171,"column":128}},"type":"cond-expr","locations":[{"start":{"line":171,"column":53},"end":{"line":171,"column":124}},{"start":{"line":171,"column":127},"end":{"line":171,"column":128}}],"line":171},"56":{"loc":{"start":{"line":172,"column":15},"end":{"line":172,"column":136}},"type":"cond-expr","locations":[{"start":{"line":172,"column":57},"end":{"line":172,"column":132}},{"start":{"line":172,"column":135},"end":{"line":172,"column":136}}],"line":172},"57":{"loc":{"start":{"line":173,"column":13},"end":{"line":173,"column":128}},"type":"cond-expr","locations":[{"start":{"line":173,"column":53},"end":{"line":173,"column":124}},{"start":{"line":173,"column":127},"end":{"line":173,"column":128}}],"line":173},"58":{"loc":{"start":{"line":174,"column":11},"end":{"line":174,"column":120}},"type":"cond-expr","locations":[{"start":{"line":174,"column":49},"end":{"line":174,"column":116}},{"start":{"line":174,"column":119},"end":{"line":174,"column":120}}],"line":174},"59":{"loc":{"start":{"line":180,"column":2},"end":{"line":180,"column":55}},"type":"if","locations":[{"start":{"line":180,"column":2},"end":{"line":180,"column":55}},{"start":{},"end":{}}],"line":180},"60":{"loc":{"start":{"line":180,"column":6},"end":{"line":180,"column":43}},"type":"binary-expr","locations":[{"start":{"line":180,"column":6},"end":{"line":180,"column":15}},{"start":{"line":180,"column":19},"end":{"line":180,"column":43}}],"line":180},"61":{"loc":{"start":{"line":184,"column":11},"end":{"line":184,"column":61}},"type":"binary-expr","locations":[{"start":{"line":184,"column":11},"end":{"line":184,"column":35}},{"start":{"line":184,"column":39},"end":{"line":184,"column":61}}],"line":184},"62":{"loc":{"start":{"line":190,"column":2},"end":{"line":190,"column":28}},"type":"if","locations":[{"start":{"line":190,"column":2},"end":{"line":190,"column":28}},{"start":{},"end":{}}],"line":190},"63":{"loc":{"start":{"line":194,"column":4},"end":{"line":194,"column":55}},"type":"if","locations":[{"start":{"line":194,"column":4},"end":{"line":194,"column":55}},{"start":{},"end":{}}],"line":194},"64":{"loc":{"start":{"line":194,"column":8},"end":{"line":194,"column":41}},"type":"binary-expr","locations":[{"start":{"line":194,"column":8},"end":{"line":194,"column":20}},{"start":{"line":194,"column":24},"end":{"line":194,"column":41}}],"line":194},"65":{"loc":{"start":{"line":195,"column":4},"end":{"line":195,"column":44}},"type":"if","locations":[{"start":{"line":195,"column":4},"end":{"line":195,"column":44}},{"start":{},"end":{}}],"line":195},"66":{"loc":{"start":{"line":196,"column":4},"end":{"line":198,"column":5}},"type":"if","locations":[{"start":{"line":196,"column":4},"end":{"line":198,"column":5}},{"start":{},"end":{}}],"line":196},"67":{"loc":{"start":{"line":197,"column":49},"end":{"line":197,"column":84}},"type":"binary-expr","locations":[{"start":{"line":197,"column":49},"end":{"line":197,"column":62}},{"start":{"line":197,"column":66},"end":{"line":197,"column":84}}],"line":197},"68":{"loc":{"start":{"line":202,"column":6},"end":{"line":204,"column":7}},"type":"if","locations":[{"start":{"line":202,"column":6},"end":{"line":204,"column":7}},{"start":{},"end":{}}],"line":202},"69":{"loc":{"start":{"line":202,"column":10},"end":{"line":202,"column":47}},"type":"binary-expr","locations":[{"start":{"line":202,"column":10},"end":{"line":202,"column":24}},{"start":{"line":202,"column":28},"end":{"line":202,"column":47}}],"line":202}},"s":{"0":0,"1":0,"2":0,"3":0,"4":0,"5":0,"6":0,"7":0,"8":0,"9":0,"10":0,"11":0,"12":0,"13":0,"14":0,"15":0,"16":0,"17":0,"18":0,"19":0,"20":0,"21":0,"22":0,"23":0,"24":0,"25":0,"26":0,"27":0,"28":0,"29":0,"30":0,"31":0,"32":0,"33":0,"34":0,"35":0,"36":0,"37":0,"38":0,"39":0,"40":0,"41":0,"42":0,"43":0,"44":0,"45":0,"46":0,"47":0,"48":0,"49":0,"50":0,"51":0,"52":0,"53":0,"54":0,"55":0,"56":0,"57":0,"58":0,"59":0,"60":0,"61":0,"62":0,"63":0,"64":0,"65":0,"66":0,"67":0,"68":0,"69":0,"70":0,"71":0,"72":0,"73":0,"74":0,"75":0,"76":0,"77":0,"78":0,"79":0,"80":0,"81":0,"82":0,"83":0,"84":0,"85":0,"86":0,"87":0,"88":0,"89":0,"90":0,"91":0,"92":0,"93":0,"94":0,"95":0,"96":0,"97":0,"98":0,"99":0,"100":0,"101":0,"102":0,"103":0,"104":0,"105":0,"106":0,"107":0,"108":0,"109":0,"110":0,"111":0,"112":0,"113":0,"114":0,"115":0,"116":0,"117":0,"118":0,"119":0,"120":0,"121":0,"122":0,"123":0,"124":0,"125":0,"126":0},"f":{"0":0,"1":0,"2":0,"3":0,"4":0,"5":0,"6":0,"7":0,"8":0,"9":0,"10":0,"11":0,"12":0,"13":0,"14":0,"15":0,"16":0,"17":0,"18":0,"19":0,"20":0,"21":0,"22":0,"23":0,"24":0,"25":0,"26":0,"27":0,"28":0,"29":0,"30":0,"31":0},"b":{"0":[0,0],"1":[0],"2":[0],"3":[0],"4":[0,0],"5":[0,0],"6":[0,0],"7":[0,0],"8":[0,0],"9":[0,0],"10":[0,0],"11":[0,0],"12":[0,0],"13":[0,0],"14":[0,0],"15":[0,0],"16":[0,0],"17":[0,0],"18":[0,0],"19":[0,0],"20":[0,0],"21":[0,0],"22":[0,0],"23":[0,0],"24":[0,0],"25":[0,0],"26":[0,0],"27":[0,0],"28":[0,0],"29":[0,0],"30":[0,0],"31":[0,0],"32":[0,0],"33":[0,0],"34":[0,0],"35":[0,0],"36":[0,0],"37":[0,0],"38":[0,0],"39":[0,0],"40":[0,0],"41":[0,0],"42":[0,0],"43":[0,0],"44":[0,0],"45":[0,0],"46":[0,0],"47":[0,0],"48":[0,0],"49":[0,0],"50":[0,0],"51":[0,0],"52":[0,0],"53":[0,0],"54":[0,0],"55":[0,0],"56":[0,0],"57":[0,0],"58":[0,0],"59":[0,0],"60":[0,0],"61":[0,0],"62":[0,0],"63":[0,0],"64":[0,0],"65":[0,0],"66":[0,0],"67":[0,0],"68":[0,0],"69":[0,0]}}
}
