TN:
SF:src/App.js
FN:56,App
FN:175,(anonymous_1)
FN:186,(anonymous_2)
FN:196,(anonymous_3)
FN:206,(anonymous_4)
FN:208,(anonymous_5)
FN:212,(anonymous_6)
FN:246,(anonymous_7)
FN:255,(anonymous_8)
FN:268,(anonymous_9)
FN:276,(anonymous_10)
FN:279,(anonymous_11)
FN:290,(anonymous_12)
FN:292,(anonymous_13)
FN:302,(anonymous_14)
FN:314,(anonymous_15)
FN:317,(anonymous_16)
FN:341,(anonymous_17)
FN:343,(anonymous_18)
FN:368,(anonymous_19)
FN:379,(anonymous_20)
FN:427,(anonymous_21)
FNF:22
FNH:0
FNDA:0,App
FNDA:0,(anonymous_1)
FNDA:0,(anonymous_2)
FNDA:0,(anonymous_3)
FNDA:0,(anonymous_4)
FNDA:0,(anonymous_5)
FNDA:0,(anonymous_6)
FNDA:0,(anonymous_7)
FNDA:0,(anonymous_8)
FNDA:0,(anonymous_9)
FNDA:0,(anonymous_10)
FNDA:0,(anonymous_11)
FNDA:0,(anonymous_12)
FNDA:0,(anonymous_13)
FNDA:0,(anonymous_14)
FNDA:0,(anonymous_15)
FNDA:0,(anonymous_16)
FNDA:0,(anonymous_17)
FNDA:0,(anonymous_18)
FNDA:0,(anonymous_19)
FNDA:0,(anonymous_20)
FNDA:0,(anonymous_21)
DA:57,0
DA:58,0
DA:59,0
DA:60,0
DA:63,0
DA:86,0
DA:96,0
DA:106,0
DA:116,0
DA:124,0
DA:125,0
DA:131,0
DA:132,0
DA:133,0
DA:136,0
DA:172,0
DA:175,0
DA:176,0
DA:177,0
DA:178,0
DA:179,0
DA:181,0
DA:182,0
DA:186,0
DA:187,0
DA:188,0
DA:189,0
DA:191,0
DA:192,0
DA:196,0
DA:197,0
DA:198,0
DA:199,0
DA:201,0
DA:202,0
DA:206,0
DA:208,0
DA:212,0
DA:221,0
DA:222,0
DA:225,0
DA:226,0
DA:230,0
DA:243,0
DA:244,0
DA:246,0
DA:247,0
DA:248,0
DA:250,0
DA:251,0
DA:255,0
DA:256,0
DA:258,0
DA:261,0
DA:262,0
DA:268,0
DA:269,0
DA:271,0
DA:272,0
DA:274,0
DA:275,0
DA:277,0
DA:280,0
DA:290,0
DA:291,0
DA:292,0
DA:294,0
DA:295,0
DA:296,0
DA:297,0
DA:298,0
DA:299,0
DA:300,0
DA:301,0
DA:302,0
DA:304,0
DA:305,0
DA:306,0
DA:307,0
DA:310,0
DA:314,0
DA:315,0
DA:316,0
DA:317,0
DA:319,0
DA:320,0
DA:321,0
DA:322,0
DA:323,0
DA:324,0
DA:325,0
DA:326,0
DA:328,0
DA:329,0
DA:330,0
DA:331,0
DA:332,0
DA:333,0
DA:336,0
DA:341,0
DA:342,0
DA:343,0
DA:344,0
DA:347,0
DA:348,0
DA:364,0
DA:365,0
DA:368,0
DA:369,0
DA:370,0
DA:371,0
DA:375,0
DA:376,0
DA:379,0
DA:384,0
LF:115
LH:0
BRDA:175,0,0,0
BRDA:214,1,0,0
BRDA:214,1,1,0
BRDA:215,2,0,0
BRDA:215,2,1,0
BRDA:216,3,0,0
BRDA:216,3,1,0
BRDA:247,4,0,0
BRDA:247,4,1,0
BRDA:250,5,0,0
BRDA:250,5,1,0
BRDA:256,6,0,0
BRDA:256,6,1,0
BRDA:259,7,0,0
BRDA:259,7,1,0
BRDA:261,8,0,0
BRDA:261,8,1,0
BRDA:269,9,0,0
BRDA:269,9,1,0
BRDA:269,10,0,0
BRDA:269,10,1,0
BRDA:274,11,0,0
BRDA:274,11,1,0
BRDA:291,12,0,0
BRDA:291,12,1,0
BRDA:291,13,0,0
BRDA:291,13,1,0
BRDA:296,14,0,0
BRDA:296,14,1,0
BRDA:301,15,0,0
BRDA:301,15,1,0
BRDA:305,16,0,0
BRDA:305,16,1,0
BRDA:305,17,0,0
BRDA:305,17,1,0
BRDA:315,18,0,0
BRDA:315,18,1,0
BRDA:315,19,0,0
BRDA:315,19,1,0
BRDA:321,20,0,0
BRDA:321,20,1,0
BRDA:326,21,0,0
BRDA:326,21,1,0
BRDA:328,22,0,0
BRDA:328,22,1,0
BRDA:329,23,0,0
BRDA:329,23,1,0
BRDA:329,24,0,0
BRDA:329,24,1,0
BRDA:333,25,0,0
BRDA:333,25,1,0
BRDA:336,26,0,0
BRDA:336,26,1,0
BRDA:347,27,0,0
BRDA:347,27,1,0
BRDA:347,28,0,0
BRDA:347,28,1,0
BRDA:355,29,0,0
BRDA:355,29,1,0
BRDA:364,30,0,0
BRDA:364,30,1,0
BRDA:375,31,0,0
BRDA:375,31,1,0
BRDA:387,32,0,0
BRDA:387,32,1,0
BRDA:389,33,0,0
BRDA:389,33,1,0
BRDA:545,34,0,0
BRDA:545,34,1,0
BRDA:548,35,0,0
BRDA:548,35,1,0
BRF:71
BRH:0
end_of_record
TN:
SF:src/i18n.js
FNF:0
FNH:0
DA:4,0
DA:237,0
LF:2
LH:0
BRF:0
BRH:0
end_of_record
TN:
SF:src/index.js
FNF:0
FNH:0
DA:7,0
DA:8,0
LF:2
LH:0
BRF:0
BRH:0
end_of_record
TN:
SF:src/serviceWorkerRegistration.js
FN:14,register
FN:25,(anonymous_1)
FN:39,registerValidSW
FN:42,(anonymous_3)
FN:50,(anonymous_4)
FN:55,checkValidServiceWorker
FN:60,(anonymous_6)
FN:68,(anonymous_7)
FN:69,(anonymous_8)
FN:78,(anonymous_9)
FN:83,unregister
FN:86,(anonymous_11)
FN:89,(anonymous_12)
FNF:13
FNH:0
FNDA:0,register
FNDA:0,(anonymous_1)
FNDA:0,registerValidSW
FNDA:0,(anonymous_3)
FNDA:0,(anonymous_4)
FNDA:0,checkValidServiceWorker
FNDA:0,(anonymous_6)
FNDA:0,(anonymous_7)
FNDA:0,(anonymous_8)
FNDA:0,(anonymous_9)
FNDA:0,unregister
FNDA:0,(anonymous_11)
FNDA:0,(anonymous_12)
DA:4,0
DA:15,0
DA:17,0
DA:18,0
DA:22,0
DA:25,0
DA:26,0
DA:28,0
DA:30,0
DA:33,0
DA:40,0
DA:46,0
DA:47,0
DA:51,0
DA:57,0
DA:62,0
DA:63,0
DA:68,0
DA:69,0
DA:70,0
DA:75,0
DA:84,0
DA:85,0
DA:87,0
DA:90,0
LF:25
LH:0
BRDA:5,0,0,0
BRDA:5,0,1,0
BRDA:5,0,2,0
BRDA:15,1,0,0
BRDA:15,1,1,0
BRDA:15,2,0,0
BRDA:15,2,1,0
BRDA:18,3,0,0
BRDA:18,3,1,0
BRDA:28,4,0,0
BRDA:28,4,1,0
BRDA:46,5,0,0
BRDA:46,5,1,0
BRDA:46,6,0,0
BRDA:46,6,1,0
BRDA:63,7,0,0
BRDA:63,7,1,0
BRDA:64,8,0,0
BRDA:64,8,1,0
BRDA:64,8,2,0
BRDA:84,9,0,0
BRDA:84,9,1,0
BRF:22
BRH:0
end_of_record
TN:
SF:src/components/Auth.jsx
FN:7,Auth
FN:13,(anonymous_1)
FN:14,(anonymous_2)
FN:20,(anonymous_3)
FN:32,(anonymous_4)
FNF:5
FNH:0
FNDA:0,Auth
FNDA:0,(anonymous_1)
FNDA:0,(anonymous_2)
FNDA:0,(anonymous_3)
FNDA:0,(anonymous_4)
DA:8,0
DA:9,0
DA:10,0
DA:13,0
DA:14,0
DA:15,0
DA:17,0
DA:20,0
DA:21,0
DA:22,0
DA:23,0
DA:24,0
DA:26,0
DA:28,0
DA:32,0
DA:33,0
DA:36,0
DA:37,0
DA:62,0
DA:115,0
LF:20
LH:0
BRDA:7,0,0,0
BRDA:36,1,0,0
BRDA:36,1,1,0
BRDA:47,2,0,0
BRDA:47,2,1,0
BRDA:69,3,0,0
BRDA:69,3,1,0
BRDA:83,4,0,0
BRDA:83,4,1,0
BRF:9
BRH:0
end_of_record
TN:
SF:src/components/Card.jsx
FN:4,(anonymous_0)
FNF:1
FNH:0
FNDA:0,(anonymous_0)
DA:4,0
DA:13,0
DA:21,0
LF:3
LH:0
BRDA:6,0,0,0
BRDA:7,1,0,0
BRDA:8,2,0,0
BRDA:9,3,0,0
BRDA:10,4,0,0
BRF:5
BRH:0
end_of_record
TN:
SF:src/components/ChallengeStats.jsx
FN:5,(anonymous_0)
FN:14,(anonymous_1)
FN:111,(anonymous_2)
FN:113,(anonymous_3)
FN:147,(anonymous_4)
FN:150,(anonymous_5)
FN:151,(anonymous_6)
FN:183,(anonymous_7)
FN:186,(anonymous_8)
FNF:9
FNH:0
FNDA:0,(anonymous_0)
FNDA:0,(anonymous_1)
FNDA:0,(anonymous_2)
FNDA:0,(anonymous_3)
FNDA:0,(anonymous_4)
FNDA:0,(anonymous_5)
FNDA:0,(anonymous_6)
FNDA:0,(anonymous_7)
FNDA:0,(anonymous_8)
DA:5,0
DA:6,0
DA:8,0
DA:14,0
DA:15,0
DA:111,0
DA:112,0
DA:114,0
DA:147,0
DA:148,0
DA:150,0
DA:152,0
DA:179,0
DA:184,0
DA:186,0
LF:15
LH:0
BRDA:88,0,0,0
BRDA:88,0,1,0
BRDA:118,1,0,0
BRDA:118,1,1,0
BRDA:119,2,0,0
BRDA:119,2,1,0
BRDA:120,3,0,0
BRDA:120,3,1,0
BRDA:121,4,0,0
BRDA:121,4,1,0
BRDA:125,5,0,0
BRDA:125,5,1,0
BRDA:126,6,0,0
BRDA:126,6,1,0
BRDA:127,7,0,0
BRDA:127,7,1,0
BRDA:128,8,0,0
BRDA:128,8,1,0
BRDA:162,9,0,0
BRDA:162,9,1,0
BRDA:188,10,0,0
BRDA:188,10,1,0
BRDA:200,11,0,0
BRDA:200,11,1,0
BRDA:201,12,0,0
BRDA:201,12,1,0
BRDA:202,13,0,0
BRDA:202,13,1,0
BRF:28
BRH:0
end_of_record
TN:
SF:src/components/Challenges.jsx
FN:11,(anonymous_0)
FN:44,(anonymous_1)
FN:96,(anonymous_2)
FN:97,(anonymous_3)
FN:100,(anonymous_4)
FN:101,(anonymous_5)
FN:104,(anonymous_6)
FN:118,(anonymous_7)
FN:121,(anonymous_8)
FN:126,(anonymous_9)
FN:151,(anonymous_10)
FN:156,(anonymous_11)
FN:172,(anonymous_12)
FN:177,(anonymous_13)
FN:193,(anonymous_14)
FN:198,(anonymous_15)
FN:214,(anonymous_16)
FN:229,(anonymous_17)
FN:230,(anonymous_18)
FN:234,(anonymous_19)
FN:235,(anonymous_20)
FN:244,(anonymous_21)
FN:250,(anonymous_22)
FN:303,(anonymous_23)
FN:311,(anonymous_24)
FN:321,(anonymous_25)
FN:331,(anonymous_26)
FN:341,(anonymous_27)
FN:397,(anonymous_28)
FN:411,(anonymous_29)
FN:419,(anonymous_30)
FN:421,(anonymous_31)
FN:422,(anonymous_32)
FN:437,(anonymous_33)
FN:439,(anonymous_34)
FN:460,(anonymous_35)
FN:513,(anonymous_36)
FN:521,(anonymous_37)
FN:552,(anonymous_38)
FN:563,(anonymous_39)
FN:571,(anonymous_40)
FN:605,(anonymous_41)
FN:640,(anonymous_42)
FN:648,(anonymous_43)
FN:676,(anonymous_44)
FN:709,(anonymous_45)
FN:717,(anonymous_46)
FN:752,(anonymous_47)
FN:755,(anonymous_48)
FN:778,(anonymous_49)
FN:779,(anonymous_50)
FN:822,(anonymous_51)
FN:853,(anonymous_52)
FN:854,(anonymous_53)
FN:870,(anonymous_54)
FN:887,(anonymous_55)
FN:888,(anonymous_56)
FN:893,(anonymous_57)
FN:919,(anonymous_58)
FN:924,(anonymous_59)
FN:929,(anonymous_60)
FN:931,(anonymous_61)
FN:952,(anonymous_62)
FN:954,(anonymous_63)
FN:960,(anonymous_64)
FN:968,(anonymous_65)
FN:987,(anonymous_66)
FN:997,(anonymous_67)
FN:1022,(anonymous_68)
FN:1030,(anonymous_69)
FN:1044,(anonymous_70)
FN:1059,(anonymous_71)
FNF:72
FNH:0
FNDA:0,(anonymous_0)
FNDA:0,(anonymous_1)
FNDA:0,(anonymous_2)
FNDA:0,(anonymous_3)
FNDA:0,(anonymous_4)
FNDA:0,(anonymous_5)
FNDA:0,(anonymous_6)
FNDA:0,(anonymous_7)
FNDA:0,(anonymous_8)
FNDA:0,(anonymous_9)
FNDA:0,(anonymous_10)
FNDA:0,(anonymous_11)
FNDA:0,(anonymous_12)
FNDA:0,(anonymous_13)
FNDA:0,(anonymous_14)
FNDA:0,(anonymous_15)
FNDA:0,(anonymous_16)
FNDA:0,(anonymous_17)
FNDA:0,(anonymous_18)
FNDA:0,(anonymous_19)
FNDA:0,(anonymous_20)
FNDA:0,(anonymous_21)
FNDA:0,(anonymous_22)
FNDA:0,(anonymous_23)
FNDA:0,(anonymous_24)
FNDA:0,(anonymous_25)
FNDA:0,(anonymous_26)
FNDA:0,(anonymous_27)
FNDA:0,(anonymous_28)
FNDA:0,(anonymous_29)
FNDA:0,(anonymous_30)
FNDA:0,(anonymous_31)
FNDA:0,(anonymous_32)
FNDA:0,(anonymous_33)
FNDA:0,(anonymous_34)
FNDA:0,(anonymous_35)
FNDA:0,(anonymous_36)
FNDA:0,(anonymous_37)
FNDA:0,(anonymous_38)
FNDA:0,(anonymous_39)
FNDA:0,(anonymous_40)
FNDA:0,(anonymous_41)
FNDA:0,(anonymous_42)
FNDA:0,(anonymous_43)
FNDA:0,(anonymous_44)
FNDA:0,(anonymous_45)
FNDA:0,(anonymous_46)
FNDA:0,(anonymous_47)
FNDA:0,(anonymous_48)
FNDA:0,(anonymous_49)
FNDA:0,(anonymous_50)
FNDA:0,(anonymous_51)
FNDA:0,(anonymous_52)
FNDA:0,(anonymous_53)
FNDA:0,(anonymous_54)
FNDA:0,(anonymous_55)
FNDA:0,(anonymous_56)
FNDA:0,(anonymous_57)
FNDA:0,(anonymous_58)
FNDA:0,(anonymous_59)
FNDA:0,(anonymous_60)
FNDA:0,(anonymous_61)
FNDA:0,(anonymous_62)
FNDA:0,(anonymous_63)
FNDA:0,(anonymous_64)
FNDA:0,(anonymous_65)
FNDA:0,(anonymous_66)
FNDA:0,(anonymous_67)
FNDA:0,(anonymous_68)
FNDA:0,(anonymous_69)
FNDA:0,(anonymous_70)
FNDA:0,(anonymous_71)
DA:11,0
DA:12,0
DA:13,0
DA:34,0
DA:35,0
DA:36,0
DA:37,0
DA:38,0
DA:39,0
DA:40,0
DA:41,0
DA:42,0
DA:44,0
DA:45,0
DA:46,0
DA:47,0
DA:50,0
DA:51,0
DA:52,0
DA:55,0
DA:56,0
DA:63,0
DA:66,0
DA:67,0
DA:73,0
DA:78,0
DA:79,0
DA:85,0
DA:86,0
DA:88,0
DA:89,0
DA:96,0
DA:97,0
DA:100,0
DA:101,0
DA:104,0
DA:105,0
DA:107,0
DA:109,0
DA:111,0
DA:113,0
DA:118,0
DA:119,0
DA:120,0
DA:121,0
DA:123,0
DA:126,0
DA:127,0
DA:129,0
DA:130,0
DA:131,0
DA:135,0
DA:137,0
DA:146,0
DA:147,0
DA:148,0
DA:151,0
DA:152,0
DA:153,0
DA:156,0
DA:157,0
DA:158,0
DA:166,0
DA:168,0
DA:172,0
DA:173,0
DA:174,0
DA:177,0
DA:178,0
DA:179,0
DA:187,0
DA:189,0
DA:193,0
DA:194,0
DA:195,0
DA:198,0
DA:199,0
DA:200,0
DA:208,0
DA:210,0
DA:214,0
DA:215,0
DA:220,0
DA:221,0
DA:222,0
DA:224,0
DA:229,0
DA:230,0
DA:231,0
DA:234,0
DA:235,0
DA:236,0
DA:237,0
DA:238,0
DA:240,0
DA:244,0
DA:245,0
DA:246,0
DA:250,0
DA:251,0
DA:253,0
DA:254,0
DA:259,0
DA:261,0
DA:262,0
DA:263,0
DA:274,0
DA:275,0
DA:287,0
DA:290,0
DA:303,0
DA:311,0
DA:321,0
DA:331,0
DA:341,0
DA:397,0
DA:411,0
DA:420,0
DA:421,0
DA:422,0
DA:438,0
DA:439,0
DA:442,0
DA:443,0
DA:458,0
DA:461,0
DA:462,0
DA:463,0
DA:464,0
DA:465,0
DA:466,0
DA:469,0
DA:472,0
DA:514,0
DA:522,0
DA:553,0
DA:564,0
DA:572,0
DA:606,0
DA:607,0
DA:608,0
DA:640,0
DA:648,0
DA:677,0
DA:678,0
DA:679,0
DA:681,0
DA:710,0
DA:718,0
DA:753,0
DA:754,0
DA:755,0
DA:758,0
DA:759,0
DA:774,0
DA:778,0
DA:780,0
DA:781,0
DA:782,0
DA:784,0
DA:823,0
DA:854,0
DA:855,0
DA:870,0
DA:888,0
DA:889,0
DA:894,0
DA:920,0
DA:924,0
DA:930,0
DA:931,0
DA:933,0
DA:934,0
DA:935,0
DA:953,0
DA:954,0
DA:956,0
DA:961,0
DA:969,0
DA:970,0
DA:988,0
DA:989,0
DA:997,0
DA:1023,0
DA:1030,0
DA:1044,0
DA:1059,0
LF:187
LH:0
BRDA:45,0,0,0
BRDA:45,0,1,0
BRDA:50,1,0,0
BRDA:50,1,1,0
BRDA:70,2,0,0
BRDA:70,2,1,0
BRDA:97,3,0,0
BRDA:97,3,1,0
BRDA:101,4,0,0
BRDA:101,4,1,0
BRDA:105,5,0,0
BRDA:105,5,1,0
BRDA:105,5,2,0
BRDA:105,5,3,0
BRDA:127,6,0,0
BRDA:127,6,1,0
BRDA:135,7,0,0
BRDA:135,7,1,0
BRDA:157,8,0,0
BRDA:157,8,1,0
BRDA:157,9,0,0
BRDA:157,9,1,0
BRDA:161,10,0,0
BRDA:161,10,1,0
BRDA:178,11,0,0
BRDA:178,11,1,0
BRDA:178,12,0,0
BRDA:178,12,1,0
BRDA:182,13,0,0
BRDA:182,13,1,0
BRDA:199,14,0,0
BRDA:199,14,1,0
BRDA:199,15,0,0
BRDA:199,15,1,0
BRDA:203,16,0,0
BRDA:203,16,1,0
BRDA:215,17,0,0
BRDA:215,17,1,0
BRDA:246,18,0,0
BRDA:246,18,1,0
BRDA:246,19,0,0
BRDA:246,19,1,0
BRDA:246,20,0,0
BRDA:246,20,1,0
BRDA:251,21,0,0
BRDA:251,21,1,0
BRDA:261,22,0,0
BRDA:261,22,1,0
BRDA:274,23,0,0
BRDA:274,23,1,0
BRDA:313,24,0,0
BRDA:313,24,1,0
BRDA:323,25,0,0
BRDA:323,25,1,0
BRDA:333,26,0,0
BRDA:333,26,1,0
BRDA:343,27,0,0
BRDA:343,27,1,0
BRDA:397,28,0,0
BRDA:397,28,1,0
BRDA:397,29,0,0
BRDA:397,29,1,0
BRDA:411,30,0,0
BRDA:411,30,1,0
BRDA:421,31,0,0
BRDA:421,31,1,0
BRDA:436,32,0,0
BRDA:436,32,1,0
BRDA:442,33,0,0
BRDA:442,33,1,0
BRDA:466,34,0,0
BRDA:466,34,1,0
BRDA:469,35,0,0
BRDA:469,35,1,0
BRDA:481,36,0,0
BRDA:481,36,1,0
BRDA:482,37,0,0
BRDA:482,37,1,0
BRDA:483,38,0,0
BRDA:483,38,1,0
BRDA:490,39,0,0
BRDA:490,39,1,0
BRDA:493,40,0,0
BRDA:493,40,1,0
BRDA:494,41,0,0
BRDA:494,41,1,0
BRDA:496,42,0,0
BRDA:496,42,1,0
BRDA:496,42,2,0
BRDA:496,42,3,0
BRDA:506,43,0,0
BRDA:506,43,1,0
BRDA:506,44,0,0
BRDA:506,44,1,0
BRDA:544,45,0,0
BRDA:544,45,1,0
BRDA:544,45,2,0
BRDA:550,46,0,0
BRDA:550,46,1,0
BRDA:550,46,2,0
BRDA:560,47,0,0
BRDA:560,47,1,0
BRDA:592,48,0,0
BRDA:592,48,1,0
BRDA:593,49,0,0
BRDA:593,49,1,0
BRDA:617,50,0,0
BRDA:617,50,1,0
BRDA:624,51,0,0
BRDA:624,51,1,0
BRDA:638,52,0,0
BRDA:638,52,1,0
BRDA:646,53,0,0
BRDA:646,53,1,0
BRDA:663,54,0,0
BRDA:663,54,1,0
BRDA:664,55,0,0
BRDA:664,55,1,0
BRDA:690,56,0,0
BRDA:690,56,1,0
BRDA:697,57,0,0
BRDA:697,57,1,0
BRDA:702,58,0,0
BRDA:702,58,1,0
BRDA:751,59,0,0
BRDA:751,59,1,0
BRDA:758,60,0,0
BRDA:758,60,1,0
BRDA:793,61,0,0
BRDA:793,61,1,0
BRDA:794,62,0,0
BRDA:794,62,1,0
BRDA:795,63,0,0
BRDA:795,63,1,0
BRDA:820,64,0,0
BRDA:820,64,1,0
BRDA:837,65,0,0
BRDA:837,65,1,0
BRDA:878,66,0,0
BRDA:878,66,1,0
BRDA:886,67,0,0
BRDA:886,67,1,0
BRDA:895,68,0,0
BRDA:895,68,1,0
BRDA:895,68,2,0
BRDA:923,69,0,0
BRDA:923,69,1,0
BRDA:924,70,0,0
BRDA:924,70,1,0
BRDA:933,71,0,0
BRDA:933,71,1,0
BRDA:939,72,0,0
BRDA:939,72,1,0
BRDA:940,73,0,0
BRDA:940,73,1,0
BRDA:941,74,0,0
BRDA:941,74,1,0
BRDA:942,75,0,0
BRDA:942,75,1,0
BRDA:943,76,0,0
BRDA:943,76,1,0
BRDA:956,77,0,0
BRDA:956,77,1,0
BRDA:964,78,0,0
BRDA:964,78,1,0
BRDA:981,79,0,0
BRDA:981,79,1,0
BRDA:981,79,2,0
BRDA:993,80,0,0
BRDA:993,80,1,0
BRDA:1026,81,0,0
BRDA:1026,81,1,0
BRDA:1055,82,0,0
BRDA:1055,82,1,0
BRF:174
BRH:0
end_of_record
TN:
SF:src/components/GradientButton.jsx
FN:4,(anonymous_0)
FN:26,(anonymous_1)
FNF:2
FNH:0
FNDA:0,(anonymous_0)
FNDA:0,(anonymous_1)
DA:4,0
DA:19,0
DA:26,0
DA:28,0
DA:29,0
DA:32,0
DA:51,0
DA:52,0
DA:58,0
DA:73,0
LF:10
LH:0
BRDA:7,0,0,0
BRDA:8,1,0,0
BRDA:9,2,0,0
BRDA:11,3,0,0
BRDA:12,4,0,0
BRDA:13,5,0,0
BRDA:15,6,0,0
BRDA:19,7,0,0
BRDA:19,7,1,0
BRDA:21,8,0,0
BRDA:21,8,1,0
BRDA:28,9,0,0
BRDA:28,9,1,0
BRDA:28,10,0,0
BRDA:28,10,1,0
BRDA:53,11,0,0
BRDA:53,11,1,0
BRDA:67,12,0,0
BRDA:67,12,1,0
BRF:19
BRH:0
end_of_record
TN:
SF:src/components/IconButton.jsx
FN:3,(anonymous_0)
FNF:1
FNH:0
FNDA:0,(anonymous_0)
DA:3,0
DA:10,0
LF:2
LH:0
BRDA:5,0,0,0
BRDA:16,1,0,0
BRDA:16,1,1,0
BRF:3
BRH:0
end_of_record
TN:
SF:src/components/MigrationPrompt.jsx
FN:4,(anonymous_0)
FNF:1
FNH:0
FNDA:0,(anonymous_0)
DA:4,0
DA:5,0
DA:25,0
LF:3
LH:0
BRF:0
BRH:0
end_of_record
TN:
SF:src/components/PWAInstallButton.jsx
FN:6,isIOS
FN:11,isInStandaloneMode
FN:18,(anonymous_2)
FNF:3
FNH:0
FNDA:0,isIOS
FNDA:0,isInStandaloneMode
FNDA:0,(anonymous_2)
DA:7,0
DA:12,0
DA:18,0
DA:19,0
DA:20,0
DA:23,0
DA:24,0
DA:40,0
DA:42,0
LF:9
LH:0
BRDA:8,0,0,0
BRDA:8,0,1,0
BRDA:13,1,0,0
BRDA:13,1,1,0
BRDA:23,2,0,0
BRDA:23,2,1,0
BRDA:23,3,0,0
BRDA:23,3,1,0
BRDA:23,3,2,0
BRDA:31,4,0,0
BRDA:31,4,1,0
BRDA:40,5,0,0
BRDA:40,5,1,0
BRDA:40,6,0,0
BRDA:40,6,1,0
BRDA:51,7,0,0
BRDA:51,7,1,0
BRF:17
BRH:0
end_of_record
TN:
SF:src/components/PageTransition.jsx
FN:3,(anonymous_0)
FNF:1
FNH:0
FNDA:0,(anonymous_0)
DA:3,0
DA:4,0
LF:2
LH:0
BRDA:3,0,0,0
BRDA:7,1,0,0
BRDA:7,1,1,0
BRDA:12,2,0,0
BRDA:12,2,1,0
BRF:5
BRH:0
end_of_record
TN:
SF:src/components/StreakCounter.jsx
FN:4,getStreakTitle
FN:16,getStreakColor
FN:27,getStreakIcon
FN:38,(anonymous_3)
FN:41,(anonymous_4)
FN:44,(anonymous_5)
FN:51,(anonymous_6)
FNF:7
FNH:0
FNDA:0,getStreakTitle
FNDA:0,getStreakColor
FNDA:0,getStreakIcon
FNDA:0,(anonymous_3)
FNDA:0,(anonymous_4)
FNDA:0,(anonymous_5)
FNDA:0,(anonymous_6)
DA:5,0
DA:6,0
DA:7,0
DA:8,0
DA:9,0
DA:10,0
DA:11,0
DA:12,0
DA:13,0
DA:17,0
DA:18,0
DA:19,0
DA:20,0
DA:21,0
DA:22,0
DA:23,0
DA:24,0
DA:28,0
DA:29,0
DA:30,0
DA:31,0
DA:32,0
DA:33,0
DA:34,0
DA:35,0
DA:38,0
DA:39,0
DA:41,0
DA:42,0
DA:43,0
DA:44,0
DA:45,0
DA:46,0
DA:47,0
DA:48,0
DA:51,0
DA:53,0
DA:57,0
DA:90,0
LF:39
LH:0
BRDA:5,0,0,0
BRDA:5,0,1,0
BRDA:6,1,0,0
BRDA:6,1,1,0
BRDA:7,2,0,0
BRDA:7,2,1,0
BRDA:8,3,0,0
BRDA:8,3,1,0
BRDA:9,4,0,0
BRDA:9,4,1,0
BRDA:10,5,0,0
BRDA:10,5,1,0
BRDA:11,6,0,0
BRDA:11,6,1,0
BRDA:12,7,0,0
BRDA:12,7,1,0
BRDA:17,8,0,0
BRDA:17,8,1,0
BRDA:18,9,0,0
BRDA:18,9,1,0
BRDA:19,10,0,0
BRDA:19,10,1,0
BRDA:20,11,0,0
BRDA:20,11,1,0
BRDA:21,12,0,0
BRDA:21,12,1,0
BRDA:22,13,0,0
BRDA:22,13,1,0
BRDA:23,14,0,0
BRDA:23,14,1,0
BRDA:28,15,0,0
BRDA:28,15,1,0
BRDA:29,16,0,0
BRDA:29,16,1,0
BRDA:30,17,0,0
BRDA:30,17,1,0
BRDA:31,18,0,0
BRDA:31,18,1,0
BRDA:32,19,0,0
BRDA:32,19,1,0
BRDA:33,20,0,0
BRDA:33,20,1,0
BRDA:34,21,0,0
BRDA:34,21,1,0
BRDA:38,22,0,0
BRDA:42,23,0,0
BRDA:42,23,1,0
BRDA:47,24,0,0
BRDA:47,24,1,0
BRDA:78,25,0,0
BRDA:78,25,1,0
BRF:51
BRH:0
end_of_record
TN:
SF:src/components/ThemeToggleBubble.jsx
FN:5,(anonymous_0)
FN:6,(anonymous_1)
FN:12,(anonymous_2)
FN:26,(anonymous_3)
FN:31,(anonymous_4)
FNF:5
FNH:0
FNDA:0,(anonymous_0)
FNDA:0,(anonymous_1)
FNDA:0,(anonymous_2)
FNDA:0,(anonymous_3)
FNDA:0,(anonymous_4)
DA:5,0
DA:6,0
DA:7,0
DA:8,0
DA:12,0
DA:13,0
DA:14,0
DA:15,0
DA:16,0
DA:18,0
DA:21,0
DA:22,0
DA:26,0
DA:27,0
DA:28,0
DA:31,0
DA:33,0
LF:17
LH:0
BRDA:8,0,0,0
BRDA:8,0,1,0
BRDA:14,1,0,0
BRDA:14,1,1,0
BRDA:21,2,0,0
BRDA:21,2,1,0
BRDA:31,3,0,0
BRDA:31,3,1,0
BRDA:41,4,0,0
BRDA:41,4,1,0
BRDA:43,5,0,0
BRDA:43,5,1,0
BRDA:46,6,0,0
BRDA:46,6,1,0
BRF:14
BRH:0
end_of_record
TN:
SF:src/components/Toast.jsx
FN:4,(anonymous_0)
FNF:1
FNH:0
FNDA:0,(anonymous_0)
DA:4,0
DA:11,0
DA:12,0
DA:24,0
LF:4
LH:0
BRDA:7,0,0,0
BRDA:8,1,0,0
BRDA:11,2,0,0
BRDA:11,2,1,0
BRDA:14,3,0,0
BRDA:14,3,1,0
BRF:6
BRH:0
end_of_record
TN:
SF:src/components/Badges/Badges.jsx
FN:584,Badge
FN:606,BadgeList
FN:614,(anonymous_2)
FN:629,BadgeTooltip
FN:636,(anonymous_4)
FNF:5
FNH:0
FNDA:0,Badge
FNDA:0,BadgeList
FNDA:0,(anonymous_2)
FNDA:0,BadgeTooltip
FNDA:0,(anonymous_4)
DA:5,0
DA:585,0
DA:586,0
DA:588,0
DA:595,0
DA:607,0
DA:609,0
DA:610,0
DA:612,0
DA:615,0
DA:630,0
DA:632,0
DA:637,0
DA:638,0
DA:640,0
LF:15
LH:0
BRDA:584,0,0,0
BRDA:586,1,0,0
BRDA:586,1,1,0
BRDA:606,2,0,0
BRDA:606,3,0,0
BRDA:606,4,0,0
BRDA:607,5,0,0
BRDA:607,5,1,0
BRDA:607,6,0,0
BRDA:607,6,1,0
BRDA:617,7,0,0
BRDA:617,7,1,0
BRDA:619,8,0,0
BRDA:619,8,1,0
BRDA:629,9,0,0
BRDA:630,10,0,0
BRDA:630,10,1,0
BRDA:630,11,0,0
BRDA:630,11,1,0
BRDA:638,12,0,0
BRDA:638,12,1,0
BRF:21
BRH:0
end_of_record
TN:
SF:src/components/Badges/BadgesPage.jsx
FN:12,(anonymous_0)
FN:39,(anonymous_1)
FN:45,(anonymous_2)
FN:46,(anonymous_3)
FN:50,(anonymous_4)
FN:64,(anonymous_5)
FN:72,(anonymous_6)
FN:76,(anonymous_7)
FN:80,(anonymous_8)
FN:108,(anonymous_9)
FN:121,(anonymous_10)
FN:133,(anonymous_11)
FN:149,(anonymous_12)
FN:156,(anonymous_13)
FN:264,(anonymous_14)
FN:279,(anonymous_15)
FN:301,(anonymous_16)
FN:314,(anonymous_17)
FN:330,(anonymous_18)
FN:342,(anonymous_19)
FN:363,(anonymous_20)
FN:402,(anonymous_21)
FN:415,(anonymous_22)
FN:418,(anonymous_23)
FN:442,(anonymous_24)
FN:465,(anonymous_25)
FNF:26
FNH:0
FNDA:0,(anonymous_0)
FNDA:0,(anonymous_1)
FNDA:0,(anonymous_2)
FNDA:0,(anonymous_3)
FNDA:0,(anonymous_4)
FNDA:0,(anonymous_5)
FNDA:0,(anonymous_6)
FNDA:0,(anonymous_7)
FNDA:0,(anonymous_8)
FNDA:0,(anonymous_9)
FNDA:0,(anonymous_10)
FNDA:0,(anonymous_11)
FNDA:0,(anonymous_12)
FNDA:0,(anonymous_13)
FNDA:0,(anonymous_14)
FNDA:0,(anonymous_15)
FNDA:0,(anonymous_16)
FNDA:0,(anonymous_17)
FNDA:0,(anonymous_18)
FNDA:0,(anonymous_19)
FNDA:0,(anonymous_20)
FNDA:0,(anonymous_21)
FNDA:0,(anonymous_22)
FNDA:0,(anonymous_23)
FNDA:0,(anonymous_24)
FNDA:0,(anonymous_25)
DA:12,0
DA:19,0
DA:20,0
DA:21,0
DA:22,0
DA:23,0
DA:24,0
DA:36,0
DA:39,0
DA:45,0
DA:46,0
DA:49,0
DA:50,0
DA:51,0
DA:52,0
DA:53,0
DA:54,0
DA:58,0
DA:64,0
DA:65,0
DA:66,0
DA:72,0
DA:73,0
DA:76,0
DA:80,0
DA:81,0
DA:83,0
DA:84,0
DA:88,0
DA:89,0
DA:94,0
DA:100,0
DA:101,0
DA:108,0
DA:109,0
DA:111,0
DA:112,0
DA:113,0
DA:117,0
DA:118,0
DA:121,0
DA:123,0
DA:126,0
DA:133,0
DA:134,0
DA:135,0
DA:136,0
DA:142,0
DA:149,0
DA:150,0
DA:152,0
DA:156,0
DA:191,0
DA:264,0
DA:280,0
DA:281,0
DA:301,0
DA:314,0
DA:330,0
DA:342,0
DA:363,0
DA:402,0
DA:416,0
DA:418,0
DA:442,0
DA:465,0
LF:66
LH:0
BRDA:51,0,0,0
BRDA:51,0,1,0
BRDA:51,1,0,0
BRDA:51,1,1,0
BRDA:53,2,0,0
BRDA:53,2,1,0
BRDA:65,3,0,0
BRDA:65,3,1,0
BRDA:65,4,0,0
BRDA:65,4,1,0
BRDA:88,5,0,0
BRDA:88,5,1,0
BRDA:109,6,0,0
BRDA:109,6,1,0
BRDA:149,7,0,0
BRDA:155,8,0,0
BRDA:155,8,1,0
BRDA:155,9,0,0
BRDA:155,9,1,0
BRDA:156,10,0,0
BRDA:156,10,1,0
BRDA:160,11,0,0
BRDA:160,11,1,0
BRDA:162,12,0,0
BRDA:162,12,1,0
BRDA:167,13,0,0
BRDA:167,13,1,0
BRDA:173,14,0,0
BRDA:173,14,1,0
BRDA:175,15,0,0
BRDA:175,15,1,0
BRDA:254,16,0,0
BRDA:254,16,1,0
BRDA:268,17,0,0
BRDA:268,17,1,0
BRDA:281,18,0,0
BRDA:281,18,1,0
BRDA:303,19,0,0
BRDA:303,19,1,0
BRDA:316,20,0,0
BRDA:316,20,1,0
BRDA:328,21,0,0
BRDA:328,21,1,0
BRDA:339,22,0,0
BRDA:339,22,1,0
BRDA:340,23,0,0
BRDA:340,23,1,0
BRDA:368,24,0,0
BRDA:368,24,1,0
BRDA:368,24,2,0
BRDA:393,25,0,0
BRDA:393,25,1,0
BRDA:420,26,0,0
BRDA:420,26,1,0
BRDA:449,27,0,0
BRDA:449,27,1,0
BRDA:452,28,0,0
BRDA:452,28,1,0
BRDA:460,29,0,0
BRDA:460,29,1,0
BRF:60
BRH:0
end_of_record
TN:
SF:src/components/CalendarView/CalendarView.jsx
FN:18,(anonymous_0)
FN:20,(anonymous_1)
FN:37,getWeekBounds
FN:48,(anonymous_3)
FN:78,(anonymous_4)
FN:98,(anonymous_5)
FN:115,(anonymous_6)
FN:129,(anonymous_7)
FN:157,(anonymous_8)
FN:189,(anonymous_9)
FN:228,(anonymous_10)
FN:272,(anonymous_11)
FN:273,(anonymous_12)
FN:282,(anonymous_13)
FN:283,(anonymous_14)
FN:285,(anonymous_15)
FN:309,(anonymous_16)
FN:312,(anonymous_17)
FN:331,(anonymous_18)
FN:338,(anonymous_19)
FN:370,(anonymous_20)
FN:377,(anonymous_21)
FN:540,(anonymous_22)
FN:583,(anonymous_23)
FN:619,(anonymous_24)
FN:624,(anonymous_25)
FN:637,(anonymous_26)
FN:642,(anonymous_27)
FNF:28
FNH:0
FNDA:0,(anonymous_0)
FNDA:0,(anonymous_1)
FNDA:0,getWeekBounds
FNDA:0,(anonymous_3)
FNDA:0,(anonymous_4)
FNDA:0,(anonymous_5)
FNDA:0,(anonymous_6)
FNDA:0,(anonymous_7)
FNDA:0,(anonymous_8)
FNDA:0,(anonymous_9)
FNDA:0,(anonymous_10)
FNDA:0,(anonymous_11)
FNDA:0,(anonymous_12)
FNDA:0,(anonymous_13)
FNDA:0,(anonymous_14)
FNDA:0,(anonymous_15)
FNDA:0,(anonymous_16)
FNDA:0,(anonymous_17)
FNDA:0,(anonymous_18)
FNDA:0,(anonymous_19)
FNDA:0,(anonymous_20)
FNDA:0,(anonymous_21)
FNDA:0,(anonymous_22)
FNDA:0,(anonymous_23)
FNDA:0,(anonymous_24)
FNDA:0,(anonymous_25)
FNDA:0,(anonymous_26)
FNDA:0,(anonymous_27)
DA:18,0
DA:19,0
DA:20,0
DA:21,0
DA:22,0
DA:23,0
DA:31,0
DA:32,0
DA:34,0
DA:38,0
DA:39,0
DA:40,0
DA:41,0
DA:42,0
DA:43,0
DA:44,0
DA:45,0
DA:48,0
DA:59,0
DA:61,0
DA:62,0
DA:63,0
DA:64,0
DA:65,0
DA:66,0
DA:67,0
DA:68,0
DA:69,0
DA:70,0
DA:72,0
DA:73,0
DA:76,0
DA:77,0
DA:78,0
DA:80,0
DA:81,0
DA:83,0
DA:99,0
DA:100,0
DA:101,0
DA:103,0
DA:116,0
DA:117,0
DA:118,0
DA:120,0
DA:130,0
DA:131,0
DA:137,0
DA:138,0
DA:140,0
DA:143,0
DA:145,0
DA:148,0
DA:157,0
DA:190,0
DA:191,0
DA:192,0
DA:193,0
DA:194,0
DA:195,0
DA:196,0
DA:197,0
DA:198,0
DA:229,0
DA:272,0
DA:274,0
DA:275,0
DA:276,0
DA:277,0
DA:278,0
DA:283,0
DA:284,0
DA:285,0
DA:310,0
DA:313,0
DA:331,0
DA:338,0
DA:370,0
DA:377,0
DA:541,0
DA:584,0
DA:619,0
DA:625,0
DA:637,0
DA:642,0
DA:661,0
LF:86
LH:0
BRDA:22,0,0,0
BRDA:22,0,1,0
BRDA:31,1,0,0
BRDA:31,1,1,0
BRDA:40,2,0,0
BRDA:40,2,1,0
BRDA:57,3,0,0
BRDA:81,4,0,0
BRDA:81,4,1,0
BRDA:99,5,0,0
BRDA:99,5,1,0
BRDA:116,6,0,0
BRDA:116,6,1,0
BRDA:130,7,0,0
BRDA:130,7,1,0
BRDA:145,8,0,0
BRDA:145,8,1,0
BRDA:145,8,2,0
BRDA:153,9,0,0
BRDA:153,9,1,0
BRDA:154,10,0,0
BRDA:154,10,1,0
BRDA:157,11,0,0
BRDA:157,11,1,0
BRDA:160,12,0,0
BRDA:160,12,1,0
BRDA:198,13,0,0
BRDA:198,13,1,0
BRDA:212,14,0,0
BRDA:212,14,1,0
BRDA:214,15,0,0
BRDA:214,15,1,0
BRDA:221,16,0,0
BRDA:221,16,1,0
BRDA:242,17,0,0
BRDA:242,17,1,0
BRDA:245,18,0,0
BRDA:245,18,1,0
BRDA:268,19,0,0
BRDA:268,19,1,0
BRDA:284,20,0,0
BRDA:284,20,1,0
BRDA:303,21,0,0
BRDA:303,21,1,0
BRDA:305,22,0,0
BRDA:305,22,1,0
BRDA:355,23,0,0
BRDA:355,23,1,0
BRDA:355,23,2,0
BRDA:362,24,0,0
BRDA:362,24,1,0
BRDA:423,25,0,0
BRDA:423,25,1,0
BRDA:433,26,0,0
BRDA:433,26,1,0
BRDA:433,27,0,0
BRDA:433,27,1,0
BRDA:433,27,2,0
BRDA:433,27,3,0
BRDA:433,27,4,0
BRDA:433,27,5,0
BRDA:440,28,0,0
BRDA:440,28,1,0
BRDA:440,29,0,0
BRDA:440,29,1,0
BRDA:440,29,2,0
BRDA:444,30,0,0
BRDA:444,30,1,0
BRDA:444,31,0,0
BRDA:444,31,1,0
BRDA:444,31,2,0
BRDA:444,31,3,0
BRDA:444,31,4,0
BRDA:455,32,0,0
BRDA:455,32,1,0
BRDA:457,33,0,0
BRDA:457,33,1,0
BRDA:459,34,0,0
BRDA:459,34,1,0
BRDA:461,35,0,0
BRDA:461,35,1,0
BRDA:463,36,0,0
BRDA:463,36,1,0
BRDA:465,37,0,0
BRDA:465,37,1,0
BRDA:467,38,0,0
BRDA:467,38,1,0
BRDA:469,39,0,0
BRDA:469,39,1,0
BRDA:472,40,0,0
BRDA:472,40,1,0
BRDA:475,41,0,0
BRDA:475,41,1,0
BRDA:478,42,0,0
BRDA:478,42,1,0
BRDA:481,43,0,0
BRDA:481,43,1,0
BRDA:484,44,0,0
BRDA:484,44,1,0
BRDA:487,45,0,0
BRDA:487,45,1,0
BRDA:493,46,0,0
BRDA:493,46,1,0
BRDA:495,47,0,0
BRDA:495,47,1,0
BRDA:497,48,0,0
BRDA:497,48,1,0
BRDA:499,49,0,0
BRDA:499,49,1,0
BRDA:501,50,0,0
BRDA:501,50,1,0
BRDA:503,51,0,0
BRDA:503,51,1,0
BRDA:505,52,0,0
BRDA:505,52,1,0
BRDA:507,53,0,0
BRDA:507,53,1,0
BRDA:510,54,0,0
BRDA:510,54,1,0
BRDA:513,55,0,0
BRDA:513,55,1,0
BRDA:516,56,0,0
BRDA:516,56,1,0
BRDA:519,57,0,0
BRDA:519,57,1,0
BRDA:522,58,0,0
BRDA:522,58,1,0
BRDA:525,59,0,0
BRDA:525,59,1,0
BRDA:542,60,0,0
BRDA:542,60,1,0
BRDA:548,61,0,0
BRDA:548,61,1,0
BRDA:550,62,0,0
BRDA:550,62,1,0
BRDA:561,63,0,0
BRDA:561,63,1,0
BRDA:563,64,0,0
BRDA:563,64,1,0
BRDA:568,65,0,0
BRDA:568,65,1,0
BRDA:571,66,0,0
BRDA:571,66,1,0
BRDA:585,67,0,0
BRDA:585,67,1,0
BRDA:591,68,0,0
BRDA:591,68,1,0
BRDA:615,69,0,0
BRDA:615,69,1,0
BRDA:619,70,0,0
BRDA:619,70,1,0
BRDA:627,71,0,0
BRDA:627,71,1,0
BRDA:627,72,0,0
BRDA:627,72,1,0
BRF:155
BRH:0
end_of_record
TN:
SF:src/components/Chatbot/Chatbot.jsx
FN:115,getSetsForIntensity
FN:120,(anonymous_1)
FN:128,(anonymous_2)
FN:139,(anonymous_3)
FN:147,getMuscleGroupForExercise
FN:203,(anonymous_5)
FN:246,(anonymous_6)
FN:264,(anonymous_7)
FN:268,(anonymous_8)
FN:272,(anonymous_9)
FN:277,(anonymous_10)
FN:282,(anonymous_11)
FN:286,(anonymous_12)
FN:292,(anonymous_13)
FN:319,(anonymous_14)
FN:325,(anonymous_15)
FN:335,(anonymous_16)
FN:360,(anonymous_17)
FN:367,(anonymous_18)
FN:375,(anonymous_19)
FN:376,(anonymous_20)
FN:381,(anonymous_21)
FN:397,(anonymous_22)
FN:399,(anonymous_23)
FN:428,(anonymous_24)
FN:432,(anonymous_25)
FN:436,(anonymous_26)
FN:447,(anonymous_27)
FN:450,(anonymous_28)
FN:474,(anonymous_29)
FN:497,(anonymous_30)
FN:504,(anonymous_31)
FN:506,(anonymous_32)
FN:514,(anonymous_33)
FN:525,(anonymous_34)
FN:526,(anonymous_35)
FN:534,(anonymous_36)
FN:539,(anonymous_37)
FN:544,(anonymous_38)
FN:556,(anonymous_39)
FN:566,(anonymous_40)
FN:573,(anonymous_41)
FN:611,(anonymous_42)
FN:618,(anonymous_43)
FN:626,(anonymous_44)
FN:628,(anonymous_45)
FN:629,(anonymous_46)
FN:682,(anonymous_47)
FN:683,(anonymous_48)
FN:686,(anonymous_49)
FN:696,(anonymous_50)
FN:725,(anonymous_51)
FN:729,(anonymous_52)
FN:807,(anonymous_53)
FN:834,(anonymous_54)
FN:860,(anonymous_55)
FN:861,(anonymous_56)
FN:863,(anonymous_57)
FN:866,(anonymous_58)
FN:906,(anonymous_59)
FN:913,(anonymous_60)
FN:935,(anonymous_61)
FN:941,(anonymous_62)
FN:944,(anonymous_63)
FN:1017,(anonymous_64)
FN:1020,(anonymous_65)
FN:1034,(anonymous_66)
FN:1036,(anonymous_67)
FN:1038,(anonymous_68)
FN:1066,(anonymous_69)
FN:1072,(anonymous_70)
FN:1102,(anonymous_71)
FN:1103,(anonymous_72)
FN:1115,(anonymous_73)
FN:1118,(anonymous_74)
FN:1123,(anonymous_75)
FN:1123,(anonymous_76)
FN:1145,(anonymous_77)
FN:1148,(anonymous_78)
FN:1161,(anonymous_79)
FN:1164,(anonymous_80)
FN:1180,(anonymous_81)
FN:1191,(anonymous_82)
FN:1213,(anonymous_83)
FN:1214,(anonymous_84)
FN:1239,(anonymous_85)
FN:1247,(anonymous_86)
FNF:87
FNH:0
FNDA:0,getSetsForIntensity
FNDA:0,(anonymous_1)
FNDA:0,(anonymous_2)
FNDA:0,(anonymous_3)
FNDA:0,getMuscleGroupForExercise
FNDA:0,(anonymous_5)
FNDA:0,(anonymous_6)
FNDA:0,(anonymous_7)
FNDA:0,(anonymous_8)
FNDA:0,(anonymous_9)
FNDA:0,(anonymous_10)
FNDA:0,(anonymous_11)
FNDA:0,(anonymous_12)
FNDA:0,(anonymous_13)
FNDA:0,(anonymous_14)
FNDA:0,(anonymous_15)
FNDA:0,(anonymous_16)
FNDA:0,(anonymous_17)
FNDA:0,(anonymous_18)
FNDA:0,(anonymous_19)
FNDA:0,(anonymous_20)
FNDA:0,(anonymous_21)
FNDA:0,(anonymous_22)
FNDA:0,(anonymous_23)
FNDA:0,(anonymous_24)
FNDA:0,(anonymous_25)
FNDA:0,(anonymous_26)
FNDA:0,(anonymous_27)
FNDA:0,(anonymous_28)
FNDA:0,(anonymous_29)
FNDA:0,(anonymous_30)
FNDA:0,(anonymous_31)
FNDA:0,(anonymous_32)
FNDA:0,(anonymous_33)
FNDA:0,(anonymous_34)
FNDA:0,(anonymous_35)
FNDA:0,(anonymous_36)
FNDA:0,(anonymous_37)
FNDA:0,(anonymous_38)
FNDA:0,(anonymous_39)
FNDA:0,(anonymous_40)
FNDA:0,(anonymous_41)
FNDA:0,(anonymous_42)
FNDA:0,(anonymous_43)
FNDA:0,(anonymous_44)
FNDA:0,(anonymous_45)
FNDA:0,(anonymous_46)
FNDA:0,(anonymous_47)
FNDA:0,(anonymous_48)
FNDA:0,(anonymous_49)
FNDA:0,(anonymous_50)
FNDA:0,(anonymous_51)
FNDA:0,(anonymous_52)
FNDA:0,(anonymous_53)
FNDA:0,(anonymous_54)
FNDA:0,(anonymous_55)
FNDA:0,(anonymous_56)
FNDA:0,(anonymous_57)
FNDA:0,(anonymous_58)
FNDA:0,(anonymous_59)
FNDA:0,(anonymous_60)
FNDA:0,(anonymous_61)
FNDA:0,(anonymous_62)
FNDA:0,(anonymous_63)
FNDA:0,(anonymous_64)
FNDA:0,(anonymous_65)
FNDA:0,(anonymous_66)
FNDA:0,(anonymous_67)
FNDA:0,(anonymous_68)
FNDA:0,(anonymous_69)
FNDA:0,(anonymous_70)
FNDA:0,(anonymous_71)
FNDA:0,(anonymous_72)
FNDA:0,(anonymous_73)
FNDA:0,(anonymous_74)
FNDA:0,(anonymous_75)
FNDA:0,(anonymous_76)
FNDA:0,(anonymous_77)
FNDA:0,(anonymous_78)
FNDA:0,(anonymous_79)
FNDA:0,(anonymous_80)
FNDA:0,(anonymous_81)
FNDA:0,(anonymous_82)
FNDA:0,(anonymous_83)
FNDA:0,(anonymous_84)
FNDA:0,(anonymous_85)
FNDA:0,(anonymous_86)
DA:15,0
DA:27,0
DA:33,0
DA:117,0
DA:119,0
DA:121,0
DA:125,0
DA:126,0
DA:127,0
DA:128,0
DA:136,0
DA:137,0
DA:138,0
DA:139,0
DA:149,0
DA:150,0
DA:151,0
DA:156,0
DA:200,0
DA:203,0
DA:213,0
DA:214,0
DA:215,0
DA:216,0
DA:217,0
DA:237,0
DA:238,0
DA:239,0
DA:240,0
DA:241,0
DA:242,0
DA:243,0
DA:246,0
DA:247,0
DA:249,0
DA:250,0
DA:261,0
DA:264,0
DA:265,0
DA:266,0
DA:267,0
DA:268,0
DA:270,0
DA:272,0
DA:273,0
DA:274,0
DA:278,0
DA:282,0
DA:283,0
DA:284,0
DA:286,0
DA:287,0
DA:288,0
DA:292,0
DA:293,0
DA:294,0
DA:305,0
DA:306,0
DA:307,0
DA:308,0
DA:313,0
DA:314,0
DA:315,0
DA:316,0
DA:317,0
DA:319,0
DA:321,0
DA:322,0
DA:325,0
DA:327,0
DA:328,0
DA:329,0
DA:331,0
DA:335,0
DA:337,0
DA:338,0
DA:340,0
DA:341,0
DA:344,0
DA:348,0
DA:360,0
DA:361,0
DA:364,0
DA:365,0
DA:366,0
DA:367,0
DA:370,0
DA:373,0
DA:375,0
DA:376,0
DA:377,0
DA:378,0
DA:381,0
DA:382,0
DA:383,0
DA:393,0
DA:394,0
DA:395,0
DA:397,0
DA:398,0
DA:399,0
DA:400,0
DA:401,0
DA:402,0
DA:404,0
DA:405,0
DA:408,0
DA:409,0
DA:414,0
DA:415,0
DA:416,0
DA:417,0
DA:424,0
DA:428,0
DA:429,0
DA:431,0
DA:432,0
DA:434,0
DA:436,0
DA:437,0
DA:445,0
DA:447,0
DA:448,0
DA:450,0
DA:451,0
DA:454,0
DA:456,0
DA:457,0
DA:458,0
DA:459,0
DA:461,0
DA:465,0
DA:466,0
DA:467,0
DA:470,0
DA:474,0
DA:475,0
DA:477,0
DA:480,0
DA:481,0
DA:485,0
DA:486,0
DA:496,0
DA:497,0
DA:501,0
DA:504,0
DA:505,0
DA:506,0
DA:508,0
DA:512,0
DA:513,0
DA:515,0
DA:518,0
DA:524,0
DA:525,0
DA:526,0
DA:527,0
DA:528,0
DA:533,0
DA:534,0
DA:538,0
DA:539,0
DA:540,0
DA:542,0
DA:543,0
DA:544,0
DA:549,0
DA:556,0
DA:557,0
DA:558,0
DA:561,0
DA:562,0
DA:564,0
DA:565,0
DA:566,0
DA:568,0
DA:573,0
DA:581,0
DA:583,0
DA:584,0
DA:585,0
DA:586,0
DA:587,0
DA:589,0
DA:594,0
DA:595,0
DA:596,0
DA:600,0
DA:601,0
DA:602,0
DA:605,0
DA:606,0
DA:611,0
DA:612,0
DA:614,0
DA:615,0
DA:617,0
DA:619,0
DA:624,0
DA:625,0
DA:627,0
DA:628,0
DA:629,0
DA:630,0
DA:631,0
DA:636,0
DA:637,0
DA:639,0
DA:657,0
DA:660,0
DA:665,0
DA:668,0
DA:669,0
DA:681,0
DA:682,0
DA:683,0
DA:685,0
DA:686,0
DA:689,0
DA:690,0
DA:695,0
DA:696,0
DA:697,0
DA:701,0
DA:702,0
DA:703,0
DA:704,0
DA:705,0
DA:706,0
DA:707,0
DA:711,0
DA:718,0
DA:719,0
DA:720,0
DA:723,0
DA:725,0
DA:729,0
DA:730,0
DA:731,0
DA:733,0
DA:736,0
DA:737,0
DA:739,0
DA:741,0
DA:742,0
DA:743,0
DA:745,0
DA:747,0
DA:749,0
DA:751,0
DA:754,0
DA:755,0
DA:757,0
DA:759,0
DA:760,0
DA:762,0
DA:763,0
DA:766,0
DA:767,0
DA:768,0
DA:769,0
DA:770,0
DA:771,0
DA:772,0
DA:775,0
DA:776,0
DA:777,0
DA:778,0
DA:779,0
DA:780,0
DA:781,0
DA:783,0
DA:784,0
DA:786,0
DA:788,0
DA:790,0
DA:795,0
DA:796,0
DA:798,0
DA:800,0
DA:801,0
DA:805,0
DA:807,0
DA:810,0
DA:811,0
DA:813,0
DA:814,0
DA:817,0
DA:822,0
DA:823,0
DA:833,0
DA:834,0
DA:837,0
DA:838,0
DA:842,0
DA:843,0
DA:845,0
DA:846,0
DA:849,0
DA:854,0
DA:855,0
DA:856,0
DA:859,0
DA:860,0
DA:861,0
DA:862,0
DA:863,0
DA:864,0
DA:866,0
DA:867,0
DA:877,0
DA:878,0
DA:880,0
DA:881,0
DA:883,0
DA:884,0
DA:886,0
DA:887,0
DA:889,0
DA:890,0
DA:891,0
DA:892,0
DA:899,0
DA:900,0
DA:901,0
DA:902,0
DA:903,0
DA:904,0
DA:906,0
DA:913,0
DA:914,0
DA:915,0
DA:917,0
DA:920,0
DA:921,0
DA:924,0
DA:925,0
DA:926,0
DA:927,0
DA:929,0
DA:932,0
DA:933,0
DA:934,0
DA:935,0
DA:939,0
DA:941,0
DA:944,0
DA:948,0
DA:950,0
DA:951,0
DA:952,0
DA:953,0
DA:955,0
DA:956,0
DA:957,0
DA:958,0
DA:962,0
DA:963,0
DA:964,0
DA:965,0
DA:966,0
DA:967,0
DA:968,0
DA:970,0
DA:972,0
DA:976,0
DA:977,0
DA:983,0
DA:985,0
DA:986,0
DA:989,0
DA:990,0
DA:991,0
DA:992,0
DA:993,0
DA:995,0
DA:999,0
DA:1000,0
DA:1001,0
DA:1005,0
DA:1006,0
DA:1016,0
DA:1017,0
DA:1019,0
DA:1020,0
DA:1023,0
DA:1024,0
DA:1025,0
DA:1026,0
DA:1028,0
DA:1029,0
DA:1034,0
DA:1036,0
DA:1038,0
DA:1039,0
DA:1043,0
DA:1045,0
DA:1048,0
DA:1049,0
DA:1052,0
DA:1053,0
DA:1054,0
DA:1056,0
DA:1057,0
DA:1059,0
DA:1060,0
DA:1062,0
DA:1063,0
DA:1066,0
DA:1072,0
DA:1073,0
DA:1076,0
DA:1077,0
DA:1079,0
DA:1089,0
DA:1092,0
DA:1102,0
DA:1103,0
DA:1116,0
DA:1118,0
DA:1123,0
DA:1145,0
DA:1149,0
DA:1161,0
DA:1165,0
DA:1180,0
DA:1192,0
DA:1213,0
DA:1215,0
DA:1216,0
DA:1239,0
DA:1247,0
DA:1258,0
LF:433
LH:0
BRDA:119,0,0,0
BRDA:119,0,1,0
BRDA:125,1,0,0
BRDA:125,1,1,0
BRDA:126,2,0,0
BRDA:126,2,1,0
BRDA:136,3,0,0
BRDA:136,3,1,0
BRDA:137,4,0,0
BRDA:137,4,1,0
BRDA:140,5,0,0
BRDA:140,5,1,0
BRDA:150,6,0,0
BRDA:150,6,1,0
BRDA:200,7,0,0
BRDA:200,7,1,0
BRDA:215,8,0,0
BRDA:215,8,1,0
BRDA:216,9,0,0
BRDA:216,9,1,0
BRDA:247,10,0,0
BRDA:247,10,1,0
BRDA:249,11,0,0
BRDA:249,11,1,0
BRDA:253,12,0,0
BRDA:253,12,1,0
BRDA:265,13,0,0
BRDA:265,13,1,0
BRDA:265,14,0,0
BRDA:265,14,1,0
BRDA:273,15,0,0
BRDA:273,15,1,0
BRDA:273,16,0,0
BRDA:273,16,1,0
BRDA:278,17,0,0
BRDA:278,17,1,0
BRDA:278,18,0,0
BRDA:278,18,1,0
BRDA:283,19,0,0
BRDA:283,19,1,0
BRDA:283,20,0,0
BRDA:283,20,1,0
BRDA:287,21,0,0
BRDA:287,21,1,0
BRDA:287,22,0,0
BRDA:287,22,1,0
BRDA:293,23,0,0
BRDA:293,23,1,0
BRDA:293,24,0,0
BRDA:293,24,1,0
BRDA:321,25,0,0
BRDA:321,25,1,0
BRDA:322,26,0,0
BRDA:322,26,1,0
BRDA:327,27,0,0
BRDA:327,27,1,0
BRDA:328,28,0,0
BRDA:328,28,1,0
BRDA:337,29,0,0
BRDA:337,29,1,0
BRDA:338,30,0,0
BRDA:338,30,1,0
BRDA:340,31,0,0
BRDA:340,31,1,0
BRDA:344,32,0,0
BRDA:344,32,1,0
BRDA:361,33,0,0
BRDA:361,33,1,0
BRDA:361,34,0,0
BRDA:361,34,1,0
BRDA:370,35,0,0
BRDA:370,35,1,0
BRDA:377,36,0,0
BRDA:377,36,1,0
BRDA:382,37,0,0
BRDA:382,37,1,0
BRDA:382,38,0,0
BRDA:382,38,1,0
BRDA:398,39,0,0
BRDA:398,39,1,0
BRDA:404,40,0,0
BRDA:404,40,1,0
BRDA:406,41,0,0
BRDA:406,41,1,0
BRDA:414,42,0,0
BRDA:414,42,1,0
BRDA:429,43,0,0
BRDA:429,43,1,0
BRDA:429,44,0,0
BRDA:429,44,1,0
BRDA:434,45,0,0
BRDA:434,45,1,0
BRDA:456,46,0,0
BRDA:456,46,1,0
BRDA:458,47,0,0
BRDA:458,47,1,0
BRDA:466,48,0,0
BRDA:466,48,1,0
BRDA:477,49,0,0
BRDA:477,49,1,0
BRDA:480,50,0,0
BRDA:480,50,1,0
BRDA:497,51,0,0
BRDA:497,51,1,0
BRDA:512,52,0,0
BRDA:512,52,1,0
BRDA:515,53,0,0
BRDA:515,53,1,0
BRDA:527,54,0,0
BRDA:527,54,1,0
BRDA:538,55,0,0
BRDA:538,55,1,0
BRDA:538,56,0,0
BRDA:538,56,1,0
BRDA:542,57,0,0
BRDA:542,57,1,0
BRDA:562,58,0,0
BRDA:562,58,1,0
BRDA:564,59,0,0
BRDA:564,59,1,0
BRDA:583,60,0,0
BRDA:583,60,1,0
BRDA:584,61,0,0
BRDA:584,61,1,0
BRDA:586,62,0,0
BRDA:586,62,1,0
BRDA:595,63,0,0
BRDA:595,63,1,0
BRDA:601,64,0,0
BRDA:601,64,1,0
BRDA:605,65,0,0
BRDA:605,65,1,0
BRDA:612,66,0,0
BRDA:612,66,1,0
BRDA:612,67,0,0
BRDA:612,67,1,0
BRDA:627,68,0,0
BRDA:627,68,1,0
BRDA:628,69,0,0
BRDA:628,69,1,0
BRDA:629,70,0,0
BRDA:629,70,1,0
BRDA:630,71,0,0
BRDA:630,71,1,0
BRDA:637,72,0,0
BRDA:637,72,1,0
BRDA:639,73,0,0
BRDA:639,73,1,0
BRDA:639,74,0,0
BRDA:639,74,1,0
BRDA:639,74,2,0
BRDA:639,74,3,0
BRDA:639,74,4,0
BRDA:639,74,5,0
BRDA:646,75,0,0
BRDA:646,75,1,0
BRDA:646,76,0,0
BRDA:646,76,1,0
BRDA:646,76,2,0
BRDA:650,77,0,0
BRDA:650,77,1,0
BRDA:650,78,0,0
BRDA:650,78,1,0
BRDA:650,78,2,0
BRDA:650,78,3,0
BRDA:650,78,4,0
BRDA:682,79,0,0
BRDA:682,79,1,0
BRDA:689,80,0,0
BRDA:689,80,1,0
BRDA:695,81,0,0
BRDA:695,81,1,0
BRDA:701,82,0,0
BRDA:701,82,1,0
BRDA:702,83,0,0
BRDA:702,83,1,0
BRDA:704,84,0,0
BRDA:704,84,1,0
BRDA:706,85,0,0
BRDA:706,85,1,0
BRDA:719,86,0,0
BRDA:719,86,1,0
BRDA:731,87,0,0
BRDA:731,87,1,0
BRDA:733,88,0,0
BRDA:733,88,1,0
BRDA:736,89,0,0
BRDA:736,89,1,0
BRDA:739,90,0,0
BRDA:739,90,1,0
BRDA:739,90,2,0
BRDA:739,90,3,0
BRDA:739,90,4,0
BRDA:795,91,0,0
BRDA:795,91,1,0
BRDA:795,92,0,0
BRDA:795,92,1,0
BRDA:807,93,0,0
BRDA:807,93,1,0
BRDA:810,94,0,0
BRDA:810,94,1,0
BRDA:813,95,0,0
BRDA:813,95,1,0
BRDA:834,96,0,0
BRDA:834,96,1,0
BRDA:837,97,0,0
BRDA:837,97,1,0
BRDA:842,98,0,0
BRDA:842,98,1,0
BRDA:845,99,0,0
BRDA:845,99,1,0
BRDA:855,100,0,0
BRDA:855,100,1,0
BRDA:862,101,0,0
BRDA:862,101,1,0
BRDA:877,102,0,0
BRDA:877,102,1,0
BRDA:886,103,0,0
BRDA:886,103,1,0
BRDA:915,104,0,0
BRDA:915,104,1,0
BRDA:917,105,0,0
BRDA:917,105,1,0
BRDA:920,106,0,0
BRDA:920,106,1,0
BRDA:924,107,0,0
BRDA:924,107,1,0
BRDA:924,108,0,0
BRDA:924,108,1,0
BRDA:941,109,0,0
BRDA:941,109,1,0
BRDA:944,110,0,0
BRDA:944,110,1,0
BRDA:955,111,0,0
BRDA:955,111,1,0
BRDA:962,112,0,0
BRDA:962,112,1,0
BRDA:965,113,0,0
BRDA:965,113,1,0
BRDA:967,114,0,0
BRDA:967,114,1,0
BRDA:990,115,0,0
BRDA:990,115,1,0
BRDA:992,116,0,0
BRDA:992,116,1,0
BRDA:1000,117,0,0
BRDA:1000,117,1,0
BRDA:1017,118,0,0
BRDA:1017,118,1,0
BRDA:1020,119,0,0
BRDA:1020,119,1,0
BRDA:1025,120,0,0
BRDA:1025,120,1,0
BRDA:1028,121,0,0
BRDA:1028,121,1,0
BRDA:1036,122,0,0
BRDA:1036,122,1,0
BRDA:1038,123,0,0
BRDA:1038,123,1,0
BRDA:1040,124,0,0
BRDA:1040,124,1,0
BRDA:1040,125,0,0
BRDA:1040,125,1,0
BRDA:1053,126,0,0
BRDA:1053,126,1,0
BRDA:1056,127,0,0
BRDA:1056,127,1,0
BRDA:1059,128,0,0
BRDA:1059,128,1,0
BRDA:1073,129,0,0
BRDA:1073,129,1,0
BRDA:1077,130,0,0
BRDA:1077,130,1,0
BRDA:1133,131,0,0
BRDA:1133,131,1,0
BRDA:1194,132,0,0
BRDA:1194,132,1,0
BRDA:1198,133,0,0
BRDA:1198,133,1,0
BRDA:1215,134,0,0
BRDA:1215,134,1,0
BRDA:1225,135,0,0
BRDA:1225,135,1,0
BRDA:1227,136,0,0
BRDA:1227,136,1,0
BRDA:1232,137,0,0
BRDA:1232,137,1,0
BRDA:1244,138,0,0
BRDA:1244,138,1,0
BRF:289
BRH:0
end_of_record
TN:
SF:src/components/Chatbot/ChatbotBubble.jsx
FN:6,(anonymous_0)
FN:12,(anonymous_1)
FN:28,(anonymous_2)
FN:38,(anonymous_3)
FNF:4
FNH:0
FNDA:0,(anonymous_0)
FNDA:0,(anonymous_1)
FNDA:0,(anonymous_2)
FNDA:0,(anonymous_3)
DA:6,0
DA:7,0
DA:8,0
DA:9,0
DA:12,0
DA:13,0
DA:14,0
DA:15,0
DA:20,0
DA:21,0
DA:24,0
DA:28,0
DA:29,0
DA:32,0
DA:38,0
LF:15
LH:0
BRDA:13,0,0,0
BRDA:13,0,1,0
BRDA:13,1,0,0
BRDA:13,1,1,0
BRDA:15,2,0,0
BRDA:15,2,1,0
BRDA:16,3,0,0
BRDA:16,3,1,0
BRDA:16,3,2,0
BRDA:24,4,0,0
BRDA:24,4,1,0
BRDA:36,5,0,0
BRDA:36,5,1,0
BRDA:43,6,0,0
BRDA:43,6,1,0
BRDA:48,7,0,0
BRDA:48,7,1,0
BRF:17
BRH:0
end_of_record
TN:
SF:src/components/Chatbot/ChatbotDashboard.jsx
FN:3,(anonymous_0)
FN:16,(anonymous_1)
FN:45,(anonymous_2)
FN:56,(anonymous_3)
FN:67,(anonymous_4)
FN:78,(anonymous_5)
FN:93,(anonymous_6)
FNF:7
FNH:0
FNDA:0,(anonymous_0)
FNDA:0,(anonymous_1)
FNDA:0,(anonymous_2)
FNDA:0,(anonymous_3)
FNDA:0,(anonymous_4)
FNDA:0,(anonymous_5)
FNDA:0,(anonymous_6)
DA:3,0
DA:10,0
DA:12,0
DA:16,0
DA:46,0
DA:47,0
DA:57,0
DA:58,0
DA:68,0
DA:69,0
DA:79,0
DA:80,0
DA:93,0
LF:13
LH:0
BRDA:23,0,0,0
BRDA:23,0,1,0
BRDA:30,1,0,0
BRDA:30,1,1,0
BRDA:92,2,0,0
BRDA:92,2,1,0
BRF:6
BRH:0
end_of_record
TN:
SF:src/components/Chatbot/KnowledgeBaseManager.jsx
FN:4,(anonymous_0)
FN:28,(anonymous_1)
FN:35,(anonymous_2)
FN:43,(anonymous_3)
FN:51,(anonymous_4)
FN:55,(anonymous_5)
FN:56,(anonymous_6)
FN:121,(anonymous_7)
FN:124,(anonymous_8)
FN:183,(anonymous_9)
FN:199,(anonymous_10)
FN:224,(anonymous_11)
FN:227,(anonymous_12)
FN:243,(anonymous_13)
FN:276,(anonymous_14)
FN:280,(anonymous_15)
FN:302,(anonymous_16)
FN:332,(anonymous_17)
FN:333,(anonymous_18)
FN:349,(anonymous_19)
FN:350,(anonymous_20)
FN:358,(anonymous_21)
FN:372,(anonymous_22)
FN:373,(anonymous_23)
FN:391,(anonymous_24)
FN:392,(anonymous_25)
FNF:26
FNH:0
FNDA:0,(anonymous_0)
FNDA:0,(anonymous_1)
FNDA:0,(anonymous_2)
FNDA:0,(anonymous_3)
FNDA:0,(anonymous_4)
FNDA:0,(anonymous_5)
FNDA:0,(anonymous_6)
FNDA:0,(anonymous_7)
FNDA:0,(anonymous_8)
FNDA:0,(anonymous_9)
FNDA:0,(anonymous_10)
FNDA:0,(anonymous_11)
FNDA:0,(anonymous_12)
FNDA:0,(anonymous_13)
FNDA:0,(anonymous_14)
FNDA:0,(anonymous_15)
FNDA:0,(anonymous_16)
FNDA:0,(anonymous_17)
FNDA:0,(anonymous_18)
FNDA:0,(anonymous_19)
FNDA:0,(anonymous_20)
FNDA:0,(anonymous_21)
FNDA:0,(anonymous_22)
FNDA:0,(anonymous_23)
FNDA:0,(anonymous_24)
FNDA:0,(anonymous_25)
DA:4,0
DA:12,0
DA:13,0
DA:14,0
DA:15,0
DA:16,0
DA:17,0
DA:20,0
DA:28,0
DA:29,0
DA:30,0
DA:35,0
DA:36,0
DA:37,0
DA:38,0
DA:43,0
DA:44,0
DA:45,0
DA:46,0
DA:51,0
DA:52,0
DA:53,0
DA:55,0
DA:56,0
DA:58,0
DA:65,0
DA:66,0
DA:67,0
DA:68,0
DA:70,0
DA:73,0
DA:77,0
DA:88,0
DA:99,0
DA:101,0
DA:122,0
DA:124,0
DA:184,0
DA:200,0
DA:224,0
DA:227,0
DA:244,0
DA:276,0
DA:281,0
DA:303,0
DA:333,0
DA:350,0
DA:359,0
DA:373,0
DA:392,0
DA:425,0
LF:51
LH:0
BRDA:29,0,0,0
BRDA:29,0,1,0
BRDA:36,1,0,0
BRDA:36,1,1,0
BRDA:44,2,0,0
BRDA:44,2,1,0
BRDA:52,3,0,0
BRDA:52,3,1,0
BRDA:52,4,0,0
BRDA:52,4,1,0
BRDA:52,4,2,0
BRDA:65,5,0,0
BRDA:65,5,1,0
BRDA:99,6,0,0
BRDA:99,6,1,0
BRDA:126,7,0,0
BRDA:126,7,1,0
BRDA:131,8,0,0
BRDA:131,8,1,0
BRDA:132,9,0,0
BRDA:132,9,1,0
BRDA:133,10,0,0
BRDA:133,10,1,0
BRDA:134,11,0,0
BRDA:134,11,1,0
BRDA:142,12,0,0
BRDA:142,12,1,0
BRDA:148,13,0,0
BRDA:148,13,1,0
BRDA:195,14,0,0
BRDA:195,14,1,0
BRDA:214,15,0,0
BRDA:214,15,1,0
BRDA:227,16,0,0
BRDA:227,16,1,0
BRDA:238,17,0,0
BRDA:238,17,1,0
BRDA:267,18,0,0
BRDA:267,18,1,0
BRDA:296,19,0,0
BRDA:296,19,1,0
BRDA:318,20,0,0
BRDA:318,20,1,0
BRF:43
BRH:0
end_of_record
TN:
SF:src/components/Chatbot/MonitoringDashboard.jsx
FN:4,(anonymous_0)
FN:14,(anonymous_1)
FN:20,(anonymous_2)
FN:31,(anonymous_3)
FN:63,(anonymous_4)
FN:66,(anonymous_5)
FN:181,(anonymous_6)
FN:288,(anonymous_7)
FNF:8
FNH:0
FNDA:0,(anonymous_0)
FNDA:0,(anonymous_1)
FNDA:0,(anonymous_2)
FNDA:0,(anonymous_3)
FNDA:0,(anonymous_4)
FNDA:0,(anonymous_5)
FNDA:0,(anonymous_6)
FNDA:0,(anonymous_7)
DA:4,0
DA:12,0
DA:14,0
DA:15,0
DA:16,0
DA:17,0
DA:20,0
DA:21,0
DA:23,0
DA:25,0
DA:27,0
DA:31,0
DA:32,0
DA:34,0
DA:36,0
DA:38,0
DA:40,0
DA:44,0
DA:64,0
DA:66,0
DA:182,0
DA:289,0
DA:422,0
LF:23
LH:0
BRDA:21,0,0,0
BRDA:21,0,1,0
BRDA:21,0,2,0
BRDA:32,1,0,0
BRDA:32,1,1,0
BRDA:32,1,2,0
BRDA:32,1,3,0
BRDA:68,2,0,0
BRDA:68,2,1,0
BRDA:73,3,0,0
BRDA:73,3,1,0
BRDA:74,4,0,0
BRDA:74,4,1,0
BRDA:75,5,0,0
BRDA:75,5,1,0
BRDA:76,6,0,0
BRDA:76,6,1,0
BRDA:77,7,0,0
BRDA:77,7,1,0
BRDA:85,8,0,0
BRDA:85,8,1,0
BRDA:91,9,0,0
BRDA:91,9,1,0
BRDA:97,10,0,0
BRDA:97,10,1,0
BRDA:103,11,0,0
BRDA:103,11,1,0
BRDA:109,12,0,0
BRDA:109,12,1,0
BRDA:115,13,0,0
BRDA:115,13,1,0
BRDA:129,14,0,0
BRDA:129,14,1,0
BRDA:135,15,0,0
BRDA:135,15,1,0
BRDA:141,16,0,0
BRDA:141,16,1,0
BRDA:147,17,0,0
BRDA:147,17,1,0
BRDA:159,18,0,0
BRDA:159,18,1,0
BRDA:165,19,0,0
BRDA:165,19,1,0
BRDA:174,20,0,0
BRDA:174,20,1,0
BRDA:179,21,0,0
BRDA:179,21,1,0
BRDA:179,22,0,0
BRDA:179,22,1,0
BRDA:189,23,0,0
BRDA:189,23,1,0
BRDA:191,24,0,0
BRDA:191,24,1,0
BRDA:217,25,0,0
BRDA:217,25,1,0
BRDA:234,26,0,0
BRDA:234,26,1,0
BRDA:248,27,0,0
BRDA:248,27,1,0
BRDA:253,28,0,0
BRDA:253,28,1,0
BRDA:267,29,0,0
BRDA:267,29,1,0
BRDA:272,30,0,0
BRDA:272,30,1,0
BRDA:280,31,0,0
BRDA:280,31,1,0
BRDA:286,32,0,0
BRDA:286,32,1,0
BRDA:286,33,0,0
BRDA:286,33,1,0
BRDA:292,34,0,0
BRDA:292,34,1,0
BRDA:294,35,0,0
BRDA:294,35,1,0
BRDA:323,36,0,0
BRDA:323,36,1,0
BRDA:333,37,0,0
BRDA:333,37,1,0
BRDA:339,38,0,0
BRDA:339,38,1,0
BRDA:345,39,0,0
BRDA:345,39,1,0
BRDA:353,40,0,0
BRDA:353,40,1,0
BRDA:366,41,0,0
BRDA:366,41,1,0
BRDA:372,42,0,0
BRDA:372,42,1,0
BRDA:378,43,0,0
BRDA:378,43,1,0
BRDA:413,44,0,0
BRDA:413,44,1,0
BRF:93
BRH:0
end_of_record
TN:
SF:src/components/Chatbot/RecommendationsMenu.jsx
FN:3,(anonymous_0)
FN:14,(anonymous_1)
FN:44,(anonymous_2)
FN:55,(anonymous_3)
FN:66,(anonymous_4)
FN:81,(anonymous_5)
FNF:6
FNH:0
FNDA:0,(anonymous_0)
FNDA:0,(anonymous_1)
FNDA:0,(anonymous_2)
FNDA:0,(anonymous_3)
FNDA:0,(anonymous_4)
FNDA:0,(anonymous_5)
DA:3,0
DA:8,0
DA:10,0
DA:14,0
DA:45,0
DA:46,0
DA:56,0
DA:57,0
DA:67,0
DA:68,0
DA:81,0
LF:11
LH:0
BRDA:21,0,0,0
BRDA:21,0,1,0
BRDA:28,1,0,0
BRDA:28,1,1,0
BRDA:80,2,0,0
BRDA:80,2,1,0
BRF:6
BRH:0
end_of_record
TN:
SF:src/components/Chatbot/sendCongratsAfterWorkout.js
FN:2,sendCongratsAfterWorkout
FN:17,(anonymous_1)
FN:26,(anonymous_2)
FN:30,(anonymous_3)
FN:32,(anonymous_4)
FN:33,(anonymous_5)
FN:33,(anonymous_6)
FN:42,(anonymous_7)
FNF:8
FNH:0
FNDA:0,sendCongratsAfterWorkout
FNDA:0,(anonymous_1)
FNDA:0,(anonymous_2)
FNDA:0,(anonymous_3)
FNDA:0,(anonymous_4)
FNDA:0,(anonymous_5)
FNDA:0,(anonymous_6)
FNDA:0,(anonymous_7)
DA:8,0
DA:10,0
DA:11,0
DA:12,0
DA:13,0
DA:14,0
DA:15,0
DA:16,0
DA:17,0
DA:18,0
DA:19,0
DA:22,0
DA:23,0
DA:24,0
DA:25,0
DA:26,0
DA:29,0
DA:31,0
DA:32,0
DA:33,0
DA:36,0
DA:37,0
DA:38,0
DA:42,0
LF:24
LH:0
BRDA:8,0,0,0
BRDA:8,0,1,0
BRDA:19,1,0,0
BRDA:19,1,1,0
BRDA:23,2,0,0
BRDA:23,2,1,0
BRDA:23,3,0,0
BRDA:23,3,1,0
BRDA:26,4,0,0
BRDA:26,4,1,0
BRDA:26,5,0,0
BRDA:26,5,1,0
BRDA:31,6,0,0
BRDA:31,6,1,0
BRDA:33,7,0,0
BRDA:33,7,1,0
BRDA:33,8,0,0
BRDA:33,8,1,0
BRDA:36,9,0,0
BRDA:36,9,1,0
BRDA:36,10,0,0
BRDA:36,10,1,0
BRDA:46,11,0,0
BRDA:46,11,1,0
BRDA:46,12,0,0
BRDA:46,12,1,0
BRDA:46,13,0,0
BRDA:46,13,1,0
BRF:28
BRH:0
end_of_record
TN:
SF:src/components/Header/Header.jsx
FN:9,(anonymous_0)
FN:26,(anonymous_1)
FNF:2
FNH:0
FNDA:0,(anonymous_0)
FNDA:0,(anonymous_1)
DA:8,0
DA:22,0
DA:26,0
DA:27,0
DA:28,0
DA:32,0
DA:33,0
DA:34,0
DA:36,0
DA:92,0
LF:10
LH:0
BRDA:11,0,0,0
BRDA:13,1,0,0
BRDA:14,2,0,0
BRDA:32,3,0,0
BRDA:32,3,1,0
BRDA:33,4,0,0
BRDA:33,4,1,0
BRDA:34,5,0,0
BRDA:34,5,1,0
BRDA:74,6,0,0
BRDA:74,6,1,0
BRF:11
BRH:0
end_of_record
TN:
SF:src/components/Leaderboard/Leaderboard.jsx
FN:17,Leaderboard
FN:31,(anonymous_1)
FN:35,(anonymous_2)
FN:47,(anonymous_3)
FN:48,(anonymous_4)
FN:66,(anonymous_5)
FN:109,(anonymous_6)
FN:111,(anonymous_7)
FN:131,(anonymous_8)
FN:132,(anonymous_9)
FN:133,(anonymous_10)
FN:146,(anonymous_11)
FN:146,(anonymous_12)
FN:185,(anonymous_13)
FN:206,(anonymous_14)
FN:225,(anonymous_15)
FN:229,(anonymous_16)
FN:262,(anonymous_17)
FN:281,(anonymous_18)
FN:308,(anonymous_19)
FN:335,(anonymous_20)
FN:355,(anonymous_21)
FN:377,(anonymous_22)
FNF:23
FNH:0
FNDA:0,Leaderboard
FNDA:0,(anonymous_1)
FNDA:0,(anonymous_2)
FNDA:0,(anonymous_3)
FNDA:0,(anonymous_4)
FNDA:0,(anonymous_5)
FNDA:0,(anonymous_6)
FNDA:0,(anonymous_7)
FNDA:0,(anonymous_8)
FNDA:0,(anonymous_9)
FNDA:0,(anonymous_10)
FNDA:0,(anonymous_11)
FNDA:0,(anonymous_12)
FNDA:0,(anonymous_13)
FNDA:0,(anonymous_14)
FNDA:0,(anonymous_15)
FNDA:0,(anonymous_16)
FNDA:0,(anonymous_17)
FNDA:0,(anonymous_18)
FNDA:0,(anonymous_19)
FNDA:0,(anonymous_20)
FNDA:0,(anonymous_21)
FNDA:0,(anonymous_22)
DA:24,0
DA:25,0
DA:26,0
DA:27,0
DA:28,0
DA:31,0
DA:32,0
DA:33,0
DA:34,0
DA:35,0
DA:39,0
DA:41,0
DA:42,0
DA:47,0
DA:48,0
DA:49,0
DA:51,0
DA:53,0
DA:54,0
DA:56,0
DA:57,0
DA:59,0
DA:61,0
DA:65,0
DA:66,0
DA:72,0
DA:75,0
DA:87,0
DA:94,0
DA:96,0
DA:99,0
DA:102,0
DA:106,0
DA:109,0
DA:110,0
DA:112,0
DA:113,0
DA:115,0
DA:116,0
DA:117,0
DA:118,0
DA:120,0
DA:131,0
DA:132,0
DA:133,0
DA:141,0
DA:146,0
DA:148,0
DA:185,0
DA:206,0
DA:225,0
DA:230,0
DA:263,0
DA:281,0
DA:309,0
DA:310,0
DA:336,0
DA:355,0
DA:378,0
DA:379,0
LF:60
LH:0
BRDA:22,0,0,0
BRDA:57,1,0,0
BRDA:57,1,1,0
BRDA:77,2,0,0
BRDA:77,2,1,0
BRDA:78,3,0,0
BRDA:78,3,1,0
BRDA:79,4,0,0
BRDA:79,4,1,0
BRDA:83,5,0,0
BRDA:83,5,1,0
BRDA:84,6,0,0
BRDA:84,6,1,0
BRDA:102,7,0,0
BRDA:102,7,1,0
BRDA:115,8,0,0
BRDA:115,8,1,0
BRDA:116,9,0,0
BRDA:116,9,1,0
BRDA:117,10,0,0
BRDA:117,10,1,0
BRDA:118,11,0,0
BRDA:118,11,1,0
BRDA:127,12,0,0
BRDA:127,12,1,0
BRDA:128,13,0,0
BRDA:128,13,1,0
BRDA:137,14,0,0
BRDA:137,14,1,0
BRDA:137,15,0,0
BRDA:137,15,1,0
BRDA:137,16,0,0
BRDA:137,16,1,0
BRDA:141,17,0,0
BRDA:141,17,1,0
BRDA:161,18,0,0
BRDA:161,18,1,0
BRDA:224,19,0,0
BRDA:224,19,1,0
BRDA:225,20,0,0
BRDA:225,20,1,0
BRDA:239,21,0,0
BRDA:239,21,1,0
BRDA:252,22,0,0
BRDA:252,22,1,0
BRDA:259,23,0,0
BRDA:259,23,1,0
BRDA:261,24,0,0
BRDA:261,24,1,0
BRDA:266,25,0,0
BRDA:266,25,1,0
BRDA:273,26,0,0
BRDA:273,26,1,0
BRDA:281,27,0,0
BRDA:281,27,1,0
BRDA:286,28,0,0
BRDA:286,28,1,0
BRDA:293,29,0,0
BRDA:293,29,1,0
BRDA:294,30,0,0
BRDA:294,30,1,0
BRDA:295,31,0,0
BRDA:295,31,1,0
BRDA:298,32,0,0
BRDA:298,32,1,0
BRDA:298,32,2,0
BRDA:305,33,0,0
BRDA:305,33,1,0
BRDA:305,33,2,0
BRDA:334,34,0,0
BRDA:334,34,1,0
BRDA:340,35,0,0
BRDA:340,35,1,0
BRDA:347,36,0,0
BRDA:347,36,1,0
BRDA:355,37,0,0
BRDA:355,37,1,0
BRDA:360,38,0,0
BRDA:360,38,1,0
BRDA:367,39,0,0
BRDA:367,39,1,0
BRDA:367,39,2,0
BRDA:374,40,0,0
BRDA:374,40,1,0
BRDA:374,40,2,0
BRDA:407,41,0,0
BRDA:407,41,1,0
BRDA:407,41,2,0
BRDA:416,42,0,0
BRDA:416,42,1,0
BRDA:422,43,0,0
BRDA:422,43,1,0
BRDA:430,44,0,0
BRDA:430,44,1,0
BRDA:437,45,0,0
BRDA:437,45,1,0
BRDA:445,46,0,0
BRDA:445,46,1,0
BRDA:453,47,0,0
BRDA:453,47,1,0
BRDA:453,47,2,0
BRF:101
BRH:0
end_of_record
TN:
SF:src/components/Leaderboard/LeaderboardView.jsx
FN:7,LeaderboardView
FN:17,(anonymous_1)
FN:24,(anonymous_2)
FNF:3
FNH:0
FNDA:0,LeaderboardView
FNDA:0,(anonymous_1)
FNDA:0,(anonymous_2)
DA:8,0
DA:10,0
DA:12,0
DA:17,0
DA:24,0
LF:5
LH:0
BRDA:14,0,0,0
BRDA:14,0,1,0
BRF:2
BRH:0
end_of_record
TN:
SF:src/components/Navigation/Navigation.jsx
FN:17,(anonymous_0)
FN:30,(anonymous_1)
FN:115,(anonymous_2)
FN:126,(anonymous_3)
FN:139,(anonymous_4)
FN:142,(anonymous_5)
FN:145,(anonymous_6)
FN:172,(anonymous_7)
FN:184,(anonymous_8)
FN:203,(anonymous_9)
FN:207,(anonymous_10)
FN:226,(anonymous_11)
FN:233,(anonymous_12)
FNF:13
FNH:0
FNDA:0,(anonymous_0)
FNDA:0,(anonymous_1)
FNDA:0,(anonymous_2)
FNDA:0,(anonymous_3)
FNDA:0,(anonymous_4)
FNDA:0,(anonymous_5)
FNDA:0,(anonymous_6)
FNDA:0,(anonymous_7)
FNDA:0,(anonymous_8)
FNDA:0,(anonymous_9)
FNDA:0,(anonymous_10)
FNDA:0,(anonymous_11)
FNDA:0,(anonymous_12)
DA:17,0
DA:24,0
DA:25,0
DA:26,0
DA:27,0
DA:30,0
DA:31,0
DA:45,0
DA:48,0
DA:115,0
DA:116,0
DA:118,0
DA:119,0
DA:120,0
DA:121,0
DA:126,0
DA:127,0
DA:128,0
DA:130,0
DA:132,0
DA:139,0
DA:140,0
DA:141,0
DA:142,0
DA:145,0
DA:147,0
DA:148,0
DA:151,0
DA:152,0
DA:161,0
DA:172,0
DA:184,0
DA:204,0
DA:207,0
DA:226,0
DA:233,0
DA:245,0
LF:37
LH:0
BRDA:20,0,0,0
BRDA:21,1,0,0
BRDA:45,2,0,0
BRDA:45,2,1,0
BRDA:116,3,0,0
BRDA:116,3,1,0
BRDA:127,4,0,0
BRDA:127,4,1,0
BRDA:131,5,0,0
BRDA:131,5,1,0
BRDA:147,6,0,0
BRDA:147,6,1,0
BRDA:151,7,0,0
BRDA:151,7,1,0
BRDA:169,8,0,0
BRDA:169,8,1,0
BRDA:175,9,0,0
BRDA:175,9,1,0
BRDA:187,10,0,0
BRDA:187,10,1,0
BRDA:209,11,0,0
BRDA:209,11,1,0
BRDA:213,12,0,0
BRDA:213,12,1,0
BRDA:218,13,0,0
BRDA:218,13,1,0
BRDA:223,14,0,0
BRDA:223,14,1,0
BRDA:223,14,2,0
BRDA:223,14,3,0
BRDA:226,15,0,0
BRDA:226,15,1,0
BRDA:230,16,0,0
BRDA:230,16,1,0
BRDA:230,16,2,0
BRDA:230,16,3,0
BRDA:233,17,0,0
BRDA:233,17,1,0
BRF:38
BRH:0
end_of_record
TN:
SF:src/components/Profile/FriendProfile.jsx
FN:6,FriendProfile
FN:10,(anonymous_1)
FN:11,(anonymous_2)
FN:18,(anonymous_3)
FN:22,(anonymous_4)
FN:26,(anonymous_5)
FN:30,(anonymous_6)
FN:31,(anonymous_7)
FN:42,(anonymous_8)
FN:132,(anonymous_9)
FNF:10
FNH:0
FNDA:0,FriendProfile
FNDA:0,(anonymous_1)
FNDA:0,(anonymous_2)
FNDA:0,(anonymous_3)
FNDA:0,(anonymous_4)
FNDA:0,(anonymous_5)
FNDA:0,(anonymous_6)
FNDA:0,(anonymous_7)
FNDA:0,(anonymous_8)
FNDA:0,(anonymous_9)
DA:7,0
DA:8,0
DA:10,0
DA:11,0
DA:12,0
DA:13,0
DA:17,0
DA:18,0
DA:20,0
DA:21,0
DA:22,0
DA:25,0
DA:26,0
DA:29,0
DA:31,0
DA:35,0
DA:36,0
DA:37,0
DA:38,0
DA:39,0
DA:40,0
DA:42,0
DA:43,0
DA:44,0
DA:45,0
DA:48,0
DA:60,0
DA:62,0
DA:65,0
DA:67,0
DA:133,0
LF:31
LH:0
BRDA:22,0,0,0
BRDA:22,0,1,0
BRDA:44,1,0,0
BRDA:44,1,1,0
BRDA:54,2,0,0
BRDA:54,2,1,0
BRDA:56,3,0,0
BRDA:56,3,1,0
BRDA:57,4,0,0
BRDA:57,4,1,0
BRDA:62,5,0,0
BRDA:62,5,1,0
BRDA:65,6,0,0
BRDA:65,6,1,0
BRDA:82,7,0,0
BRDA:82,7,1,0
BRDA:87,8,0,0
BRDA:87,8,1,0
BRDA:139,9,0,0
BRDA:139,9,1,0
BRDA:140,10,0,0
BRDA:140,10,1,0
BRF:22
BRH:0
end_of_record
TN:
SF:src/components/Profile/FriendsList.jsx
FN:9,FriendsList
FN:26,(anonymous_1)
FN:35,(anonymous_2)
FN:46,(anonymous_3)
FN:54,(anonymous_4)
FN:66,(anonymous_5)
FN:80,(anonymous_6)
FN:88,(anonymous_7)
FN:90,(anonymous_8)
FN:91,(anonymous_9)
FN:105,(anonymous_10)
FN:126,(anonymous_11)
FN:151,(anonymous_12)
FN:157,(anonymous_13)
FN:175,(anonymous_14)
FN:182,(anonymous_15)
FN:205,(anonymous_16)
FNF:17
FNH:0
FNDA:0,FriendsList
FNDA:0,(anonymous_1)
FNDA:0,(anonymous_2)
FNDA:0,(anonymous_3)
FNDA:0,(anonymous_4)
FNDA:0,(anonymous_5)
FNDA:0,(anonymous_6)
FNDA:0,(anonymous_7)
FNDA:0,(anonymous_8)
FNDA:0,(anonymous_9)
FNDA:0,(anonymous_10)
FNDA:0,(anonymous_11)
FNDA:0,(anonymous_12)
FNDA:0,(anonymous_13)
FNDA:0,(anonymous_14)
FNDA:0,(anonymous_15)
FNDA:0,(anonymous_16)
DA:10,0
DA:20,0
DA:21,0
DA:22,0
DA:23,0
DA:24,0
DA:26,0
DA:27,0
DA:28,0
DA:29,0
DA:30,0
DA:31,0
DA:32,0
DA:33,0
DA:34,0
DA:35,0
DA:37,0
DA:38,0
DA:42,0
DA:45,0
DA:46,0
DA:50,0
DA:51,0
DA:54,0
DA:59,0
DA:66,0
DA:80,0
DA:89,0
DA:90,0
DA:91,0
DA:105,0
DA:127,0
DA:151,0
DA:157,0
DA:176,0
DA:182,0
DA:205,0
LF:37
LH:0
BRDA:37,0,0,0
BRDA:37,0,1,0
BRDA:38,1,0,0
BRDA:38,1,1,0
BRDA:39,2,0,0
BRDA:39,2,1,0
BRDA:50,3,0,0
BRDA:50,3,1,0
BRDA:66,4,0,0
BRDA:66,4,1,0
BRDA:66,5,0,0
BRDA:66,5,1,0
BRDA:80,6,0,0
BRDA:80,6,1,0
BRDA:90,7,0,0
BRDA:90,7,1,0
BRDA:111,8,0,0
BRDA:111,8,1,0
BRDA:114,9,0,0
BRDA:114,9,1,0
BRDA:122,10,0,0
BRDA:122,10,1,0
BRDA:139,11,0,0
BRDA:139,11,1,0
BRDA:141,12,0,0
BRDA:141,12,1,0
BRDA:141,12,2,0
BRDA:171,13,0,0
BRDA:171,13,1,0
BRDA:193,14,0,0
BRDA:193,14,1,0
BRDA:195,15,0,0
BRDA:195,15,1,0
BRDA:195,15,2,0
BRDA:215,16,0,0
BRDA:215,16,1,0
BRF:36
BRH:0
end_of_record
TN:
SF:src/components/Profile/ProfilePage.jsx
FN:9,(anonymous_0)
FN:36,(anonymous_1)
FN:41,(anonymous_2)
FN:50,(anonymous_3)
FN:68,(anonymous_4)
FN:81,(anonymous_5)
FN:124,(anonymous_6)
FN:134,(anonymous_7)
FN:151,(anonymous_8)
FN:227,(anonymous_9)
FN:243,(anonymous_10)
FN:257,(anonymous_11)
FN:292,(anonymous_12)
FN:308,(anonymous_13)
FN:324,(anonymous_14)
FN:340,(anonymous_15)
FN:360,(anonymous_16)
FN:384,(anonymous_17)
FN:387,(anonymous_18)
FN:416,(anonymous_19)
FNF:20
FNH:0
FNDA:0,(anonymous_0)
FNDA:0,(anonymous_1)
FNDA:0,(anonymous_2)
FNDA:0,(anonymous_3)
FNDA:0,(anonymous_4)
FNDA:0,(anonymous_5)
FNDA:0,(anonymous_6)
FNDA:0,(anonymous_7)
FNDA:0,(anonymous_8)
FNDA:0,(anonymous_9)
FNDA:0,(anonymous_10)
FNDA:0,(anonymous_11)
FNDA:0,(anonymous_12)
FNDA:0,(anonymous_13)
FNDA:0,(anonymous_14)
FNDA:0,(anonymous_15)
FNDA:0,(anonymous_16)
FNDA:0,(anonymous_17)
FNDA:0,(anonymous_18)
FNDA:0,(anonymous_19)
DA:9,0
DA:17,0
DA:23,0
DA:24,0
DA:26,0
DA:27,0
DA:29,0
DA:30,0
DA:32,0
DA:36,0
DA:37,0
DA:41,0
DA:42,0
DA:43,0
DA:44,0
DA:45,0
DA:50,0
DA:51,0
DA:52,0
DA:53,0
DA:54,0
DA:55,0
DA:56,0
DA:57,0
DA:58,0
DA:59,0
DA:61,0
DA:62,0
DA:66,0
DA:68,0
DA:69,0
DA:70,0
DA:73,0
DA:74,0
DA:76,0
DA:81,0
DA:82,0
DA:83,0
DA:84,0
DA:85,0
DA:86,0
DA:87,0
DA:88,0
DA:89,0
DA:91,0
DA:92,0
DA:94,0
DA:96,0
DA:100,0
DA:101,0
DA:102,0
DA:103,0
DA:104,0
DA:105,0
DA:106,0
DA:109,0
DA:113,0
DA:114,0
DA:116,0
DA:123,0
DA:124,0
DA:126,0
DA:128,0
DA:133,0
DA:135,0
DA:136,0
DA:137,0
DA:141,0
DA:142,0
DA:143,0
DA:146,0
DA:147,0
DA:150,0
DA:151,0
DA:153,0
DA:154,0
DA:156,0
DA:162,0
DA:227,0
DA:243,0
DA:257,0
DA:292,0
DA:308,0
DA:324,0
DA:340,0
DA:360,0
DA:385,0
DA:387,0
DA:416,0
LF:89
LH:0
BRDA:11,0,0,0
BRDA:12,1,0,0
BRDA:29,2,0,0
BRDA:29,2,1,0
BRDA:30,3,0,0
BRDA:30,3,1,0
BRDA:32,4,0,0
BRDA:32,4,1,0
BRDA:42,5,0,0
BRDA:42,5,1,0
BRDA:43,6,0,0
BRDA:43,6,1,0
BRDA:44,7,0,0
BRDA:44,7,1,0
BRDA:45,8,0,0
BRDA:45,8,1,0
BRDA:58,9,0,0
BRDA:58,9,1,0
BRDA:61,10,0,0
BRDA:61,10,1,0
BRDA:69,11,0,0
BRDA:69,11,1,0
BRDA:86,12,0,0
BRDA:86,12,1,0
BRDA:96,13,0,0
BRDA:96,13,1,0
BRDA:96,14,0,0
BRDA:96,14,1,0
BRDA:102,15,0,0
BRDA:102,15,1,0
BRDA:109,16,0,0
BRDA:109,16,1,0
BRDA:113,17,0,0
BRDA:113,17,1,0
BRDA:113,18,0,0
BRDA:113,18,1,0
BRDA:113,18,2,0
BRDA:146,19,0,0
BRDA:146,19,1,0
BRDA:183,20,0,0
BRDA:183,20,1,0
BRDA:185,21,0,0
BRDA:185,21,1,0
BRDA:193,22,0,0
BRDA:193,22,1,0
BRDA:198,23,0,0
BRDA:198,23,1,0
BRDA:203,24,0,0
BRDA:203,24,1,0
BRDA:269,25,0,0
BRDA:269,25,1,0
BRDA:273,26,0,0
BRDA:273,26,1,0
BRDA:278,27,0,0
BRDA:278,27,1,0
BRDA:294,28,0,0
BRDA:294,28,1,0
BRDA:310,29,0,0
BRDA:310,29,1,0
BRDA:326,30,0,0
BRDA:326,30,1,0
BRDA:342,31,0,0
BRDA:342,31,1,0
BRDA:358,32,0,0
BRDA:358,32,1,0
BRDA:374,33,0,0
BRDA:374,33,1,0
BRDA:389,34,0,0
BRDA:389,34,1,0
BRDA:404,35,0,0
BRDA:404,35,1,0
BRDA:414,36,0,0
BRDA:414,36,1,0
BRF:73
BRH:0
end_of_record
TN:
SF:src/components/Profile/ProfilePicture.jsx
FN:6,ProfilePicture
FN:45,(anonymous_1)
FN:53,(anonymous_2)
FN:57,(anonymous_3)
FN:118,(anonymous_4)
FN:136,ProfilePictureEditor
FN:139,(anonymous_6)
FNF:7
FNH:0
FNDA:0,ProfilePicture
FNDA:0,(anonymous_1)
FNDA:0,(anonymous_2)
FNDA:0,(anonymous_3)
FNDA:0,(anonymous_4)
FNDA:0,ProfilePictureEditor
FNDA:0,(anonymous_6)
DA:18,0
DA:19,0
DA:21,0
DA:30,0
DA:39,0
DA:40,0
DA:43,0
DA:45,0
DA:46,0
DA:50,0
DA:53,0
DA:54,0
DA:57,0
DA:58,0
DA:61,0
DA:119,0
DA:120,0
DA:137,0
DA:139,0
DA:140,0
DA:141,0
DA:144,0
DA:145,0
DA:146,0
DA:149,0
DA:151,0
DA:152,0
DA:155,0
DA:156,0
DA:157,0
DA:159,0
DA:162,0
DA:163,0
DA:164,0
DA:165,0
DA:169,0
DA:172,0
DA:176,0
LF:38
LH:0
BRDA:8,0,0,0
BRDA:9,1,0,0
BRDA:10,2,0,0
BRDA:11,3,0,0
BRDA:12,4,0,0
BRDA:13,5,0,0
BRDA:14,6,0,0
BRDA:15,7,0,0
BRDA:16,8,0,0
BRDA:39,9,0,0
BRDA:39,9,1,0
BRDA:40,10,0,0
BRDA:40,10,1,0
BRDA:40,10,2,0
BRDA:43,11,0,0
BRDA:43,11,1,0
BRDA:67,12,0,0
BRDA:67,12,1,0
BRDA:69,13,0,0
BRDA:69,13,1,0
BRDA:69,14,0,0
BRDA:69,14,1,0
BRDA:71,15,0,0
BRDA:71,15,1,0
BRDA:75,16,0,0
BRDA:75,16,1,0
BRDA:75,17,0,0
BRDA:75,17,1,0
BRDA:77,18,0,0
BRDA:77,18,1,0
BRDA:77,19,0,0
BRDA:77,19,1,0
BRDA:79,20,0,0
BRDA:79,20,1,0
BRDA:90,21,0,0
BRDA:90,21,1,0
BRDA:96,22,0,0
BRDA:96,22,1,0
BRDA:96,23,0,0
BRDA:96,23,1,0
BRDA:96,24,0,0
BRDA:96,24,1,0
BRDA:96,25,0,0
BRDA:96,25,1,0
BRDA:96,26,0,0
BRDA:96,26,1,0
BRDA:102,27,0,0
BRDA:102,27,1,0
BRDA:102,27,2,0
BRDA:102,27,3,0
BRDA:108,28,0,0
BRDA:108,28,1,0
BRDA:115,29,0,0
BRDA:115,29,1,0
BRDA:115,29,2,0
BRDA:136,30,0,0
BRDA:141,31,0,0
BRDA:141,31,1,0
BRDA:144,32,0,0
BRDA:144,32,1,0
BRDA:149,33,0,0
BRDA:149,33,1,0
BRDA:162,34,0,0
BRDA:162,34,1,0
BRDA:164,35,0,0
BRDA:164,35,1,0
BRDA:191,36,0,0
BRDA:191,36,1,0
BRF:68
BRH:0
end_of_record
TN:
SF:src/components/Profile/ProfileSettings.jsx
FN:9,(anonymous_0)
FN:37,(anonymous_1)
FN:42,(anonymous_2)
FN:50,(anonymous_3)
FN:68,(anonymous_4)
FN:81,(anonymous_5)
FN:121,(anonymous_6)
FN:185,(anonymous_7)
FN:201,(anonymous_8)
FN:215,(anonymous_9)
FN:242,(anonymous_10)
FN:245,(anonymous_11)
FN:268,(anonymous_12)
FNF:13
FNH:0
FNDA:0,(anonymous_0)
FNDA:0,(anonymous_1)
FNDA:0,(anonymous_2)
FNDA:0,(anonymous_3)
FNDA:0,(anonymous_4)
FNDA:0,(anonymous_5)
FNDA:0,(anonymous_6)
FNDA:0,(anonymous_7)
FNDA:0,(anonymous_8)
FNDA:0,(anonymous_9)
FNDA:0,(anonymous_10)
FNDA:0,(anonymous_11)
FNDA:0,(anonymous_12)
DA:9,0
DA:19,0
DA:25,0
DA:26,0
DA:28,0
DA:29,0
DA:31,0
DA:32,0
DA:34,0
DA:37,0
DA:38,0
DA:42,0
DA:43,0
DA:44,0
DA:45,0
DA:46,0
DA:50,0
DA:51,0
DA:52,0
DA:53,0
DA:54,0
DA:55,0
DA:56,0
DA:57,0
DA:58,0
DA:59,0
DA:61,0
DA:62,0
DA:66,0
DA:68,0
DA:69,0
DA:70,0
DA:73,0
DA:74,0
DA:76,0
DA:81,0
DA:82,0
DA:83,0
DA:84,0
DA:85,0
DA:86,0
DA:87,0
DA:88,0
DA:89,0
DA:91,0
DA:92,0
DA:94,0
DA:96,0
DA:100,0
DA:101,0
DA:102,0
DA:103,0
DA:104,0
DA:105,0
DA:106,0
DA:109,0
DA:113,0
DA:114,0
DA:116,0
DA:117,0
DA:118,0
DA:120,0
DA:121,0
DA:122,0
DA:123,0
DA:125,0
DA:126,0
DA:129,0
DA:131,0
DA:135,0
DA:185,0
DA:201,0
DA:215,0
DA:243,0
DA:245,0
DA:268,0
LF:76
LH:0
BRDA:11,0,0,0
BRDA:12,1,0,0
BRDA:31,2,0,0
BRDA:31,2,1,0
BRDA:32,3,0,0
BRDA:32,3,1,0
BRDA:34,4,0,0
BRDA:34,4,1,0
BRDA:43,5,0,0
BRDA:43,5,1,0
BRDA:44,6,0,0
BRDA:44,6,1,0
BRDA:45,7,0,0
BRDA:45,7,1,0
BRDA:46,8,0,0
BRDA:46,8,1,0
BRDA:58,9,0,0
BRDA:58,9,1,0
BRDA:61,10,0,0
BRDA:61,10,1,0
BRDA:69,11,0,0
BRDA:69,11,1,0
BRDA:86,12,0,0
BRDA:86,12,1,0
BRDA:96,13,0,0
BRDA:96,13,1,0
BRDA:96,14,0,0
BRDA:96,14,1,0
BRDA:102,15,0,0
BRDA:102,15,1,0
BRDA:109,16,0,0
BRDA:109,16,1,0
BRDA:113,17,0,0
BRDA:113,17,1,0
BRDA:113,18,0,0
BRDA:113,18,1,0
BRDA:113,18,2,0
BRDA:117,19,0,0
BRDA:117,19,1,0
BRDA:122,20,0,0
BRDA:122,20,1,0
BRDA:125,21,0,0
BRDA:125,21,1,0
BRDA:146,22,0,0
BRDA:146,22,1,0
BRDA:148,23,0,0
BRDA:148,23,1,0
BRDA:155,24,0,0
BRDA:155,24,1,0
BRDA:155,24,2,0
BRDA:157,25,0,0
BRDA:157,25,1,0
BRDA:162,26,0,0
BRDA:162,26,1,0
BRDA:232,27,0,0
BRDA:232,27,1,0
BRDA:246,28,0,0
BRDA:246,28,1,0
BRDA:258,29,0,0
BRDA:258,29,1,0
BRDA:275,30,0,0
BRDA:275,30,1,0
BRDA:276,31,0,0
BRDA:276,31,1,0
BRF:64
BRH:0
end_of_record
TN:
SF:src/components/StatsView/StatsView.jsx
FN:21,getMostWorkedMuscleGroup
FN:23,(anonymous_1)
FN:24,(anonymous_2)
FN:30,(anonymous_3)
FN:34,(anonymous_4)
FN:42,(anonymous_5)
FN:50,(anonymous_6)
FN:51,(anonymous_7)
FN:84,(anonymous_8)
FN:85,(anonymous_9)
FN:311,(anonymous_10)
FN:312,(anonymous_11)
FN:363,(anonymous_12)
FN:365,(anonymous_13)
FN:372,(anonymous_14)
FN:373,(anonymous_15)
FN:419,(anonymous_16)
FN:420,(anonymous_17)
FN:430,(anonymous_18)
FN:473,(anonymous_19)
FN:474,(anonymous_20)
FN:487,(anonymous_21)
FN:499,(anonymous_22)
FN:504,(anonymous_23)
FN:557,(anonymous_24)
FN:560,(anonymous_25)
FNF:26
FNH:0
FNDA:0,getMostWorkedMuscleGroup
FNDA:0,(anonymous_1)
FNDA:0,(anonymous_2)
FNDA:0,(anonymous_3)
FNDA:0,(anonymous_4)
FNDA:0,(anonymous_5)
FNDA:0,(anonymous_6)
FNDA:0,(anonymous_7)
FNDA:0,(anonymous_8)
FNDA:0,(anonymous_9)
FNDA:0,(anonymous_10)
FNDA:0,(anonymous_11)
FNDA:0,(anonymous_12)
FNDA:0,(anonymous_13)
FNDA:0,(anonymous_14)
FNDA:0,(anonymous_15)
FNDA:0,(anonymous_16)
FNDA:0,(anonymous_17)
FNDA:0,(anonymous_18)
FNDA:0,(anonymous_19)
FNDA:0,(anonymous_20)
FNDA:0,(anonymous_21)
FNDA:0,(anonymous_22)
FNDA:0,(anonymous_23)
FNDA:0,(anonymous_24)
FNDA:0,(anonymous_25)
DA:22,0
DA:23,0
DA:24,0
DA:25,0
DA:26,0
DA:30,0
DA:31,0
DA:34,0
DA:35,0
DA:36,0
DA:37,0
DA:38,0
DA:41,0
DA:42,0
DA:50,0
DA:51,0
DA:53,0
DA:84,0
DA:85,0
DA:312,0
DA:313,0
DA:314,0
DA:315,0
DA:316,0
DA:319,0
DA:320,0
DA:325,0
DA:326,0
DA:332,0
DA:333,0
DA:339,0
DA:340,0
DA:347,0
DA:364,0
DA:365,0
DA:366,0
DA:367,0
DA:368,0
DA:369,0
DA:372,0
DA:373,0
DA:374,0
DA:375,0
DA:380,0
DA:382,0
DA:383,0
DA:389,0
DA:390,0
DA:396,0
DA:397,0
DA:404,0
DA:420,0
DA:421,0
DA:422,0
DA:423,0
DA:424,0
DA:428,0
DA:430,0
DA:435,0
DA:436,0
DA:442,0
DA:443,0
DA:449,0
DA:450,0
DA:457,0
DA:474,0
DA:475,0
DA:476,0
DA:477,0
DA:478,0
DA:481,0
DA:487,0
DA:488,0
DA:489,0
DA:490,0
DA:491,0
DA:492,0
DA:493,0
DA:494,0
DA:498,0
DA:499,0
DA:503,0
DA:505,0
DA:509,0
DA:513,0
DA:519,0
DA:523,0
DA:529,0
DA:533,0
DA:540,0
DA:558,0
DA:559,0
DA:560,0
DA:561,0
DA:562,0
DA:568,0
DA:570,0
DA:574,0
DA:575,0
DA:582,0
DA:583,0
DA:590,0
DA:591,0
DA:598,0
DA:613,0
LF:105
LH:0
BRDA:25,0,0,0
BRDA:25,0,1,0
BRDA:26,1,0,0
BRDA:26,1,1,0
BRDA:31,2,0,0
BRDA:31,2,1,0
BRDA:34,3,0,0
BRDA:41,4,0,0
BRDA:41,4,1,0
BRDA:68,5,0,0
BRDA:68,5,1,0
BRDA:159,6,0,0
BRDA:159,6,1,0
BRDA:182,7,0,0
BRDA:182,7,1,0
BRDA:319,8,0,0
BRDA:319,8,1,0
BRDA:325,9,0,0
BRDA:325,9,1,0
BRDA:332,10,0,0
BRDA:332,10,1,0
BRDA:339,11,0,0
BRDA:339,11,1,0
BRDA:374,12,0,0
BRDA:374,12,1,0
BRDA:375,13,0,0
BRDA:375,13,1,0
BRDA:382,14,0,0
BRDA:382,14,1,0
BRDA:389,15,0,0
BRDA:389,15,1,0
BRDA:396,16,0,0
BRDA:396,16,1,0
BRDA:428,17,0,0
BRDA:428,17,1,0
BRDA:430,18,0,0
BRDA:430,18,1,0
BRDA:435,19,0,0
BRDA:435,19,1,0
BRDA:442,20,0,0
BRDA:442,20,1,0
BRDA:449,21,0,0
BRDA:449,21,1,0
BRDA:488,22,0,0
BRDA:488,22,1,0
BRDA:490,23,0,0
BRDA:490,23,1,0
BRDA:490,24,0,0
BRDA:490,24,1,0
BRDA:491,25,0,0
BRDA:491,25,1,0
BRDA:491,26,0,0
BRDA:491,26,1,0
BRDA:493,27,0,0
BRDA:493,27,1,0
BRDA:493,28,0,0
BRDA:493,28,1,0
BRDA:503,29,0,0
BRDA:503,29,1,0
BRDA:505,30,0,0
BRDA:505,30,1,0
BRDA:509,31,0,0
BRDA:509,31,1,0
BRDA:510,32,0,0
BRDA:510,32,1,0
BRDA:519,33,0,0
BRDA:519,33,1,0
BRDA:520,34,0,0
BRDA:520,34,1,0
BRDA:529,35,0,0
BRDA:529,35,1,0
BRDA:530,36,0,0
BRDA:530,36,1,0
BRDA:563,37,0,0
BRDA:563,37,1,0
BRDA:574,38,0,0
BRDA:574,38,1,0
BRDA:582,39,0,0
BRDA:582,39,1,0
BRDA:590,40,0,0
BRDA:590,40,1,0
BRF:81
BRH:0
end_of_record
TN:
SF:src/components/Workout/Modal.jsx
FN:4,(anonymous_0)
FN:16,(anonymous_1)
FNF:2
FNH:0
FNDA:0,(anonymous_0)
FNDA:0,(anonymous_1)
DA:4,0
DA:15,0
DA:16,0
DA:17,0
DA:18,0
DA:21,0
DA:22,0
DA:50,0
LF:8
LH:0
BRDA:8,0,0,0
BRDA:9,1,0,0
BRDA:10,2,0,0
BRDA:11,3,0,0
BRDA:12,4,0,0
BRDA:17,5,0,0
BRDA:17,5,1,0
BRDA:17,6,0,0
BRDA:17,6,1,0
BRDA:21,7,0,0
BRDA:21,7,1,0
BRF:11
BRH:0
end_of_record
TN:
SF:src/components/Workout/StatsComparison.jsx
FN:6,StatsComparison
FN:13,(anonymous_1)
FN:17,(anonymous_2)
FN:29,(anonymous_3)
FN:30,(anonymous_4)
FN:38,(anonymous_5)
FN:48,(anonymous_6)
FN:59,(anonymous_7)
FN:65,(anonymous_8)
FN:68,(anonymous_9)
FN:72,(anonymous_10)
FN:76,(anonymous_11)
FN:77,(anonymous_12)
FN:90,(anonymous_13)
FN:132,(anonymous_14)
FN:133,(anonymous_15)
FN:136,(anonymous_16)
FN:219,(anonymous_17)
FN:222,(anonymous_18)
FNF:19
FNH:0
FNDA:0,StatsComparison
FNDA:0,(anonymous_1)
FNDA:0,(anonymous_2)
FNDA:0,(anonymous_3)
FNDA:0,(anonymous_4)
FNDA:0,(anonymous_5)
FNDA:0,(anonymous_6)
FNDA:0,(anonymous_7)
FNDA:0,(anonymous_8)
FNDA:0,(anonymous_9)
FNDA:0,(anonymous_10)
FNDA:0,(anonymous_11)
FNDA:0,(anonymous_12)
FNDA:0,(anonymous_13)
FNDA:0,(anonymous_14)
FNDA:0,(anonymous_15)
FNDA:0,(anonymous_16)
FNDA:0,(anonymous_17)
FNDA:0,(anonymous_18)
DA:7,0
DA:8,0
DA:9,0
DA:10,0
DA:13,0
DA:14,0
DA:15,0
DA:16,0
DA:17,0
DA:21,0
DA:23,0
DA:24,0
DA:29,0
DA:30,0
DA:31,0
DA:32,0
DA:34,0
DA:38,0
DA:39,0
DA:40,0
DA:43,0
DA:47,0
DA:48,0
DA:54,0
DA:58,0
DA:59,0
DA:65,0
DA:66,0
DA:67,0
DA:68,0
DA:71,0
DA:72,0
DA:75,0
DA:77,0
DA:82,0
DA:83,0
DA:84,0
DA:85,0
DA:86,0
DA:87,0
DA:90,0
DA:91,0
DA:92,0
DA:93,0
DA:97,0
DA:111,0
DA:112,0
DA:114,0
DA:115,0
DA:118,0
DA:132,0
DA:134,0
DA:136,0
DA:221,0
DA:222,0
DA:224,0
DA:225,0
LF:57
LH:0
BRDA:68,0,0,0
BRDA:68,0,1,0
BRDA:92,1,0,0
BRDA:92,1,1,0
BRDA:103,2,0,0
BRDA:103,2,1,0
BRDA:105,3,0,0
BRDA:105,3,1,0
BRDA:106,4,0,0
BRDA:106,4,1,0
BRDA:138,5,0,0
BRDA:138,5,1,0
BRDA:143,6,0,0
BRDA:143,6,1,0
BRDA:150,7,0,0
BRDA:150,7,1,0
BRDA:156,8,0,0
BRDA:156,8,1,0
BRDA:156,8,2,0
BRDA:221,9,0,0
BRDA:221,9,1,0
BRDA:235,10,0,0
BRDA:235,10,1,0
BRDA:247,11,0,0
BRDA:247,11,1,0
BRDA:267,12,0,0
BRDA:267,12,1,0
BRDA:275,13,0,0
BRDA:275,13,1,0
BRDA:275,13,2,0
BRF:30
BRH:0
end_of_record
TN:
SF:src/components/Workout/WorkoutTemplates.jsx
FN:21,(anonymous_0)
FN:46,(anonymous_1)
FN:51,(anonymous_2)
FN:79,(anonymous_3)
FN:93,(anonymous_4)
FN:117,(anonymous_5)
FN:124,(anonymous_6)
FN:142,(anonymous_7)
FN:157,(anonymous_8)
FN:160,(anonymous_9)
FN:168,(anonymous_10)
FN:191,(anonymous_11)
FN:204,(anonymous_12)
FN:210,(anonymous_13)
FN:212,(anonymous_14)
FN:216,(anonymous_15)
FN:218,(anonymous_16)
FN:224,(anonymous_17)
FN:226,(anonymous_18)
FN:234,(anonymous_19)
FN:236,(anonymous_20)
FN:238,(anonymous_21)
FN:244,(anonymous_22)
FN:246,(anonymous_23)
FN:250,(anonymous_24)
FN:261,(anonymous_25)
FN:284,(anonymous_26)
FN:307,(anonymous_27)
FN:309,(anonymous_28)
FN:328,(anonymous_29)
FN:337,(anonymous_30)
FN:359,(anonymous_31)
FN:395,(anonymous_32)
FN:401,(anonymous_33)
FN:418,(anonymous_34)
FN:456,(anonymous_35)
FN:482,(anonymous_36)
FN:502,(anonymous_37)
FN:517,(anonymous_38)
FN:530,(anonymous_39)
FN:550,(anonymous_40)
FN:575,(anonymous_41)
FN:590,(anonymous_42)
FN:603,(anonymous_43)
FN:614,(anonymous_44)
FN:642,(anonymous_45)
FN:664,(anonymous_46)
FN:678,(anonymous_47)
FN:711,(anonymous_48)
FN:718,(anonymous_49)
FN:738,(anonymous_50)
FN:754,(anonymous_51)
FN:760,(anonymous_52)
FN:776,(anonymous_53)
FN:795,(anonymous_54)
FN:815,(anonymous_55)
FN:830,(anonymous_56)
FN:850,(anonymous_57)
FN:881,(anonymous_58)
FN:901,(anonymous_59)
FN:911,(anonymous_60)
FN:913,(anonymous_61)
FN:922,(anonymous_62)
FN:925,(anonymous_63)
FN:951,(anonymous_64)
FN:954,(anonymous_65)
FN:976,(anonymous_66)
FN:989,(anonymous_67)
FN:992,(anonymous_68)
FN:1014,(anonymous_69)
FN:1041,(anonymous_70)
FN:1046,(anonymous_71)
FNF:72
FNH:0
FNDA:0,(anonymous_0)
FNDA:0,(anonymous_1)
FNDA:0,(anonymous_2)
FNDA:0,(anonymous_3)
FNDA:0,(anonymous_4)
FNDA:0,(anonymous_5)
FNDA:0,(anonymous_6)
FNDA:0,(anonymous_7)
FNDA:0,(anonymous_8)
FNDA:0,(anonymous_9)
FNDA:0,(anonymous_10)
FNDA:0,(anonymous_11)
FNDA:0,(anonymous_12)
FNDA:0,(anonymous_13)
FNDA:0,(anonymous_14)
FNDA:0,(anonymous_15)
FNDA:0,(anonymous_16)
FNDA:0,(anonymous_17)
FNDA:0,(anonymous_18)
FNDA:0,(anonymous_19)
FNDA:0,(anonymous_20)
FNDA:0,(anonymous_21)
FNDA:0,(anonymous_22)
FNDA:0,(anonymous_23)
FNDA:0,(anonymous_24)
FNDA:0,(anonymous_25)
FNDA:0,(anonymous_26)
FNDA:0,(anonymous_27)
FNDA:0,(anonymous_28)
FNDA:0,(anonymous_29)
FNDA:0,(anonymous_30)
FNDA:0,(anonymous_31)
FNDA:0,(anonymous_32)
FNDA:0,(anonymous_33)
FNDA:0,(anonymous_34)
FNDA:0,(anonymous_35)
FNDA:0,(anonymous_36)
FNDA:0,(anonymous_37)
FNDA:0,(anonymous_38)
FNDA:0,(anonymous_39)
FNDA:0,(anonymous_40)
FNDA:0,(anonymous_41)
FNDA:0,(anonymous_42)
FNDA:0,(anonymous_43)
FNDA:0,(anonymous_44)
FNDA:0,(anonymous_45)
FNDA:0,(anonymous_46)
FNDA:0,(anonymous_47)
FNDA:0,(anonymous_48)
FNDA:0,(anonymous_49)
FNDA:0,(anonymous_50)
FNDA:0,(anonymous_51)
FNDA:0,(anonymous_52)
FNDA:0,(anonymous_53)
FNDA:0,(anonymous_54)
FNDA:0,(anonymous_55)
FNDA:0,(anonymous_56)
FNDA:0,(anonymous_57)
FNDA:0,(anonymous_58)
FNDA:0,(anonymous_59)
FNDA:0,(anonymous_60)
FNDA:0,(anonymous_61)
FNDA:0,(anonymous_62)
FNDA:0,(anonymous_63)
FNDA:0,(anonymous_64)
FNDA:0,(anonymous_65)
FNDA:0,(anonymous_66)
FNDA:0,(anonymous_67)
FNDA:0,(anonymous_68)
FNDA:0,(anonymous_69)
FNDA:0,(anonymous_70)
FNDA:0,(anonymous_71)
DA:21,0
DA:36,0
DA:37,0
DA:38,0
DA:39,0
DA:40,0
DA:41,0
DA:42,0
DA:43,0
DA:44,0
DA:45,0
DA:46,0
DA:47,0
DA:48,0
DA:51,0
DA:52,0
DA:53,0
DA:54,0
DA:57,0
DA:58,0
DA:63,0
DA:64,0
DA:65,0
DA:66,0
DA:67,0
DA:70,0
DA:71,0
DA:72,0
DA:74,0
DA:79,0
DA:80,0
DA:81,0
DA:82,0
DA:85,0
DA:86,0
DA:93,0
DA:99,0
DA:100,0
DA:101,0
DA:102,0
DA:103,0
DA:104,0
DA:105,0
DA:108,0
DA:109,0
DA:110,0
DA:112,0
DA:117,0
DA:118,0
DA:119,0
DA:120,0
DA:121,0
DA:124,0
DA:125,0
DA:126,0
DA:127,0
DA:128,0
DA:129,0
DA:132,0
DA:133,0
DA:134,0
DA:136,0
DA:142,0
DA:143,0
DA:144,0
DA:145,0
DA:148,0
DA:149,0
DA:150,0
DA:153,0
DA:154,0
DA:157,0
DA:160,0
DA:168,0
DA:173,0
DA:174,0
DA:175,0
DA:176,0
DA:177,0
DA:178,0
DA:179,0
DA:182,0
DA:183,0
DA:184,0
DA:186,0
DA:191,0
DA:192,0
DA:198,0
DA:199,0
DA:200,0
DA:201,0
DA:204,0
DA:205,0
DA:206,0
DA:207,0
DA:210,0
DA:211,0
DA:212,0
DA:216,0
DA:217,0
DA:219,0
DA:224,0
DA:225,0
DA:227,0
DA:234,0
DA:235,0
DA:237,0
DA:238,0
DA:244,0
DA:245,0
DA:247,0
DA:251,0
DA:261,0
DA:262,0
DA:264,0
DA:266,0
DA:268,0
DA:270,0
DA:272,0
DA:274,0
DA:276,0
DA:278,0
DA:280,0
DA:284,0
DA:285,0
DA:287,0
DA:289,0
DA:291,0
DA:293,0
DA:295,0
DA:297,0
DA:299,0
DA:301,0
DA:303,0
DA:307,0
DA:308,0
DA:309,0
DA:311,0
DA:312,0
DA:315,0
DA:328,0
DA:337,0
DA:360,0
DA:366,0
DA:395,0
DA:402,0
DA:409,0
DA:419,0
DA:424,0
DA:425,0
DA:426,0
DA:427,0
DA:432,0
DA:436,0
DA:437,0
DA:457,0
DA:482,0
DA:502,0
DA:517,0
DA:530,0
DA:550,0
DA:575,0
DA:590,0
DA:603,0
DA:614,0
DA:643,0
DA:644,0
DA:645,0
DA:646,0
DA:664,0
DA:678,0
DA:712,0
DA:719,0
DA:739,0
DA:754,0
DA:761,0
DA:777,0
DA:796,0
DA:816,0
DA:831,0
DA:851,0
DA:852,0
DA:853,0
DA:854,0
DA:882,0
DA:883,0
DA:884,0
DA:901,0
DA:913,0
DA:914,0
DA:917,0
DA:918,0
DA:921,0
DA:922,0
DA:924,0
DA:925,0
DA:928,0
DA:952,0
DA:955,0
DA:977,0
DA:978,0
DA:990,0
DA:993,0
DA:1015,0
DA:1016,0
DA:1041,0
DA:1047,0
DA:1048,0
DA:1068,0
LF:209
LH:0
BRDA:28,0,0,0
BRDA:29,1,0,0
BRDA:48,2,0,0
BRDA:48,2,1,0
BRDA:52,3,0,0
BRDA:52,3,1,0
BRDA:66,4,0,0
BRDA:66,4,1,0
BRDA:71,5,0,0
BRDA:71,5,1,0
BRDA:80,6,0,0
BRDA:80,6,1,0
BRDA:80,7,0,0
BRDA:80,7,1,0
BRDA:90,8,0,0
BRDA:90,8,1,0
BRDA:92,9,0,0
BRDA:92,9,1,0
BRDA:93,10,0,0
BRDA:93,10,1,0
BRDA:96,11,0,0
BRDA:96,11,1,0
BRDA:104,12,0,0
BRDA:104,12,1,0
BRDA:109,13,0,0
BRDA:109,13,1,0
BRDA:120,14,0,0
BRDA:120,14,1,0
BRDA:125,15,0,0
BRDA:125,15,1,0
BRDA:128,16,0,0
BRDA:128,16,1,0
BRDA:133,17,0,0
BRDA:133,17,1,0
BRDA:143,18,0,0
BRDA:143,18,1,0
BRDA:148,19,0,0
BRDA:148,19,1,0
BRDA:168,20,0,0
BRDA:168,20,1,0
BRDA:178,21,0,0
BRDA:178,21,1,0
BRDA:183,22,0,0
BRDA:183,22,1,0
BRDA:195,23,0,0
BRDA:195,23,1,0
BRDA:219,24,0,0
BRDA:219,24,1,0
BRDA:227,25,0,0
BRDA:227,25,1,0
BRDA:237,26,0,0
BRDA:237,26,1,0
BRDA:247,27,0,0
BRDA:247,27,1,0
BRDA:251,28,0,0
BRDA:251,28,1,0
BRDA:252,29,0,0
BRDA:252,29,1,0
BRDA:262,30,0,0
BRDA:262,30,1,0
BRDA:262,30,2,0
BRDA:262,30,3,0
BRDA:262,30,4,0
BRDA:262,30,5,0
BRDA:262,30,6,0
BRDA:262,30,7,0
BRDA:262,30,8,0
BRDA:285,31,0,0
BRDA:285,31,1,0
BRDA:285,31,2,0
BRDA:285,31,3,0
BRDA:285,31,4,0
BRDA:285,31,5,0
BRDA:285,31,6,0
BRDA:285,31,7,0
BRDA:285,31,8,0
BRDA:308,32,0,0
BRDA:308,32,1,0
BRDA:335,33,0,0
BRDA:335,33,1,0
BRDA:347,34,0,0
BRDA:347,34,1,0
BRDA:376,35,0,0
BRDA:376,35,1,0
BRDA:416,36,0,0
BRDA:416,36,1,0
BRDA:419,37,0,0
BRDA:419,37,1,0
BRDA:426,38,0,0
BRDA:426,38,1,0
BRDA:436,39,0,0
BRDA:436,39,1,0
BRDA:470,40,0,0
BRDA:470,40,1,0
BRDA:494,41,0,0
BRDA:494,41,1,0
BRDA:567,42,0,0
BRDA:567,42,1,0
BRDA:567,42,2,0
BRDA:631,43,0,0
BRDA:631,43,1,0
BRDA:701,44,0,0
BRDA:701,44,1,0
BRDA:731,45,0,0
BRDA:731,45,1,0
BRDA:828,46,0,0
BRDA:828,46,1,0
BRDA:873,47,0,0
BRDA:873,47,1,0
BRDA:917,48,0,0
BRDA:917,48,1,0
BRDA:917,49,0,0
BRDA:917,49,1,0
BRDA:933,50,0,0
BRDA:933,50,1,0
BRDA:943,51,0,0
BRDA:943,51,1,0
BRDA:961,52,0,0
BRDA:961,52,1,0
BRDA:963,53,0,0
BRDA:963,53,1,0
BRDA:999,54,0,0
BRDA:999,54,1,0
BRDA:1001,55,0,0
BRDA:1001,55,1,0
BRDA:1047,56,0,0
BRDA:1047,56,1,0
BRF:127
BRH:0
end_of_record
TN:
SF:src/components/Workout/WorkoutList/WorkoutList.jsx
FN:32,getMuscleIcon
FN:55,WorkoutList
FN:81,(anonymous_2)
FN:181,(anonymous_3)
FN:190,(anonymous_4)
FN:218,(anonymous_5)
FN:233,(anonymous_6)
FN:238,(anonymous_7)
FN:242,(anonymous_8)
FN:265,(anonymous_9)
FN:278,(anonymous_10)
FN:291,(anonymous_11)
FN:292,(anonymous_12)
FN:294,(anonymous_13)
FN:301,(anonymous_14)
FN:303,(anonymous_15)
FN:314,(anonymous_16)
FN:316,(anonymous_17)
FN:321,(anonymous_18)
FN:323,(anonymous_19)
FN:342,(anonymous_20)
FN:364,(anonymous_21)
FN:373,(anonymous_22)
FN:425,(anonymous_23)
FN:429,(anonymous_24)
FN:461,(anonymous_25)
FN:476,(anonymous_26)
FN:491,(anonymous_27)
FN:515,(anonymous_28)
FN:530,(anonymous_29)
FN:547,(anonymous_30)
FN:565,(anonymous_31)
FN:573,(anonymous_32)
FN:579,(anonymous_33)
FN:596,(anonymous_34)
FN:641,(anonymous_35)
FN:656,(anonymous_36)
FN:671,(anonymous_37)
FN:686,(anonymous_38)
FN:711,(anonymous_39)
FN:726,(anonymous_40)
FN:738,(anonymous_41)
FN:741,(anonymous_42)
FN:765,(anonymous_43)
FN:777,(anonymous_44)
FN:788,(anonymous_45)
FN:809,(anonymous_46)
FN:818,(anonymous_47)
FN:836,(anonymous_48)
FN:839,(anonymous_49)
FN:868,(anonymous_50)
FN:884,(anonymous_51)
FN:887,(anonymous_52)
FN:912,(anonymous_53)
FN:927,(anonymous_54)
FN:930,(anonymous_55)
FN:952,(anonymous_56)
FN:971,(anonymous_57)
FN:976,(anonymous_58)
FN:1001,(anonymous_59)
FN:1015,(anonymous_60)
FN:1018,(anonymous_61)
FN:1054,(anonymous_62)
FN:1074,(anonymous_63)
FN:1085,(anonymous_64)
FN:1113,(anonymous_65)
FN:1132,(anonymous_66)
FN:1145,(anonymous_67)
FN:1165,(anonymous_68)
FNF:69
FNH:0
FNDA:0,getMuscleIcon
FNDA:0,WorkoutList
FNDA:0,(anonymous_2)
FNDA:0,(anonymous_3)
FNDA:0,(anonymous_4)
FNDA:0,(anonymous_5)
FNDA:0,(anonymous_6)
FNDA:0,(anonymous_7)
FNDA:0,(anonymous_8)
FNDA:0,(anonymous_9)
FNDA:0,(anonymous_10)
FNDA:0,(anonymous_11)
FNDA:0,(anonymous_12)
FNDA:0,(anonymous_13)
FNDA:0,(anonymous_14)
FNDA:0,(anonymous_15)
FNDA:0,(anonymous_16)
FNDA:0,(anonymous_17)
FNDA:0,(anonymous_18)
FNDA:0,(anonymous_19)
FNDA:0,(anonymous_20)
FNDA:0,(anonymous_21)
FNDA:0,(anonymous_22)
FNDA:0,(anonymous_23)
FNDA:0,(anonymous_24)
FNDA:0,(anonymous_25)
FNDA:0,(anonymous_26)
FNDA:0,(anonymous_27)
FNDA:0,(anonymous_28)
FNDA:0,(anonymous_29)
FNDA:0,(anonymous_30)
FNDA:0,(anonymous_31)
FNDA:0,(anonymous_32)
FNDA:0,(anonymous_33)
FNDA:0,(anonymous_34)
FNDA:0,(anonymous_35)
FNDA:0,(anonymous_36)
FNDA:0,(anonymous_37)
FNDA:0,(anonymous_38)
FNDA:0,(anonymous_39)
FNDA:0,(anonymous_40)
FNDA:0,(anonymous_41)
FNDA:0,(anonymous_42)
FNDA:0,(anonymous_43)
FNDA:0,(anonymous_44)
FNDA:0,(anonymous_45)
FNDA:0,(anonymous_46)
FNDA:0,(anonymous_47)
FNDA:0,(anonymous_48)
FNDA:0,(anonymous_49)
FNDA:0,(anonymous_50)
FNDA:0,(anonymous_51)
FNDA:0,(anonymous_52)
FNDA:0,(anonymous_53)
FNDA:0,(anonymous_54)
FNDA:0,(anonymous_55)
FNDA:0,(anonymous_56)
FNDA:0,(anonymous_57)
FNDA:0,(anonymous_58)
FNDA:0,(anonymous_59)
FNDA:0,(anonymous_60)
FNDA:0,(anonymous_61)
FNDA:0,(anonymous_62)
FNDA:0,(anonymous_63)
FNDA:0,(anonymous_64)
FNDA:0,(anonymous_65)
FNDA:0,(anonymous_66)
FNDA:0,(anonymous_67)
FNDA:0,(anonymous_68)
DA:33,0
DA:35,0
DA:37,0
DA:39,0
DA:41,0
DA:43,0
DA:45,0
DA:47,0
DA:49,0
DA:51,0
DA:78,0
DA:79,0
DA:80,0
DA:81,0
DA:82,0
DA:83,0
DA:85,0
DA:86,0
DA:87,0
DA:88,0
DA:89,0
DA:90,0
DA:93,0
DA:181,0
DA:182,0
DA:183,0
DA:184,0
DA:186,0
DA:190,0
DA:191,0
DA:192,0
DA:193,0
DA:196,0
DA:197,0
DA:198,0
DA:201,0
DA:202,0
DA:207,0
DA:208,0
DA:209,0
DA:212,0
DA:213,0
DA:218,0
DA:219,0
DA:220,0
DA:221,0
DA:222,0
DA:223,0
DA:225,0
DA:226,0
DA:227,0
DA:228,0
DA:232,0
DA:233,0
DA:238,0
DA:239,0
DA:240,0
DA:242,0
DA:243,0
DA:244,0
DA:246,0
DA:249,0
DA:252,0
DA:253,0
DA:259,0
DA:265,0
DA:266,0
DA:267,0
DA:268,0
DA:270,0
DA:278,0
DA:279,0
DA:280,0
DA:283,0
DA:284,0
DA:285,0
DA:286,0
DA:291,0
DA:292,0
DA:293,0
DA:294,0
DA:300,0
DA:302,0
DA:304,0
DA:313,0
DA:315,0
DA:316,0
DA:320,0
DA:322,0
DA:323,0
DA:328,0
DA:342,0
DA:364,0
DA:374,0
DA:425,0
DA:429,0
DA:462,0
DA:477,0
DA:492,0
DA:516,0
DA:531,0
DA:547,0
DA:565,0
DA:574,0
DA:579,0
DA:580,0
DA:596,0
DA:642,0
DA:643,0
DA:657,0
DA:658,0
DA:672,0
DA:673,0
DA:687,0
DA:688,0
DA:711,0
DA:726,0
DA:739,0
DA:742,0
DA:743,0
DA:744,0
DA:747,0
DA:766,0
DA:767,0
DA:768,0
DA:771,0
DA:778,0
DA:779,0
DA:780,0
DA:781,0
DA:782,0
DA:783,0
DA:789,0
DA:790,0
DA:810,0
DA:811,0
DA:818,0
DA:837,0
DA:839,0
DA:868,0
DA:885,0
DA:888,0
DA:913,0
DA:914,0
DA:928,0
DA:931,0
DA:953,0
DA:954,0
DA:971,0
DA:977,0
DA:979,0
DA:983,0
DA:984,0
DA:985,0
DA:1001,0
DA:1016,0
DA:1019,0
DA:1020,0
DA:1055,0
DA:1056,0
DA:1074,0
DA:1086,0
DA:1087,0
DA:1088,0
DA:1114,0
DA:1115,0
DA:1116,0
DA:1132,0
DA:1145,0
DA:1166,0
DA:1167,0
DA:1168,0
DA:1191,0
LF:173
LH:0
BRDA:33,0,0,0
BRDA:33,0,1,0
BRDA:33,0,2,0
BRDA:33,0,3,0
BRDA:33,0,4,0
BRDA:33,0,5,0
BRDA:33,0,6,0
BRDA:33,0,7,0
BRDA:33,0,8,0
BRDA:76,1,0,0
BRDA:83,2,0,0
BRDA:83,2,1,0
BRDA:182,3,0,0
BRDA:182,3,1,0
BRDA:191,4,0,0
BRDA:191,4,1,0
BRDA:196,5,0,0
BRDA:196,5,1,0
BRDA:220,6,0,0
BRDA:220,6,1,0
BRDA:220,7,0,0
BRDA:220,7,1,0
BRDA:222,8,0,0
BRDA:222,8,1,0
BRDA:222,9,0,0
BRDA:222,9,1,0
BRDA:233,10,0,0
BRDA:233,10,1,0
BRDA:239,11,0,0
BRDA:239,11,1,0
BRDA:243,12,0,0
BRDA:243,12,1,0
BRDA:244,13,0,0
BRDA:244,13,1,0
BRDA:255,14,0,0
BRDA:255,14,1,0
BRDA:266,15,0,0
BRDA:266,15,1,0
BRDA:279,16,0,0
BRDA:279,16,1,0
BRDA:281,17,0,0
BRDA:281,17,1,0
BRDA:283,18,0,0
BRDA:283,18,1,0
BRDA:293,19,0,0
BRDA:293,19,1,0
BRDA:302,20,0,0
BRDA:302,20,1,0
BRDA:302,21,0,0
BRDA:302,21,1,0
BRDA:306,22,0,0
BRDA:306,22,1,0
BRDA:315,23,0,0
BRDA:315,23,1,0
BRDA:322,24,0,0
BRDA:322,24,1,0
BRDA:348,25,0,0
BRDA:348,25,1,0
BRDA:382,26,0,0
BRDA:382,26,1,0
BRDA:387,27,0,0
BRDA:387,27,1,0
BRDA:397,28,0,0
BRDA:397,28,1,0
BRDA:397,28,2,0
BRDA:405,29,0,0
BRDA:405,29,1,0
BRDA:407,30,0,0
BRDA:407,30,1,0
BRDA:412,31,0,0
BRDA:412,31,1,0
BRDA:414,32,0,0
BRDA:414,32,1,0
BRDA:416,33,0,0
BRDA:416,33,1,0
BRDA:441,34,0,0
BRDA:441,34,1,0
BRDA:445,35,0,0
BRDA:445,35,1,0
BRDA:465,36,0,0
BRDA:465,36,1,0
BRDA:471,37,0,0
BRDA:471,37,1,0
BRDA:506,38,0,0
BRDA:506,38,1,0
BRDA:506,39,0,0
BRDA:506,39,1,0
BRDA:571,40,0,0
BRDA:571,40,1,0
BRDA:574,41,0,0
BRDA:574,41,1,0
BRDA:593,42,0,0
BRDA:593,42,1,0
BRDA:613,43,0,0
BRDA:613,43,1,0
BRDA:646,44,0,0
BRDA:646,44,1,0
BRDA:646,45,0,0
BRDA:646,45,1,0
BRDA:661,46,0,0
BRDA:661,46,1,0
BRDA:661,47,0,0
BRDA:661,47,1,0
BRDA:676,48,0,0
BRDA:676,48,1,0
BRDA:676,49,0,0
BRDA:676,49,1,0
BRDA:691,50,0,0
BRDA:691,50,1,0
BRDA:691,51,0,0
BRDA:691,51,1,0
BRDA:742,52,0,0
BRDA:742,52,1,0
BRDA:759,53,0,0
BRDA:759,53,1,0
BRDA:759,53,2,0
BRDA:771,54,0,0
BRDA:771,54,1,0
BRDA:779,55,0,0
BRDA:779,55,1,0
BRDA:779,56,0,0
BRDA:779,56,1,0
BRDA:780,57,0,0
BRDA:780,57,1,0
BRDA:780,58,0,0
BRDA:780,58,1,0
BRDA:782,59,0,0
BRDA:782,59,1,0
BRDA:782,60,0,0
BRDA:782,60,1,0
BRDA:816,61,0,0
BRDA:816,61,1,0
BRDA:825,62,0,0
BRDA:825,62,1,0
BRDA:833,63,0,0
BRDA:833,63,1,0
BRDA:844,64,0,0
BRDA:844,64,1,0
BRDA:875,65,0,0
BRDA:875,65,1,0
[...]
DA:494,2
DA:495,4
DA:497,4
DA:499,4
DA:500,1
DA:503,4
DA:504,3
DA:505,3
DA:506,2
DA:508,3
DA:511,4
DA:512,1
DA:513,1
DA:514,2
DA:516,1
DA:519,4
DA:520,1
DA:521,1
DA:522,2
DA:526,4
DA:529,2
DA:530,3
DA:532,3
DA:534,3
DA:535,1
DA:538,3
DA:539,2
DA:540,2
DA:541,2
DA:542,4
DA:545,2
DA:548,3
DA:549,1
DA:550,1
DA:551,2
DA:553,1
DA:556,3
DA:557,1
DA:558,1
DA:559,2
DA:563,3
DA:566,2
DA:567,4
DA:569,4
DA:571,4
DA:572,2
DA:575,4
DA:576,2
DA:577,2
DA:578,2
DA:580,2
DA:583,4
DA:584,1
DA:585,1
DA:588,4
DA:589,1
DA:590,1
DA:591,2
DA:595,4
LF:166
LH:164
BRDA:279,0,0,3
BRDA:279,0,1,8
BRDA:280,1,0,11
BRDA:280,1,1,9
BRDA:280,1,2,8
BRDA:287,2,0,2
BRDA:287,2,1,9
BRDA:288,3,0,11
BRDA:288,3,1,9
BRDA:288,3,2,9
BRDA:296,4,0,1
BRDA:296,4,1,10
BRDA:297,5,0,11
BRDA:297,5,1,10
BRDA:297,5,2,10
BRDA:304,6,0,1
BRDA:304,6,1,10
BRDA:305,7,0,11
BRDA:305,7,1,10
BRDA:305,7,2,10
BRDA:312,8,0,0
BRDA:312,8,1,11
BRDA:313,9,0,11
BRDA:313,9,1,11
BRDA:313,9,2,11
BRDA:320,10,0,1
BRDA:320,10,1,10
BRDA:321,11,0,11
BRDA:321,11,1,11
BRDA:321,11,2,10
BRDA:329,12,0,4
BRDA:329,12,1,7
BRDA:343,13,0,8
BRDA:343,13,1,4
BRDA:343,13,2,5
BRDA:343,13,3,3
BRDA:343,13,4,4
BRDA:343,13,5,3
BRDA:343,13,6,4
BRDA:343,13,7,1
BRDA:365,14,0,1
BRDA:365,14,1,7
BRDA:369,15,0,3
BRDA:369,15,1,2
BRDA:373,16,0,2
BRDA:373,16,1,0
BRDA:375,17,0,0
BRDA:375,17,1,2
BRDA:376,18,0,0
BRDA:376,18,1,2
BRDA:383,19,0,2
BRDA:383,19,1,3
BRDA:391,20,0,0
BRDA:391,20,1,4
BRDA:395,21,0,2
BRDA:395,21,1,2
BRDA:399,22,0,2
BRDA:399,22,1,2
BRDA:407,23,0,1
BRDA:407,23,1,3
BRDA:415,24,0,1
BRDA:415,24,1,3
BRDA:426,25,0,0
BRDA:426,25,1,5
BRDA:430,26,0,2
BRDA:430,26,1,3
BRDA:434,27,0,2
BRDA:434,27,1,3
BRDA:441,28,0,2
BRDA:441,28,1,3
BRDA:449,29,0,1
BRDA:449,29,1,4
BRDA:460,30,0,0
BRDA:460,30,1,3
BRDA:464,31,0,1
BRDA:464,31,1,2
BRDA:468,32,0,2
BRDA:468,32,1,1
BRDA:476,33,0,1
BRDA:476,33,1,2
BRDA:484,34,0,1
BRDA:484,34,1,2
BRDA:495,35,0,0
BRDA:495,35,1,4
BRDA:499,36,0,1
BRDA:499,36,1,3
BRDA:503,37,0,3
BRDA:503,37,1,1
BRDA:511,38,0,1
BRDA:511,38,1,3
BRDA:519,39,0,1
BRDA:519,39,1,3
BRDA:530,40,0,0
BRDA:530,40,1,3
BRDA:534,41,0,1
BRDA:534,41,1,2
BRDA:538,42,0,2
BRDA:538,42,1,1
BRDA:540,43,0,2
BRDA:540,43,1,0
BRDA:548,44,0,1
BRDA:548,44,1,2
BRDA:556,45,0,1
BRDA:556,45,1,2
BRDA:567,46,0,0
BRDA:567,46,1,4
BRDA:571,47,0,2
BRDA:571,47,1,2
BRDA:575,48,0,2
BRDA:575,48,1,2
BRDA:583,49,0,1
BRDA:583,49,1,3
BRDA:588,50,0,1
BRDA:588,50,1,3
BRF:114
BRH:103
end_of_record
TN:
SF:src/utils/ai/safetyValidator.js
FN:3,(anonymous_0)
FN:107,(anonymous_1)
FN:184,(anonymous_2)
FN:265,(anonymous_3)
FN:318,(anonymous_4)
FN:365,(anonymous_5)
FN:374,(anonymous_6)
FN:375,(anonymous_7)
FN:380,(anonymous_8)
FN:385,(anonymous_9)
FN:388,(anonymous_10)
FN:401,(anonymous_11)
FN:410,(anonymous_12)
FN:421,(anonymous_13)
FN:470,(anonymous_14)
FN:473,(anonymous_15)
FN:475,(anonymous_16)
FN:487,(anonymous_17)
FN:490,(anonymous_18)
FN:491,(anonymous_19)
FN:506,(anonymous_20)
FN:511,(anonymous_21)
FN:515,(anonymous_22)
FN:520,(anonymous_23)
FN:523,(anonymous_24)
FN:538,(anonymous_25)
FN:541,(anonymous_26)
FN:553,(anonymous_27)
FN:586,(anonymous_28)
FN:597,(anonymous_29)
FN:654,(anonymous_30)
FNF:31
FNH:27
FNDA:61,(anonymous_0)
FNDA:7,(anonymous_1)
FNDA:3,(anonymous_2)
FNDA:2,(anonymous_3)
FNDA:2,(anonymous_4)
FNDA:12,(anonymous_5)
FNDA:9,(anonymous_6)
FNDA:58,(anonymous_7)
FNDA:0,(anonymous_8)
FNDA:0,(anonymous_9)
FNDA:0,(anonymous_10)
FNDA:4,(anonymous_11)
FNDA:4,(anonymous_12)
FNDA:2,(anonymous_13)
FNDA:2,(anonymous_14)
FNDA:3,(anonymous_15)
FNDA:18,(anonymous_16)
FNDA:1,(anonymous_17)
FNDA:1,(anonymous_18)
FNDA:1,(anonymous_19)
FNDA:3,(anonymous_20)
FNDA:4,(anonymous_21)
FNDA:3,(anonymous_22)
FNDA:3,(anonymous_23)
FNDA:5,(anonymous_24)
FNDA:1,(anonymous_25)
FNDA:2,(anonymous_26)
FNDA:3,(anonymous_27)
FNDA:1,(anonymous_28)
FNDA:0,(anonymous_29)
FNDA:1,(anonymous_30)
DA:4,61
DA:80,61
DA:99,61
DA:108,7
DA:115,7
DA:116,7
DA:119,7
DA:120,1
DA:121,1
DA:122,1
DA:126,7
DA:127,5
DA:130,5
DA:133,7
DA:134,1
DA:137,1
DA:140,7
DA:141,1
DA:144,1
DA:148,7
DA:149,0
DA:153,0
DA:154,0
DA:157,0
DA:162,7
DA:163,0
DA:167,0
DA:168,0
DA:172,7
DA:173,0
DA:176,0
DA:179,7
DA:180,7
DA:185,3
DA:192,3
DA:193,3
DA:194,3
DA:195,3
DA:198,3
DA:199,3
DA:200,3
DA:203,3
DA:204,1
DA:207,1
DA:210,3
DA:211,0
DA:214,0
DA:218,3
DA:219,3
DA:223,3
DA:226,3
DA:230,3
DA:231,1
DA:235,1
DA:236,1
DA:237,1
DA:241,3
DA:242,1
DA:245,1
DA:246,1
DA:247,1
DA:251,3
DA:252,0
DA:256,0
DA:257,0
DA:260,3
DA:261,3
DA:266,2
DA:273,2
DA:274,2
DA:277,2
DA:278,2
DA:279,0
DA:282,0
DA:286,2
DA:287,2
DA:288,0
DA:291,0
DA:295,2
DA:296,2
DA:300,2
DA:301,2
DA:305,2
DA:306,0
DA:309,0
DA:310,0
DA:313,2
DA:314,2
DA:319,2
DA:327,2
DA:328,2
DA:332,2
DA:333,2
DA:334,2
DA:338,2
DA:339,0
DA:342,0
DA:345,0
DA:350,2
DA:354,0
DA:357,0
DA:360,2
DA:361,2
DA:366,12
DA:367,12
DA:369,12
DA:370,0
DA:371,0
DA:375,9
DA:376,58
DA:382,0
DA:386,0
DA:388,0
DA:389,0
DA:390,0
DA:393,0
DA:394,0
DA:398,0
DA:404,4
DA:407,4
DA:411,4
DA:418,4
DA:422,2
DA:423,2
DA:426,2
DA:427,2
DA:428,0
DA:431,0
DA:432,2
DA:433,0
DA:436,0
DA:440,2
DA:441,2
DA:442,0
DA:445,0
DA:446,2
DA:447,0
DA:450,0
DA:454,2
DA:455,2
DA:456,0
DA:459,0
DA:460,2
DA:461,0
DA:464,0
DA:467,2
DA:471,2
DA:473,2
DA:474,3
DA:476,18
DA:479,0
DA:480,0
DA:484,2
DA:488,1
DA:490,1
DA:491,1
DA:492,1
DA:495,0
DA:498,0
DA:503,1
DA:507,3
DA:508,3
DA:510,3
DA:511,4
DA:517,3
DA:521,3
DA:523,3
DA:524,5
DA:528,0
DA:531,0
DA:535,3
DA:539,1
DA:541,1
DA:542,2
DA:543,0
DA:546,0
DA:550,1
DA:554,3
DA:555,3
DA:556,3
DA:557,3
DA:559,3
DA:560,3
DA:562,3
DA:566,0
DA:569,0
DA:572,3
DA:576,0
DA:579,0
DA:582,3
DA:587,1
DA:596,1
DA:597,0
DA:598,0
DA:603,0
DA:604,0
DA:605,0
DA:606,0
DA:610,1
DA:611,1
DA:615,1
DA:616,1
DA:617,1
DA:618,1
DA:621,1
DA:622,1
DA:627,1
DA:628,1
DA:629,1
DA:630,1
DA:633,1
DA:634,1
DA:639,1
DA:640,1
DA:641,1
DA:642,1
DA:646,1
DA:648,1
DA:650,1
DA:655,1
DA:657,1
DA:658,1
DA:661,1
DA:662,1
DA:665,1
DA:666,1
DA:669,1
DA:670,0
DA:673,1
DA:678,2
LF:230
LH:163
BRDA:107,0,0,5
BRDA:119,1,0,1
BRDA:119,1,1,6
BRDA:126,2,0,5
BRDA:126,2,1,2
BRDA:126,3,0,7
BRDA:126,3,1,5
BRDA:133,4,0,1
BRDA:133,4,1,6
BRDA:133,5,0,7
BRDA:133,5,1,5
BRDA:140,6,0,1
BRDA:140,6,1,6
BRDA:140,7,0,7
BRDA:140,7,1,2
BRDA:148,8,0,0
BRDA:148,8,1,7
BRDA:153,9,0,0
BRDA:153,9,1,0
BRDA:162,10,0,0
BRDA:162,10,1,7
BRDA:172,11,0,0
BRDA:172,11,1,7
BRDA:192,12,0,3
BRDA:192,12,1,0
BRDA:193,13,0,3
BRDA:193,13,1,0
BRDA:194,14,0,3
BRDA:194,14,1,1
BRDA:195,15,0,3
BRDA:195,15,1,3
BRDA:200,16,0,3
BRDA:200,16,1,0
BRDA:203,17,0,1
BRDA:203,17,1,2
BRDA:210,18,0,0
BRDA:210,18,1,3
BRDA:219,19,0,3
BRDA:219,19,1,0
BRDA:224,20,0,0
BRDA:224,20,1,3
BRDA:230,21,0,1
BRDA:230,21,1,2
BRDA:241,22,0,1
BRDA:241,22,1,2
BRDA:251,23,0,0
BRDA:251,23,1,3
BRDA:251,24,0,3
BRDA:251,24,1,0
BRDA:265,25,0,0
BRDA:278,26,0,0
BRDA:278,26,1,2
BRDA:287,27,0,0
BRDA:287,27,1,2
BRDA:295,28,0,2
BRDA:295,28,1,0
BRDA:305,29,0,0
BRDA:305,29,1,2
BRDA:318,30,0,0
BRDA:327,31,0,2
BRDA:327,31,1,0
BRDA:338,32,0,0
BRDA:338,32,1,2
BRDA:339,33,0,0
BRDA:339,33,1,0
BRDA:350,34,0,0
BRDA:350,34,1,2
BRDA:351,35,0,2
BRDA:351,35,1,0
BRDA:366,36,0,12
BRDA:366,36,1,9
BRDA:367,37,0,12
BRDA:367,37,1,12
BRDA:369,38,0,12
BRDA:369,38,1,0
BRDA:369,39,0,12
BRDA:369,39,1,3
BRDA:370,40,0,0
BRDA:370,40,1,0
BRDA:370,41,0,0
BRDA:370,41,1,0
BRDA:389,42,0,0
BRDA:389,42,1,0
BRDA:393,43,0,0
BRDA:393,43,1,0
BRDA:404,44,0,0
BRDA:404,44,1,4
BRDA:418,45,0,4
BRDA:418,45,1,0
BRDA:427,46,0,0
BRDA:427,46,1,2
BRDA:432,47,0,0
BRDA:432,47,1,2
BRDA:441,48,0,0
BRDA:441,48,1,2
BRDA:446,49,0,0
BRDA:446,49,1,2
BRDA:455,50,0,0
BRDA:455,50,1,2
BRDA:460,51,0,0
BRDA:460,51,1,2
BRDA:474,52,0,0
BRDA:474,52,1,3
BRDA:492,53,0,0
BRDA:492,53,1,1
BRDA:524,54,0,0
BRDA:524,54,1,5
BRDA:525,55,0,5
BRDA:525,55,1,0
BRDA:542,56,0,0
BRDA:542,56,1,2
BRDA:555,57,0,3
BRDA:555,57,1,2
BRDA:557,58,0,3
BRDA:557,58,1,1
BRDA:562,59,0,0
BRDA:562,59,1,3
BRDA:563,60,0,3
BRDA:563,60,1,0
BRDA:572,61,0,0
BRDA:572,61,1,3
BRDA:573,62,0,3
BRDA:573,62,1,0
BRDA:586,63,0,0
BRDA:596,64,0,0
BRDA:596,64,1,1
BRDA:610,65,0,1
BRDA:610,65,1,0
BRDA:621,66,0,1
BRDA:621,66,1,0
BRDA:633,67,0,1
BRDA:633,67,1,0
BRDA:647,68,0,1
BRDA:647,68,1,1
BRDA:657,69,0,1
BRDA:657,69,1,0
BRDA:661,70,0,1
BRDA:661,70,1,0
BRDA:665,71,0,1
BRDA:665,71,1,0
BRDA:669,72,0,0
BRDA:669,72,1,1
BRF:142
BRH:82
end_of_record
TN:
SF:src/utils/firebase/firebase.js
FN:43,ensureUserProfile
FN:71,createChallengeInFirebase
FN:90,getChallengesFromFirebase
FN:98,(anonymous_3)
FN:110,(anonymous_4)
FN:117,(anonymous_5)
FN:128,updateChallengeInFirebase
FN:141,deleteChallengeFromFirebase
FN:152,uploadProfilePicture
FN:204,deleteProfilePicture
FN:233,saveUserBadges
FN:249,getUserBadges
FN:266,getUserProfile
FNF:13
FNH:0
FNDA:0,ensureUserProfile
FNDA:0,createChallengeInFirebase
FNDA:0,getChallengesFromFirebase
FNDA:0,(anonymous_3)
FNDA:0,(anonymous_4)
FNDA:0,(anonymous_5)
FNDA:0,updateChallengeInFirebase
FNDA:0,deleteChallengeFromFirebase
FNDA:0,uploadProfilePicture
FNDA:0,deleteProfilePicture
FNDA:0,saveUserBadges
FNDA:0,getUserBadges
FNDA:0,getUserProfile
DA:25,0
DA:35,0
DA:36,0
DA:37,0
DA:38,0
DA:44,0
DA:45,0
DA:46,0
DA:47,0
DA:48,0
DA:72,0
DA:74,0
DA:80,0
DA:82,0
DA:86,0
DA:91,0
DA:92,0
DA:95,0
DA:96,0
DA:98,0
DA:104,0
DA:108,0
DA:110,0
DA:116,0
DA:117,0
DA:118,0
DA:119,0
DA:120,0
DA:123,0
DA:124,0
DA:129,0
DA:130,0
DA:131,0
DA:136,0
DA:137,0
DA:142,0
DA:143,0
DA:144,0
DA:146,0
DA:147,0
DA:153,0
DA:156,0
DA:157,0
DA:158,0
DA:159,0
DA:164,0
DA:167,0
DA:171,0
DA:172,0
DA:178,0
DA:180,0
DA:181,0
DA:182,0
DA:185,0
DA:186,0
DA:189,0
DA:190,0
DA:193,0
DA:194,0
DA:195,0
DA:196,0
DA:198,0
DA:205,0
DA:206,0
DA:207,0
DA:208,0
DA:210,0
DA:212,0
DA:213,0
DA:217,0
DA:222,0
DA:224,0
DA:228,0
DA:234,0
DA:235,0
DA:236,0
DA:241,0
DA:243,0
DA:244,0
DA:250,0
DA:251,0
DA:252,0
DA:254,0
DA:255,0
DA:258,0
DA:260,0
DA:261,0
DA:267,0
DA:268,0
DA:269,0
DA:271,0
DA:272,0
DA:273,0
DA:298,0
DA:300,0
DA:304,0
LF:96
LH:0
BRDA:44,0,0,0
BRDA:44,0,1,0
BRDA:47,1,0,0
BRDA:47,1,1,0
BRDA:50,2,0,0
BRDA:50,2,1,0
BRDA:51,3,0,0
BRDA:51,3,1,0
BRDA:118,4,0,0
BRDA:118,4,1,0
BRDA:118,5,0,0
BRDA:118,5,1,0
BRDA:119,6,0,0
BRDA:119,6,1,0
BRDA:119,7,0,0
BRDA:119,7,1,0
BRDA:185,8,0,0
BRDA:185,8,1,0
BRDA:189,9,0,0
BRDA:189,9,1,0
BRDA:193,10,0,0
BRDA:193,10,1,0
BRDA:195,11,0,0
BRDA:195,11,1,0
BRDA:210,12,0,0
BRDA:210,12,1,0
BRDA:210,13,0,0
BRDA:210,13,1,0
BRDA:254,14,0,0
BRDA:254,14,1,0
BRDA:255,15,0,0
BRDA:255,15,1,0
BRDA:271,16,0,0
BRDA:271,16,1,0
BRDA:278,17,0,0
BRDA:278,17,1,0
BRDA:279,18,0,0
BRDA:279,18,1,0
BRDA:280,19,0,0
BRDA:280,19,1,0
BRDA:290,20,0,0
BRDA:290,20,1,0
BRDA:291,21,0,0
BRDA:291,21,1,0
BRDA:294,22,0,0
BRDA:294,22,1,0
BRF:46
BRH:0
end_of_record
TN:
SF:src/utils/firebase/index.js
FNF:0
FNH:0
LF:0
LH:0
BRF:0
BRH:0
end_of_record
TN:
SF:src/utils/firebase/storage.js
FN:2,(anonymous_0)
FN:12,(anonymous_1)
FN:20,(anonymous_2)
FN:32,(anonymous_3)
FNF:4
FNH:0
FNDA:0,(anonymous_0)
FNDA:0,(anonymous_1)
FNDA:0,(anonymous_2)
FNDA:0,(anonymous_3)
DA:2,1
DA:3,0
DA:4,0
DA:5,0
DA:7,0
DA:8,0
DA:12,1
DA:13,0
DA:14,0
DA:16,0
DA:20,1
DA:21,0
DA:22,0
DA:23,0
DA:24,0
DA:25,0
DA:28,0
DA:32,1
DA:33,0
DA:34,0
DA:35,0
DA:37,0
LF:22
LH:4
BRDA:5,0,0,0
BRDA:5,0,1,0
BRDA:22,1,0,0
BRDA:22,1,1,0
BRDA:22,2,0,0
BRDA:22,2,1,0
BRDA:34,3,0,0
BRDA:34,3,1,0
BRDA:34,4,0,0
BRDA:34,4,1,0
BRF:10
BRH:0
end_of_record
TN:
SF:src/utils/workout/exerciseDatabase.js
FNF:0
FNH:0
DA:1,2
LF:1
LH:1
BRF:0
BRH:0
end_of_record
TN:
SF:src/utils/workout/index.js
FNF:0
FNH:0
LF:0
LH:0
BRF:0
BRH:0
end_of_record
TN:
SF:src/utils/workout/workoutUtils.js
FN:7,parseLocalDate
FN:14,(anonymous_1)
FN:26,(anonymous_2)
FN:31,(anonymous_3)
FN:44,(anonymous_4)
FN:48,(anonymous_5)
FN:50,(anonymous_6)
FN:54,(anonymous_7)
FN:57,(anonymous_8)
FN:73,(anonymous_9)
FN:75,(anonymous_10)
FN:76,(anonymous_11)
FN:77,(anonymous_12)
FN:81,(anonymous_13)
FN:89,(anonymous_14)
FN:100,(anonymous_15)
FN:109,getBadges
FN:143,analyzeWorkoutHabits
FN:144,(anonymous_18)
FN:150,(anonymous_19)
FN:156,(anonymous_20)
FN:162,(anonymous_21)
FN:168,(anonymous_22)
FN:204,getPreferredWorkoutTime
FN:213,(anonymous_24)
FN:219,getAverageDurationByTime
FN:227,(anonymous_26)
FN:273,getWorkoutsForDateRange
FN:276,(anonymous_28)
FN:283,cleanWorkoutForFirestore
FN:287,(anonymous_30)
FN:293,(anonymous_31)
FN:308,getLastExerciseWeight
FN:315,(anonymous_33)
FN:324,(anonymous_34)
FN:328,(anonymous_35)
FN:329,(anonymous_36)
FN:339,getMuscleGroupDistribution
FN:342,(anonymous_38)
FN:343,(anonymous_39)
FN:349,(anonymous_40)
FN:351,(anonymous_41)
FN:358,getWeightProgress
FN:361,(anonymous_43)
FN:364,(anonymous_44)
FN:365,(anonymous_45)
FN:367,(anonymous_46)
FN:378,(anonymous_47)
FN:385,getAverageWeights
FN:389,(anonymous_49)
FN:390,(anonymous_50)
FN:392,(anonymous_51)
FN:401,(anonymous_52)
FN:408,getWorkoutWeightDetails
FN:411,(anonymous_54)
FN:413,(anonymous_55)
FN:415,(anonymous_56)
FN:428,getWorkoutSetRepDetails
FN:431,(anonymous_58)
FN:433,(anonymous_59)
FN:440,(anonymous_60)
FN:449,(anonymous_61)
FN:470,groupWorkoutsByWeek
FN:474,(anonymous_63)
FN:496,getWeeklyWorkoutData
FN:502,(anonymous_65)
FNF:66
FNH:66
FNDA:15,parseLocalDate
FNDA:4,(anonymous_1)
FNDA:6,(anonymous_2)
FNDA:12,(anonymous_3)
FNDA:6,(anonymous_4)
FNDA:6,(anonymous_5)
FNDA:12,(anonymous_6)
FNDA:6,(anonymous_7)
FNDA:12,(anonymous_8)
FNDA:2,(anonymous_9)
FNDA:2,(anonymous_10)
FNDA:2,(anonymous_11)
FNDA:2,(anonymous_12)
FNDA:2,(anonymous_13)
FNDA:2,(anonymous_14)
FNDA:1,(anonymous_15)
FNDA:1,getBadges
FNDA:2,analyzeWorkoutHabits
FNDA:4,(anonymous_18)
FNDA:4,(anonymous_19)
FNDA:4,(anonymous_20)
FNDA:4,(anonymous_21)
FNDA:4,(anonymous_22)
FNDA:1,getPreferredWorkoutTime
FNDA:3,(anonymous_24)
FNDA:1,getAverageDurationByTime
FNDA:2,(anonymous_26)
FNDA:1,getWorkoutsForDateRange
FNDA:2,(anonymous_28)
FNDA:1,cleanWorkoutForFirestore
FNDA:29,(anonymous_30)
FNDA:6,(anonymous_31)
FNDA:1,getLastExerciseWeight
FNDA:1,(anonymous_33)
FNDA:3,(anonymous_34)
FNDA:2,(anonymous_35)
FNDA:2,(anonymous_36)
FNDA:1,getMuscleGroupDistribution
FNDA:2,(anonymous_38)
FNDA:4,(anonymous_39)
FNDA:4,(anonymous_40)
FNDA:4,(anonymous_41)
FNDA:1,getWeightProgress
FNDA:1,(anonymous_43)
FNDA:2,(anonymous_44)
FNDA:4,(anonymous_45)
FNDA:8,(anonymous_46)
FNDA:4,(anonymous_47)
FNDA:1,getAverageWeights
FNDA:2,(anonymous_49)
FNDA:4,(anonymous_50)
FNDA:8,(anonymous_51)
FNDA:4,(anonymous_52)
FNDA:1,getWorkoutWeightDetails
FNDA:2,(anonymous_54)
FNDA:4,(anonymous_55)
FNDA:8,(anonymous_56)
FNDA:1,getWorkoutSetRepDetails
FNDA:2,(anonymous_58)
FNDA:4,(anonymous_59)
FNDA:8,(anonymous_60)
FNDA:8,(anonymous_61)
FNDA:2,groupWorkoutsByWeek
FNDA:4,(anonymous_63)
FNDA:1,getWeeklyWorkoutData
FNDA:1,(anonymous_65)
DA:4,1
DA:9,15
DA:10,13
DA:11,13
DA:14,1
DA:23,4
DA:26,6
DA:31,12
DA:39,3
DA:44,6
DA:49,6
DA:50,12
DA:55,6
DA:57,12
DA:65,3
DA:66,3
DA:67,3
DA:68,3
DA:70,3
DA:73,1
DA:74,2
DA:75,2
DA:76,2
DA:77,2
DA:79,2
DA:81,2
DA:85,2
DA:89,1
DA:90,2
DA:91,2
DA:100,1
DA:101,1
DA:102,1
DA:103,1
DA:104,1
DA:105,1
DA:110,1
DA:111,1
DA:112,1
DA:117,1
DA:118,1
DA:119,1
DA:120,1
DA:121,1
DA:122,0
DA:123,1
DA:124,0
DA:125,1
DA:126,0
DA:127,1
DA:128,0
DA:133,1
DA:134,0
DA:139,1
DA:144,2
DA:145,4
DA:146,0
DA:147,0
DA:150,2
DA:151,4
DA:152,0
DA:153,0
DA:156,2
DA:157,4
DA:158,0
DA:159,0
DA:162,2
DA:163,4
DA:164,0
DA:165,0
DA:168,4
DA:170,2
DA:205,1
DA:206,1
DA:213,1
DA:214,3
DA:220,1
DA:227,1
DA:228,2
DA:230,0
DA:231,0
DA:232,0
DA:233,0
DA:234,0
DA:235,0
DA:236,0
DA:237,0
DA:238,0
DA:239,0
DA:241,0
DA:242,0
DA:246,1
DA:274,1
DA:276,1
DA:277,2
DA:278,2
DA:284,1
DA:287,1
DA:288,29
DA:289,29
DA:290,10
DA:291,3
DA:293,6
DA:296,7
DA:297,7
DA:298,22
DA:299,22
DA:302,7
DA:305,1
DA:313,1
DA:314,1
DA:315,1
DA:317,1
DA:318,2
DA:322,0
DA:323,2
DA:324,3
DA:326,2
DA:327,1
DA:328,2
DA:329,2
DA:330,1
DA:331,1
DA:335,0
DA:340,1
DA:341,1
DA:342,1
DA:343,2
DA:344,4
DA:345,4
DA:349,4
DA:350,1
DA:351,1
DA:352,4
DA:354,1
DA:359,1
DA:360,1
DA:361,1
DA:363,1
DA:364,1
DA:365,2
DA:366,4
DA:367,8
DA:370,4
DA:371,4
DA:373,0
DA:377,1
DA:378,1
DA:379,4
DA:381,1
DA:386,1
DA:387,1
DA:388,1
DA:389,1
DA:390,2
DA:391,4
DA:392,4
DA:393,8
DA:394,8
DA:395,8
DA:400,1
DA:401,1
DA:402,4
DA:404,1
DA:409,1
DA:410,1
DA:412,2
DA:414,4
DA:416,8
DA:419,4
DA:422,2
DA:429,1
DA:430,1
DA:432,2
DA:434,4
DA:435,4
DA:438,4
DA:440,8
DA:446,4
DA:449,8
DA:454,4
DA:455,4
DA:456,2
DA:460,1
DA:461,4
DA:464,2
DA:471,2
DA:473,2
DA:474,2
DA:475,4
DA:476,4
DA:479,4
DA:480,4
DA:481,4
DA:482,4
DA:484,4
DA:486,4
DA:487,2
DA:489,4
DA:492,2
DA:497,1
DA:499,1
DA:500,1
DA:502,1
DA:503,1
DA:504,1
DA:509,1
LF:207
LH:179
BRDA:9,0,0,2
BRDA:9,0,1,13
BRDA:18,1,0,3
BRDA:19,2,0,3
BRDA:20,3,0,3
BRDA:21,4,0,3
BRDA:23,5,0,1
BRDA:23,5,1,3
BRDA:23,6,0,4
BRDA:23,6,1,4
BRDA:27,7,0,6
BRDA:27,7,1,0
BRDA:28,8,0,6
BRDA:28,8,1,0
BRDA:29,9,0,6
BRDA:29,9,1,0
BRDA:30,10,0,6
BRDA:30,10,1,0
BRDA:32,11,0,12
BRDA:32,11,1,0
BRDA:33,12,0,12
BRDA:33,12,1,0
BRDA:34,13,0,12
BRDA:34,13,1,12
BRDA:40,14,0,3
BRDA:40,14,1,1
BRDA:42,15,0,3
BRDA:42,15,1,1
BRDA:44,16,0,6
BRDA:44,16,1,0
BRDA:50,17,0,6
BRDA:50,17,1,0
BRDA:50,18,0,12
BRDA:50,18,1,0
BRDA:56,19,0,6
BRDA:56,19,1,0
BRDA:57,20,0,12
BRDA:57,20,1,0
BRDA:57,21,0,12
BRDA:57,21,1,0
BRDA:65,22,0,1
BRDA:65,22,1,2
BRDA:66,23,0,1
BRDA:66,23,1,2
BRDA:67,24,0,1
BRDA:67,24,1,2
BRDA:68,25,0,1
BRDA:68,25,1,2
BRDA:79,26,0,1
BRDA:79,26,1,1
BRDA:91,27,0,2
BRDA:91,27,1,0
BRDA:111,28,0,1
BRDA:111,28,1,0
BRDA:117,29,0,1
BRDA:117,29,1,0
BRDA:119,30,0,1
BRDA:119,30,1,0
BRDA:121,31,0,0
BRDA:121,31,1,1
BRDA:123,32,0,0
BRDA:123,32,1,1
BRDA:125,33,0,0
BRDA:125,33,1,1
BRDA:127,34,0,0
BRDA:127,34,1,1
BRDA:133,35,0,0
BRDA:133,35,1,1
BRDA:145,36,0,4
BRDA:145,36,1,0
BRDA:147,37,0,0
BRDA:147,37,1,0
BRDA:151,38,0,4
BRDA:151,38,1,0
BRDA:153,39,0,0
BRDA:153,39,1,0
BRDA:157,40,0,4
BRDA:157,40,1,0
BRDA:159,41,0,0
BRDA:159,41,1,0
BRDA:163,42,0,4
BRDA:163,42,1,0
BRDA:165,43,0,0
BRDA:165,43,1,0
BRDA:174,44,0,0
BRDA:174,44,1,2
BRDA:181,45,0,0
BRDA:181,45,1,2
BRDA:188,46,0,0
BRDA:188,46,1,2
BRDA:195,47,0,0
BRDA:195,47,1,2
BRDA:214,48,0,0
BRDA:214,48,1,3
BRDA:228,49,0,2
BRDA:228,49,1,0
BRDA:228,50,0,2
BRDA:228,50,1,0
BRDA:231,51,0,0
BRDA:231,51,1,0
BRDA:231,52,0,0
BRDA:231,52,1,0
BRDA:234,53,0,0
BRDA:234,53,1,0
BRDA:234,54,0,0
BRDA:234,54,1,0
BRDA:237,55,0,0
BRDA:237,55,1,0
BRDA:237,56,0,0
BRDA:237,56,1,0
BRDA:248,57,0,0
BRDA:248,57,1,1
BRDA:254,58,0,0
BRDA:254,58,1,1
BRDA:260,59,0,0
BRDA:260,59,1,1
BRDA:266,60,0,0
BRDA:266,60,1,1
BRDA:274,61,0,0
BRDA:274,61,1,1
BRDA:274,62,0,1
BRDA:274,62,1,1
BRDA:278,63,0,2
BRDA:278,63,1,0
BRDA:284,64,0,0
BRDA:284,64,1,1
BRDA:288,65,0,0
BRDA:288,65,1,29
BRDA:288,66,0,29
BRDA:288,66,1,29
BRDA:289,67,0,19
BRDA:289,67,1,10
BRDA:290,68,0,3
BRDA:290,68,1,7
BRDA:293,69,0,6
BRDA:293,69,1,6
BRDA:298,70,0,22
BRDA:298,70,1,0
BRDA:298,71,0,22
BRDA:298,71,1,22
BRDA:311,72,0,1
BRDA:313,73,0,0
BRDA:313,73,1,1
BRDA:313,74,0,1
BRDA:313,74,1,1
BRDA:318,75,0,0
BRDA:318,75,1,2
BRDA:319,76,0,2
BRDA:319,76,1,0
BRDA:324,77,0,3
BRDA:324,77,1,3
BRDA:326,78,0,1
BRDA:326,78,1,1
BRDA:326,79,0,2
BRDA:326,79,1,1
BRDA:328,80,0,2
BRDA:328,80,1,0
BRDA:330,81,0,1
BRDA:330,81,1,0
BRDA:340,82,0,0
BRDA:340,82,1,1
BRDA:344,83,0,4
BRDA:344,83,1,0
BRDA:345,84,0,4
BRDA:345,84,1,4
BRDA:352,85,0,4
BRDA:352,85,1,0
BRDA:359,86,0,0
BRDA:359,86,1,1
BRDA:366,87,0,4
BRDA:366,87,1,0
BRDA:367,88,0,8
BRDA:367,88,1,4
BRDA:368,89,0,4
BRDA:368,89,1,0
BRDA:370,90,0,4
BRDA:370,90,1,0
BRDA:386,91,0,0
BRDA:386,91,1,1
BRDA:391,92,0,4
BRDA:391,92,1,0
BRDA:393,93,0,8
BRDA:393,93,1,4
BRDA:394,94,0,8
BRDA:394,94,1,6
BRDA:395,95,0,8
BRDA:395,95,1,4
BRDA:409,96,0,0
BRDA:409,96,1,1
BRDA:412,97,0,2
BRDA:412,97,1,0
BRDA:414,98,0,4
BRDA:414,98,1,0
BRDA:416,99,0,4
BRDA:416,99,1,4
BRDA:416,100,0,8
BRDA:416,100,1,4
BRDA:429,101,0,0
BRDA:429,101,1,1
BRDA:432,102,0,2
BRDA:432,102,1,0
BRDA:434,103,0,4
BRDA:434,103,1,0
BRDA:438,104,0,4
BRDA:438,104,1,0
BRDA:440,105,0,8
BRDA:440,105,1,0
BRDA:446,106,0,4
BRDA:446,106,1,0
BRDA:449,107,0,8
BRDA:449,107,1,4
BRDA:455,108,0,2
BRDA:455,108,1,2
BRDA:456,109,0,1
BRDA:456,109,1,1
BRDA:457,110,0,2
BRDA:457,110,1,1
BRDA:461,111,0,4
BRDA:461,111,1,0
BRDA:461,112,0,3
BRDA:461,112,1,1
BRDA:471,113,0,0
BRDA:471,113,1,2
BRDA:476,114,0,0
BRDA:476,114,1,4
BRDA:481,115,0,0
BRDA:481,115,1,4
BRDA:486,116,0,2
BRDA:486,116,1,2
BRDA:497,117,0,0
BRDA:497,117,1,1
BRF:231
BRH:142
end_of_record
