TN:
SF:src/App.js
FN:33,App
FN:116,(anonymous_1)
FN:125,(anonymous_2)
FN:143,(anonymous_3)
FN:152,(anonymous_4)
FN:156,(anonymous_5)
FN:245,(anonymous_6)
FNF:7
FNH:0
FNDA:0,App
FNDA:0,(anonymous_1)
FNDA:0,(anonymous_2)
FNDA:0,(anonymous_3)
FNDA:0,(anonymous_4)
FNDA:0,(anonymous_5)
FNDA:0,(anonymous_6)
DA:34,0
DA:35,0
DA:38,0
DA:61,0
DA:64,0
DA:65,0
DA:66,0
DA:67,0
DA:68,0
DA:69,0
DA:72,0
DA:98,0
DA:101,0
DA:113,0
DA:114,0
DA:116,0
DA:117,0
DA:118,0
DA:120,0
DA:121,0
DA:125,0
DA:126,0
DA:128,0
DA:129,0
DA:130,0
DA:135,0
DA:136,0
DA:139,0
DA:140,0
DA:143,0
DA:144,0
DA:145,0
DA:146,0
DA:150,0
DA:151,0
DA:152,0
DA:156,0
DA:157,0
DA:159,0
DA:182,0
DA:196,0
DA:202,0
DA:208,0
DA:214,0
DA:220,0
DA:226,0
DA:232,0
DA:236,0
LF:48
LH:0
BRDA:117,0,0,0
BRDA:117,0,1,0
BRDA:120,1,0,0
BRDA:120,1,1,0
BRDA:126,2,0,0
BRDA:126,2,1,0
BRDA:128,3,0,0
BRDA:128,3,1,0
BRDA:129,4,0,0
BRDA:129,4,1,0
BRDA:135,5,0,0
BRDA:135,5,1,0
BRDA:135,6,0,0
BRDA:135,6,1,0
BRDA:139,7,0,0
BRDA:139,7,1,0
BRDA:150,8,0,0
BRDA:150,8,1,0
BRDA:157,9,0,0
BRDA:157,9,1,0
BRDA:157,9,2,0
BRDA:157,9,3,0
BRDA:157,9,4,0
BRDA:157,9,5,0
BRDA:157,9,6,0
BRDA:157,9,7,0
BRDA:157,9,8,0
BRDA:255,10,0,0
BRDA:255,10,1,0
BRDA:257,11,0,0
BRDA:257,11,1,0
BRF:31
BRH:0
end_of_record
TN:
SF:src/i18n.js
FNF:0
FNH:0
DA:4,0
DA:388,0
LF:2
LH:0
BRF:0
BRH:0
end_of_record
TN:
SF:src/index.js
FNF:0
FNH:0
DA:7,0
DA:8,0
LF:2
LH:0
BRF:0
BRH:0
end_of_record
TN:
SF:src/serviceWorkerRegistration.js
FN:12,register
FN:23,(anonymous_1)
FN:32,(anonymous_2)
FN:46,registerValidSW
FN:49,(anonymous_4)
FN:63,(anonymous_5)
FN:68,checkValidServiceWorker
FN:73,(anonymous_7)
FN:81,(anonymous_8)
FN:82,(anonymous_9)
FN:91,(anonymous_10)
FN:96,unregister
FN:99,(anonymous_12)
FN:102,(anonymous_13)
FNF:14
FNH:0
FNDA:0,register
FNDA:0,(anonymous_1)
FNDA:0,(anonymous_2)
FNDA:0,registerValidSW
FNDA:0,(anonymous_4)
FNDA:0,(anonymous_5)
FNDA:0,checkValidServiceWorker
FNDA:0,(anonymous_7)
FNDA:0,(anonymous_8)
FNDA:0,(anonymous_9)
FNDA:0,(anonymous_10)
FNDA:0,unregister
FNDA:0,(anonymous_12)
FNDA:0,(anonymous_13)
DA:4,0
DA:13,0
DA:15,0
DA:16,0
DA:20,0
DA:23,0
DA:24,0
DA:26,0
DA:28,0
DA:32,0
DA:33,0
DA:40,0
DA:47,0
DA:53,0
DA:59,0
DA:60,0
DA:64,0
DA:70,0
DA:75,0
DA:76,0
DA:81,0
DA:82,0
DA:83,0
DA:88,0
DA:92,0
DA:97,0
DA:98,0
DA:100,0
DA:103,0
LF:29
LH:0
BRDA:5,0,0,0
BRDA:5,0,1,0
BRDA:5,0,2,0
BRDA:13,1,0,0
BRDA:13,1,1,0
BRDA:13,2,0,0
BRDA:13,2,1,0
BRDA:16,3,0,0
BRDA:16,3,1,0
BRDA:26,4,0,0
BRDA:26,4,1,0
BRDA:59,5,0,0
BRDA:59,5,1,0
BRDA:59,6,0,0
BRDA:59,6,1,0
BRDA:76,7,0,0
BRDA:76,7,1,0
BRDA:77,8,0,0
BRDA:77,8,1,0
BRDA:77,8,2,0
BRDA:97,9,0,0
BRDA:97,9,1,0
BRF:22
BRH:0
end_of_record
TN:
SF:src/components/Auth.jsx
FN:7,Auth
FN:13,(anonymous_1)
FN:14,(anonymous_2)
FN:20,(anonymous_3)
FN:32,(anonymous_4)
FNF:5
FNH:0
FNDA:0,Auth
FNDA:0,(anonymous_1)
FNDA:0,(anonymous_2)
FNDA:0,(anonymous_3)
FNDA:0,(anonymous_4)
DA:8,0
DA:9,0
DA:10,0
DA:13,0
DA:14,0
DA:15,0
DA:17,0
DA:20,0
DA:21,0
DA:22,0
DA:23,0
DA:24,0
DA:26,0
DA:28,0
DA:32,0
DA:33,0
DA:36,0
DA:37,0
DA:46,0
DA:72,0
LF:20
LH:0
BRDA:7,0,0,0
BRDA:36,1,0,0
BRDA:36,1,1,0
BRDA:40,2,0,0
BRDA:40,2,1,0
BRDA:51,3,0,0
BRDA:51,3,1,0
BRDA:61,4,0,0
BRDA:61,4,1,0
BRF:9
BRH:0
end_of_record
TN:
SF:src/components/Card.jsx
FN:4,(anonymous_0)
FNF:1
FNH:0
FNDA:0,(anonymous_0)
DA:4,0
DA:5,0
DA:10,0
LF:3
LH:0
BRDA:4,0,0,0
BRDA:4,1,0,0
BRDA:4,2,0,0
BRDA:4,3,0,0
BRDA:4,4,0,0
BRF:5
BRH:0
end_of_record
TN:
SF:src/components/ChallengeStats.jsx
FN:5,(anonymous_0)
FN:14,(anonymous_1)
FN:89,(anonymous_2)
FN:91,(anonymous_3)
FN:123,(anonymous_4)
FN:126,(anonymous_5)
FN:127,(anonymous_6)
FN:152,(anonymous_7)
FN:155,(anonymous_8)
FNF:9
FNH:0
FNDA:0,(anonymous_0)
FNDA:0,(anonymous_1)
FNDA:0,(anonymous_2)
FNDA:0,(anonymous_3)
FNDA:0,(anonymous_4)
FNDA:0,(anonymous_5)
FNDA:0,(anonymous_6)
FNDA:0,(anonymous_7)
FNDA:0,(anonymous_8)
DA:5,0
DA:6,0
DA:8,0
DA:14,0
DA:15,0
DA:89,0
DA:90,0
DA:92,0
DA:123,0
DA:124,0
DA:126,0
DA:128,0
DA:148,0
DA:153,0
DA:155,0
LF:15
LH:0
BRDA:70,0,0,0
BRDA:70,0,1,0
BRDA:96,1,0,0
BRDA:96,1,1,0
BRDA:97,2,0,0
BRDA:97,2,1,0
BRDA:98,3,0,0
BRDA:98,3,1,0
BRDA:99,4,0,0
BRDA:99,4,1,0
BRDA:103,5,0,0
BRDA:103,5,1,0
BRDA:104,6,0,0
BRDA:104,6,1,0
BRDA:105,7,0,0
BRDA:105,7,1,0
BRDA:106,8,0,0
BRDA:106,8,1,0
BRDA:136,9,0,0
BRDA:136,9,1,0
BRDA:157,10,0,0
BRDA:157,10,1,0
BRDA:169,11,0,0
BRDA:169,11,1,0
BRDA:170,12,0,0
BRDA:170,12,1,0
BRDA:171,13,0,0
BRDA:171,13,1,0
BRF:28
BRH:0
end_of_record
TN:
SF:src/components/Challenges.jsx
FN:10,(anonymous_0)
FN:49,(anonymous_1)
FN:86,(anonymous_2)
FN:87,(anonymous_3)
FN:90,(anonymous_4)
FN:91,(anonymous_5)
FN:94,(anonymous_6)
FN:104,(anonymous_7)
FN:106,(anonymous_8)
FN:113,(anonymous_9)
FN:134,(anonymous_10)
FN:139,(anonymous_11)
FN:155,(anonymous_12)
FN:160,(anonymous_13)
FN:176,(anonymous_14)
FN:181,(anonymous_15)
FN:197,(anonymous_16)
FN:212,(anonymous_17)
FN:220,(anonymous_18)
FN:230,(anonymous_19)
FN:240,(anonymous_20)
FN:296,(anonymous_21)
FN:303,(anonymous_22)
FN:335,(anonymous_23)
FN:341,(anonymous_24)
FN:358,(anonymous_25)
FN:366,(anonymous_26)
FN:389,(anonymous_27)
FN:396,(anonymous_28)
FN:423,(anonymous_29)
FN:431,(anonymous_30)
FN:456,(anonymous_31)
FN:482,(anonymous_32)
FN:488,(anonymous_33)
FN:507,(anonymous_34)
FN:523,(anonymous_35)
FN:537,(anonymous_36)
FN:538,(anonymous_37)
FN:543,(anonymous_38)
FN:558,(anonymous_39)
FN:566,(anonymous_40)
FN:580,(anonymous_41)
FN:582,(anonymous_42)
FN:593,(anonymous_43)
FN:608,(anonymous_44)
FNF:45
FNH:0
FNDA:0,(anonymous_0)
FNDA:0,(anonymous_1)
FNDA:0,(anonymous_2)
FNDA:0,(anonymous_3)
FNDA:0,(anonymous_4)
FNDA:0,(anonymous_5)
FNDA:0,(anonymous_6)
FNDA:0,(anonymous_7)
FNDA:0,(anonymous_8)
FNDA:0,(anonymous_9)
FNDA:0,(anonymous_10)
FNDA:0,(anonymous_11)
FNDA:0,(anonymous_12)
FNDA:0,(anonymous_13)
FNDA:0,(anonymous_14)
FNDA:0,(anonymous_15)
FNDA:0,(anonymous_16)
FNDA:0,(anonymous_17)
FNDA:0,(anonymous_18)
FNDA:0,(anonymous_19)
FNDA:0,(anonymous_20)
FNDA:0,(anonymous_21)
FNDA:0,(anonymous_22)
FNDA:0,(anonymous_23)
FNDA:0,(anonymous_24)
FNDA:0,(anonymous_25)
FNDA:0,(anonymous_26)
FNDA:0,(anonymous_27)
FNDA:0,(anonymous_28)
FNDA:0,(anonymous_29)
FNDA:0,(anonymous_30)
FNDA:0,(anonymous_31)
FNDA:0,(anonymous_32)
FNDA:0,(anonymous_33)
FNDA:0,(anonymous_34)
FNDA:0,(anonymous_35)
FNDA:0,(anonymous_36)
FNDA:0,(anonymous_37)
FNDA:0,(anonymous_38)
FNDA:0,(anonymous_39)
FNDA:0,(anonymous_40)
FNDA:0,(anonymous_41)
FNDA:0,(anonymous_42)
FNDA:0,(anonymous_43)
FNDA:0,(anonymous_44)
DA:10,0
DA:11,0
DA:25,0
DA:26,0
DA:27,0
DA:28,0
DA:29,0
DA:30,0
DA:31,0
DA:34,0
DA:42,0
DA:49,0
DA:50,0
DA:51,0
DA:52,0
DA:55,0
DA:56,0
DA:62,0
DA:65,0
DA:66,0
DA:72,0
DA:74,0
DA:75,0
DA:78,0
DA:79,0
DA:81,0
DA:82,0
DA:86,0
DA:87,0
DA:90,0
DA:91,0
DA:94,0
DA:95,0
DA:96,0
DA:97,0
DA:98,0
DA:99,0
DA:104,0
DA:105,0
DA:106,0
DA:107,0
DA:109,0
DA:113,0
DA:114,0
DA:117,0
DA:119,0
DA:128,0
DA:129,0
DA:130,0
DA:131,0
DA:134,0
DA:135,0
DA:136,0
DA:139,0
DA:140,0
DA:141,0
DA:149,0
DA:151,0
DA:155,0
DA:156,0
DA:157,0
DA:160,0
DA:161,0
DA:162,0
DA:170,0
DA:172,0
DA:176,0
DA:177,0
DA:178,0
DA:181,0
DA:182,0
DA:183,0
DA:191,0
DA:193,0
DA:197,0
DA:198,0
DA:199,0
DA:200,0
DA:201,0
DA:203,0
DA:208,0
DA:212,0
DA:220,0
DA:230,0
DA:240,0
DA:296,0
DA:304,0
DA:305,0
DA:306,0
DA:307,0
DA:309,0
DA:335,0
DA:341,0
DA:358,0
DA:366,0
DA:389,0
DA:397,0
DA:398,0
DA:399,0
DA:423,0
DA:431,0
DA:457,0
DA:458,0
DA:459,0
DA:461,0
DA:482,0
DA:488,0
DA:507,0
DA:523,0
DA:538,0
DA:539,0
DA:544,0
DA:559,0
DA:566,0
DA:580,0
DA:583,0
DA:593,0
DA:608,0
LF:118
LH:0
BRDA:50,0,0,0
BRDA:50,0,1,0
BRDA:69,1,0,0
BRDA:69,1,1,0
BRDA:87,2,0,0
BRDA:87,2,1,0
BRDA:91,3,0,0
BRDA:91,3,1,0
BRDA:95,4,0,0
BRDA:95,4,1,0
BRDA:95,4,2,0
BRDA:95,4,3,0
BRDA:117,5,0,0
BRDA:117,5,1,0
BRDA:140,6,0,0
BRDA:140,6,1,0
BRDA:140,7,0,0
BRDA:140,7,1,0
BRDA:144,8,0,0
BRDA:144,8,1,0
BRDA:161,9,0,0
BRDA:161,9,1,0
BRDA:161,10,0,0
BRDA:161,10,1,0
BRDA:165,11,0,0
BRDA:165,11,1,0
BRDA:182,12,0,0
BRDA:182,12,1,0
BRDA:182,13,0,0
BRDA:182,13,1,0
BRDA:186,14,0,0
BRDA:186,14,1,0
BRDA:198,15,0,0
BRDA:198,15,1,0
BRDA:222,16,0,0
BRDA:222,16,1,0
BRDA:232,17,0,0
BRDA:232,17,1,0
BRDA:242,18,0,0
BRDA:242,18,1,0
BRDA:288,19,0,0
BRDA:288,19,1,0
BRDA:290,20,0,0
BRDA:290,20,1,0
BRDA:316,21,0,0
BRDA:316,21,1,0
BRDA:317,22,0,0
BRDA:317,22,1,0
BRDA:318,23,0,0
BRDA:318,23,1,0
BRDA:325,24,0,0
BRDA:325,24,1,0
BRDA:325,25,0,0
BRDA:325,25,1,0
BRDA:325,26,0,0
BRDA:325,26,1,0
BRDA:330,27,0,0
BRDA:330,27,1,0
BRDA:330,28,0,0
BRDA:330,28,1,0
BRDA:354,29,0,0
BRDA:354,29,1,0
BRDA:356,30,0,0
BRDA:356,30,1,0
BRDA:356,30,2,0
BRDA:364,31,0,0
BRDA:364,31,1,0
BRDA:381,32,0,0
BRDA:381,32,1,0
BRDA:383,33,0,0
BRDA:383,33,1,0
BRDA:405,34,0,0
BRDA:405,34,1,0
BRDA:410,35,0,0
BRDA:410,35,1,0
BRDA:419,36,0,0
BRDA:419,36,1,0
BRDA:421,37,0,0
BRDA:421,37,1,0
BRDA:429,38,0,0
BRDA:429,38,1,0
BRDA:446,39,0,0
BRDA:446,39,1,0
BRDA:467,40,0,0
BRDA:467,40,1,0
BRDA:472,41,0,0
BRDA:472,41,1,0
BRDA:477,42,0,0
BRDA:477,42,1,0
BRDA:501,43,0,0
BRDA:501,43,1,0
BRDA:505,44,0,0
BRDA:505,44,1,0
BRDA:529,45,0,0
BRDA:529,45,1,0
BRDA:536,46,0,0
BRDA:536,46,1,0
BRDA:545,47,0,0
BRDA:545,47,1,0
BRDA:545,47,2,0
BRDA:562,48,0,0
BRDA:562,48,1,0
BRDA:604,49,0,0
BRDA:604,49,1,0
BRF:104
BRH:0
end_of_record
TN:
SF:src/components/GradientButton.jsx
FN:4,(anonymous_0)
FNF:1
FNH:0
FNDA:0,(anonymous_0)
DA:4,0
DA:18,0
DA:19,0
DA:34,0
LF:4
LH:0
BRDA:7,0,0,0
BRDA:8,1,0,0
BRDA:9,2,0,0
BRDA:11,3,0,0
BRDA:12,4,0,0
BRDA:13,5,0,0
BRDA:15,6,0,0
BRDA:18,7,0,0
BRDA:18,7,1,0
BRDA:18,8,0,0
BRDA:18,8,1,0
BRDA:28,9,0,0
BRDA:28,9,1,0
BRF:13
BRH:0
end_of_record
TN:
SF:src/components/IconButton.jsx
FN:3,(anonymous_0)
FNF:1
FNH:0
FNDA:0,(anonymous_0)
DA:3,0
DA:4,0
LF:2
LH:0
BRDA:3,0,0,0
BRDA:10,1,0,0
BRDA:10,1,1,0
BRF:3
BRH:0
end_of_record
TN:
SF:src/components/MigrationPrompt.jsx
FN:4,(anonymous_0)
FNF:1
FNH:0
FNDA:0,(anonymous_0)
DA:4,0
DA:5,0
DA:27,0
LF:3
LH:0
BRF:0
BRH:0
end_of_record
TN:
SF:src/components/Notifications.jsx
FN:6,(anonymous_0)
FN:18,(anonymous_1)
FN:33,(anonymous_2)
FN:90,(anonymous_3)
FN:123,(anonymous_4)
FN:131,(anonymous_5)
FN:147,(anonymous_6)
FNF:7
FNH:0
FNDA:0,(anonymous_0)
FNDA:0,(anonymous_1)
FNDA:0,(anonymous_2)
FNDA:0,(anonymous_3)
FNDA:0,(anonymous_4)
FNDA:0,(anonymous_5)
FNDA:0,(anonymous_6)
DA:6,0
DA:15,0
DA:16,0
DA:18,0
DA:19,0
DA:21,0
DA:23,0
DA:25,0
DA:27,0
DA:29,0
DA:33,0
DA:34,0
DA:36,0
DA:38,0
DA:40,0
DA:42,0
DA:44,0
DA:48,0
DA:50,0
DA:51,0
DA:61,0
DA:91,0
DA:92,0
DA:123,0
DA:131,0
DA:147,0
LF:26
LH:0
BRDA:19,0,0,0
BRDA:19,0,1,0
BRDA:19,0,2,0
BRDA:19,0,3,0
BRDA:19,0,4,0
BRDA:34,1,0,0
BRDA:34,1,1,0
BRDA:34,1,2,0
BRDA:34,1,3,0
BRDA:34,1,4,0
BRDA:48,2,0,0
BRDA:48,2,1,0
BRDA:50,3,0,0
BRDA:50,3,1,0
BRDA:65,4,0,0
BRDA:65,4,1,0
BRDA:80,5,0,0
BRDA:80,5,1,0
BRDA:96,6,0,0
BRDA:96,6,1,0
BRDA:112,7,0,0
BRDA:112,7,1,0
BRDA:121,8,0,0
BRDA:121,8,1,0
BRDA:144,9,0,0
BRDA:144,9,1,0
BRDA:150,10,0,0
BRDA:150,10,1,0
BRF:28
BRH:0
end_of_record
TN:
SF:src/components/PWAInstallButton.jsx
FN:6,isIOS
FN:12,isInStandaloneMode
FN:19,(anonymous_2)
FNF:3
FNH:0
FNDA:0,isIOS
FNDA:0,isInStandaloneMode
FNDA:0,(anonymous_2)
DA:7,0
DA:13,0
DA:19,0
DA:20,0
DA:21,0
DA:24,0
DA:25,0
DA:41,0
DA:43,0
LF:9
LH:0
BRDA:8,0,0,0
BRDA:8,0,1,0
BRDA:14,1,0,0
BRDA:14,1,1,0
BRDA:24,2,0,0
BRDA:24,2,1,0
BRDA:24,3,0,0
BRDA:24,3,1,0
BRDA:24,3,2,0
BRDA:32,4,0,0
BRDA:32,4,1,0
BRDA:41,5,0,0
BRDA:41,5,1,0
BRDA:41,6,0,0
BRDA:41,6,1,0
BRF:15
BRH:0
end_of_record
TN:
SF:src/components/PageTransition.jsx
FN:4,(anonymous_0)
FNF:1
FNH:0
FNDA:0,(anonymous_0)
DA:4,0
DA:5,0
LF:2
LH:0
BRF:0
BRH:0
end_of_record
TN:
SF:src/components/StreakCounter.jsx
FN:12,getStreakColor
FN:19,getStreakMessage
FN:28,(anonymous_2)
FN:32,(anonymous_3)
FN:36,(anonymous_4)
FN:44,(anonymous_5)
FNF:6
FNH:5
FNDA:7,getStreakColor
FNDA:7,getStreakMessage
FNDA:7,(anonymous_2)
FNDA:6,(anonymous_3)
FNDA:0,(anonymous_4)
FNDA:1,(anonymous_5)
DA:5,1
DA:13,7
DA:14,7
DA:15,7
DA:16,6
DA:20,7
DA:21,7
DA:22,7
DA:23,6
DA:24,5
DA:25,1
DA:28,1
DA:29,7
DA:30,7
DA:32,7
DA:33,6
DA:34,1
DA:35,1
DA:36,1
DA:37,0
DA:38,0
DA:39,0
DA:40,0
DA:41,0
DA:44,1
DA:46,5
DA:47,5
DA:51,7
DA:74,1
LF:29
LH:24
BRDA:13,0,0,0
BRDA:13,0,1,7
BRDA:14,1,0,0
BRDA:14,1,1,7
BRDA:15,2,0,1
BRDA:15,2,1,6
BRDA:20,3,0,0
BRDA:20,3,1,7
BRDA:21,4,0,0
BRDA:21,4,1,7
BRDA:22,5,0,1
BRDA:22,5,1,6
BRDA:23,6,0,1
BRDA:23,6,1,5
BRDA:24,7,0,4
BRDA:24,7,1,1
BRDA:28,8,0,7
BRDA:33,9,0,1
BRDA:33,9,1,5
BRDA:39,10,0,0
BRDA:39,10,1,0
BRDA:53,11,0,1
BRDA:53,11,1,6
BRDA:54,12,0,1
BRDA:54,12,1,6
BRDA:54,13,0,1
BRDA:54,13,1,5
BRDA:55,14,0,7
BRDA:55,14,1,1
BRF:29
BRH:23
end_of_record
TN:
SF:src/components/Toast.jsx
FN:4,(anonymous_0)
FNF:1
FNH:0
FNDA:0,(anonymous_0)
DA:4,0
DA:5,0
DA:6,0
DA:18,0
LF:4
LH:0
BRDA:4,0,0,0
BRDA:4,1,0,0
BRDA:5,2,0,0
BRDA:5,2,1,0
BRDA:8,3,0,0
BRDA:8,3,1,0
BRF:6
BRH:0
end_of_record
TN:
SF:src/components/Badges/Badges.jsx
FN:450,Badge
FN:472,BadgeList
FN:480,(anonymous_2)
FN:493,BadgeTooltip
FN:500,(anonymous_4)
FNF:5
FNH:0
FNDA:0,Badge
FNDA:0,BadgeList
FNDA:0,(anonymous_2)
FNDA:0,BadgeTooltip
FNDA:0,(anonymous_4)
DA:5,2
DA:451,0
DA:452,0
DA:454,0
DA:461,0
DA:473,0
DA:475,0
DA:476,0
DA:478,0
DA:481,0
DA:494,0
DA:496,0
DA:501,0
DA:502,0
DA:504,0
LF:15
LH:1
BRDA:450,0,0,0
BRDA:452,1,0,0
BRDA:452,1,1,0
BRDA:472,2,0,0
BRDA:472,3,0,0
BRDA:472,4,0,0
BRDA:473,5,0,0
BRDA:473,5,1,0
BRDA:473,6,0,0
BRDA:473,6,1,0
BRDA:483,7,0,0
BRDA:483,7,1,0
BRDA:484,8,0,0
BRDA:484,8,1,0
BRDA:493,9,0,0
BRDA:494,10,0,0
BRDA:494,10,1,0
BRDA:494,11,0,0
BRDA:494,11,1,0
BRDA:502,12,0,0
BRDA:502,12,1,0
BRF:21
BRH:0
end_of_record
TN:
SF:src/components/Badges/BadgesPage.jsx
FN:10,(anonymous_0)
FN:16,(anonymous_1)
FN:22,(anonymous_2)
FN:23,(anonymous_3)
FN:26,(anonymous_4)
FN:36,(anonymous_5)
FN:64,(anonymous_6)
FN:71,(anonymous_7)
FN:141,(anonymous_8)
FN:154,(anonymous_9)
FN:170,(anonymous_10)
FN:182,(anonymous_11)
FN:199,(anonymous_12)
FN:220,(anonymous_13)
FNF:14
FNH:0
FNDA:0,(anonymous_0)
FNDA:0,(anonymous_1)
FNDA:0,(anonymous_2)
FNDA:0,(anonymous_3)
FNDA:0,(anonymous_4)
FNDA:0,(anonymous_5)
FNDA:0,(anonymous_6)
FNDA:0,(anonymous_7)
FNDA:0,(anonymous_8)
FNDA:0,(anonymous_9)
FNDA:0,(anonymous_10)
FNDA:0,(anonymous_11)
FNDA:0,(anonymous_12)
FNDA:0,(anonymous_13)
DA:10,0
DA:11,0
DA:12,0
DA:13,0
DA:16,0
DA:22,0
DA:23,0
DA:26,0
DA:27,0
DA:28,0
DA:29,0
DA:36,0
DA:37,0
DA:39,0
DA:40,0
DA:44,0
DA:45,0
DA:50,0
DA:56,0
DA:57,0
DA:64,0
DA:65,0
DA:67,0
DA:71,0
DA:102,0
DA:141,0
DA:154,0
DA:170,0
DA:182,0
DA:199,0
DA:220,0
LF:31
LH:0
BRDA:27,0,0,0
BRDA:27,0,1,0
BRDA:27,1,0,0
BRDA:27,1,1,0
BRDA:44,2,0,0
BRDA:44,2,1,0
BRDA:64,3,0,0
BRDA:70,4,0,0
BRDA:70,4,1,0
BRDA:70,5,0,0
BRDA:70,5,1,0
BRDA:71,6,0,0
BRDA:71,6,1,0
BRDA:74,7,0,0
BRDA:74,7,1,0
BRDA:75,8,0,0
BRDA:75,8,1,0
BRDA:80,9,0,0
BRDA:80,9,1,0
BRDA:84,10,0,0
BRDA:84,10,1,0
BRDA:86,11,0,0
BRDA:86,11,1,0
BRDA:143,12,0,0
BRDA:143,12,1,0
BRDA:156,13,0,0
BRDA:156,13,1,0
BRDA:168,14,0,0
BRDA:168,14,1,0
BRDA:179,15,0,0
BRDA:179,15,1,0
BRDA:180,16,0,0
BRDA:180,16,1,0
BRDA:204,17,0,0
BRDA:204,17,1,0
BRDA:204,17,2,0
BRDA:216,18,0,0
BRDA:216,18,1,0
BRF:38
BRH:0
end_of_record
TN:
SF:src/components/CalendarView/CalendarView.jsx
FN:8,(anonymous_0)
FN:50,(anonymous_1)
FN:67,(anonymous_2)
FN:81,(anonymous_3)
FN:98,(anonymous_4)
FN:125,(anonymous_5)
FN:160,(anonymous_6)
FN:167,(anonymous_7)
FN:200,(anonymous_8)
FN:228,(anonymous_9)
FN:248,(anonymous_10)
FN:249,(anonymous_11)
FN:251,(anonymous_12)
FN:252,(anonymous_13)
FNF:14
FNH:0
FNDA:0,(anonymous_0)
FNDA:0,(anonymous_1)
FNDA:0,(anonymous_2)
FNDA:0,(anonymous_3)
FNDA:0,(anonymous_4)
FNDA:0,(anonymous_5)
FNDA:0,(anonymous_6)
FNDA:0,(anonymous_7)
FNDA:0,(anonymous_8)
FNDA:0,(anonymous_9)
FNDA:0,(anonymous_10)
FNDA:0,(anonymous_11)
FNDA:0,(anonymous_12)
FNDA:0,(anonymous_13)
DA:8,0
DA:18,0
DA:20,0
DA:21,0
DA:22,0
DA:23,0
DA:24,0
DA:25,0
DA:26,0
DA:27,0
DA:28,0
DA:29,0
DA:31,0
DA:32,0
DA:35,0
DA:51,0
DA:52,0
DA:53,0
DA:55,0
DA:68,0
DA:69,0
DA:70,0
DA:72,0
DA:82,0
DA:83,0
DA:84,0
DA:86,0
DA:87,0
DA:88,0
DA:89,0
DA:98,0
DA:126,0
DA:127,0
DA:128,0
DA:129,0
DA:130,0
DA:131,0
DA:132,0
DA:133,0
DA:134,0
DA:160,0
DA:167,0
DA:201,0
DA:229,0
DA:248,0
DA:249,0
DA:251,0
DA:252,0
DA:267,0
LF:49
LH:0
BRDA:16,0,0,0
BRDA:51,1,0,0
BRDA:51,1,1,0
BRDA:68,2,0,0
BRDA:68,2,1,0
BRDA:82,3,0,0
BRDA:82,3,1,0
BRDA:88,4,0,0
BRDA:88,4,1,0
BRDA:88,4,2,0
BRDA:94,5,0,0
BRDA:94,5,1,0
BRDA:95,6,0,0
BRDA:95,6,1,0
BRDA:98,7,0,0
BRDA:98,7,1,0
BRDA:101,8,0,0
BRDA:101,8,1,0
BRDA:134,9,0,0
BRDA:134,9,1,0
BRDA:145,10,0,0
BRDA:145,10,1,0
BRDA:145,11,0,0
BRDA:145,11,1,0
BRDA:150,12,0,0
BRDA:150,12,1,0
BRDA:150,12,2,0
BRDA:156,13,0,0
BRDA:156,13,1,0
BRDA:204,14,0,0
BRDA:204,14,1,0
BRDA:205,15,0,0
BRDA:205,15,1,0
BRDA:209,16,0,0
BRDA:209,16,1,0
BRDA:210,17,0,0
BRDA:210,17,1,0
BRDA:214,18,0,0
BRDA:214,18,1,0
BRDA:216,19,0,0
BRDA:216,19,1,0
BRDA:231,20,0,0
BRDA:231,20,1,0
BRDA:247,21,0,0
BRDA:247,21,1,0
BRDA:248,22,0,0
BRDA:248,22,1,0
BRDA:249,23,0,0
BRDA:249,23,1,0
BRDA:249,24,0,0
BRDA:249,24,1,0
BRF:51
BRH:0
end_of_record
TN:
SF:src/components/Header/Header.jsx
FN:12,(anonymous_0)
FN:21,(anonymous_1)
FN:24,(anonymous_2)
FN:26,(anonymous_3)
FN:69,(anonymous_4)
FN:76,(anonymous_5)
FN:85,(anonymous_6)
FN:117,(anonymous_7)
FN:118,(anonymous_8)
FNF:9
FNH:0
FNDA:0,(anonymous_0)
FNDA:0,(anonymous_1)
FNDA:0,(anonymous_2)
FNDA:0,(anonymous_3)
FNDA:0,(anonymous_4)
FNDA:0,(anonymous_5)
FNDA:0,(anonymous_6)
FNDA:0,(anonymous_7)
FNDA:0,(anonymous_8)
DA:12,0
DA:13,0
DA:14,0
DA:15,0
DA:18,0
DA:21,0
DA:22,0
DA:24,0
DA:26,0
DA:27,0
DA:28,0
DA:31,0
DA:69,0
DA:76,0
DA:85,0
DA:117,0
DA:119,0
DA:120,0
DA:121,0
DA:131,0
LF:20
LH:0
BRDA:12,0,0,0
BRDA:12,1,0,0
BRDA:12,2,0,0
BRDA:47,3,0,0
BRDA:47,3,1,0
BRDA:62,4,0,0
BRDA:62,4,1,0
BRDA:70,5,0,0
BRDA:70,5,1,0
BRDA:77,6,0,0
BRDA:77,6,1,0
BRDA:83,7,0,0
BRDA:83,7,1,0
BRDA:98,8,0,0
BRDA:98,8,1,0
BRDA:111,9,0,0
BRDA:111,9,1,0
BRDA:120,10,0,0
BRDA:120,10,1,0
BRF:19
BRH:0
end_of_record
TN:
SF:src/components/Leaderboard/Leaderboard.jsx
FN:18,Leaderboard
FN:27,(anonymous_1)
FN:28,(anonymous_2)
FN:40,(anonymous_3)
FN:78,(anonymous_4)
FN:80,(anonymous_5)
FN:100,(anonymous_6)
FN:101,(anonymous_7)
FN:102,(anonymous_8)
FN:137,(anonymous_9)
FN:153,(anonymous_10)
FN:167,(anonymous_11)
FN:171,(anonymous_12)
FN:199,(anonymous_13)
FN:214,(anonymous_14)
FN:244,(anonymous_15)
FN:259,(anonymous_16)
FNF:17
FNH:3
FNDA:2,Leaderboard
FNDA:2,(anonymous_1)
FNDA:0,(anonymous_2)
FNDA:0,(anonymous_3)
FNDA:0,(anonymous_4)
FNDA:0,(anonymous_5)
FNDA:0,(anonymous_6)
FNDA:0,(anonymous_7)
FNDA:0,(anonymous_8)
FNDA:0,(anonymous_9)
FNDA:0,(anonymous_10)
FNDA:0,(anonymous_11)
FNDA:6,(anonymous_12)
FNDA:0,(anonymous_13)
FNDA:0,(anonymous_14)
FNDA:0,(anonymous_15)
FNDA:0,(anonymous_16)
DA:19,2
DA:20,2
DA:21,2
DA:22,2
DA:23,2
DA:24,2
DA:27,2
DA:28,2
DA:29,0
DA:30,0
DA:31,0
DA:33,0
DA:34,0
DA:36,0
DA:38,0
DA:39,0
DA:40,0
DA:43,0
DA:45,0
DA:53,0
DA:63,0
DA:67,0
DA:68,0
DA:71,2
DA:75,2
DA:78,2
DA:79,0
DA:81,0
DA:82,0
DA:85,0
DA:86,0
DA:87,0
DA:88,0
DA:91,0
DA:100,0
DA:101,0
DA:102,0
DA:109,2
DA:111,2
DA:137,0
DA:153,0
DA:167,0
DA:172,6
DA:200,0
DA:214,0
DA:245,0
DA:259,0
LF:47
LH:14
BRDA:34,0,0,0
BRDA:34,0,1,0
BRDA:47,1,0,0
BRDA:47,1,1,0
BRDA:48,2,0,0
BRDA:48,2,1,0
BRDA:49,3,0,0
BRDA:49,3,1,0
BRDA:55,4,0,0
BRDA:55,4,1,0
BRDA:56,5,0,0
BRDA:56,5,1,0
BRDA:57,6,0,0
BRDA:57,6,1,0
BRDA:71,7,0,0
BRDA:71,7,1,2
BRDA:85,8,0,0
BRDA:85,8,1,0
BRDA:86,9,0,0
BRDA:86,9,1,0
BRDA:87,10,0,0
BRDA:87,10,1,0
BRDA:88,11,0,0
BRDA:88,11,1,0
BRDA:97,12,0,0
BRDA:97,12,1,0
BRDA:105,13,0,0
BRDA:105,13,1,0
BRDA:105,14,0,0
BRDA:105,14,1,0
BRDA:105,15,0,0
BRDA:105,15,1,0
BRDA:109,16,0,0
BRDA:109,16,1,2
BRDA:118,17,0,2
BRDA:118,17,1,0
BRDA:166,18,0,2
BRDA:166,18,1,2
BRDA:167,19,0,0
BRDA:167,19,1,0
BRDA:179,20,0,2
BRDA:179,20,1,0
BRDA:189,21,0,0
BRDA:189,21,1,0
BRDA:196,22,0,0
BRDA:196,22,1,0
BRDA:198,23,0,0
BRDA:198,23,1,0
BRDA:203,24,0,0
BRDA:203,24,1,0
BRDA:207,25,0,0
BRDA:207,25,1,0
BRDA:214,26,0,0
BRDA:214,26,1,0
BRDA:219,27,0,0
BRDA:219,27,1,0
BRDA:220,28,0,0
BRDA:220,28,1,0
BRDA:221,29,0,0
BRDA:221,29,1,0
BRDA:225,30,0,0
BRDA:225,30,1,0
BRDA:225,30,2,0
BRDA:243,31,0,0
BRDA:243,31,1,0
BRDA:248,32,0,0
BRDA:248,32,1,0
BRDA:252,33,0,0
BRDA:252,33,1,0
BRDA:259,34,0,0
BRDA:259,34,1,0
BRDA:264,35,0,0
BRDA:264,35,1,0
BRDA:264,36,0,0
BRDA:264,36,1,0
BRDA:267,37,0,0
BRDA:267,37,1,0
BRDA:267,37,2,0
BRDA:288,38,0,0
BRDA:288,38,1,0
BRDA:288,38,2,0
BRDA:294,39,0,0
BRDA:294,39,1,0
BRDA:298,40,0,0
BRDA:298,40,1,0
BRDA:303,41,0,0
BRDA:303,41,1,0
BRDA:308,42,0,0
BRDA:308,42,1,0
BRDA:313,43,0,0
BRDA:313,43,1,0
BRF:91
BRH:6
end_of_record
TN:
SF:src/components/Leaderboard/LeaderboardView.jsx
FN:6,LeaderboardView
FN:12,(anonymous_1)
FN:16,(anonymous_2)
FNF:3
FNH:0
FNDA:0,LeaderboardView
FNDA:0,(anonymous_1)
FNDA:0,(anonymous_2)
DA:7,0
DA:9,0
DA:12,0
DA:16,0
LF:4
LH:0
BRDA:11,0,0,0
BRDA:11,0,1,0
BRF:2
BRH:0
end_of_record
TN:
SF:src/components/Navigation/Navigation.jsx
FN:6,(anonymous_0)
FN:25,(anonymous_1)
FN:35,(anonymous_2)
FN:43,(anonymous_3)
FN:46,(anonymous_4)
FN:49,(anonymous_5)
FN:66,(anonymous_6)
FN:76,(anonymous_7)
FN:93,(anonymous_8)
FN:97,(anonymous_9)
FNF:10
FNH:0
FNDA:0,(anonymous_0)
FNDA:0,(anonymous_1)
FNDA:0,(anonymous_2)
FNDA:0,(anonymous_3)
FNDA:0,(anonymous_4)
FNDA:0,(anonymous_5)
FNDA:0,(anonymous_6)
FNDA:0,(anonymous_7)
FNDA:0,(anonymous_8)
FNDA:0,(anonymous_9)
DA:6,0
DA:8,0
DA:9,0
DA:10,0
DA:11,0
DA:13,0
DA:25,0
DA:26,0
DA:27,0
DA:28,0
DA:29,0
DA:30,0
DA:35,0
DA:36,0
DA:37,0
DA:38,0
DA:39,0
DA:43,0
DA:44,0
DA:45,0
DA:46,0
DA:49,0
DA:51,0
DA:52,0
DA:53,0
DA:54,0
DA:59,0
DA:66,0
DA:76,0
DA:94,0
DA:97,0
DA:130,0
LF:32
LH:0
BRDA:6,0,0,0
BRDA:26,1,0,0
BRDA:26,1,1,0
BRDA:36,2,0,0
BRDA:36,2,1,0
BRDA:38,3,0,0
BRDA:38,3,1,0
BRDA:51,4,0,0
BRDA:51,4,1,0
BRDA:53,5,0,0
BRDA:53,5,1,0
BRDA:63,6,0,0
BRDA:63,6,1,0
BRDA:69,7,0,0
BRDA:69,7,1,0
BRDA:79,8,0,0
BRDA:79,8,1,0
BRDA:99,9,0,0
BRDA:99,9,1,0
BRDA:103,10,0,0
BRDA:103,10,1,0
BRDA:107,11,0,0
BRDA:107,11,1,0
BRDA:116,12,0,0
BRDA:116,12,1,0
BRDA:119,13,0,0
BRDA:119,13,1,0
BRF:27
BRH:0
end_of_record
TN:
SF:src/components/Profile/FriendProfile.jsx
FN:6,FriendProfile
FN:10,(anonymous_1)
FN:11,(anonymous_2)
FN:15,(anonymous_3)
FN:18,(anonymous_4)
FN:19,(anonymous_5)
FN:20,(anonymous_6)
FN:20,(anonymous_7)
FN:29,(anonymous_8)
FN:103,(anonymous_9)
FNF:10
FNH:0
FNDA:0,FriendProfile
FNDA:0,(anonymous_1)
FNDA:0,(anonymous_2)
FNDA:0,(anonymous_3)
FNDA:0,(anonymous_4)
FNDA:0,(anonymous_5)
FNDA:0,(anonymous_6)
FNDA:0,(anonymous_7)
FNDA:0,(anonymous_8)
FNDA:0,(anonymous_9)
DA:7,0
DA:8,0
DA:10,0
DA:11,0
DA:12,0
DA:13,0
DA:14,0
DA:15,0
DA:17,0
DA:18,0
DA:19,0
DA:20,0
DA:22,0
DA:23,0
DA:24,0
DA:25,0
DA:26,0
DA:27,0
DA:29,0
DA:30,0
DA:31,0
DA:32,0
DA:35,0
DA:45,0
DA:47,0
DA:50,0
DA:52,0
DA:104,0
LF:28
LH:0
BRDA:18,0,0,0
BRDA:18,0,1,0
BRDA:31,1,0,0
BRDA:31,1,1,0
BRDA:40,2,0,0
BRDA:40,2,1,0
BRDA:41,3,0,0
BRDA:41,3,1,0
BRDA:42,4,0,0
BRDA:42,4,1,0
BRDA:47,5,0,0
BRDA:47,5,1,0
BRDA:50,6,0,0
BRDA:50,6,1,0
BRDA:66,7,0,0
BRDA:66,7,1,0
BRDA:70,8,0,0
BRDA:70,8,1,0
BRDA:109,9,0,0
BRDA:109,9,1,0
BRDA:109,10,0,0
BRDA:109,10,1,0
BRF:22
BRH:0
end_of_record
TN:
SF:src/components/Profile/FriendsList.jsx
FN:8,FriendsList
FN:24,(anonymous_1)
FN:33,(anonymous_2)
FN:40,(anonymous_3)
FN:45,(anonymous_4)
FN:56,(anonymous_5)
FN:71,(anonymous_6)
FN:86,(anonymous_7)
FN:87,(anonymous_8)
FN:101,(anonymous_9)
FN:105,(anonymous_10)
FN:124,(anonymous_11)
FNF:12
FNH:0
FNDA:0,FriendsList
FNDA:0,(anonymous_1)
FNDA:0,(anonymous_2)
FNDA:0,(anonymous_3)
FNDA:0,(anonymous_4)
FNDA:0,(anonymous_5)
FNDA:0,(anonymous_6)
FNDA:0,(anonymous_7)
FNDA:0,(anonymous_8)
FNDA:0,(anonymous_9)
FNDA:0,(anonymous_10)
FNDA:0,(anonymous_11)
DA:18,0
DA:19,0
DA:20,0
DA:21,0
DA:22,0
DA:24,0
DA:25,0
DA:26,0
DA:27,0
DA:28,0
DA:29,0
DA:30,0
DA:31,0
DA:32,0
DA:33,0
DA:35,0
DA:36,0
DA:37,0
DA:39,0
DA:40,0
DA:44,0
DA:45,0
DA:48,0
DA:56,0
DA:72,0
DA:86,0
DA:87,0
DA:102,0
DA:105,0
DA:124,0
LF:30
LH:0
BRDA:35,0,0,0
BRDA:35,0,1,0
BRDA:36,1,0,0
BRDA:36,1,1,0
BRDA:36,2,0,0
BRDA:36,2,1,0
BRDA:44,3,0,0
BRDA:44,3,1,0
BRDA:62,4,0,0
BRDA:62,4,1,0
BRDA:63,5,0,0
BRDA:63,5,1,0
BRDA:67,6,0,0
BRDA:67,6,1,0
BRDA:80,7,0,0
BRDA:80,7,1,0
BRDA:81,8,0,0
BRDA:81,8,1,0
BRDA:81,8,2,0
BRDA:97,9,0,0
BRDA:97,9,1,0
BRDA:116,10,0,0
BRDA:116,10,1,0
BRDA:118,11,0,0
BRDA:118,11,1,0
BRDA:118,11,2,0
BRDA:134,12,0,0
BRDA:134,12,1,0
BRF:28
BRH:0
end_of_record
TN:
SF:src/components/Profile/ProfilePicture.jsx
FN:6,ProfilePicture
FN:45,(anonymous_1)
FN:50,(anonymous_2)
FN:54,(anonymous_3)
FN:111,(anonymous_4)
FN:129,ProfilePictureEditor
FN:132,(anonymous_6)
FNF:7
FNH:2
FNDA:5,ProfilePicture
FNDA:0,(anonymous_1)
FNDA:0,(anonymous_2)
FNDA:0,(anonymous_3)
FNDA:1,(anonymous_4)
FNDA:0,ProfilePictureEditor
FNDA:0,(anonymous_6)
DA:18,5
DA:19,5
DA:21,5
DA:30,5
DA:39,5
DA:40,5
DA:43,5
DA:45,5
DA:46,0
DA:47,0
DA:50,5
DA:51,0
DA:54,5
DA:55,0
DA:58,5
DA:112,1
DA:113,1
DA:130,0
DA:132,0
DA:133,0
DA:134,0
DA:137,0
DA:138,0
DA:139,0
DA:142,0
DA:143,0
DA:144,0
DA:147,0
DA:148,0
DA:149,0
DA:151,0
DA:154,0
DA:155,0
DA:156,0
DA:157,0
DA:159,0
DA:162,0
DA:166,0
LF:38
LH:13
BRDA:8,0,0,5
BRDA:9,1,0,5
BRDA:10,2,0,5
BRDA:11,3,0,5
BRDA:12,4,0,5
BRDA:13,5,0,3
BRDA:14,6,0,4
BRDA:15,7,0,4
BRDA:16,8,0,4
BRDA:39,9,0,5
BRDA:39,9,1,4
BRDA:40,10,0,5
BRDA:40,10,1,0
BRDA:40,10,2,0
BRDA:43,11,0,5
BRDA:43,11,1,1
BRDA:64,12,0,0
BRDA:64,12,1,5
BRDA:66,13,0,1
BRDA:66,13,1,4
BRDA:66,14,0,5
BRDA:66,14,1,2
BRDA:68,15,0,0
BRDA:68,15,1,5
BRDA:72,16,0,1
BRDA:72,16,1,4
BRDA:72,17,0,5
BRDA:72,17,1,2
BRDA:74,18,0,1
BRDA:74,18,1,3
BRDA:74,19,0,4
BRDA:74,19,1,1
BRDA:76,20,0,2
BRDA:76,20,1,1
BRDA:87,21,0,2
BRDA:87,21,1,0
BRDA:92,22,0,0
BRDA:92,22,1,1
BRDA:92,23,0,0
BRDA:92,23,1,1
BRDA:92,24,0,1
BRDA:92,24,1,0
BRDA:92,25,0,0
BRDA:92,25,1,0
BRDA:92,26,0,0
BRDA:92,26,1,0
BRDA:97,27,0,5
BRDA:97,27,1,0
BRDA:97,27,2,0
BRDA:97,27,3,0
BRDA:101,28,0,0
BRDA:101,28,1,0
BRDA:108,29,0,5
BRDA:108,29,1,1
BRDA:108,29,2,1
BRDA:129,30,0,0
BRDA:134,31,0,0
BRDA:134,31,1,0
BRDA:137,32,0,0
BRDA:137,32,1,0
BRDA:142,33,0,0
BRDA:142,33,1,0
BRDA:154,34,0,0
BRDA:154,34,1,0
BRDA:156,35,0,0
BRDA:156,35,1,0
BRDA:181,36,0,0
BRDA:181,36,1,0
BRF:68
BRH:38
end_of_record
TN:
SF:src/components/Profile/ProfileSettings.jsx
FN:9,(anonymous_0)
FN:17,(anonymous_1)
FN:21,(anonymous_2)
FN:46,(anonymous_3)
FN:79,(anonymous_4)
FN:82,(anonymous_5)
FN:97,(anonymous_6)
FNF:7
FNH:0
FNDA:0,(anonymous_0)
FNDA:0,(anonymous_1)
FNDA:0,(anonymous_2)
FNDA:0,(anonymous_3)
FNDA:0,(anonymous_4)
FNDA:0,(anonymous_5)
FNDA:0,(anonymous_6)
DA:9,0
DA:10,0
DA:11,0
DA:12,0
DA:13,0
DA:14,0
DA:17,0
DA:18,0
DA:21,0
DA:22,0
DA:23,0
DA:24,0
DA:26,0
DA:27,0
DA:28,0
DA:31,0
DA:34,0
DA:35,0
DA:39,0
DA:40,0
DA:42,0
DA:46,0
DA:49,0
DA:50,0
DA:52,0
DA:56,0
DA:80,0
DA:82,0
DA:97,0
LF:29
LH:0
BRDA:9,0,0,0
BRDA:9,1,0,0
BRDA:34,2,0,0
BRDA:34,2,1,0
BRDA:39,3,0,0
BRDA:39,3,1,0
BRDA:66,4,0,0
BRDA:66,4,1,0
BRDA:71,5,0,0
BRDA:71,5,1,0
BRDA:83,6,0,0
BRDA:83,6,1,0
BRDA:91,7,0,0
BRDA:91,7,1,0
BRDA:104,8,0,0
BRDA:104,8,1,0
BRDA:105,9,0,0
BRDA:105,9,1,0
BRF:18
BRH:0
end_of_record
TN:
SF:src/components/StatsView/StatsView.jsx
FN:8,getWeeklyWorkoutData
FN:11,(anonymous_1)
FN:20,(anonymous_2)
FN:23,getMostWorkedMuscleGroup
FN:25,(anonymous_4)
FN:26,(anonymous_5)
FN:32,(anonymous_6)
FN:36,(anonymous_7)
FN:38,(anonymous_8)
FN:50,getWeekBounds
FN:66,(anonymous_10)
FN:224,(anonymous_11)
FN:266,(anonymous_12)
FN:295,(anonymous_13)
FN:295,(anonymous_14)
FN:306,(anonymous_15)
FN:314,(anonymous_16)
FNF:17
FNH:0
FNDA:0,getWeeklyWorkoutData
FNDA:0,(anonymous_1)
FNDA:0,(anonymous_2)
FNDA:0,getMostWorkedMuscleGroup
FNDA:0,(anonymous_4)
FNDA:0,(anonymous_5)
FNDA:0,(anonymous_6)
FNDA:0,(anonymous_7)
FNDA:0,(anonymous_8)
FNDA:0,getWeekBounds
FNDA:0,(anonymous_10)
FNDA:0,(anonymous_11)
FNDA:0,(anonymous_12)
FNDA:0,(anonymous_13)
FNDA:0,(anonymous_14)
FNDA:0,(anonymous_15)
FNDA:0,(anonymous_16)
DA:10,0
DA:11,0
DA:12,0
DA:13,0
DA:14,0
DA:16,0
DA:17,0
DA:18,0
DA:20,0
DA:24,0
DA:25,0
DA:26,0
DA:27,0
DA:28,0
DA:32,0
DA:33,0
DA:36,0
DA:37,0
DA:38,0
DA:39,0
DA:40,0
DA:42,0
DA:43,0
DA:44,0
DA:46,0
DA:52,0
DA:53,0
DA:55,0
DA:56,0
DA:57,0
DA:58,0
DA:59,0
DA:60,0
DA:66,0
DA:67,0
DA:68,0
DA:69,0
DA:70,0
DA:71,0
DA:72,0
DA:74,0
DA:225,0
DA:267,0
DA:295,0
DA:297,0
DA:298,0
DA:299,0
DA:300,0
DA:307,0
DA:314,0
DA:333,0
LF:51
LH:0
BRDA:13,0,0,0
BRDA:13,0,1,0
BRDA:18,1,0,0
BRDA:18,1,1,0
BRDA:27,2,0,0
BRDA:27,2,1,0
BRDA:28,3,0,0
BRDA:28,3,1,0
BRDA:33,4,0,0
BRDA:33,4,1,0
BRDA:40,5,0,0
BRDA:40,5,1,0
BRDA:43,6,0,0
BRDA:43,6,1,0
BRDA:55,7,0,0
BRDA:55,7,1,0
BRDA:66,8,0,0
BRDA:130,9,0,0
BRDA:130,9,1,0
BRDA:138,10,0,0
BRDA:138,10,1,0
BRDA:222,11,0,0
BRDA:222,11,1,0
BRDA:259,12,0,0
BRDA:259,12,1,0
BRDA:272,13,0,0
BRDA:272,13,1,0
BRDA:275,14,0,0
BRDA:275,14,1,0
BRDA:292,15,0,0
BRDA:292,15,1,0
BRF:31
BRH:0
end_of_record
TN:
SF:src/components/Workout/Modal.jsx
FN:4,(anonymous_0)
FN:6,(anonymous_1)
FNF:2
FNH:0
FNDA:0,(anonymous_0)
FNDA:0,(anonymous_1)
DA:4,0
DA:5,0
DA:6,0
DA:7,0
DA:8,0
DA:11,0
DA:12,0
DA:33,0
LF:8
LH:0
BRDA:4,0,0,0
BRDA:4,1,0,0
BRDA:4,2,0,0
BRDA:4,3,0,0
BRDA:4,4,0,0
BRDA:7,5,0,0
BRDA:7,5,1,0
BRDA:7,6,0,0
BRDA:7,6,1,0
BRDA:11,7,0,0
BRDA:11,7,1,0
BRF:11
BRH:0
end_of_record
TN:
SF:src/components/Workout/StatsComparison.jsx
FN:7,StatsComparison
FN:14,(anonymous_1)
FN:21,(anonymous_2)
FN:26,(anonymous_3)
FN:29,(anonymous_4)
FN:31,(anonymous_5)
FN:32,(anonymous_6)
FN:33,(anonymous_7)
FN:34,(anonymous_8)
FN:46,(anonymous_9)
FN:85,(anonymous_10)
FN:88,(anonymous_11)
FN:153,(anonymous_12)
FN:154,(anonymous_13)
FNF:14
FNH:0
FNDA:0,StatsComparison
FNDA:0,(anonymous_1)
FNDA:0,(anonymous_2)
FNDA:0,(anonymous_3)
FNDA:0,(anonymous_4)
FNDA:0,(anonymous_5)
FNDA:0,(anonymous_6)
FNDA:0,(anonymous_7)
FNDA:0,(anonymous_8)
FNDA:0,(anonymous_9)
FNDA:0,(anonymous_10)
FNDA:0,(anonymous_11)
FNDA:0,(anonymous_12)
FNDA:0,(anonymous_13)
DA:8,0
DA:9,0
DA:10,0
DA:11,0
DA:14,0
DA:15,0
DA:16,0
DA:19,0
DA:20,0
DA:21,0
DA:24,0
DA:25,0
DA:26,0
DA:29,0
DA:30,0
DA:31,0
DA:32,0
DA:33,0
DA:34,0
DA:38,0
DA:39,0
DA:40,0
DA:41,0
DA:42,0
DA:43,0
DA:46,0
DA:47,0
DA:48,0
DA:49,0
DA:53,0
DA:65,0
DA:66,0
DA:68,0
DA:69,0
DA:72,0
DA:86,0
DA:88,0
DA:154,0
DA:155,0
DA:156,0
LF:40
LH:0
BRDA:31,0,0,0
BRDA:31,0,1,0
BRDA:48,1,0,0
BRDA:48,1,1,0
BRDA:58,2,0,0
BRDA:58,2,1,0
BRDA:59,3,0,0
BRDA:59,3,1,0
BRDA:60,4,0,0
BRDA:60,4,1,0
BRDA:90,5,0,0
BRDA:90,5,1,0
BRDA:95,6,0,0
BRDA:95,6,1,0
BRDA:102,7,0,0
BRDA:102,7,1,0
BRDA:108,8,0,0
BRDA:108,8,1,0
BRDA:108,8,2,0
BRDA:154,9,0,0
BRDA:154,9,1,0
BRDA:163,10,0,0
BRDA:163,10,1,0
BRDA:173,11,0,0
BRDA:173,11,1,0
BRDA:191,12,0,0
BRDA:191,12,1,0
BRDA:198,13,0,0
BRDA:198,13,1,0
BRDA:198,13,2,0
BRF:30
BRH:0
end_of_record
TN:
SF:src/components/Workout/WorkoutList/WorkoutList.jsx
FN:27,getMuscleIcon
FN:41,WorkoutList
FN:68,(anonymous_2)
FN:72,(anonymous_3)
FN:91,(anonymous_4)
FN:101,(anonymous_5)
FN:112,(anonymous_6)
FN:113,(anonymous_7)
FN:115,(anonymous_8)
FN:121,(anonymous_9)
FN:123,(anonymous_10)
FN:132,(anonymous_11)
FN:134,(anonymous_12)
FN:137,(anonymous_13)
FN:139,(anonymous_14)
FN:159,(anonymous_15)
FN:176,(anonymous_16)
FN:182,(anonymous_17)
FN:200,(anonymous_18)
FN:224,(anonymous_19)
FN:236,(anonymous_20)
FN:244,(anonymous_21)
FN:259,(anonymous_22)
FN:267,(anonymous_23)
FN:277,(anonymous_24)
FN:291,(anonymous_25)
FN:312,(anonymous_26)
FN:325,(anonymous_27)
FN:338,(anonymous_28)
FN:351,(anonymous_29)
FN:371,(anonymous_30)
FN:375,(anonymous_31)
FN:392,(anonymous_32)
FN:396,(anonymous_33)
FN:411,(anonymous_34)
FN:414,(anonymous_35)
FN:435,(anonymous_36)
FN:443,(anonymous_37)
FN:453,(anonymous_38)
FN:472,(anonymous_39)
FN:477,(anonymous_40)
FN:488,(anonymous_41)
FN:501,(anonymous_42)
FN:504,(anonymous_43)
FN:526,(anonymous_44)
FN:540,(anonymous_45)
FN:543,(anonymous_46)
FN:555,(anonymous_47)
FN:567,(anonymous_48)
FN:570,(anonymous_49)
FN:582,(anonymous_50)
FN:598,(anonymous_51)
FN:603,(anonymous_52)
FNF:53
FNH:0
FNDA:0,getMuscleIcon
FNDA:0,WorkoutList
FNDA:0,(anonymous_2)
FNDA:0,(anonymous_3)
FNDA:0,(anonymous_4)
FNDA:0,(anonymous_5)
FNDA:0,(anonymous_6)
FNDA:0,(anonymous_7)
FNDA:0,(anonymous_8)
FNDA:0,(anonymous_9)
FNDA:0,(anonymous_10)
FNDA:0,(anonymous_11)
FNDA:0,(anonymous_12)
FNDA:0,(anonymous_13)
FNDA:0,(anonymous_14)
FNDA:0,(anonymous_15)
FNDA:0,(anonymous_16)
FNDA:0,(anonymous_17)
FNDA:0,(anonymous_18)
FNDA:0,(anonymous_19)
FNDA:0,(anonymous_20)
FNDA:0,(anonymous_21)
FNDA:0,(anonymous_22)
FNDA:0,(anonymous_23)
FNDA:0,(anonymous_24)
FNDA:0,(anonymous_25)
FNDA:0,(anonymous_26)
FNDA:0,(anonymous_27)
FNDA:0,(anonymous_28)
FNDA:0,(anonymous_29)
FNDA:0,(anonymous_30)
FNDA:0,(anonymous_31)
FNDA:0,(anonymous_32)
FNDA:0,(anonymous_33)
FNDA:0,(anonymous_34)
FNDA:0,(anonymous_35)
FNDA:0,(anonymous_36)
FNDA:0,(anonymous_37)
FNDA:0,(anonymous_38)
FNDA:0,(anonymous_39)
FNDA:0,(anonymous_40)
FNDA:0,(anonymous_41)
FNDA:0,(anonymous_42)
FNDA:0,(anonymous_43)
FNDA:0,(anonymous_44)
FNDA:0,(anonymous_45)
FNDA:0,(anonymous_46)
FNDA:0,(anonymous_47)
FNDA:0,(anonymous_48)
FNDA:0,(anonymous_49)
FNDA:0,(anonymous_50)
FNDA:0,(anonymous_51)
FNDA:0,(anonymous_52)
DA:28,0
DA:29,0
DA:30,0
DA:31,0
DA:32,0
DA:33,0
DA:34,0
DA:35,0
DA:36,0
DA:37,0
DA:60,0
DA:61,0
DA:63,0
DA:64,0
DA:65,0
DA:68,0
DA:69,0
DA:70,0
DA:72,0
DA:73,0
DA:74,0
DA:76,0
DA:79,0
DA:82,0
DA:83,0
DA:85,0
DA:91,0
DA:92,0
DA:93,0
DA:94,0
DA:96,0
DA:101,0
DA:102,0
DA:103,0
DA:104,0
DA:105,0
DA:106,0
DA:107,0
DA:112,0
DA:113,0
DA:114,0
DA:115,0
DA:121,0
DA:122,0
DA:124,0
DA:132,0
DA:133,0
DA:134,0
DA:137,0
DA:138,0
DA:139,0
DA:143,0
DA:159,0
DA:176,0
DA:183,0
DA:200,0
DA:225,0
DA:236,0
DA:244,0
DA:259,0
DA:267,0
DA:277,0
DA:291,0
DA:313,0
DA:314,0
DA:326,0
DA:327,0
DA:339,0
DA:340,0
DA:352,0
DA:353,0
DA:371,0
DA:376,0
DA:377,0
DA:392,0
DA:397,0
DA:398,0
DA:412,0
DA:415,0
DA:416,0
DA:417,0
DA:418,0
DA:436,0
DA:437,0
DA:438,0
DA:439,0
DA:444,0
DA:445,0
DA:446,0
DA:447,0
DA:448,0
DA:454,0
DA:455,0
DA:472,0
DA:477,0
DA:489,0
DA:490,0
DA:502,0
DA:504,0
DA:526,0
DA:541,0
DA:543,0
DA:555,0
DA:568,0
DA:570,0
DA:582,0
DA:598,0
DA:604,0
DA:605,0
DA:606,0
DA:607,0
DA:608,0
DA:624,0
LF:113
LH:0
BRDA:28,0,0,0
BRDA:28,0,1,0
BRDA:28,0,2,0
BRDA:28,0,3,0
BRDA:28,0,4,0
BRDA:28,0,5,0
BRDA:28,0,6,0
BRDA:28,0,7,0
BRDA:28,0,8,0
BRDA:58,1,0,0
BRDA:69,2,0,0
BRDA:69,2,1,0
BRDA:73,3,0,0
BRDA:73,3,1,0
BRDA:74,4,0,0
BRDA:74,4,1,0
BRDA:83,5,0,0
BRDA:83,5,1,0
BRDA:92,6,0,0
BRDA:92,6,1,0
BRDA:102,7,0,0
BRDA:102,7,1,0
BRDA:103,8,0,0
BRDA:103,8,1,0
BRDA:104,9,0,0
BRDA:104,9,1,0
BRDA:114,10,0,0
BRDA:114,10,1,0
BRDA:122,11,0,0
BRDA:122,11,1,0
BRDA:122,12,0,0
BRDA:122,12,1,0
BRDA:126,13,0,0
BRDA:126,13,1,0
BRDA:133,14,0,0
BRDA:133,14,1,0
BRDA:138,15,0,0
BRDA:138,15,1,0
BRDA:165,16,0,0
BRDA:165,16,1,0
BRDA:187,17,0,0
BRDA:187,17,1,0
BRDA:189,18,0,0
BRDA:189,18,1,0
BRDA:194,19,0,0
BRDA:194,19,1,0
BRDA:196,20,0,0
BRDA:196,20,1,0
BRDA:205,21,0,0
BRDA:205,21,1,0
BRDA:208,22,0,0
BRDA:208,22,1,0
BRDA:226,23,0,0
BRDA:226,23,1,0
BRDA:231,24,0,0
BRDA:231,24,1,0
BRDA:251,25,0,0
BRDA:251,25,1,0
BRDA:251,26,0,0
BRDA:251,26,1,0
BRDA:317,27,0,0
BRDA:317,27,1,0
BRDA:317,28,0,0
BRDA:317,28,1,0
BRDA:330,29,0,0
BRDA:330,29,1,0
BRDA:330,30,0,0
BRDA:330,30,1,0
BRDA:343,31,0,0
BRDA:343,31,1,0
BRDA:343,32,0,0
BRDA:343,32,1,0
BRDA:356,33,0,0
BRDA:356,33,1,0
BRDA:356,34,0,0
BRDA:356,34,1,0
BRDA:415,35,0,0
BRDA:415,35,1,0
BRDA:430,36,0,0
BRDA:430,36,1,0
BRDA:430,36,2,0
BRDA:439,37,0,0
BRDA:439,37,1,0
BRDA:445,38,0,0
BRDA:445,38,1,0
BRDA:445,39,0,0
BRDA:445,39,1,0
BRDA:446,40,0,0
BRDA:446,40,1,0
BRDA:446,41,0,0
BRDA:446,41,1,0
BRDA:447,42,0,0
BRDA:447,42,1,0
BRDA:447,43,0,0
BRDA:447,43,1,0
BRDA:475,44,0,0
BRDA:475,44,1,0
BRDA:484,45,0,0
BRDA:484,45,1,0
BRDA:499,46,0,0
BRDA:499,46,1,0
BRDA:508,47,0,0
BRDA:508,47,1,0
BRDA:533,48,0,0
BRDA:533,48,1,0
BRDA:538,49,0,0
BRDA:538,49,1,0
BRDA:547,50,0,0
BRDA:547,50,1,0
BRDA:548,51,0,0
BRDA:548,51,1,0
BRDA:574,52,0,0
BRDA:574,52,1,0
BRDA:575,53,0,0
BRDA:575,53,1,0
BRDA:604,54,0,0
BRDA:604,54,1,0
BRF:117
BRH:0
end_of_record
TN:
SF:src/constants/badges.js
FNF:0
FNH:0
DA:2,3
LF:1
LH:1
BRF:0
BRH:0
end_of_record
TN:
SF:src/constants/leaderboard.js
FNF:0
FNH:0
DA:2,1
DA:10,1
DA:16,1
LF:3
LH:3
BRF:0
BRH:0
end_of_record
TN:
SF:src/hooks/useAppState.js
FN:3,useAppState
FN:11,(anonymous_1)
FN:29,(anonymous_2)
FN:31,(anonymous_3)
FN:35,(anonymous_4)
FNF:5
FNH:4
FNDA:10,useAppState
FNDA:5,(anonymous_1)
FNDA:1,(anonymous_2)
FNDA:0,(anonymous_3)
FNDA:1,(anonymous_4)
DA:5,10
DA:8,10
DA:11,10
DA:12,5
DA:13,5
DA:14,5
DA:15,5
DA:16,5
DA:20,10
DA:21,10
DA:22,10
DA:23,10
DA:24,10
DA:25,10
DA:26,10
DA:29,10
DA:30,1
DA:31,1
DA:35,10
DA:36,1
DA:37,1
DA:38,1
DA:39,1
DA:40,1
DA:43,10
LF:25
LH:25
BRDA:29,0,0,0
BRF:1
BRH:0
end_of_record
TN:
SF:src/hooks/useBadges.js
FN:6,calculateUserBadges
FN:19,(anonymous_1)
FN:47,(anonymous_2)
FN:48,(anonymous_3)
FN:49,(anonymous_4)
FN:76,(anonymous_5)
FN:85,(anonymous_6)
FN:92,(anonymous_7)
FN:104,(anonymous_8)
FN:105,(anonymous_9)
FN:117,(anonymous_10)
FN:123,(anonymous_11)
FN:129,(anonymous_12)
FN:178,useBadges
FN:179,(anonymous_14)
FN:186,(anonymous_15)
FN:191,(anonymous_16)
FN:194,(anonymous_17)
FN:200,(anonymous_18)
FN:201,(anonymous_19)
FN:217,(anonymous_20)
FNF:21
FNH:15
FNDA:8,calculateUserBadges
FNDA:22,(anonymous_1)
FNDA:28,(anonymous_2)
FNDA:11,(anonymous_3)
FNDA:11,(anonymous_4)
FNDA:28,(anonymous_5)
FNDA:28,(anonymous_6)
FNDA:0,(anonymous_7)
FNDA:28,(anonymous_8)
FNDA:11,(anonymous_9)
FNDA:28,(anonymous_10)
FNDA:28,(anonymous_11)
FNDA:28,(anonymous_12)
FNDA:1,useBadges
FNDA:1,(anonymous_14)
FNDA:1,(anonymous_15)
FNDA:0,(anonymous_16)
FNDA:0,(anonymous_17)
FNDA:0,(anonymous_18)
FNDA:0,(anonymous_19)
FNDA:0,(anonymous_20)
DA:7,8
DA:9,8
DA:10,2
DA:14,6
DA:15,6
DA:19,22
DA:20,6
DA:21,6
DA:23,6
DA:24,22
DA:25,22
DA:26,22
DA:28,22
DA:29,4
DA:30,4
DA:32,18
DA:37,6
DA:38,6
DA:39,6
DA:40,6
DA:41,6
DA:42,6
DA:43,6
DA:46,6
DA:47,6
DA:48,28
DA:49,11
DA:50,11
DA:51,2
DA:57,6
DA:58,6
DA:59,6
DA:60,6
DA:61,6
DA:62,6
DA:63,6
DA:66,6
DA:67,6
DA:68,6
DA:69,6
DA:70,6
DA:71,6
DA:74,6
DA:75,6
DA:76,28
DA:78,6
DA:79,6
DA:80,6
DA:83,6
DA:84,6
DA:85,28
DA:87,6
DA:88,6
DA:89,6
DA:92,6
DA:93,0
DA:96,6
DA:97,6
DA:98,6
DA:99,6
DA:100,6
DA:103,6
DA:104,6
DA:105,28
DA:106,11
DA:110,6
DA:111,6
DA:112,6
DA:113,6
DA:114,6
DA:117,6
DA:118,28
DA:119,28
DA:121,6
DA:123,6
DA:124,28
DA:125,28
DA:127,6
DA:129,6
DA:130,28
DA:131,28
DA:133,6
DA:136,6
DA:137,6
DA:138,6
DA:139,6
DA:142,6
DA:143,6
DA:144,6
DA:145,6
DA:146,6
DA:149,6
DA:150,6
DA:151,6
DA:154,6
DA:155,6
DA:156,6
DA:159,6
DA:160,6
DA:163,6
DA:164,6
DA:167,6
DA:168,6
DA:171,6
DA:172,6
DA:174,6
DA:179,1
DA:180,1
DA:183,1
DA:186,1
DA:187,1
DA:189,1
DA:190,1
DA:191,0
DA:193,1
DA:194,1
DA:195,0
DA:199,0
DA:200,0
DA:201,0
DA:202,0
DA:203,0
DA:204,0
DA:206,0
DA:214,1
DA:217,0
LF:126
LH:115
BRDA:6,0,0,0
BRDA:6,1,0,0
BRDA:9,2,0,2
BRDA:9,2,1,6
BRDA:9,3,0,8
BRDA:9,3,1,8
BRDA:14,4,0,6
BRDA:14,4,1,0
BRDA:28,5,0,4
BRDA:28,5,1,18
BRDA:37,6,0,1
BRDA:37,6,1,5
BRDA:38,7,0,1
BRDA:38,7,1,5
BRDA:39,8,0,0
BRDA:39,8,1,6
BRDA:40,9,0,0
BRDA:40,9,1,6
BRDA:41,10,0,0
BRDA:41,10,1,6
BRDA:42,11,0,0
BRDA:42,11,1,6
BRDA:43,12,0,0
BRDA:43,12,1,6
BRDA:50,13,0,2
BRDA:50,13,1,9
BRDA:57,14,0,2
BRDA:57,14,1,4
BRDA:58,15,0,1
BRDA:58,15,1,5
BRDA:59,16,0,1
BRDA:59,16,1,5
BRDA:60,17,0,0
BRDA:60,17,1,6
BRDA:61,18,0,0
BRDA:61,18,1,6
BRDA:62,19,0,0
BRDA:62,19,1,6
BRDA:63,20,0,0
BRDA:63,20,1,6
BRDA:66,21,0,2
BRDA:66,21,1,4
BRDA:67,22,0,0
BRDA:67,22,1,6
BRDA:68,23,0,0
BRDA:68,23,1,6
BRDA:69,24,0,0
BRDA:69,24,1,6
BRDA:70,25,0,0
BRDA:70,25,1,6
BRDA:71,26,0,0
BRDA:71,26,1,6
BRDA:78,27,0,3
BRDA:78,27,1,3
BRDA:79,28,0,3
BRDA:79,28,1,3
BRDA:80,29,0,2
BRDA:80,29,1,4
BRDA:87,30,0,2
BRDA:87,30,1,4
BRDA:88,31,0,0
BRDA:88,31,1,6
BRDA:89,32,0,0
BRDA:89,32,1,6
BRDA:93,33,0,0
BRDA:93,33,1,0
BRDA:96,34,0,0
BRDA:96,34,1,6
BRDA:97,35,0,0
BRDA:97,35,1,6
BRDA:98,36,0,0
BRDA:98,36,1,6
BRDA:99,37,0,0
BRDA:99,37,1,6
BRDA:100,38,0,0
BRDA:100,38,1,6
BRDA:106,39,0,11
BRDA:106,39,1,2
BRDA:110,40,0,1
BRDA:110,40,1,5
BRDA:111,41,0,0
BRDA:111,41,1,6
BRDA:112,42,0,0
BRDA:112,42,1,6
BRDA:113,43,0,0
BRDA:113,43,1,6
BRDA:114,44,0,0
BRDA:114,44,1,6
BRDA:121,45,0,3
BRDA:121,45,1,3
BRDA:127,46,0,0
BRDA:127,46,1,6
BRDA:131,47,0,28
BRDA:131,47,1,27
BRDA:133,48,0,0
BRDA:133,48,1,6
BRDA:136,49,0,0
BRDA:136,49,1,6
BRDA:137,50,0,0
BRDA:137,50,1,6
BRDA:138,51,0,0
BRDA:138,51,1,6
BRDA:139,52,0,0
BRDA:139,52,1,6
BRDA:143,53,0,0
BRDA:143,53,1,6
BRDA:143,54,0,6
BRDA:143,54,1,6
BRDA:144,55,0,6
BRDA:144,55,1,0
BRDA:144,56,0,6
BRDA:144,56,1,6
BRDA:145,57,0,0
BRDA:145,57,1,6
BRDA:145,58,0,6
BRDA:145,58,1,0
BRDA:146,59,0,0
BRDA:146,59,1,6
BRDA:146,60,0,6
BRDA:146,60,1,6
BRDA:150,61,0,0
BRDA:150,61,1,6
BRDA:151,62,0,0
BRDA:151,62,1,6
BRDA:154,63,0,0
BRDA:154,63,1,6
BRDA:154,64,0,6
BRDA:154,64,1,0
BRDA:155,65,0,0
BRDA:155,65,1,6
BRDA:156,66,0,0
BRDA:156,66,1,6
BRDA:159,67,0,0
BRDA:159,67,1,6
BRDA:160,68,0,0
BRDA:160,68,1,6
BRDA:163,69,0,0
BRDA:163,69,1,6
BRDA:164,70,0,0
BRDA:164,70,1,6
BRDA:167,71,0,0
BRDA:167,71,1,6
BRDA:168,72,0,0
BRDA:168,72,1,6
BRDA:168,73,0,6
BRDA:168,73,1,0
BRDA:171,74,0,0
BRDA:171,74,1,6
BRDA:172,75,0,0
BRDA:172,75,1,6
BRDA:187,76,0,1
BRDA:187,76,1,0
BRDA:187,77,0,1
BRDA:187,77,1,1
BRDA:187,77,2,1
BRDA:189,78,0,1
BRDA:189,78,1,0
BRDA:190,79,0,1
BRDA:190,79,1,0
BRDA:193,80,0,1
BRDA:193,80,1,0
BRDA:199,81,0,0
BRDA:199,81,1,0
BRDA:218,82,0,1
BRDA:218,82,1,1
BRF:165
BRH:103
end_of_record
TN:
SF:src/hooks/useChallenges.js
FN:11,(anonymous_0)
FN:24,(anonymous_1)
FN:37,(anonymous_2)
FN:43,(anonymous_3)
FN:61,(anonymous_4)
FN:81,(anonymous_5)
FN:84,(anonymous_6)
FN:84,(anonymous_7)
FN:93,(anonymous_8)
FN:96,(anonymous_9)
FN:96,(anonymous_10)
FN:103,(anonymous_11)
FN:110,(anonymous_12)
FN:113,(anonymous_13)
FN:114,(anonymous_14)
FN:118,(anonymous_15)
FN:130,(anonymous_16)
FN:140,(anonymous_17)
FN:141,(anonymous_18)
FN:147,(anonymous_19)
FN:148,(anonymous_20)
FN:153,(anonymous_21)
FN:166,(anonymous_22)
FN:176,(anonymous_23)
FN:178,(anonymous_24)
FN:180,(anonymous_25)
FN:194,(anonymous_26)
FN:195,(anonymous_27)
FN:198,(anonymous_28)
FN:199,(anonymous_29)
FN:202,(anonymous_30)
FN:203,(anonymous_31)
FN:208,(anonymous_32)
FN:220,(anonymous_33)
FN:232,(anonymous_34)
FN:248,(anonymous_35)
FN:249,(anonymous_36)
FN:250,(anonymous_37)
FN:251,(anonymous_38)
FN:252,(anonymous_39)
FN:253,(anonymous_40)
FN:254,(anonymous_41)
FN:255,(anonymous_42)
FN:256,(anonymous_43)
FN:257,(anonymous_44)
FN:258,(anonymous_45)
FN:259,(anonymous_46)
FN:260,(anonymous_47)
FN:261,(anonymous_48)
FNF:49
FNH:0
FNDA:0,(anonymous_0)
FNDA:0,(anonymous_1)
FNDA:0,(anonymous_2)
FNDA:0,(anonymous_3)
FNDA:0,(anonymous_4)
FNDA:0,(anonymous_5)
FNDA:0,(anonymous_6)
FNDA:0,(anonymous_7)
FNDA:0,(anonymous_8)
FNDA:0,(anonymous_9)
FNDA:0,(anonymous_10)
FNDA:0,(anonymous_11)
FNDA:0,(anonymous_12)
FNDA:0,(anonymous_13)
FNDA:0,(anonymous_14)
FNDA:0,(anonymous_15)
FNDA:0,(anonymous_16)
FNDA:0,(anonymous_17)
FNDA:0,(anonymous_18)
FNDA:0,(anonymous_19)
FNDA:0,(anonymous_20)
FNDA:0,(anonymous_21)
FNDA:0,(anonymous_22)
FNDA:0,(anonymous_23)
FNDA:0,(anonymous_24)
FNDA:0,(anonymous_25)
FNDA:0,(anonymous_26)
FNDA:0,(anonymous_27)
FNDA:0,(anonymous_28)
FNDA:0,(anonymous_29)
FNDA:0,(anonymous_30)
FNDA:0,(anonymous_31)
FNDA:0,(anonymous_32)
FNDA:0,(anonymous_33)
FNDA:0,(anonymous_34)
FNDA:0,(anonymous_35)
FNDA:0,(anonymous_36)
FNDA:0,(anonymous_37)
FNDA:0,(anonymous_38)
FNDA:0,(anonymous_39)
FNDA:0,(anonymous_40)
FNDA:0,(anonymous_41)
FNDA:0,(anonymous_42)
FNDA:0,(anonymous_43)
FNDA:0,(anonymous_44)
FNDA:0,(anonymous_45)
FNDA:0,(anonymous_46)
FNDA:0,(anonymous_47)
FNDA:0,(anonymous_48)
DA:11,0
DA:12,0
DA:13,0
DA:14,0
DA:17,0
DA:24,0
DA:25,0
DA:26,0
DA:27,0
DA:28,0
DA:29,0
DA:31,0
DA:33,0
DA:37,0
DA:38,0
DA:39,0
DA:43,0
DA:44,0
DA:45,0
DA:59,0
DA:60,0
DA:61,0
DA:64,0
DA:65,0
DA:66,0
DA:67,0
DA:68,0
DA:70,0
DA:74,0
DA:76,0
DA:77,0
DA:81,0
DA:82,0
DA:83,0
DA:84,0
DA:85,0
DA:88,0
DA:89,0
DA:93,0
DA:94,0
DA:95,0
DA:96,0
DA:98,0
DA:99,0
DA:103,0
DA:104,0
DA:105,0
DA:106,0
DA:108,0
DA:110,0
DA:112,0
DA:113,0
DA:114,0
DA:115,0
DA:116,0
DA:117,0
DA:118,0
DA:119,0
DA:120,0
DA:121,0
DA:123,0
DA:125,0
DA:127,0
DA:130,0
DA:132,0
DA:135,0
DA:136,0
DA:140,0
DA:141,0
DA:142,0
DA:147,0
DA:148,0
DA:149,0
DA:153,0
DA:154,0
DA:156,0
DA:158,0
DA:160,0
DA:162,0
DA:166,0
DA:167,0
DA:168,0
DA:169,0
DA:170,0
DA:171,0
DA:174,0
DA:176,0
DA:177,0
DA:178,0
DA:179,0
DA:181,0
DA:184,0
DA:187,0
DA:188,0
DA:189,0
DA:191,0
DA:194,0
DA:195,0
DA:198,0
DA:199,0
DA:202,0
DA:203,0
DA:204,0
DA:208,0
DA:209,0
DA:210,0
DA:215,0
DA:216,0
DA:220,0
DA:221,0
DA:222,0
DA:227,0
DA:228,0
DA:232,0
DA:233,0
DA:234,0
DA:239,0
DA:240,0
DA:244,0
DA:245,0
DA:248,0
DA:251,0
DA:252,0
DA:253,0
DA:254,0
DA:255,0
DA:256,0
DA:257,0
DA:258,0
DA:266,0
LF:130
LH:0
BRDA:25,0,0,0
BRDA:25,0,1,0
BRDA:38,1,0,0
BRDA:38,1,1,0
BRDA:44,2,0,0
BRDA:44,2,1,0
BRDA:47,3,0,0
BRDA:47,3,1,0
BRDA:49,4,0,0
BRDA:49,4,1,0
BRDA:64,5,0,0
BRDA:64,5,1,0
BRDA:85,6,0,0
BRDA:85,6,1,0
BRDA:106,7,0,0
BRDA:106,7,1,0
BRDA:106,7,2,0
BRDA:106,7,3,0
BRDA:106,7,4,0
BRDA:110,8,0,0
BRDA:110,8,1,0
BRDA:119,9,0,0
BRDA:119,9,1,0
BRDA:119,10,0,0
BRDA:119,10,1,0
BRDA:130,11,0,0
BRDA:130,11,1,0
BRDA:142,12,0,0
BRDA:142,12,1,0
BRDA:142,12,2,0
BRDA:142,12,3,0
BRDA:149,13,0,0
BRDA:149,13,1,0
BRDA:154,14,0,0
BRDA:154,14,1,0
BRDA:154,14,2,0
BRDA:154,14,3,0
BRDA:169,15,0,0
BRDA:169,15,1,0
BRDA:171,16,0,0
BRDA:171,16,1,0
BRDA:174,17,0,0
BRDA:174,17,1,0
BRDA:174,18,0,0
BRDA:174,18,1,0
BRDA:174,18,2,0
BRDA:187,19,0,0
BRDA:187,19,1,0
BRDA:188,20,0,0
BRDA:188,20,1,0
BRDA:204,21,0,0
BRDA:204,21,1,0
BRDA:244,22,0,0
BRDA:244,22,1,0
BRF:54
BRH:0
end_of_record
TN:
SF:src/hooks/useExercises.js
FN:4,(anonymous_0)
FN:8,(anonymous_1)
FN:13,(anonymous_2)
FN:17,(anonymous_3)
FN:21,(anonymous_4)
FN:22,(anonymous_5)
FN:22,(anonymous_6)
FN:27,(anonymous_7)
FN:28,(anonymous_8)
FN:28,(anonymous_9)
FN:31,(anonymous_10)
FN:32,(anonymous_11)
FN:32,(anonymous_12)
FN:39,(anonymous_13)
FN:40,(anonymous_14)
FN:40,(anonymous_15)
FN:44,(anonymous_16)
FN:52,(anonymous_17)
FN:53,(anonymous_18)
FN:53,(anonymous_19)
FN:55,(anonymous_20)
FN:60,(anonymous_21)
FN:64,(anonymous_22)
FNF:23
FNH:20
FNDA:23,(anonymous_0)
FNDA:6,(anonymous_1)
FNDA:6,(anonymous_2)
FNDA:6,(anonymous_3)
FNDA:0,(anonymous_4)
FNDA:0,(anonymous_5)
FNDA:0,(anonymous_6)
FNDA:1,(anonymous_7)
FNDA:1,(anonymous_8)
FNDA:1,(anonymous_9)
FNDA:2,(anonymous_10)
FNDA:2,(anonymous_11)
FNDA:2,(anonymous_12)
FNDA:1,(anonymous_13)
FNDA:1,(anonymous_14)
FNDA:1,(anonymous_15)
FNDA:1,(anonymous_16)
FNDA:1,(anonymous_17)
FNDA:1,(anonymous_18)
FNDA:1,(anonymous_19)
FNDA:2,(anonymous_20)
FNDA:1,(anonymous_21)
FNDA:1,(anonymous_22)
DA:4,1
DA:5,23
DA:6,23
DA:8,23
DA:9,6
DA:14,6
DA:17,6
DA:18,6
DA:21,23
DA:22,0
DA:23,0
DA:27,23
DA:28,1
DA:31,23
DA:32,2
DA:33,2
DA:39,23
DA:40,1
DA:41,1
DA:45,1
DA:52,23
DA:53,1
DA:54,1
DA:55,2
DA:60,23
DA:61,1
DA:64,23
DA:65,1
DA:68,23
LF:29
LH:27
BRDA:23,0,0,0
BRDA:23,0,1,0
BRDA:33,1,0,2
BRDA:33,1,1,0
BRDA:41,2,0,1
BRDA:41,2,1,0
BRDA:45,3,0,1
BRDA:45,3,1,0
BRDA:45,4,0,1
BRDA:45,4,1,0
BRDA:54,5,0,1
BRDA:54,5,1,0
BRF:12
BRH:5
end_of_record
TN:
SF:src/hooks/useExperience.js
FN:6,xpRequired
FN:17,getLevelName
FN:22,calculateLevel
FN:30,calculateProgress
FN:56,calculateWorkoutXP
FN:60,(anonymous_5)
FN:72,(anonymous_6)
FN:73,(anonymous_7)
FN:82,(anonymous_8)
FN:94,(anonymous_9)
FN:123,(anonymous_10)
FN:140,(anonymous_11)
FN:161,(anonymous_12)
FN:178,(anonymous_13)
FN:200,(anonymous_14)
FN:205,(anonymous_15)
FN:210,(anonymous_16)
FN:215,(anonymous_17)
FN:220,(anonymous_18)
FN:225,(anonymous_19)
FN:230,(anonymous_20)
FN:235,(anonymous_21)
FN:240,(anonymous_22)
FN:245,(anonymous_23)
FN:252,(anonymous_24)
FN:261,(anonymous_25)
FNF:26
FNH:0
FNDA:0,xpRequired
FNDA:0,getLevelName
FNDA:0,calculateLevel
FNDA:0,calculateProgress
FNDA:0,calculateWorkoutXP
FNDA:0,(anonymous_5)
FNDA:0,(anonymous_6)
FNDA:0,(anonymous_7)
FNDA:0,(anonymous_8)
FNDA:0,(anonymous_9)
FNDA:0,(anonymous_10)
FNDA:0,(anonymous_11)
FNDA:0,(anonymous_12)
FNDA:0,(anonymous_13)
FNDA:0,(anonymous_14)
FNDA:0,(anonymous_15)
FNDA:0,(anonymous_16)
FNDA:0,(anonymous_17)
FNDA:0,(anonymous_18)
FNDA:0,(anonymous_19)
FNDA:0,(anonymous_20)
FNDA:0,(anonymous_21)
FNDA:0,(anonymous_22)
FNDA:0,(anonymous_23)
FNDA:0,(anonymous_24)
FNDA:0,(anonymous_25)
DA:7,0
DA:11,0
DA:18,0
DA:19,0
DA:23,0
DA:24,0
DA:25,0
DA:27,0
DA:31,0
DA:32,0
DA:33,0
DA:37,0
DA:57,0
DA:58,0
DA:59,0
DA:60,0
DA:61,0
DA:64,0
DA:65,0
DA:66,0
DA:67,0
DA:68,0
DA:72,0
DA:73,0
DA:75,0
DA:76,0
DA:79,0
DA:82,0
DA:83,0
DA:91,0
DA:94,0
DA:95,0
DA:96,0
DA:97,0
DA:98,0
DA:99,0
DA:100,0
DA:101,0
DA:102,0
DA:103,0
DA:104,0
DA:105,0
DA:106,0
DA:116,0
DA:118,0
DA:123,0
DA:124,0
DA:125,0
DA:126,0
DA:127,0
DA:128,0
DA:129,0
DA:130,0
DA:131,0
DA:132,0
DA:133,0
DA:140,0
DA:148,0
DA:155,0
DA:156,0
DA:161,0
DA:162,0
DA:164,0
DA:165,0
DA:166,0
DA:167,0
DA:168,0
DA:170,0
DA:171,0
DA:172,0
DA:178,0
DA:186,0
DA:194,0
DA:195,0
DA:200,0
DA:201,0
DA:205,0
DA:206,0
DA:210,0
DA:211,0
DA:215,0
DA:216,0
DA:220,0
DA:221,0
DA:225,0
DA:226,0
DA:230,0
DA:231,0
DA:235,0
DA:236,0
DA:240,0
DA:241,0
DA:245,0
DA:246,0
DA:247,0
DA:248,0
DA:249,0
DA:252,0
DA:257,0
DA:261,0
DA:262,0
DA:263,0
DA:267,0
LF:103
LH:0
BRDA:18,0,0,0
BRDA:18,0,1,0
BRDA:56,1,0,0
BRDA:58,2,0,0
BRDA:58,2,1,0
BRDA:60,3,0,0
BRDA:60,3,1,0
BRDA:64,4,0,0
BRDA:64,4,1,0
BRDA:68,5,0,0
BRDA:68,5,1,0
BRDA:73,6,0,0
BRDA:73,6,1,0
BRDA:73,6,2,0
BRDA:75,7,0,0
BRDA:75,7,1,0
BRDA:95,8,0,0
BRDA:95,8,1,0
BRDA:100,9,0,0
BRDA:100,9,1,0
BRDA:102,10,0,0
BRDA:102,10,1,0
BRDA:111,11,0,0
BRDA:111,11,1,0
BRDA:112,12,0,0
BRDA:112,12,1,0
BRDA:123,13,0,0
BRDA:124,14,0,0
BRDA:124,14,1,0
BRDA:161,15,0,0
BRDA:162,16,0,0
BRDA:162,16,1,0
BRDA:162,17,0,0
BRDA:162,17,1,0
BRDA:246,18,0,0
BRDA:246,18,1,0
BRDA:262,19,0,0
BRDA:262,19,1,0
BRF:38
BRH:0
end_of_record
TN:
SF:src/hooks/useFriends.js
FN:6,useFriends
FN:12,(anonymous_1)
FN:23,(anonymous_2)
FN:44,(anonymous_3)
FN:48,(anonymous_4)
FN:63,(anonymous_5)
FN:69,(anonymous_6)
FN:84,(anonymous_7)
FN:111,(anonymous_8)
FN:120,(anonymous_9)
FN:137,(anonymous_10)
FN:138,(anonymous_11)
FN:139,(anonymous_12)
FN:140,(anonymous_13)
FN:141,(anonymous_14)
FNF:15
FNH:2
FNDA:2,useFriends
FNDA:0,(anonymous_1)
FNDA:0,(anonymous_2)
FNDA:2,(anonymous_3)
FNDA:0,(anonymous_4)
FNDA:0,(anonymous_5)
FNDA:0,(anonymous_6)
FNDA:0,(anonymous_7)
FNDA:0,(anonymous_8)
FNDA:0,(anonymous_9)
FNDA:0,(anonymous_10)
FNDA:0,(anonymous_11)
FNDA:0,(anonymous_12)
FNDA:0,(anonymous_13)
FNDA:0,(anonymous_14)
DA:7,2
DA:8,2
DA:9,2
DA:12,2
DA:13,0
DA:14,0
DA:15,0
DA:17,0
DA:18,0
DA:23,2
DA:24,0
DA:25,0
DA:26,0
DA:27,0
DA:28,0
DA:29,0
DA:31,0
DA:34,0
DA:36,0
DA:39,0
DA:40,0
DA:44,2
DA:45,2
DA:46,0
DA:48,0
DA:49,0
DA:50,0
DA:52,0
DA:55,0
DA:57,0
DA:60,0
DA:61,0
DA:63,0
DA:64,0
DA:69,2
DA:70,0
DA:72,0
DA:73,0
DA:74,0
DA:75,0
DA:76,0
DA:78,0
DA:84,2
DA:85,0
DA:87,0
DA:91,0
DA:96,0
DA:97,0
DA:98,0
DA:99,0
DA:100,0
DA:101,0
DA:103,0
DA:111,2
DA:112,0
DA:113,0
DA:120,2
DA:121,0
DA:122,0
DA:125,0
DA:132,2
DA:133,2
DA:145,0
LF:63
LH:13
BRDA:24,0,0,0
BRDA:24,0,1,0
BRDA:28,1,0,0
BRDA:28,1,1,0
BRDA:32,2,0,0
BRDA:32,2,1,0
BRDA:37,3,0,0
BRDA:37,3,1,0
BRDA:45,4,0,2
BRDA:45,4,1,0
BRDA:49,5,0,0
BRDA:49,5,1,0
BRDA:53,6,0,0
BRDA:53,6,1,0
BRDA:58,7,0,0
BRDA:58,7,1,0
BRDA:70,8,0,0
BRDA:70,8,1,0
BRDA:74,9,0,0
BRDA:74,9,1,0
BRDA:85,10,0,0
BRDA:85,10,1,0
BRDA:96,11,0,0
BRDA:96,11,1,0
BRDA:99,12,0,0
BRDA:99,12,1,0
BRDA:99,12,2,0
BRDA:112,13,0,0
BRDA:112,13,1,0
BRDA:121,14,0,0
BRDA:121,14,1,0
BRDA:132,15,0,2
BRDA:132,15,1,0
BRF:33
BRH:2
end_of_record
TN:
SF:src/hooks/useKeyboardNavigation.js
FN:3,(anonymous_0)
FN:4,(anonymous_1)
FN:5,(anonymous_2)
FN:11,(anonymous_3)
FN:86,(anonymous_4)
FNF:5
FNH:0
FNDA:0,(anonymous_0)
FNDA:0,(anonymous_1)
FNDA:0,(anonymous_2)
FNDA:0,(anonymous_3)
FNDA:0,(anonymous_4)
DA:3,0
DA:4,0
DA:5,0
DA:7,0
DA:8,0
DA:11,0
DA:13,0
DA:15,0
DA:16,0
DA:17,0
DA:19,0
DA:21,0
DA:22,0
DA:23,0
DA:25,0
DA:34,0
DA:35,0
DA:36,0
DA:37,0
DA:39,0
DA:42,0
DA:43,0
DA:44,0
DA:47,0
DA:48,0
DA:49,0
DA:52,0
DA:53,0
DA:54,0
DA:57,0
DA:58,0
DA:59,0
DA:62,0
DA:63,0
DA:64,0
DA:67,0
DA:68,0
DA:69,0
DA:72,0
DA:73,0
DA:74,0
DA:77,0
DA:78,0
DA:79,0
DA:81,0
DA:85,0
DA:86,0
LF:47
LH:0
BRDA:7,0,0,0
BRDA:7,0,1,0
BRDA:7,1,0,0
BRDA:7,1,1,0
BRDA:7,1,2,0
BRDA:13,2,0,0
BRDA:13,2,1,0
BRDA:13,2,2,0
BRDA:13,2,3,0
BRDA:13,2,4,0
BRDA:13,2,5,0
BRDA:13,2,6,0
BRDA:13,2,7,0
BRDA:13,2,8,0
BRDA:13,2,9,0
BRDA:13,2,10,0
BRDA:13,2,11,0
BRDA:13,2,12,0
BRDA:13,2,13,0
BRDA:13,2,14,0
BRDA:13,2,15,0
BRDA:13,2,16,0
BRDA:13,2,17,0
BRDA:13,2,18,0
BRDA:13,2,19,0
BRDA:13,2,20,0
BRDA:13,2,21,0
BRDA:13,2,22,0
BRDA:13,2,23,0
BRDA:13,2,24,0
BRDA:13,2,25,0
BRDA:13,2,26,0
BRDA:16,3,0,0
BRDA:16,3,1,0
BRDA:22,4,0,0
BRDA:22,4,1,0
BRDA:36,5,0,0
BRDA:36,5,1,0
BRF:38
BRH:0
end_of_record
TN:
SF:src/hooks/useNotifications.js
FN:11,(anonymous_0)
FN:17,(anonymous_1)
FN:27,(anonymous_2)
FN:33,(anonymous_3)
FN:38,(anonymous_4)
FN:44,(anonymous_5)
FN:49,(anonymous_6)
FN:53,(anonymous_7)
FN:59,(anonymous_8)
FN:65,(anonymous_9)
FN:71,(anonymous_10)
FN:72,(anonymous_11)
FN:76,(anonymous_12)
FN:78,(anonymous_13)
FN:84,(anonymous_14)
FNF:15
FNH:0
FNDA:0,(anonymous_0)
FNDA:0,(anonymous_1)
FNDA:0,(anonymous_2)
FNDA:0,(anonymous_3)
FNDA:0,(anonymous_4)
FNDA:0,(anonymous_5)
FNDA:0,(anonymous_6)
FNDA:0,(anonymous_7)
FNDA:0,(anonymous_8)
FNDA:0,(anonymous_9)
FNDA:0,(anonymous_10)
FNDA:0,(anonymous_11)
FNDA:0,(anonymous_12)
FNDA:0,(anonymous_13)
FNDA:0,(anonymous_14)
DA:11,0
DA:12,0
DA:13,0
DA:14,0
DA:17,0
DA:18,0
DA:19,0
DA:20,0
DA:21,0
DA:24,0
DA:25,0
DA:27,0
DA:28,0
DA:29,0
DA:30,0
DA:33,0
DA:34,0
DA:37,0
DA:38,0
DA:40,0
DA:41,0
DA:43,0
DA:45,0
DA:46,0
DA:49,0
DA:53,0
DA:54,0
DA:55,0
DA:59,0
DA:60,0
DA:61,0
DA:65,0
DA:66,0
DA:67,0
DA:71,0
DA:72,0
DA:76,0
DA:77,0
DA:78,0
DA:79,0
DA:84,0
DA:85,0
DA:92,0
LF:43
LH:0
BRDA:18,0,0,0
BRDA:18,0,1,0
BRDA:28,1,0,0
BRDA:28,1,1,0
BRDA:30,2,0,0
BRDA:30,2,1,0
BRDA:54,3,0,0
BRDA:54,3,1,0
BRDA:60,4,0,0
BRDA:60,4,1,0
BRDA:66,5,0,0
BRDA:66,5,1,0
BRF:12
BRH:0
end_of_record
TN:
SF:src/hooks/usePWA.js
FN:3,usePWA
FN:9,isIOS
FN:15,isInStandaloneMode
FN:22,(anonymous_3)
FN:24,(anonymous_4)
FN:38,(anonymous_5)
FN:51,(anonymous_6)
FN:57,(anonymous_7)
FNF:8
FNH:0
FNDA:0,usePWA
FNDA:0,isIOS
FNDA:0,isInStandaloneMode
FNDA:0,(anonymous_3)
FNDA:0,(anonymous_4)
FNDA:0,(anonymous_5)
FNDA:0,(anonymous_6)
FNDA:0,(anonymous_7)
DA:4,0
DA:5,0
DA:6,0
DA:10,0
DA:16,0
DA:22,0
DA:24,0
DA:25,0
DA:26,0
DA:27,0
DA:29,0
DA:32,0
DA:33,0
DA:34,0
DA:38,0
DA:39,0
DA:40,0
DA:41,0
DA:43,0
DA:46,0
DA:47,0
DA:48,0
DA:51,0
DA:52,0
DA:53,0
DA:57,0
DA:58,0
DA:59,0
DA:60,0
DA:61,0
DA:62,0
DA:63,0
DA:65,0
DA:69,0
LF:34
LH:0
BRDA:11,0,0,0
BRDA:11,0,1,0
BRDA:17,1,0,0
BRDA:17,1,1,0
BRDA:32,2,0,0
BRDA:32,2,1,0
BRDA:32,3,0,0
BRDA:32,3,1,0
BRDA:46,4,0,0
BRDA:46,4,1,0
BRDA:58,5,0,0
BRDA:58,5,1,0
BRDA:61,6,0,0
BRDA:61,6,1,0
BRF:14
BRH:0
end_of_record
TN:
SF:src/hooks/useSwipeNavigation.js
FN:3,(anonymous_0)
FN:10,(anonymous_1)
FN:15,(anonymous_2)
FN:19,(anonymous_3)
FN:27,(anonymous_4)
FN:44,(anonymous_5)
FN:52,(anonymous_6)
FNF:7
FNH:0
FNDA:0,(anonymous_0)
FNDA:0,(anonymous_1)
FNDA:0,(anonymous_2)
FNDA:0,(anonymous_3)
FNDA:0,(anonymous_4)
FNDA:0,(anonymous_5)
FNDA:0,(anonymous_6)
DA:3,0
DA:4,0
DA:5,0
DA:8,0
DA:10,0
DA:11,0
DA:12,0
DA:15,0
DA:16,0
DA:19,0
DA:20,0
DA:22,0
DA:23,0
DA:24,0
DA:26,0
DA:27,0
DA:30,0
DA:32,0
DA:33,0
DA:35,0
DA:38,0
DA:39,0
DA:44,0
DA:45,0
DA:46,0
DA:48,0
DA:49,0
DA:50,0
DA:52,0
DA:53,0
DA:54,0
DA:55,0
DA:59,0
LF:33
LH:0
BRDA:20,0,0,0
BRDA:20,0,1,0
BRDA:20,1,0,0
BRDA:20,1,1,0
BRDA:26,2,0,0
BRDA:26,2,1,0
BRDA:26,3,0,0
BRDA:26,3,1,0
BRDA:30,4,0,0
BRDA:30,4,1,0
BRDA:30,5,0,0
BRDA:30,5,1,0
BRDA:33,6,0,0
BRDA:33,6,1,0
BRDA:33,7,0,0
BRDA:33,7,1,0
BRDA:38,8,0,0
BRDA:38,8,1,0
BRDA:46,9,0,0
BRDA:46,9,1,0
BRF:20
BRH:0
end_of_record
TN:
SF:src/hooks/useUserProfile.js
FN:5,useUserProfile
FN:9,(anonymous_1)
FN:10,(anonymous_2)
FNF:3
FNH:0
FNDA:0,useUserProfile
FNDA:0,(anonymous_1)
FNDA:0,(anonymous_2)
DA:6,0
DA:7,0
DA:9,0
DA:10,0
DA:11,0
DA:12,0
DA:14,0
DA:15,0
DA:17,0
DA:22,0
DA:25,0
DA:26,0
DA:29,0
DA:32,0
DA:35,0
DA:38,0
LF:16
LH:0
BRDA:11,0,0,0
BRDA:11,0,1,0
BRDA:15,1,0,0
BRDA:15,1,1,0
BRF:4
BRH:0
end_of_record
TN:
SF:src/hooks/useWorkoutLogic.js
FN:4,useWorkoutLogic
FN:30,(anonymous_1)
FN:37,(anonymous_2)
FN:85,(anonymous_3)
FN:91,(anonymous_4)
FN:101,(anonymous_5)
FNF:6
FNH:0
FNDA:0,useWorkoutLogic
FNDA:0,(anonymous_1)
FNDA:0,(anonymous_2)
FNDA:0,(anonymous_3)
FNDA:0,(anonymous_4)
FNDA:0,(anonymous_5)
DA:30,0
DA:31,0
DA:32,0
DA:33,0
DA:37,0
DA:38,0
DA:39,0
DA:40,0
DA:41,0
DA:42,0
DA:43,0
DA:45,0
DA:53,0
DA:54,0
DA:55,0
DA:56,0
DA:58,0
DA:61,0
DA:63,0
DA:64,0
DA:65,0
DA:66,0
DA:67,0
DA:68,0
DA:70,0
DA:73,0
DA:76,0
DA:78,0
DA:79,0
DA:80,0
DA:81,0
DA:85,0
DA:86,0
DA:87,0
DA:91,0
DA:92,0
DA:93,0
DA:94,0
DA:95,0
DA:96,0
DA:97,0
DA:101,0
DA:102,0
DA:103,0
DA:104,0
DA:105,0
DA:106,0
DA:108,0
DA:111,0
DA:115,0
LF:50
LH:0
BRDA:38,0,0,0
BRDA:38,0,1,0
BRDA:40,1,0,0
BRDA:40,1,1,0
BRDA:40,2,0,0
BRDA:40,2,1,0
BRDA:49,3,0,0
BRDA:49,3,1,0
BRDA:49,4,0,0
BRDA:49,4,1,0
BRDA:53,5,0,0
BRDA:53,5,1,0
BRDA:53,6,0,0
BRDA:53,6,1,0
BRDA:63,7,0,0
BRDA:63,7,1,0
BRDA:67,8,0,0
BRDA:67,8,1,0
BRDA:67,9,0,0
BRDA:67,9,1,0
BRDA:70,10,0,0
BRDA:70,10,1,0
BRDA:102,11,0,0
BRDA:102,11,1,0
BRDA:102,12,0,0
BRDA:102,12,1,0
BRF:26
BRH:0
end_of_record
TN:
SF:src/hooks/useWorkouts.js
FN:6,(anonymous_0)
FN:10,(anonymous_1)
FN:13,(anonymous_2)
FN:14,(anonymous_3)
FN:25,(anonymous_4)
FN:31,(anonymous_5)
FN:36,(anonymous_6)
FN:40,(anonymous_7)
FN:49,(anonymous_8)
FN:49,(anonymous_9)
FN:53,(anonymous_10)
FN:62,(anonymous_11)
FN:62,(anonymous_12)
FN:66,(anonymous_13)
FN:67,(anonymous_14)
FN:70,(anonymous_15)
FN:72,(anonymous_16)
FN:73,(anonymous_17)
FN:74,(anonymous_18)
FN:76,(anonymous_19)
FNF:20
FNH:20
FNDA:28,(anonymous_0)
FNDA:12,(anonymous_1)
FNDA:4,(anonymous_2)
FNDA:4,(anonymous_3)
FNDA:28,(anonymous_4)
FNDA:3,(anonymous_5)
FNDA:2,(anonymous_6)
FNDA:2,(anonymous_7)
FNDA:1,(anonymous_8)
FNDA:1,(anonymous_9)
FNDA:2,(anonymous_10)
FNDA:1,(anonymous_11)
FNDA:1,(anonymous_12)
FNDA:1,(anonymous_13)
FNDA:1,(anonymous_14)
FNDA:1,(anonymous_15)
FNDA:2,(anonymous_16)
FNDA:2,(anonymous_17)
FNDA:2,(anonymous_18)
FNDA:2,(anonymous_19)
DA:6,2
DA:7,28
DA:10,28
DA:11,12
DA:12,4
DA:13,4
DA:14,4
DA:16,4
DA:19,8
DA:20,8
DA:25,28
DA:26,28
DA:27,20
DA:31,28
DA:32,3
DA:33,1
DA:36,2
DA:40,28
DA:41,2
DA:42,1
DA:43,1
DA:45,0
DA:46,0
DA:49,1
DA:53,28
DA:54,2
DA:55,1
DA:56,1
DA:58,0
DA:59,0
DA:62,1
DA:66,28
DA:67,1
DA:70,28
DA:71,1
DA:72,2
DA:73,2
DA:74,2
DA:75,1
DA:76,2
DA:78,1
DA:81,28
LF:42
LH:38
BRDA:11,0,0,4
BRDA:11,0,1,8
BRDA:26,1,0,20
BRDA:26,1,1,8
BRDA:32,2,0,1
BRDA:32,2,1,2
BRDA:36,3,0,2
BRDA:36,3,1,0
BRDA:41,4,0,1
BRDA:41,4,1,1
BRDA:49,5,0,1
BRDA:49,5,1,0
BRDA:54,6,0,1
BRDA:54,6,1,1
BRDA:72,7,0,2
BRDA:72,7,1,0
BRDA:73,8,0,2
BRDA:73,8,1,0
BRDA:74,9,0,2
BRDA:74,9,1,0
BRDA:75,10,0,1
BRDA:75,10,1,0
BRDA:76,11,0,2
BRDA:76,11,1,0
BRF:24
BRH:17
end_of_record
TN:
SF:src/utils/badges.js
FN:10,(anonymous_0)
FN:18,(anonymous_1)
FN:26,(anonymous_2)
FN:34,(anonymous_3)
FN:44,(anonymous_4)
FN:52,(anonymous_5)
FN:60,(anonymous_6)
FN:68,(anonymous_7)
FN:78,(anonymous_8)
FN:86,(anonymous_9)
FN:94,(anonymous_10)
FN:104,(anonymous_11)
FN:112,(anonymous_12)
FN:122,(anonymous_13)
FN:130,(anonymous_14)
FN:138,(anonymous_15)
FN:143,(anonymous_16)
FN:161,(anonymous_17)
FN:178,(anonymous_18)
FN:179,(anonymous_19)
FN:181,(anonymous_20)
FN:186,(anonymous_21)
FN:196,(anonymous_22)
FN:197,(anonymous_23)
FN:219,(anonymous_24)
FN:222,(anonymous_25)
FN:232,(anonymous_26)
FN:235,(anonymous_27)
FN:245,(anonymous_28)
FNF:29
FNH:0
FNDA:0,(anonymous_0)
FNDA:0,(anonymous_1)
FNDA:0,(anonymous_2)
FNDA:0,(anonymous_3)
FNDA:0,(anonymous_4)
FNDA:0,(anonymous_5)
FNDA:0,(anonymous_6)
FNDA:0,(anonymous_7)
FNDA:0,(anonymous_8)
FNDA:0,(anonymous_9)
FNDA:0,(anonymous_10)
FNDA:0,(anonymous_11)
FNDA:0,(anonymous_12)
FNDA:0,(anonymous_13)
FNDA:0,(anonymous_14)
FNDA:0,(anonymous_15)
FNDA:0,(anonymous_16)
FNDA:0,(anonymous_17)
FNDA:0,(anonymous_18)
FNDA:0,(anonymous_19)
FNDA:0,(anonymous_20)
FNDA:0,(anonymous_21)
FNDA:0,(anonymous_22)
FNDA:0,(anonymous_23)
FNDA:0,(anonymous_24)
FNDA:0,(anonymous_25)
FNDA:0,(anonymous_26)
FNDA:0,(anonymous_27)
FNDA:0,(anonymous_28)
DA:2,0
DA:10,0
DA:18,0
DA:26,0
DA:34,0
DA:44,0
DA:52,0
DA:60,0
DA:68,0
DA:78,0
DA:86,0
DA:94,0
DA:104,0
DA:112,0
DA:122,0
DA:130,0
DA:138,0
DA:143,0
DA:144,0
DA:145,0
DA:161,0
DA:162,0
DA:163,0
DA:165,0
DA:166,0
DA:167,0
DA:169,0
DA:170,0
DA:171,0
DA:173,0
DA:178,0
DA:179,0
DA:181,0
DA:182,0
DA:183,0
DA:186,0
DA:187,0
DA:188,0
DA:192,0
DA:195,0
DA:196,0
DA:197,0
DA:199,0
DA:201,0
DA:203,0
DA:219,0
DA:220,0
DA:222,0
DA:223,0
DA:224,0
DA:228,0
DA:232,0
DA:233,0
DA:235,0
DA:236,0
DA:237,0
DA:241,0
DA:245,0
DA:246,0
DA:247,0
DA:250,0
DA:252,0
DA:254,0
DA:256,0
DA:258,0
DA:260,0
DA:262,0
DA:264,0
LF:68
LH:0
BRDA:68,0,0,0
BRDA:68,0,1,0
BRDA:144,1,0,0
BRDA:144,1,1,0
BRDA:144,2,0,0
BRDA:144,2,1,0
BRDA:153,3,0,0
BRDA:153,3,1,0
BRDA:156,4,0,0
BRDA:156,4,1,0
BRDA:169,5,0,0
BRDA:169,5,1,0
BRDA:169,6,0,0
BRDA:169,6,1,0
BRDA:178,7,0,0
BRDA:178,7,1,0
BRDA:179,8,0,0
BRDA:179,8,1,0
BRDA:195,9,0,0
BRDA:195,9,1,0
BRDA:196,10,0,0
BRDA:196,10,1,0
BRDA:201,11,0,0
BRDA:201,11,1,0
BRDA:214,12,0,0
BRDA:214,12,1,0
BRDA:223,13,0,0
BRDA:223,13,1,0
BRDA:236,14,0,0
BRDA:236,14,1,0
BRDA:247,15,0,0
BRDA:247,15,1,0
BRDA:250,16,0,0
BRDA:250,16,1,0
BRDA:250,16,2,0
BRDA:250,16,3,0
BRDA:250,16,4,0
BRDA:250,16,5,0
BRDA:250,16,6,0
BRDA:264,17,0,0
BRDA:264,17,1,0
BRF:41
BRH:0
end_of_record
TN:
SF:src/utils/exerciseDatabase.js
FNF:0
FNH:0
DA:1,0
LF:1
LH:0
BRF:0
BRH:0
end_of_record
TN:
SF:src/utils/firebase.js
FN:37,ensureUserProfile
FN:53,createChallengeInFirebase
FN:69,getChallengesFromFirebase
FN:80,(anonymous_3)
FN:92,(anonymous_4)
FN:99,(anonymous_5)
FN:110,updateChallengeInFirebase
FN:123,deleteChallengeFromFirebase
FN:134,uploadProfilePicture
FN:184,deleteProfilePicture
FN:210,saveUserBadges
FN:226,getUserBadges
FN:243,getUserProfile
FNF:13
FNH:0
FNDA:0,ensureUserProfile
FNDA:0,createChallengeInFirebase
FNDA:0,getChallengesFromFirebase
FNDA:0,(anonymous_3)
FNDA:0,(anonymous_4)
FNDA:0,(anonymous_5)
FNDA:0,updateChallengeInFirebase
FNDA:0,deleteChallengeFromFirebase
FNDA:0,uploadProfilePicture
FNDA:0,deleteProfilePicture
FNDA:0,saveUserBadges
FNDA:0,getUserBadges
FNDA:0,getUserProfile
DA:19,2
DA:29,2
DA:30,2
DA:31,2
DA:32,2
DA:38,0
DA:39,0
DA:40,0
DA:41,0
DA:42,0
DA:54,0
DA:55,0
DA:56,0
DA:61,0
DA:62,0
DA:64,0
DA:65,0
DA:70,0
DA:71,0
DA:74,0
DA:78,0
DA:80,0
DA:86,0
DA:90,0
DA:92,0
DA:98,0
DA:99,0
DA:100,0
DA:101,0
DA:102,0
DA:105,0
DA:106,0
DA:111,0
DA:112,0
DA:113,0
DA:118,0
DA:119,0
DA:124,0
DA:125,0
DA:126,0
DA:128,0
DA:129,0
DA:135,0
DA:136,0
DA:138,0
DA:139,0
DA:140,0
DA:141,0
DA:143,0
DA:144,0
DA:145,0
DA:148,0
DA:149,0
DA:151,0
DA:152,0
DA:155,0
DA:156,0
DA:161,0
DA:162,0
DA:164,0
DA:165,0
DA:166,0
DA:169,0
DA:170,0
DA:171,0
DA:172,0
DA:173,0
DA:174,0
DA:175,0
DA:176,0
DA:178,0
DA:185,0
DA:186,0
DA:187,0
DA:188,0
DA:190,0
DA:192,0
DA:193,0
DA:197,0
DA:202,0
DA:204,0
DA:205,0
DA:211,0
DA:212,0
DA:213,0
DA:218,0
DA:220,0
DA:221,0
DA:227,0
DA:228,0
DA:229,0
DA:231,0
DA:232,0
DA:235,0
DA:237,0
DA:238,0
DA:244,0
DA:245,0
DA:246,0
DA:248,0
DA:249,0
DA:250,0
DA:262,0
DA:264,0
DA:265,0
LF:105
LH:5
BRDA:38,0,0,0
BRDA:38,0,1,0
BRDA:41,1,0,0
BRDA:41,1,1,0
BRDA:44,2,0,0
BRDA:44,2,1,0
BRDA:45,3,0,0
BRDA:45,3,1,0
BRDA:100,4,0,0
BRDA:100,4,1,0
BRDA:100,5,0,0
BRDA:100,5,1,0
BRDA:101,6,0,0
BRDA:101,6,1,0
BRDA:101,7,0,0
BRDA:101,7,1,0
BRDA:169,8,0,0
BRDA:169,8,1,0
BRDA:171,9,0,0
BRDA:171,9,1,0
BRDA:173,10,0,0
BRDA:173,10,1,0
BRDA:175,11,0,0
BRDA:175,11,1,0
BRDA:190,12,0,0
BRDA:190,12,1,0
BRDA:190,13,0,0
BRDA:190,13,1,0
BRDA:231,14,0,0
BRDA:231,14,1,0
BRDA:232,15,0,0
BRDA:232,15,1,0
BRDA:248,16,0,0
BRDA:248,16,1,0
BRDA:255,17,0,0
BRDA:255,17,1,0
BRDA:256,18,0,0
BRDA:256,18,1,0
BRF:38
BRH:0
end_of_record
TN:
SF:src/utils/leaderboardUtils.js
FN:5,getStartDate
FN:29,filterWorkoutsByPeriod
FN:31,(anonymous_2)
FN:38,calculateUserStats
FN:48,(anonymous_4)
FN:50,(anonymous_5)
FN:64,(anonymous_6)
FN:76,getLeaderboardRanking
FN:78,(anonymous_8)
FN:84,(anonymous_9)
FN:85,(anonymous_10)
FN:93,formatMetricValue
FN:105,getPeriodLabel
FN:121,getMetricLabel
FN:133,getAllowedExercises
FNF:15
FNH:2
FNDA:0,getStartDate
FNDA:0,filterWorkoutsByPeriod
FNDA:0,(anonymous_2)
FNDA:0,calculateUserStats
FNDA:0,(anonymous_4)
FNDA:0,(anonymous_5)
FNDA:0,(anonymous_6)
FNDA:2,getLeaderboardRanking
FNDA:0,(anonymous_8)
FNDA:0,(anonymous_9)
FNDA:0,(anonymous_10)
FNDA:0,formatMetricValue
FNDA:0,getPeriodLabel
FNDA:0,getMetricLabel
FNDA:2,getAllowedExercises
DA:6,0
DA:7,0
DA:9,0
DA:11,0
DA:12,0
DA:14,0
DA:15,0
DA:17,0
DA:18,0
DA:20,0
DA:22,0
DA:25,0
DA:30,0
DA:31,0
DA:32,0
DA:33,0
DA:39,0
DA:41,0
DA:48,0
DA:50,0
DA:51,0
DA:53,0
DA:54,0
DA:61,0
DA:62,0
DA:64,0
DA:65,0
DA:66,0
DA:67,0
DA:72,0
DA:77,2
DA:78,0
DA:84,0
DA:85,0
DA:94,0
DA:96,0
DA:98,0
DA:100,0
DA:106,0
DA:108,0
DA:110,0
DA:112,0
DA:114,0
DA:116,0
DA:122,0
DA:124,0
DA:126,0
DA:128,0
DA:134,2
LF:49
LH:2
BRDA:9,0,0,0
BRDA:9,0,1,0
BRDA:9,0,2,0
BRDA:9,0,3,0
BRDA:9,0,4,0
BRDA:38,1,0,0
BRDA:51,2,0,0
BRDA:51,2,1,0
BRDA:53,3,0,0
BRDA:53,3,1,0
BRDA:65,4,0,0
BRDA:65,4,1,0
BRDA:81,5,0,0
BRDA:81,5,1,0
BRDA:88,6,0,0
BRDA:88,6,1,0
BRDA:88,7,0,0
BRDA:88,7,1,0
BRDA:88,8,0,0
BRDA:88,8,1,0
BRDA:94,9,0,0
BRDA:94,9,1,0
BRDA:94,9,2,0
BRDA:106,10,0,0
BRDA:106,10,1,0
BRDA:106,10,2,0
BRDA:106,10,3,0
BRDA:106,10,4,0
BRDA:122,11,0,0
BRDA:122,11,1,0
BRDA:122,11,2,0
BRF:31
BRH:0
end_of_record
TN:
SF:src/utils/notifications.js
FN:14,(anonymous_0)
FN:37,(anonymous_1)
FN:53,(anonymous_2)
FN:64,(anonymous_3)
FN:76,(anonymous_4)
FN:87,(anonymous_5)
FN:97,(anonymous_6)
FN:108,(anonymous_7)
FN:119,(anonymous_8)
FN:130,(anonymous_9)
FNF:10
FNH:0
FNDA:0,(anonymous_0)
FNDA:0,(anonymous_1)
FNDA:0,(anonymous_2)
FNDA:0,(anonymous_3)
FNDA:0,(anonymous_4)
FNDA:0,(anonymous_5)
FNDA:0,(anonymous_6)
FNDA:0,(anonymous_7)
FNDA:0,(anonymous_8)
FNDA:0,(anonymous_9)
DA:5,0
DA:14,0
DA:15,0
DA:17,0
DA:18,0
DA:20,0
DA:22,0
DA:29,0
DA:33,0
DA:37,0
DA:38,0
DA:49,0
DA:53,0
DA:54,0
DA:56,0
DA:57,0
DA:59,0
DA:61,0
DA:62,0
DA:64,0
DA:65,0
DA:70,0
DA:76,0
DA:77,0
DA:79,0
DA:80,0
DA:82,0
DA:84,0
DA:85,0
DA:87,0
DA:88,0
DA:91,0
DA:97,0
DA:98,0
DA:100,0
DA:101,0
DA:103,0
DA:105,0
DA:106,0
DA:108,0
DA:113,0
DA:119,0
DA:120,0
DA:126,0
DA:130,0
DA:131,0
DA:132,0
DA:133,0
DA:135,0
DA:136,0
DA:137,0
DA:138,0
LF:52
LH:0
BRDA:15,0,0,0
BRDA:15,0,1,0
BRDA:20,1,0,0
BRDA:20,1,1,0
BRDA:41,2,0,0
BRDA:41,2,1,0
BRDA:44,3,0,0
BRDA:44,3,1,0
BRDA:54,4,0,0
BRDA:54,4,1,0
BRDA:59,5,0,0
BRDA:59,5,1,0
BRDA:62,6,0,0
BRDA:62,6,1,0
BRDA:65,7,0,0
BRDA:65,7,1,0
BRDA:77,8,0,0
BRDA:77,8,1,0
BRDA:82,9,0,0
BRDA:82,9,1,0
BRDA:85,10,0,0
BRDA:85,10,1,0
BRDA:98,11,0,0
BRDA:98,11,1,0
BRDA:103,12,0,0
BRDA:103,12,1,0
BRDA:106,13,0,0
BRDA:106,13,1,0
BRDA:126,14,0,0
BRDA:126,14,1,0
BRDA:135,15,0,0
BRDA:135,15,1,0
BRDA:136,16,0,0
BRDA:136,16,1,0
BRDA:137,17,0,0
BRDA:137,17,1,0
BRF:36
BRH:0
end_of_record
TN:
SF:src/utils/storage.js
FN:1,(anonymous_0)
FN:11,(anonymous_1)
FN:19,(anonymous_2)
FN:31,(anonymous_3)
FNF:4
FNH:2
FNDA:3,(anonymous_0)
FNDA:3,(anonymous_1)
FNDA:0,(anonymous_2)
FNDA:0,(anonymous_3)
DA:1,5
DA:2,3
DA:3,3
DA:4,3
DA:6,0
DA:7,0
DA:11,5
DA:12,3
DA:13,3
DA:15,0
DA:19,5
DA:20,0
DA:21,0
DA:22,0
DA:23,0
DA:24,0
DA:27,0
DA:31,5
DA:32,0
DA:33,0
DA:34,0
DA:36,0
LF:22
LH:9
BRDA:4,0,0,3
BRDA:4,0,1,0
BRDA:21,1,0,0
BRDA:21,1,1,0
BRDA:21,2,0,0
BRDA:21,2,1,0
BRDA:33,3,0,0
BRDA:33,3,1,0
BRDA:33,4,0,0
BRDA:33,4,1,0
BRF:10
BRH:1
end_of_record
TN:
SF:src/utils/workoutUtils.js
FN:7,parseLocalDate
FN:14,(anonymous_1)
FN:24,(anonymous_2)
FN:25,(anonymous_3)
FN:26,(anonymous_4)
FN:28,(anonymous_5)
FN:29,(anonymous_6)
FN:34,(anonymous_7)
FN:36,(anonymous_8)
FN:37,(anonymous_9)
FN:38,(anonymous_10)
FN:40,(anonymous_11)
FN:47,(anonymous_12)
FN:52,(anonymous_13)
FN:61,getBadges
FN:75,analyzeWorkoutHabits
FN:76,(anonymous_16)
FN:82,(anonymous_17)
FN:88,(anonymous_18)
FN:94,(anonymous_19)
FN:100,(anonymous_20)
FN:112,getPreferredWorkoutTime
FN:121,(anonymous_22)
FN:127,getAverageDurationByTime
FN:135,(anonymous_24)
FN:163,getWorkoutsForDateRange
FN:166,(anonymous_26)
FNF:27
FNH:0
FNDA:0,parseLocalDate
FNDA:0,(anonymous_1)
FNDA:0,(anonymous_2)
FNDA:0,(anonymous_3)
FNDA:0,(anonymous_4)
FNDA:0,(anonymous_5)
FNDA:0,(anonymous_6)
FNDA:0,(anonymous_7)
FNDA:0,(anonymous_8)
FNDA:0,(anonymous_9)
FNDA:0,(anonymous_10)
FNDA:0,(anonymous_11)
FNDA:0,(anonymous_12)
FNDA:0,(anonymous_13)
FNDA:0,getBadges
FNDA:0,analyzeWorkoutHabits
FNDA:0,(anonymous_16)
FNDA:0,(anonymous_17)
FNDA:0,(anonymous_18)
FNDA:0,(anonymous_19)
FNDA:0,(anonymous_20)
FNDA:0,getPreferredWorkoutTime
FNDA:0,(anonymous_22)
FNDA:0,getAverageDurationByTime
FNDA:0,(anonymous_24)
FNDA:0,getWorkoutsForDateRange
FNDA:0,(anonymous_26)
DA:4,0
DA:9,0
DA:10,0
DA:11,0
DA:14,0
DA:15,0
DA:17,0
DA:24,0
DA:26,0
DA:29,0
DA:34,0
DA:35,0
DA:36,0
DA:37,0
DA:38,0
DA:39,0
DA:40,0
DA:43,0
DA:47,0
DA:48,0
DA:49,0
DA:52,0
DA:53,0
DA:54,0
DA:55,0
DA:56,0
DA:57,0
DA:62,0
DA:63,0
DA:64,0
DA:65,0
DA:66,0
DA:67,0
DA:68,0
DA:69,0
DA:70,0
DA:71,0
DA:76,0
DA:77,0
DA:78,0
DA:79,0
DA:82,0
DA:83,0
DA:84,0
DA:85,0
DA:88,0
DA:89,0
DA:90,0
DA:91,0
DA:94,0
DA:95,0
DA:96,0
DA:97,0
DA:100,0
DA:102,0
DA:113,0
DA:114,0
DA:121,0
DA:122,0
DA:128,0
DA:135,0
DA:136,0
DA:138,0
DA:139,0
DA:140,0
DA:141,0
DA:142,0
DA:143,0
DA:144,0
DA:145,0
DA:146,0
DA:147,0
DA:149,0
DA:150,0
DA:154,0
DA:164,0
DA:166,0
DA:167,0
DA:168,0
LF:79
LH:0
BRDA:9,0,0,0
BRDA:9,0,1,0
BRDA:14,1,0,0
BRDA:14,2,0,0
BRDA:14,3,0,0
BRDA:15,4,0,0
BRDA:15,4,1,0
BRDA:18,5,0,0
BRDA:18,5,1,0
BRDA:21,6,0,0
BRDA:21,6,1,0
BRDA:39,7,0,0
BRDA:39,7,1,0
BRDA:49,8,0,0
BRDA:49,8,1,0
BRDA:63,9,0,0
BRDA:63,9,1,0
BRDA:64,10,0,0
BRDA:64,10,1,0
BRDA:65,11,0,0
BRDA:65,11,1,0
BRDA:66,12,0,0
BRDA:66,12,1,0
BRDA:67,13,0,0
BRDA:67,13,1,0
BRDA:68,14,0,0
BRDA:68,14,1,0
BRDA:69,15,0,0
BRDA:69,15,1,0
BRDA:70,16,0,0
BRDA:70,16,1,0
BRDA:77,17,0,0
BRDA:77,17,1,0
BRDA:79,18,0,0
BRDA:79,18,1,0
BRDA:83,19,0,0
BRDA:83,19,1,0
BRDA:85,20,0,0
BRDA:85,20,1,0
BRDA:89,21,0,0
BRDA:89,21,1,0
BRDA:91,22,0,0
BRDA:91,22,1,0
BRDA:95,23,0,0
BRDA:95,23,1,0
BRDA:97,24,0,0
BRDA:97,24,1,0
BRDA:103,25,0,0
BRDA:103,25,1,0
BRDA:104,26,0,0
BRDA:104,26,1,0
BRDA:105,27,0,0
BRDA:105,27,1,0
BRDA:106,28,0,0
BRDA:106,28,1,0
BRDA:122,29,0,0
BRDA:122,29,1,0
BRDA:136,30,0,0
BRDA:136,30,1,0
BRDA:136,31,0,0
BRDA:136,31,1,0
BRDA:139,32,0,0
BRDA:139,32,1,0
BRDA:139,33,0,0
BRDA:139,33,1,0
BRDA:142,34,0,0
BRDA:142,34,1,0
BRDA:142,35,0,0
BRDA:142,35,1,0
BRDA:145,36,0,0
BRDA:145,36,1,0
BRDA:145,37,0,0
BRDA:145,37,1,0
BRDA:155,38,0,0
BRDA:155,38,1,0
BRDA:156,39,0,0
BRDA:156,39,1,0
BRDA:157,40,0,0
BRDA:157,40,1,0
BRDA:158,41,0,0
BRDA:158,41,1,0
BRDA:164,42,0,0
BRDA:164,42,1,0
BRDA:164,43,0,0
BRDA:164,43,1,0
BRDA:168,44,0,0
BRDA:168,44,1,0
BRF:87
BRH:0
end_of_record
